[2024-06-06 19:55:26,745] {taskinstance.py:877} INFO - Dependencies all met for <TaskInstance: example_bash_operator.run_after_loop 2024-06-06T19:52:51.492136+00:00 [queued]>
[2024-06-06 19:55:26,768] {taskinstance.py:877} INFO - Dependencies all met for <TaskInstance: example_bash_operator.run_after_loop 2024-06-06T19:52:51.492136+00:00 [queued]>
[2024-06-06 19:55:26,769] {taskinstance.py:1068} INFO - 
--------------------------------------------------------------------------------
[2024-06-06 19:55:26,769] {taskinstance.py:1069} INFO - Starting attempt 1 of 1
[2024-06-06 19:55:26,769] {taskinstance.py:1070} INFO - 
--------------------------------------------------------------------------------
[2024-06-06 19:55:26,779] {taskinstance.py:1089} INFO - Executing <Task(BashOperator): run_after_loop> on 2024-06-06T19:52:51.492136+00:00
[2024-06-06 19:55:26,784] {standard_task_runner.py:52} INFO - Started process 94 to run task
[2024-06-06 19:55:26,788] {standard_task_runner.py:76} INFO - Running: ['airflow', 'tasks', 'run', 'example_bash_operator', 'run_after_loop', '2024-06-06T19:52:51.492136+00:00', '--job-id', '15', '--pool', 'default_pool', '--raw', '--subdir', '/home/airflow/.local/lib/python3.6/site-packages/airflow/example_dags/example_bash_operator.py', '--cfg-path', '/tmp/tmpzxwdim3k', '--error-file', '/tmp/tmp_g9he1oc']
[2024-06-06 19:55:26,789] {standard_task_runner.py:77} INFO - Job 15: Subtask run_after_loop
[2024-06-06 19:55:26,839] {logging_mixin.py:104} INFO - Running <TaskInstance: example_bash_operator.run_after_loop 2024-06-06T19:52:51.492136+00:00 [running]> on host a3fd049ae8d9
[2024-06-06 19:55:26,891] {taskinstance.py:1283} INFO - Exporting the following env vars:
AIRFLOW_CTX_DAG_OWNER=airflow
AIRFLOW_CTX_DAG_ID=example_bash_operator
AIRFLOW_CTX_TASK_ID=run_after_loop
AIRFLOW_CTX_EXECUTION_DATE=2024-06-06T19:52:51.492136+00:00
AIRFLOW_CTX_DAG_RUN_ID=manual__2024-06-06T19:52:51.492136+00:00
[2024-06-06 19:55:26,892] {bash.py:135} INFO - Tmp dir root location: 
 /tmp
[2024-06-06 19:55:26,893] {bash.py:158} INFO - Running command: echo 1
[2024-06-06 19:55:26,904] {bash.py:169} INFO - Output:
[2024-06-06 19:55:26,905] {bash.py:173} INFO - 1
[2024-06-06 19:55:26,906] {bash.py:177} INFO - Command exited with return code 0
[2024-06-06 19:55:26,945] {taskinstance.py:1192} INFO - Marking task as SUCCESS. dag_id=example_bash_operator, task_id=run_after_loop, execution_date=20240606T195251, start_date=20240606T195526, end_date=20240606T195526
[2024-06-06 19:55:26,995] {taskinstance.py:1246} INFO - 1 downstream tasks scheduled from follow-on schedule check
[2024-06-06 19:55:27,042] {local_task_job.py:146} INFO - Task exited with return code 0
