[2024-06-06 19:55:24,907] {taskinstance.py:877} INFO - Dependencies all met for <TaskInstance: example_bash_operator.also_run_this 2024-06-06T19:52:51.492136+00:00 [queued]>
[2024-06-06 19:55:24,923] {taskinstance.py:877} INFO - Dependencies all met for <TaskInstance: example_bash_operator.also_run_this 2024-06-06T19:52:51.492136+00:00 [queued]>
[2024-06-06 19:55:24,923] {taskinstance.py:1068} INFO - 
--------------------------------------------------------------------------------
[2024-06-06 19:55:24,923] {taskinstance.py:1069} INFO - Starting attempt 1 of 1
[2024-06-06 19:55:24,924] {taskinstance.py:1070} INFO - 
--------------------------------------------------------------------------------
[2024-06-06 19:55:24,935] {taskinstance.py:1089} INFO - Executing <Task(BashOperator): also_run_this> on 2024-06-06T19:52:51.492136+00:00
[2024-06-06 19:55:24,938] {standard_task_runner.py:52} INFO - Started process 67 to run task
[2024-06-06 19:55:24,943] {standard_task_runner.py:76} INFO - Running: ['airflow', 'tasks', 'run', 'example_bash_operator', 'also_run_this', '2024-06-06T19:52:51.492136+00:00', '--job-id', '4', '--pool', 'default_pool', '--raw', '--subdir', '/home/airflow/.local/lib/python3.6/site-packages/airflow/example_dags/example_bash_operator.py', '--cfg-path', '/tmp/tmpvz4xjda5', '--error-file', '/tmp/tmp6882_tmw']
[2024-06-06 19:55:24,943] {standard_task_runner.py:77} INFO - Job 4: Subtask also_run_this
[2024-06-06 19:55:24,987] {logging_mixin.py:104} INFO - Running <TaskInstance: example_bash_operator.also_run_this 2024-06-06T19:52:51.492136+00:00 [running]> on host a3fd049ae8d9
[2024-06-06 19:55:25,025] {taskinstance.py:1283} INFO - Exporting the following env vars:
AIRFLOW_CTX_DAG_OWNER=airflow
AIRFLOW_CTX_DAG_ID=example_bash_operator
AIRFLOW_CTX_TASK_ID=also_run_this
AIRFLOW_CTX_EXECUTION_DATE=2024-06-06T19:52:51.492136+00:00
AIRFLOW_CTX_DAG_RUN_ID=manual__2024-06-06T19:52:51.492136+00:00
[2024-06-06 19:55:25,025] {bash.py:135} INFO - Tmp dir root location: 
 /tmp
[2024-06-06 19:55:25,026] {bash.py:158} INFO - Running command: echo "run_id=manual__2024-06-06T19:52:51.492136+00:00 | dag_run=<DagRun example_bash_operator @ 2024-06-06 19:52:51.492136+00:00: manual__2024-06-06T19:52:51.492136+00:00, externally triggered: True>"
[2024-06-06 19:55:25,034] {bash.py:169} INFO - Output:
[2024-06-06 19:55:25,035] {bash.py:173} INFO - run_id=manual__2024-06-06T19:52:51.492136+00:00 | dag_run=<DagRun example_bash_operator @ 2024-06-06 19:52:51.492136+00:00: manual__2024-06-06T19:52:51.492136+00:00, externally triggered: True>
[2024-06-06 19:55:25,036] {bash.py:177} INFO - Command exited with return code 0
[2024-06-06 19:55:25,062] {taskinstance.py:1192} INFO - Marking task as SUCCESS. dag_id=example_bash_operator, task_id=also_run_this, execution_date=20240606T195251, start_date=20240606T195524, end_date=20240606T195525
[2024-06-06 19:55:25,092] {taskinstance.py:1246} INFO - 0 downstream tasks scheduled from follow-on schedule check
[2024-06-06 19:55:25,115] {local_task_job.py:146} INFO - Task exited with return code 0
