[2024-06-06 19:49:57,821] {scheduler_job.py:182} INFO - Started process (PID=49) to work on /home/airflow/.local/lib/python3.6/site-packages/airflow/example_dags/example_skip_dag.py
[2024-06-06 19:49:57,822] {scheduler_job.py:629} INFO - Processing file /home/airflow/.local/lib/python3.6/site-packages/airflow/example_dags/example_skip_dag.py for tasks to queue
[2024-06-06 19:49:57,822] {logging_mixin.py:104} INFO - [2024-06-06 19:49:57,822] {dagbag.py:451} INFO - Filling up the DagBag from /home/airflow/.local/lib/python3.6/site-packages/airflow/example_dags/example_skip_dag.py
[2024-06-06 19:49:57,832] {scheduler_job.py:639} INFO - DAG(s) dict_keys(['example_skip_dag']) retrieved from /home/airflow/.local/lib/python3.6/site-packages/airflow/example_dags/example_skip_dag.py
[2024-06-06 19:49:57,850] {logging_mixin.py:104} INFO - [2024-06-06 19:49:57,850] {dag.py:1824} INFO - Sync 1 DAGs
[2024-06-06 19:49:57,860] {logging_mixin.py:104} INFO - [2024-06-06 19:49:57,860] {dag.py:1843} INFO - Creating ORM DAG for example_skip_dag
[2024-06-06 19:49:57,865] {logging_mixin.py:104} INFO - [2024-06-06 19:49:57,865] {dag.py:2280} INFO - Setting next_dagrun for example_skip_dag to 2024-06-04 00:00:00+00:00
[2024-06-06 19:49:57,879] {scheduler_job.py:190} INFO - Processing /home/airflow/.local/lib/python3.6/site-packages/airflow/example_dags/example_skip_dag.py took 0.060 seconds
[2024-06-06 19:50:29,043] {scheduler_job.py:182} INFO - Started process (PID=75) to work on /home/airflow/.local/lib/python3.6/site-packages/airflow/example_dags/example_skip_dag.py
[2024-06-06 19:50:29,044] {scheduler_job.py:629} INFO - Processing file /home/airflow/.local/lib/python3.6/site-packages/airflow/example_dags/example_skip_dag.py for tasks to queue
[2024-06-06 19:50:29,044] {logging_mixin.py:104} INFO - [2024-06-06 19:50:29,044] {dagbag.py:451} INFO - Filling up the DagBag from /home/airflow/.local/lib/python3.6/site-packages/airflow/example_dags/example_skip_dag.py
[2024-06-06 19:50:29,057] {scheduler_job.py:639} INFO - DAG(s) dict_keys(['example_skip_dag']) retrieved from /home/airflow/.local/lib/python3.6/site-packages/airflow/example_dags/example_skip_dag.py
[2024-06-06 19:50:29,086] {logging_mixin.py:104} INFO - [2024-06-06 19:50:29,086] {dag.py:1824} INFO - Sync 1 DAGs
[2024-06-06 19:50:29,111] {logging_mixin.py:104} INFO - [2024-06-06 19:50:29,110] {dag.py:2280} INFO - Setting next_dagrun for example_skip_dag to 2024-06-04 00:00:00+00:00
[2024-06-06 19:50:29,128] {scheduler_job.py:190} INFO - Processing /home/airflow/.local/lib/python3.6/site-packages/airflow/example_dags/example_skip_dag.py took 0.088 seconds
[2024-06-06 19:50:59,148] {scheduler_job.py:182} INFO - Started process (PID=97) to work on /home/airflow/.local/lib/python3.6/site-packages/airflow/example_dags/example_skip_dag.py
[2024-06-06 19:50:59,149] {scheduler_job.py:629} INFO - Processing file /home/airflow/.local/lib/python3.6/site-packages/airflow/example_dags/example_skip_dag.py for tasks to queue
[2024-06-06 19:50:59,150] {logging_mixin.py:104} INFO - [2024-06-06 19:50:59,150] {dagbag.py:451} INFO - Filling up the DagBag from /home/airflow/.local/lib/python3.6/site-packages/airflow/example_dags/example_skip_dag.py
[2024-06-06 19:50:59,164] {scheduler_job.py:639} INFO - DAG(s) dict_keys(['example_skip_dag']) retrieved from /home/airflow/.local/lib/python3.6/site-packages/airflow/example_dags/example_skip_dag.py
[2024-06-06 19:50:59,192] {logging_mixin.py:104} INFO - [2024-06-06 19:50:59,192] {dag.py:1824} INFO - Sync 1 DAGs
[2024-06-06 19:50:59,213] {logging_mixin.py:104} INFO - [2024-06-06 19:50:59,213] {dag.py:2280} INFO - Setting next_dagrun for example_skip_dag to 2024-06-04 00:00:00+00:00
[2024-06-06 19:50:59,227] {scheduler_job.py:190} INFO - Processing /home/airflow/.local/lib/python3.6/site-packages/airflow/example_dags/example_skip_dag.py took 0.084 seconds
[2024-06-06 19:51:29,405] {scheduler_job.py:182} INFO - Started process (PID=120) to work on /home/airflow/.local/lib/python3.6/site-packages/airflow/example_dags/example_skip_dag.py
[2024-06-06 19:51:29,406] {scheduler_job.py:629} INFO - Processing file /home/airflow/.local/lib/python3.6/site-packages/airflow/example_dags/example_skip_dag.py for tasks to queue
[2024-06-06 19:51:29,407] {logging_mixin.py:104} INFO - [2024-06-06 19:51:29,406] {dagbag.py:451} INFO - Filling up the DagBag from /home/airflow/.local/lib/python3.6/site-packages/airflow/example_dags/example_skip_dag.py
[2024-06-06 19:51:29,418] {scheduler_job.py:639} INFO - DAG(s) dict_keys(['example_skip_dag']) retrieved from /home/airflow/.local/lib/python3.6/site-packages/airflow/example_dags/example_skip_dag.py
[2024-06-06 19:51:29,443] {logging_mixin.py:104} INFO - [2024-06-06 19:51:29,442] {dag.py:1824} INFO - Sync 1 DAGs
[2024-06-06 19:51:29,463] {logging_mixin.py:104} INFO - [2024-06-06 19:51:29,463] {dag.py:2280} INFO - Setting next_dagrun for example_skip_dag to 2024-06-04 00:00:00+00:00
[2024-06-06 19:51:29,477] {scheduler_job.py:190} INFO - Processing /home/airflow/.local/lib/python3.6/site-packages/airflow/example_dags/example_skip_dag.py took 0.076 seconds
[2024-06-06 19:51:59,731] {scheduler_job.py:182} INFO - Started process (PID=146) to work on /home/airflow/.local/lib/python3.6/site-packages/airflow/example_dags/example_skip_dag.py
[2024-06-06 19:51:59,732] {scheduler_job.py:629} INFO - Processing file /home/airflow/.local/lib/python3.6/site-packages/airflow/example_dags/example_skip_dag.py for tasks to queue
[2024-06-06 19:51:59,733] {logging_mixin.py:104} INFO - [2024-06-06 19:51:59,733] {dagbag.py:451} INFO - Filling up the DagBag from /home/airflow/.local/lib/python3.6/site-packages/airflow/example_dags/example_skip_dag.py
[2024-06-06 19:51:59,747] {scheduler_job.py:639} INFO - DAG(s) dict_keys(['example_skip_dag']) retrieved from /home/airflow/.local/lib/python3.6/site-packages/airflow/example_dags/example_skip_dag.py
[2024-06-06 19:51:59,780] {logging_mixin.py:104} INFO - [2024-06-06 19:51:59,780] {dag.py:1824} INFO - Sync 1 DAGs
[2024-06-06 19:51:59,806] {logging_mixin.py:104} INFO - [2024-06-06 19:51:59,806] {dag.py:2280} INFO - Setting next_dagrun for example_skip_dag to 2024-06-04 00:00:00+00:00
[2024-06-06 19:51:59,823] {scheduler_job.py:190} INFO - Processing /home/airflow/.local/lib/python3.6/site-packages/airflow/example_dags/example_skip_dag.py took 0.097 seconds
[2024-06-06 19:52:30,522] {scheduler_job.py:182} INFO - Started process (PID=177) to work on /home/airflow/.local/lib/python3.6/site-packages/airflow/example_dags/example_skip_dag.py
[2024-06-06 19:52:30,523] {scheduler_job.py:629} INFO - Processing file /home/airflow/.local/lib/python3.6/site-packages/airflow/example_dags/example_skip_dag.py for tasks to queue
[2024-06-06 19:52:30,524] {logging_mixin.py:104} INFO - [2024-06-06 19:52:30,524] {dagbag.py:451} INFO - Filling up the DagBag from /home/airflow/.local/lib/python3.6/site-packages/airflow/example_dags/example_skip_dag.py
[2024-06-06 19:52:30,536] {scheduler_job.py:639} INFO - DAG(s) dict_keys(['example_skip_dag']) retrieved from /home/airflow/.local/lib/python3.6/site-packages/airflow/example_dags/example_skip_dag.py
[2024-06-06 19:52:30,567] {logging_mixin.py:104} INFO - [2024-06-06 19:52:30,567] {dag.py:1824} INFO - Sync 1 DAGs
[2024-06-06 19:52:30,596] {logging_mixin.py:104} INFO - [2024-06-06 19:52:30,596] {dag.py:2280} INFO - Setting next_dagrun for example_skip_dag to 2024-06-04 00:00:00+00:00
[2024-06-06 19:52:30,621] {scheduler_job.py:190} INFO - Processing /home/airflow/.local/lib/python3.6/site-packages/airflow/example_dags/example_skip_dag.py took 0.103 seconds
[2024-06-06 19:53:01,206] {scheduler_job.py:182} INFO - Started process (PID=208) to work on /home/airflow/.local/lib/python3.6/site-packages/airflow/example_dags/example_skip_dag.py
[2024-06-06 19:53:01,207] {scheduler_job.py:629} INFO - Processing file /home/airflow/.local/lib/python3.6/site-packages/airflow/example_dags/example_skip_dag.py for tasks to queue
[2024-06-06 19:53:01,208] {logging_mixin.py:104} INFO - [2024-06-06 19:53:01,208] {dagbag.py:451} INFO - Filling up the DagBag from /home/airflow/.local/lib/python3.6/site-packages/airflow/example_dags/example_skip_dag.py
[2024-06-06 19:53:01,220] {scheduler_job.py:639} INFO - DAG(s) dict_keys(['example_skip_dag']) retrieved from /home/airflow/.local/lib/python3.6/site-packages/airflow/example_dags/example_skip_dag.py
[2024-06-06 19:53:01,248] {logging_mixin.py:104} INFO - [2024-06-06 19:53:01,248] {dag.py:1824} INFO - Sync 1 DAGs
[2024-06-06 19:53:01,270] {logging_mixin.py:104} INFO - [2024-06-06 19:53:01,269] {dag.py:2280} INFO - Setting next_dagrun for example_skip_dag to 2024-06-04 00:00:00+00:00
[2024-06-06 19:53:01,287] {scheduler_job.py:190} INFO - Processing /home/airflow/.local/lib/python3.6/site-packages/airflow/example_dags/example_skip_dag.py took 0.084 seconds
[2024-06-06 19:53:31,849] {scheduler_job.py:182} INFO - Started process (PID=235) to work on /home/airflow/.local/lib/python3.6/site-packages/airflow/example_dags/example_skip_dag.py
[2024-06-06 19:53:31,850] {scheduler_job.py:629} INFO - Processing file /home/airflow/.local/lib/python3.6/site-packages/airflow/example_dags/example_skip_dag.py for tasks to queue
[2024-06-06 19:53:31,850] {logging_mixin.py:104} INFO - [2024-06-06 19:53:31,850] {dagbag.py:451} INFO - Filling up the DagBag from /home/airflow/.local/lib/python3.6/site-packages/airflow/example_dags/example_skip_dag.py
[2024-06-06 19:53:31,862] {scheduler_job.py:639} INFO - DAG(s) dict_keys(['example_skip_dag']) retrieved from /home/airflow/.local/lib/python3.6/site-packages/airflow/example_dags/example_skip_dag.py
[2024-06-06 19:53:31,891] {logging_mixin.py:104} INFO - [2024-06-06 19:53:31,891] {dag.py:1824} INFO - Sync 1 DAGs
[2024-06-06 19:53:31,907] {logging_mixin.py:104} INFO - [2024-06-06 19:53:31,907] {dag.py:2280} INFO - Setting next_dagrun for example_skip_dag to 2024-06-04 00:00:00+00:00
[2024-06-06 19:53:31,921] {scheduler_job.py:190} INFO - Processing /home/airflow/.local/lib/python3.6/site-packages/airflow/example_dags/example_skip_dag.py took 0.076 seconds
[2024-06-06 19:54:02,336] {scheduler_job.py:182} INFO - Started process (PID=262) to work on /home/airflow/.local/lib/python3.6/site-packages/airflow/example_dags/example_skip_dag.py
[2024-06-06 19:54:02,337] {scheduler_job.py:629} INFO - Processing file /home/airflow/.local/lib/python3.6/site-packages/airflow/example_dags/example_skip_dag.py for tasks to queue
[2024-06-06 19:54:02,338] {logging_mixin.py:104} INFO - [2024-06-06 19:54:02,338] {dagbag.py:451} INFO - Filling up the DagBag from /home/airflow/.local/lib/python3.6/site-packages/airflow/example_dags/example_skip_dag.py
[2024-06-06 19:54:02,352] {scheduler_job.py:639} INFO - DAG(s) dict_keys(['example_skip_dag']) retrieved from /home/airflow/.local/lib/python3.6/site-packages/airflow/example_dags/example_skip_dag.py
[2024-06-06 19:54:02,381] {logging_mixin.py:104} INFO - [2024-06-06 19:54:02,381] {dag.py:1824} INFO - Sync 1 DAGs
[2024-06-06 19:54:02,398] {logging_mixin.py:104} INFO - [2024-06-06 19:54:02,398] {dag.py:2280} INFO - Setting next_dagrun for example_skip_dag to 2024-06-04 00:00:00+00:00
[2024-06-06 19:54:02,414] {scheduler_job.py:190} INFO - Processing /home/airflow/.local/lib/python3.6/site-packages/airflow/example_dags/example_skip_dag.py took 0.082 seconds
[2024-06-06 19:54:32,748] {scheduler_job.py:182} INFO - Started process (PID=288) to work on /home/airflow/.local/lib/python3.6/site-packages/airflow/example_dags/example_skip_dag.py
[2024-06-06 19:54:32,749] {scheduler_job.py:629} INFO - Processing file /home/airflow/.local/lib/python3.6/site-packages/airflow/example_dags/example_skip_dag.py for tasks to queue
[2024-06-06 19:54:32,750] {logging_mixin.py:104} INFO - [2024-06-06 19:54:32,750] {dagbag.py:451} INFO - Filling up the DagBag from /home/airflow/.local/lib/python3.6/site-packages/airflow/example_dags/example_skip_dag.py
[2024-06-06 19:54:32,762] {scheduler_job.py:639} INFO - DAG(s) dict_keys(['example_skip_dag']) retrieved from /home/airflow/.local/lib/python3.6/site-packages/airflow/example_dags/example_skip_dag.py
[2024-06-06 19:54:32,798] {logging_mixin.py:104} INFO - [2024-06-06 19:54:32,798] {dag.py:1824} INFO - Sync 1 DAGs
[2024-06-06 19:54:32,817] {logging_mixin.py:104} INFO - [2024-06-06 19:54:32,817] {dag.py:2280} INFO - Setting next_dagrun for example_skip_dag to 2024-06-04 00:00:00+00:00
[2024-06-06 19:54:32,836] {scheduler_job.py:190} INFO - Processing /home/airflow/.local/lib/python3.6/site-packages/airflow/example_dags/example_skip_dag.py took 0.092 seconds
[2024-06-06 19:55:03,195] {scheduler_job.py:182} INFO - Started process (PID=313) to work on /home/airflow/.local/lib/python3.6/site-packages/airflow/example_dags/example_skip_dag.py
[2024-06-06 19:55:03,196] {scheduler_job.py:629} INFO - Processing file /home/airflow/.local/lib/python3.6/site-packages/airflow/example_dags/example_skip_dag.py for tasks to queue
[2024-06-06 19:55:03,196] {logging_mixin.py:104} INFO - [2024-06-06 19:55:03,196] {dagbag.py:451} INFO - Filling up the DagBag from /home/airflow/.local/lib/python3.6/site-packages/airflow/example_dags/example_skip_dag.py
[2024-06-06 19:55:03,210] {scheduler_job.py:639} INFO - DAG(s) dict_keys(['example_skip_dag']) retrieved from /home/airflow/.local/lib/python3.6/site-packages/airflow/example_dags/example_skip_dag.py
[2024-06-06 19:55:03,233] {logging_mixin.py:104} INFO - [2024-06-06 19:55:03,233] {dag.py:1824} INFO - Sync 1 DAGs
[2024-06-06 19:55:03,252] {logging_mixin.py:104} INFO - [2024-06-06 19:55:03,252] {dag.py:2280} INFO - Setting next_dagrun for example_skip_dag to 2024-06-04 00:00:00+00:00
[2024-06-06 19:55:03,266] {scheduler_job.py:190} INFO - Processing /home/airflow/.local/lib/python3.6/site-packages/airflow/example_dags/example_skip_dag.py took 0.075 seconds
[2024-06-06 19:55:33,797] {scheduler_job.py:182} INFO - Started process (PID=363) to work on /home/airflow/.local/lib/python3.6/site-packages/airflow/example_dags/example_skip_dag.py
[2024-06-06 19:55:33,798] {scheduler_job.py:629} INFO - Processing file /home/airflow/.local/lib/python3.6/site-packages/airflow/example_dags/example_skip_dag.py for tasks to queue
[2024-06-06 19:55:33,798] {logging_mixin.py:104} INFO - [2024-06-06 19:55:33,798] {dagbag.py:451} INFO - Filling up the DagBag from /home/airflow/.local/lib/python3.6/site-packages/airflow/example_dags/example_skip_dag.py
[2024-06-06 19:55:33,813] {scheduler_job.py:639} INFO - DAG(s) dict_keys(['example_skip_dag']) retrieved from /home/airflow/.local/lib/python3.6/site-packages/airflow/example_dags/example_skip_dag.py
[2024-06-06 19:55:33,836] {logging_mixin.py:104} INFO - [2024-06-06 19:55:33,836] {dag.py:1824} INFO - Sync 1 DAGs
[2024-06-06 19:55:33,852] {logging_mixin.py:104} INFO - [2024-06-06 19:55:33,852] {dag.py:2280} INFO - Setting next_dagrun for example_skip_dag to 2024-06-04 00:00:00+00:00
[2024-06-06 19:55:33,869] {scheduler_job.py:190} INFO - Processing /home/airflow/.local/lib/python3.6/site-packages/airflow/example_dags/example_skip_dag.py took 0.076 seconds
[2024-06-06 19:56:04,635] {scheduler_job.py:182} INFO - Started process (PID=393) to work on /home/airflow/.local/lib/python3.6/site-packages/airflow/example_dags/example_skip_dag.py
[2024-06-06 19:56:04,636] {scheduler_job.py:629} INFO - Processing file /home/airflow/.local/lib/python3.6/site-packages/airflow/example_dags/example_skip_dag.py for tasks to queue
[2024-06-06 19:56:04,636] {logging_mixin.py:104} INFO - [2024-06-06 19:56:04,636] {dagbag.py:451} INFO - Filling up the DagBag from /home/airflow/.local/lib/python3.6/site-packages/airflow/example_dags/example_skip_dag.py
[2024-06-06 19:56:04,650] {scheduler_job.py:639} INFO - DAG(s) dict_keys(['example_skip_dag']) retrieved from /home/airflow/.local/lib/python3.6/site-packages/airflow/example_dags/example_skip_dag.py
[2024-06-06 19:56:04,670] {logging_mixin.py:104} INFO - [2024-06-06 19:56:04,670] {dag.py:1824} INFO - Sync 1 DAGs
[2024-06-06 19:56:04,683] {logging_mixin.py:104} INFO - [2024-06-06 19:56:04,683] {dag.py:2280} INFO - Setting next_dagrun for example_skip_dag to 2024-06-04 00:00:00+00:00
[2024-06-06 19:56:04,695] {scheduler_job.py:190} INFO - Processing /home/airflow/.local/lib/python3.6/site-packages/airflow/example_dags/example_skip_dag.py took 0.063 seconds
[2024-06-06 19:56:35,273] {scheduler_job.py:182} INFO - Started process (PID=422) to work on /home/airflow/.local/lib/python3.6/site-packages/airflow/example_dags/example_skip_dag.py
[2024-06-06 19:56:35,274] {scheduler_job.py:629} INFO - Processing file /home/airflow/.local/lib/python3.6/site-packages/airflow/example_dags/example_skip_dag.py for tasks to queue
[2024-06-06 19:56:35,275] {logging_mixin.py:104} INFO - [2024-06-06 19:56:35,275] {dagbag.py:451} INFO - Filling up the DagBag from /home/airflow/.local/lib/python3.6/site-packages/airflow/example_dags/example_skip_dag.py
[2024-06-06 19:56:35,291] {scheduler_job.py:639} INFO - DAG(s) dict_keys(['example_skip_dag']) retrieved from /home/airflow/.local/lib/python3.6/site-packages/airflow/example_dags/example_skip_dag.py
[2024-06-06 19:56:35,320] {logging_mixin.py:104} INFO - [2024-06-06 19:56:35,320] {dag.py:1824} INFO - Sync 1 DAGs
[2024-06-06 19:56:35,340] {logging_mixin.py:104} INFO - [2024-06-06 19:56:35,340] {dag.py:2280} INFO - Setting next_dagrun for example_skip_dag to 2024-06-04 00:00:00+00:00
[2024-06-06 19:56:35,355] {scheduler_job.py:190} INFO - Processing /home/airflow/.local/lib/python3.6/site-packages/airflow/example_dags/example_skip_dag.py took 0.086 seconds
[2024-06-06 19:57:06,004] {scheduler_job.py:182} INFO - Started process (PID=448) to work on /home/airflow/.local/lib/python3.6/site-packages/airflow/example_dags/example_skip_dag.py
[2024-06-06 19:57:06,010] {scheduler_job.py:629} INFO - Processing file /home/airflow/.local/lib/python3.6/site-packages/airflow/example_dags/example_skip_dag.py for tasks to queue
[2024-06-06 19:57:06,011] {logging_mixin.py:104} INFO - [2024-06-06 19:57:06,011] {dagbag.py:451} INFO - Filling up the DagBag from /home/airflow/.local/lib/python3.6/site-packages/airflow/example_dags/example_skip_dag.py
[2024-06-06 19:57:06,022] {scheduler_job.py:639} INFO - DAG(s) dict_keys(['example_skip_dag']) retrieved from /home/airflow/.local/lib/python3.6/site-packages/airflow/example_dags/example_skip_dag.py
[2024-06-06 19:57:06,046] {logging_mixin.py:104} INFO - [2024-06-06 19:57:06,045] {dag.py:1824} INFO - Sync 1 DAGs
[2024-06-06 19:57:06,061] {logging_mixin.py:104} INFO - [2024-06-06 19:57:06,061] {dag.py:2280} INFO - Setting next_dagrun for example_skip_dag to 2024-06-04 00:00:00+00:00
[2024-06-06 19:57:06,080] {scheduler_job.py:190} INFO - Processing /home/airflow/.local/lib/python3.6/site-packages/airflow/example_dags/example_skip_dag.py took 0.079 seconds
[2024-06-06 19:57:36,725] {scheduler_job.py:182} INFO - Started process (PID=477) to work on /home/airflow/.local/lib/python3.6/site-packages/airflow/example_dags/example_skip_dag.py
[2024-06-06 19:57:36,726] {scheduler_job.py:629} INFO - Processing file /home/airflow/.local/lib/python3.6/site-packages/airflow/example_dags/example_skip_dag.py for tasks to queue
[2024-06-06 19:57:36,727] {logging_mixin.py:104} INFO - [2024-06-06 19:57:36,727] {dagbag.py:451} INFO - Filling up the DagBag from /home/airflow/.local/lib/python3.6/site-packages/airflow/example_dags/example_skip_dag.py
[2024-06-06 19:57:36,739] {scheduler_job.py:639} INFO - DAG(s) dict_keys(['example_skip_dag']) retrieved from /home/airflow/.local/lib/python3.6/site-packages/airflow/example_dags/example_skip_dag.py
[2024-06-06 19:57:36,767] {logging_mixin.py:104} INFO - [2024-06-06 19:57:36,767] {dag.py:1824} INFO - Sync 1 DAGs
[2024-06-06 19:57:36,784] {logging_mixin.py:104} INFO - [2024-06-06 19:57:36,783] {dag.py:2280} INFO - Setting next_dagrun for example_skip_dag to 2024-06-04 00:00:00+00:00
[2024-06-06 19:57:36,797] {scheduler_job.py:190} INFO - Processing /home/airflow/.local/lib/python3.6/site-packages/airflow/example_dags/example_skip_dag.py took 0.075 seconds
[2024-06-06 19:58:07,368] {scheduler_job.py:182} INFO - Started process (PID=503) to work on /home/airflow/.local/lib/python3.6/site-packages/airflow/example_dags/example_skip_dag.py
[2024-06-06 19:58:07,369] {scheduler_job.py:629} INFO - Processing file /home/airflow/.local/lib/python3.6/site-packages/airflow/example_dags/example_skip_dag.py for tasks to queue
[2024-06-06 19:58:07,369] {logging_mixin.py:104} INFO - [2024-06-06 19:58:07,369] {dagbag.py:451} INFO - Filling up the DagBag from /home/airflow/.local/lib/python3.6/site-packages/airflow/example_dags/example_skip_dag.py
[2024-06-06 19:58:07,380] {scheduler_job.py:639} INFO - DAG(s) dict_keys(['example_skip_dag']) retrieved from /home/airflow/.local/lib/python3.6/site-packages/airflow/example_dags/example_skip_dag.py
[2024-06-06 19:58:07,403] {logging_mixin.py:104} INFO - [2024-06-06 19:58:07,403] {dag.py:1824} INFO - Sync 1 DAGs
[2024-06-06 19:58:07,419] {logging_mixin.py:104} INFO - [2024-06-06 19:58:07,419] {dag.py:2280} INFO - Setting next_dagrun for example_skip_dag to 2024-06-04 00:00:00+00:00
[2024-06-06 19:58:07,432] {scheduler_job.py:190} INFO - Processing /home/airflow/.local/lib/python3.6/site-packages/airflow/example_dags/example_skip_dag.py took 0.068 seconds
[2024-06-06 19:58:37,766] {scheduler_job.py:182} INFO - Started process (PID=529) to work on /home/airflow/.local/lib/python3.6/site-packages/airflow/example_dags/example_skip_dag.py
[2024-06-06 19:58:37,767] {scheduler_job.py:629} INFO - Processing file /home/airflow/.local/lib/python3.6/site-packages/airflow/example_dags/example_skip_dag.py for tasks to queue
[2024-06-06 19:58:37,767] {logging_mixin.py:104} INFO - [2024-06-06 19:58:37,767] {dagbag.py:451} INFO - Filling up the DagBag from /home/airflow/.local/lib/python3.6/site-packages/airflow/example_dags/example_skip_dag.py
[2024-06-06 19:58:37,778] {scheduler_job.py:639} INFO - DAG(s) dict_keys(['example_skip_dag']) retrieved from /home/airflow/.local/lib/python3.6/site-packages/airflow/example_dags/example_skip_dag.py
[2024-06-06 19:58:37,804] {logging_mixin.py:104} INFO - [2024-06-06 19:58:37,804] {dag.py:1824} INFO - Sync 1 DAGs
[2024-06-06 19:58:37,821] {logging_mixin.py:104} INFO - [2024-06-06 19:58:37,821] {dag.py:2280} INFO - Setting next_dagrun for example_skip_dag to 2024-06-04 00:00:00+00:00
[2024-06-06 19:58:37,836] {scheduler_job.py:190} INFO - Processing /home/airflow/.local/lib/python3.6/site-packages/airflow/example_dags/example_skip_dag.py took 0.074 seconds
[2024-06-06 19:59:08,402] {scheduler_job.py:182} INFO - Started process (PID=555) to work on /home/airflow/.local/lib/python3.6/site-packages/airflow/example_dags/example_skip_dag.py
[2024-06-06 19:59:08,404] {scheduler_job.py:629} INFO - Processing file /home/airflow/.local/lib/python3.6/site-packages/airflow/example_dags/example_skip_dag.py for tasks to queue
[2024-06-06 19:59:08,405] {logging_mixin.py:104} INFO - [2024-06-06 19:59:08,405] {dagbag.py:451} INFO - Filling up the DagBag from /home/airflow/.local/lib/python3.6/site-packages/airflow/example_dags/example_skip_dag.py
[2024-06-06 19:59:08,423] {scheduler_job.py:639} INFO - DAG(s) dict_keys(['example_skip_dag']) retrieved from /home/airflow/.local/lib/python3.6/site-packages/airflow/example_dags/example_skip_dag.py
[2024-06-06 19:59:08,462] {logging_mixin.py:104} INFO - [2024-06-06 19:59:08,462] {dag.py:1824} INFO - Sync 1 DAGs
[2024-06-06 19:59:08,488] {logging_mixin.py:104} INFO - [2024-06-06 19:59:08,488] {dag.py:2280} INFO - Setting next_dagrun for example_skip_dag to 2024-06-04 00:00:00+00:00
[2024-06-06 19:59:08,509] {scheduler_job.py:190} INFO - Processing /home/airflow/.local/lib/python3.6/site-packages/airflow/example_dags/example_skip_dag.py took 0.112 seconds
[2024-06-06 19:59:38,817] {scheduler_job.py:182} INFO - Started process (PID=579) to work on /home/airflow/.local/lib/python3.6/site-packages/airflow/example_dags/example_skip_dag.py
[2024-06-06 19:59:38,818] {scheduler_job.py:629} INFO - Processing file /home/airflow/.local/lib/python3.6/site-packages/airflow/example_dags/example_skip_dag.py for tasks to queue
[2024-06-06 19:59:38,818] {logging_mixin.py:104} INFO - [2024-06-06 19:59:38,818] {dagbag.py:451} INFO - Filling up the DagBag from /home/airflow/.local/lib/python3.6/site-packages/airflow/example_dags/example_skip_dag.py
[2024-06-06 19:59:38,830] {scheduler_job.py:639} INFO - DAG(s) dict_keys(['example_skip_dag']) retrieved from /home/airflow/.local/lib/python3.6/site-packages/airflow/example_dags/example_skip_dag.py
[2024-06-06 19:59:38,854] {logging_mixin.py:104} INFO - [2024-06-06 19:59:38,853] {dag.py:1824} INFO - Sync 1 DAGs
[2024-06-06 19:59:38,870] {logging_mixin.py:104} INFO - [2024-06-06 19:59:38,870] {dag.py:2280} INFO - Setting next_dagrun for example_skip_dag to 2024-06-04 00:00:00+00:00
[2024-06-06 19:59:38,884] {scheduler_job.py:190} INFO - Processing /home/airflow/.local/lib/python3.6/site-packages/airflow/example_dags/example_skip_dag.py took 0.070 seconds
[2024-06-06 20:00:09,188] {scheduler_job.py:182} INFO - Started process (PID=604) to work on /home/airflow/.local/lib/python3.6/site-packages/airflow/example_dags/example_skip_dag.py
[2024-06-06 20:00:09,189] {scheduler_job.py:629} INFO - Processing file /home/airflow/.local/lib/python3.6/site-packages/airflow/example_dags/example_skip_dag.py for tasks to queue
[2024-06-06 20:00:09,190] {logging_mixin.py:104} INFO - [2024-06-06 20:00:09,190] {dagbag.py:451} INFO - Filling up the DagBag from /home/airflow/.local/lib/python3.6/site-packages/airflow/example_dags/example_skip_dag.py
[2024-06-06 20:00:09,202] {scheduler_job.py:639} INFO - DAG(s) dict_keys(['example_skip_dag']) retrieved from /home/airflow/.local/lib/python3.6/site-packages/airflow/example_dags/example_skip_dag.py
[2024-06-06 20:00:09,226] {logging_mixin.py:104} INFO - [2024-06-06 20:00:09,226] {dag.py:1824} INFO - Sync 1 DAGs
[2024-06-06 20:00:09,243] {logging_mixin.py:104} INFO - [2024-06-06 20:00:09,243] {dag.py:2280} INFO - Setting next_dagrun for example_skip_dag to 2024-06-04 00:00:00+00:00
[2024-06-06 20:00:09,257] {scheduler_job.py:190} INFO - Processing /home/airflow/.local/lib/python3.6/site-packages/airflow/example_dags/example_skip_dag.py took 0.072 seconds
[2024-06-06 20:00:39,567] {scheduler_job.py:182} INFO - Started process (PID=630) to work on /home/airflow/.local/lib/python3.6/site-packages/airflow/example_dags/example_skip_dag.py
[2024-06-06 20:00:39,568] {scheduler_job.py:629} INFO - Processing file /home/airflow/.local/lib/python3.6/site-packages/airflow/example_dags/example_skip_dag.py for tasks to queue
[2024-06-06 20:00:39,569] {logging_mixin.py:104} INFO - [2024-06-06 20:00:39,569] {dagbag.py:451} INFO - Filling up the DagBag from /home/airflow/.local/lib/python3.6/site-packages/airflow/example_dags/example_skip_dag.py
[2024-06-06 20:00:39,580] {scheduler_job.py:639} INFO - DAG(s) dict_keys(['example_skip_dag']) retrieved from /home/airflow/.local/lib/python3.6/site-packages/airflow/example_dags/example_skip_dag.py
[2024-06-06 20:00:39,601] {logging_mixin.py:104} INFO - [2024-06-06 20:00:39,601] {dag.py:1824} INFO - Sync 1 DAGs
[2024-06-06 20:00:39,615] {logging_mixin.py:104} INFO - [2024-06-06 20:00:39,615] {dag.py:2280} INFO - Setting next_dagrun for example_skip_dag to 2024-06-04 00:00:00+00:00
[2024-06-06 20:00:39,627] {scheduler_job.py:190} INFO - Processing /home/airflow/.local/lib/python3.6/site-packages/airflow/example_dags/example_skip_dag.py took 0.063 seconds
[2024-06-06 20:01:10,027] {scheduler_job.py:182} INFO - Started process (PID=658) to work on /home/airflow/.local/lib/python3.6/site-packages/airflow/example_dags/example_skip_dag.py
[2024-06-06 20:01:10,028] {scheduler_job.py:629} INFO - Processing file /home/airflow/.local/lib/python3.6/site-packages/airflow/example_dags/example_skip_dag.py for tasks to queue
[2024-06-06 20:01:10,029] {logging_mixin.py:104} INFO - [2024-06-06 20:01:10,029] {dagbag.py:451} INFO - Filling up the DagBag from /home/airflow/.local/lib/python3.6/site-packages/airflow/example_dags/example_skip_dag.py
[2024-06-06 20:01:10,048] {scheduler_job.py:639} INFO - DAG(s) dict_keys(['example_skip_dag']) retrieved from /home/airflow/.local/lib/python3.6/site-packages/airflow/example_dags/example_skip_dag.py
[2024-06-06 20:01:10,087] {logging_mixin.py:104} INFO - [2024-06-06 20:01:10,087] {dag.py:1824} INFO - Sync 1 DAGs
[2024-06-06 20:01:10,116] {logging_mixin.py:104} INFO - [2024-06-06 20:01:10,116] {dag.py:2280} INFO - Setting next_dagrun for example_skip_dag to 2024-06-04 00:00:00+00:00
[2024-06-06 20:01:10,139] {scheduler_job.py:190} INFO - Processing /home/airflow/.local/lib/python3.6/site-packages/airflow/example_dags/example_skip_dag.py took 0.117 seconds
[2024-06-06 20:01:40,425] {scheduler_job.py:182} INFO - Started process (PID=683) to work on /home/airflow/.local/lib/python3.6/site-packages/airflow/example_dags/example_skip_dag.py
[2024-06-06 20:01:40,426] {scheduler_job.py:629} INFO - Processing file /home/airflow/.local/lib/python3.6/site-packages/airflow/example_dags/example_skip_dag.py for tasks to queue
[2024-06-06 20:01:40,426] {logging_mixin.py:104} INFO - [2024-06-06 20:01:40,426] {dagbag.py:451} INFO - Filling up the DagBag from /home/airflow/.local/lib/python3.6/site-packages/airflow/example_dags/example_skip_dag.py
[2024-06-06 20:01:40,441] {scheduler_job.py:639} INFO - DAG(s) dict_keys(['example_skip_dag']) retrieved from /home/airflow/.local/lib/python3.6/site-packages/airflow/example_dags/example_skip_dag.py
[2024-06-06 20:01:40,468] {logging_mixin.py:104} INFO - [2024-06-06 20:01:40,468] {dag.py:1824} INFO - Sync 1 DAGs
[2024-06-06 20:01:40,486] {logging_mixin.py:104} INFO - [2024-06-06 20:01:40,486] {dag.py:2280} INFO - Setting next_dagrun for example_skip_dag to 2024-06-04 00:00:00+00:00
[2024-06-06 20:01:40,499] {scheduler_job.py:190} INFO - Processing /home/airflow/.local/lib/python3.6/site-packages/airflow/example_dags/example_skip_dag.py took 0.078 seconds
[2024-06-06 20:02:10,730] {scheduler_job.py:182} INFO - Started process (PID=708) to work on /home/airflow/.local/lib/python3.6/site-packages/airflow/example_dags/example_skip_dag.py
[2024-06-06 20:02:10,732] {scheduler_job.py:629} INFO - Processing file /home/airflow/.local/lib/python3.6/site-packages/airflow/example_dags/example_skip_dag.py for tasks to queue
[2024-06-06 20:02:10,732] {logging_mixin.py:104} INFO - [2024-06-06 20:02:10,732] {dagbag.py:451} INFO - Filling up the DagBag from /home/airflow/.local/lib/python3.6/site-packages/airflow/example_dags/example_skip_dag.py
[2024-06-06 20:02:10,743] {scheduler_job.py:639} INFO - DAG(s) dict_keys(['example_skip_dag']) retrieved from /home/airflow/.local/lib/python3.6/site-packages/airflow/example_dags/example_skip_dag.py
[2024-06-06 20:02:10,766] {logging_mixin.py:104} INFO - [2024-06-06 20:02:10,766] {dag.py:1824} INFO - Sync 1 DAGs
[2024-06-06 20:02:10,782] {logging_mixin.py:104} INFO - [2024-06-06 20:02:10,782] {dag.py:2280} INFO - Setting next_dagrun for example_skip_dag to 2024-06-04 00:00:00+00:00
[2024-06-06 20:02:10,797] {scheduler_job.py:190} INFO - Processing /home/airflow/.local/lib/python3.6/site-packages/airflow/example_dags/example_skip_dag.py took 0.070 seconds
[2024-06-06 20:02:41,049] {scheduler_job.py:182} INFO - Started process (PID=734) to work on /home/airflow/.local/lib/python3.6/site-packages/airflow/example_dags/example_skip_dag.py
[2024-06-06 20:02:41,050] {scheduler_job.py:629} INFO - Processing file /home/airflow/.local/lib/python3.6/site-packages/airflow/example_dags/example_skip_dag.py for tasks to queue
[2024-06-06 20:02:41,051] {logging_mixin.py:104} INFO - [2024-06-06 20:02:41,051] {dagbag.py:451} INFO - Filling up the DagBag from /home/airflow/.local/lib/python3.6/site-packages/airflow/example_dags/example_skip_dag.py
[2024-06-06 20:02:41,064] {scheduler_job.py:639} INFO - DAG(s) dict_keys(['example_skip_dag']) retrieved from /home/airflow/.local/lib/python3.6/site-packages/airflow/example_dags/example_skip_dag.py
[2024-06-06 20:02:41,095] {logging_mixin.py:104} INFO - [2024-06-06 20:02:41,095] {dag.py:1824} INFO - Sync 1 DAGs
[2024-06-06 20:02:41,112] {logging_mixin.py:104} INFO - [2024-06-06 20:02:41,112] {dag.py:2280} INFO - Setting next_dagrun for example_skip_dag to 2024-06-04 00:00:00+00:00
[2024-06-06 20:02:41,125] {scheduler_job.py:190} INFO - Processing /home/airflow/.local/lib/python3.6/site-packages/airflow/example_dags/example_skip_dag.py took 0.079 seconds
[2024-06-06 20:03:11,553] {scheduler_job.py:182} INFO - Started process (PID=759) to work on /home/airflow/.local/lib/python3.6/site-packages/airflow/example_dags/example_skip_dag.py
[2024-06-06 20:03:11,554] {scheduler_job.py:629} INFO - Processing file /home/airflow/.local/lib/python3.6/site-packages/airflow/example_dags/example_skip_dag.py for tasks to queue
[2024-06-06 20:03:11,555] {logging_mixin.py:104} INFO - [2024-06-06 20:03:11,555] {dagbag.py:451} INFO - Filling up the DagBag from /home/airflow/.local/lib/python3.6/site-packages/airflow/example_dags/example_skip_dag.py
[2024-06-06 20:03:11,566] {scheduler_job.py:639} INFO - DAG(s) dict_keys(['example_skip_dag']) retrieved from /home/airflow/.local/lib/python3.6/site-packages/airflow/example_dags/example_skip_dag.py
[2024-06-06 20:03:11,592] {logging_mixin.py:104} INFO - [2024-06-06 20:03:11,592] {dag.py:1824} INFO - Sync 1 DAGs
[2024-06-06 20:03:11,610] {logging_mixin.py:104} INFO - [2024-06-06 20:03:11,609] {dag.py:2280} INFO - Setting next_dagrun for example_skip_dag to 2024-06-04 00:00:00+00:00
[2024-06-06 20:03:11,626] {scheduler_job.py:190} INFO - Processing /home/airflow/.local/lib/python3.6/site-packages/airflow/example_dags/example_skip_dag.py took 0.076 seconds
[2024-06-06 20:03:42,008] {scheduler_job.py:182} INFO - Started process (PID=785) to work on /home/airflow/.local/lib/python3.6/site-packages/airflow/example_dags/example_skip_dag.py
[2024-06-06 20:03:42,009] {scheduler_job.py:629} INFO - Processing file /home/airflow/.local/lib/python3.6/site-packages/airflow/example_dags/example_skip_dag.py for tasks to queue
[2024-06-06 20:03:42,010] {logging_mixin.py:104} INFO - [2024-06-06 20:03:42,009] {dagbag.py:451} INFO - Filling up the DagBag from /home/airflow/.local/lib/python3.6/site-packages/airflow/example_dags/example_skip_dag.py
[2024-06-06 20:03:42,024] {scheduler_job.py:639} INFO - DAG(s) dict_keys(['example_skip_dag']) retrieved from /home/airflow/.local/lib/python3.6/site-packages/airflow/example_dags/example_skip_dag.py
[2024-06-06 20:03:42,057] {logging_mixin.py:104} INFO - [2024-06-06 20:03:42,057] {dag.py:1824} INFO - Sync 1 DAGs
[2024-06-06 20:03:42,076] {logging_mixin.py:104} INFO - [2024-06-06 20:03:42,076] {dag.py:2280} INFO - Setting next_dagrun for example_skip_dag to 2024-06-04 00:00:00+00:00
[2024-06-06 20:03:42,094] {scheduler_job.py:190} INFO - Processing /home/airflow/.local/lib/python3.6/site-packages/airflow/example_dags/example_skip_dag.py took 0.090 seconds
[2024-06-06 20:04:12,423] {scheduler_job.py:182} INFO - Started process (PID=812) to work on /home/airflow/.local/lib/python3.6/site-packages/airflow/example_dags/example_skip_dag.py
[2024-06-06 20:04:12,424] {scheduler_job.py:629} INFO - Processing file /home/airflow/.local/lib/python3.6/site-packages/airflow/example_dags/example_skip_dag.py for tasks to queue
[2024-06-06 20:04:12,425] {logging_mixin.py:104} INFO - [2024-06-06 20:04:12,425] {dagbag.py:451} INFO - Filling up the DagBag from /home/airflow/.local/lib/python3.6/site-packages/airflow/example_dags/example_skip_dag.py
[2024-06-06 20:04:12,438] {scheduler_job.py:639} INFO - DAG(s) dict_keys(['example_skip_dag']) retrieved from /home/airflow/.local/lib/python3.6/site-packages/airflow/example_dags/example_skip_dag.py
[2024-06-06 20:04:12,467] {logging_mixin.py:104} INFO - [2024-06-06 20:04:12,467] {dag.py:1824} INFO - Sync 1 DAGs
[2024-06-06 20:04:12,485] {logging_mixin.py:104} INFO - [2024-06-06 20:04:12,485] {dag.py:2280} INFO - Setting next_dagrun for example_skip_dag to 2024-06-04 00:00:00+00:00
[2024-06-06 20:04:12,498] {scheduler_job.py:190} INFO - Processing /home/airflow/.local/lib/python3.6/site-packages/airflow/example_dags/example_skip_dag.py took 0.079 seconds
[2024-06-06 20:04:42,874] {scheduler_job.py:182} INFO - Started process (PID=837) to work on /home/airflow/.local/lib/python3.6/site-packages/airflow/example_dags/example_skip_dag.py
[2024-06-06 20:04:42,875] {scheduler_job.py:629} INFO - Processing file /home/airflow/.local/lib/python3.6/site-packages/airflow/example_dags/example_skip_dag.py for tasks to queue
[2024-06-06 20:04:42,876] {logging_mixin.py:104} INFO - [2024-06-06 20:04:42,876] {dagbag.py:451} INFO - Filling up the DagBag from /home/airflow/.local/lib/python3.6/site-packages/airflow/example_dags/example_skip_dag.py
[2024-06-06 20:04:42,889] {scheduler_job.py:639} INFO - DAG(s) dict_keys(['example_skip_dag']) retrieved from /home/airflow/.local/lib/python3.6/site-packages/airflow/example_dags/example_skip_dag.py
[2024-06-06 20:04:42,914] {logging_mixin.py:104} INFO - [2024-06-06 20:04:42,913] {dag.py:1824} INFO - Sync 1 DAGs
[2024-06-06 20:04:42,931] {logging_mixin.py:104} INFO - [2024-06-06 20:04:42,931] {dag.py:2280} INFO - Setting next_dagrun for example_skip_dag to 2024-06-04 00:00:00+00:00
[2024-06-06 20:04:42,947] {scheduler_job.py:190} INFO - Processing /home/airflow/.local/lib/python3.6/site-packages/airflow/example_dags/example_skip_dag.py took 0.077 seconds
[2024-06-06 20:05:13,262] {scheduler_job.py:182} INFO - Started process (PID=864) to work on /home/airflow/.local/lib/python3.6/site-packages/airflow/example_dags/example_skip_dag.py
[2024-06-06 20:05:13,263] {scheduler_job.py:629} INFO - Processing file /home/airflow/.local/lib/python3.6/site-packages/airflow/example_dags/example_skip_dag.py for tasks to queue
[2024-06-06 20:05:13,263] {logging_mixin.py:104} INFO - [2024-06-06 20:05:13,263] {dagbag.py:451} INFO - Filling up the DagBag from /home/airflow/.local/lib/python3.6/site-packages/airflow/example_dags/example_skip_dag.py
[2024-06-06 20:05:13,274] {scheduler_job.py:639} INFO - DAG(s) dict_keys(['example_skip_dag']) retrieved from /home/airflow/.local/lib/python3.6/site-packages/airflow/example_dags/example_skip_dag.py
[2024-06-06 20:05:13,298] {logging_mixin.py:104} INFO - [2024-06-06 20:05:13,297] {dag.py:1824} INFO - Sync 1 DAGs
[2024-06-06 20:05:13,314] {logging_mixin.py:104} INFO - [2024-06-06 20:05:13,314] {dag.py:2280} INFO - Setting next_dagrun for example_skip_dag to 2024-06-04 00:00:00+00:00
[2024-06-06 20:05:13,329] {scheduler_job.py:190} INFO - Processing /home/airflow/.local/lib/python3.6/site-packages/airflow/example_dags/example_skip_dag.py took 0.070 seconds
