[2024-06-06 19:49:57,467] {scheduler_job.py:182} INFO - Started process (PID=41) to work on /home/airflow/.local/lib/python3.6/site-packages/airflow/example_dags/example_short_circuit_operator.py
[2024-06-06 19:49:57,468] {scheduler_job.py:629} INFO - Processing file /home/airflow/.local/lib/python3.6/site-packages/airflow/example_dags/example_short_circuit_operator.py for tasks to queue
[2024-06-06 19:49:57,468] {logging_mixin.py:104} INFO - [2024-06-06 19:49:57,468] {dagbag.py:451} INFO - Filling up the DagBag from /home/airflow/.local/lib/python3.6/site-packages/airflow/example_dags/example_short_circuit_operator.py
[2024-06-06 19:49:57,492] {scheduler_job.py:639} INFO - DAG(s) dict_keys(['example_short_circuit_operator']) retrieved from /home/airflow/.local/lib/python3.6/site-packages/airflow/example_dags/example_short_circuit_operator.py
[2024-06-06 19:49:57,513] {logging_mixin.py:104} INFO - [2024-06-06 19:49:57,513] {dag.py:1824} INFO - Sync 1 DAGs
[2024-06-06 19:49:57,522] {logging_mixin.py:104} INFO - [2024-06-06 19:49:57,522] {dag.py:1843} INFO - Creating ORM DAG for example_short_circuit_operator
[2024-06-06 19:49:57,527] {logging_mixin.py:104} INFO - [2024-06-06 19:49:57,527] {dag.py:2280} INFO - Setting next_dagrun for example_short_circuit_operator to 2024-06-04 00:00:00+00:00
[2024-06-06 19:49:57,547] {scheduler_job.py:190} INFO - Processing /home/airflow/.local/lib/python3.6/site-packages/airflow/example_dags/example_short_circuit_operator.py took 0.083 seconds
[2024-06-06 19:50:28,530] {scheduler_job.py:182} INFO - Started process (PID=67) to work on /home/airflow/.local/lib/python3.6/site-packages/airflow/example_dags/example_short_circuit_operator.py
[2024-06-06 19:50:28,532] {scheduler_job.py:629} INFO - Processing file /home/airflow/.local/lib/python3.6/site-packages/airflow/example_dags/example_short_circuit_operator.py for tasks to queue
[2024-06-06 19:50:28,533] {logging_mixin.py:104} INFO - [2024-06-06 19:50:28,532] {dagbag.py:451} INFO - Filling up the DagBag from /home/airflow/.local/lib/python3.6/site-packages/airflow/example_dags/example_short_circuit_operator.py
[2024-06-06 19:50:28,554] {scheduler_job.py:639} INFO - DAG(s) dict_keys(['example_short_circuit_operator']) retrieved from /home/airflow/.local/lib/python3.6/site-packages/airflow/example_dags/example_short_circuit_operator.py
[2024-06-06 19:50:28,589] {logging_mixin.py:104} INFO - [2024-06-06 19:50:28,589] {dag.py:1824} INFO - Sync 1 DAGs
[2024-06-06 19:50:28,618] {logging_mixin.py:104} INFO - [2024-06-06 19:50:28,618] {dag.py:2280} INFO - Setting next_dagrun for example_short_circuit_operator to 2024-06-04 00:00:00+00:00
[2024-06-06 19:50:28,638] {scheduler_job.py:190} INFO - Processing /home/airflow/.local/lib/python3.6/site-packages/airflow/example_dags/example_short_circuit_operator.py took 0.113 seconds
[2024-06-06 19:50:59,036] {scheduler_job.py:182} INFO - Started process (PID=94) to work on /home/airflow/.local/lib/python3.6/site-packages/airflow/example_dags/example_short_circuit_operator.py
[2024-06-06 19:50:59,037] {scheduler_job.py:629} INFO - Processing file /home/airflow/.local/lib/python3.6/site-packages/airflow/example_dags/example_short_circuit_operator.py for tasks to queue
[2024-06-06 19:50:59,038] {logging_mixin.py:104} INFO - [2024-06-06 19:50:59,038] {dagbag.py:451} INFO - Filling up the DagBag from /home/airflow/.local/lib/python3.6/site-packages/airflow/example_dags/example_short_circuit_operator.py
[2024-06-06 19:50:59,052] {scheduler_job.py:639} INFO - DAG(s) dict_keys(['example_short_circuit_operator']) retrieved from /home/airflow/.local/lib/python3.6/site-packages/airflow/example_dags/example_short_circuit_operator.py
[2024-06-06 19:50:59,077] {logging_mixin.py:104} INFO - [2024-06-06 19:50:59,077] {dag.py:1824} INFO - Sync 1 DAGs
[2024-06-06 19:50:59,096] {logging_mixin.py:104} INFO - [2024-06-06 19:50:59,096] {dag.py:2280} INFO - Setting next_dagrun for example_short_circuit_operator to 2024-06-04 00:00:00+00:00
[2024-06-06 19:50:59,109] {scheduler_job.py:190} INFO - Processing /home/airflow/.local/lib/python3.6/site-packages/airflow/example_dags/example_short_circuit_operator.py took 0.076 seconds
[2024-06-06 19:51:29,419] {scheduler_job.py:182} INFO - Started process (PID=121) to work on /home/airflow/.local/lib/python3.6/site-packages/airflow/example_dags/example_short_circuit_operator.py
[2024-06-06 19:51:29,420] {scheduler_job.py:629} INFO - Processing file /home/airflow/.local/lib/python3.6/site-packages/airflow/example_dags/example_short_circuit_operator.py for tasks to queue
[2024-06-06 19:51:29,420] {logging_mixin.py:104} INFO - [2024-06-06 19:51:29,420] {dagbag.py:451} INFO - Filling up the DagBag from /home/airflow/.local/lib/python3.6/site-packages/airflow/example_dags/example_short_circuit_operator.py
[2024-06-06 19:51:29,435] {scheduler_job.py:639} INFO - DAG(s) dict_keys(['example_short_circuit_operator']) retrieved from /home/airflow/.local/lib/python3.6/site-packages/airflow/example_dags/example_short_circuit_operator.py
[2024-06-06 19:51:29,462] {logging_mixin.py:104} INFO - [2024-06-06 19:51:29,462] {dag.py:1824} INFO - Sync 1 DAGs
[2024-06-06 19:51:29,486] {logging_mixin.py:104} INFO - [2024-06-06 19:51:29,486] {dag.py:2280} INFO - Setting next_dagrun for example_short_circuit_operator to 2024-06-04 00:00:00+00:00
[2024-06-06 19:51:29,501] {scheduler_job.py:190} INFO - Processing /home/airflow/.local/lib/python3.6/site-packages/airflow/example_dags/example_short_circuit_operator.py took 0.086 seconds
[2024-06-06 19:51:59,751] {scheduler_job.py:182} INFO - Started process (PID=147) to work on /home/airflow/.local/lib/python3.6/site-packages/airflow/example_dags/example_short_circuit_operator.py
[2024-06-06 19:51:59,753] {scheduler_job.py:629} INFO - Processing file /home/airflow/.local/lib/python3.6/site-packages/airflow/example_dags/example_short_circuit_operator.py for tasks to queue
[2024-06-06 19:51:59,754] {logging_mixin.py:104} INFO - [2024-06-06 19:51:59,753] {dagbag.py:451} INFO - Filling up the DagBag from /home/airflow/.local/lib/python3.6/site-packages/airflow/example_dags/example_short_circuit_operator.py
[2024-06-06 19:51:59,771] {scheduler_job.py:639} INFO - DAG(s) dict_keys(['example_short_circuit_operator']) retrieved from /home/airflow/.local/lib/python3.6/site-packages/airflow/example_dags/example_short_circuit_operator.py
[2024-06-06 19:51:59,806] {logging_mixin.py:104} INFO - [2024-06-06 19:51:59,806] {dag.py:1824} INFO - Sync 1 DAGs
[2024-06-06 19:51:59,824] {logging_mixin.py:104} INFO - [2024-06-06 19:51:59,824] {dag.py:2280} INFO - Setting next_dagrun for example_short_circuit_operator to 2024-06-04 00:00:00+00:00
[2024-06-06 19:51:59,839] {scheduler_job.py:190} INFO - Processing /home/airflow/.local/lib/python3.6/site-packages/airflow/example_dags/example_short_circuit_operator.py took 0.091 seconds
[2024-06-06 19:52:30,078] {scheduler_job.py:182} INFO - Started process (PID=171) to work on /home/airflow/.local/lib/python3.6/site-packages/airflow/example_dags/example_short_circuit_operator.py
[2024-06-06 19:52:30,080] {scheduler_job.py:629} INFO - Processing file /home/airflow/.local/lib/python3.6/site-packages/airflow/example_dags/example_short_circuit_operator.py for tasks to queue
[2024-06-06 19:52:30,081] {logging_mixin.py:104} INFO - [2024-06-06 19:52:30,081] {dagbag.py:451} INFO - Filling up the DagBag from /home/airflow/.local/lib/python3.6/site-packages/airflow/example_dags/example_short_circuit_operator.py
[2024-06-06 19:52:30,099] {scheduler_job.py:639} INFO - DAG(s) dict_keys(['example_short_circuit_operator']) retrieved from /home/airflow/.local/lib/python3.6/site-packages/airflow/example_dags/example_short_circuit_operator.py
[2024-06-06 19:52:30,138] {logging_mixin.py:104} INFO - [2024-06-06 19:52:30,138] {dag.py:1824} INFO - Sync 1 DAGs
[2024-06-06 19:52:30,165] {logging_mixin.py:104} INFO - [2024-06-06 19:52:30,164] {dag.py:2280} INFO - Setting next_dagrun for example_short_circuit_operator to 2024-06-04 00:00:00+00:00
[2024-06-06 19:52:30,189] {scheduler_job.py:190} INFO - Processing /home/airflow/.local/lib/python3.6/site-packages/airflow/example_dags/example_short_circuit_operator.py took 0.114 seconds
[2024-06-06 19:53:00,887] {scheduler_job.py:182} INFO - Started process (PID=201) to work on /home/airflow/.local/lib/python3.6/site-packages/airflow/example_dags/example_short_circuit_operator.py
[2024-06-06 19:53:00,888] {scheduler_job.py:629} INFO - Processing file /home/airflow/.local/lib/python3.6/site-packages/airflow/example_dags/example_short_circuit_operator.py for tasks to queue
[2024-06-06 19:53:00,889] {logging_mixin.py:104} INFO - [2024-06-06 19:53:00,889] {dagbag.py:451} INFO - Filling up the DagBag from /home/airflow/.local/lib/python3.6/site-packages/airflow/example_dags/example_short_circuit_operator.py
[2024-06-06 19:53:00,902] {scheduler_job.py:639} INFO - DAG(s) dict_keys(['example_short_circuit_operator']) retrieved from /home/airflow/.local/lib/python3.6/site-packages/airflow/example_dags/example_short_circuit_operator.py
[2024-06-06 19:53:00,929] {logging_mixin.py:104} INFO - [2024-06-06 19:53:00,929] {dag.py:1824} INFO - Sync 1 DAGs
[2024-06-06 19:53:00,945] {logging_mixin.py:104} INFO - [2024-06-06 19:53:00,945] {dag.py:2280} INFO - Setting next_dagrun for example_short_circuit_operator to 2024-06-04 00:00:00+00:00
[2024-06-06 19:53:00,962] {scheduler_job.py:190} INFO - Processing /home/airflow/.local/lib/python3.6/site-packages/airflow/example_dags/example_short_circuit_operator.py took 0.077 seconds
[2024-06-06 19:53:31,372] {scheduler_job.py:182} INFO - Started process (PID=227) to work on /home/airflow/.local/lib/python3.6/site-packages/airflow/example_dags/example_short_circuit_operator.py
[2024-06-06 19:53:31,374] {scheduler_job.py:629} INFO - Processing file /home/airflow/.local/lib/python3.6/site-packages/airflow/example_dags/example_short_circuit_operator.py for tasks to queue
[2024-06-06 19:53:31,374] {logging_mixin.py:104} INFO - [2024-06-06 19:53:31,374] {dagbag.py:451} INFO - Filling up the DagBag from /home/airflow/.local/lib/python3.6/site-packages/airflow/example_dags/example_short_circuit_operator.py
[2024-06-06 19:53:31,391] {scheduler_job.py:639} INFO - DAG(s) dict_keys(['example_short_circuit_operator']) retrieved from /home/airflow/.local/lib/python3.6/site-packages/airflow/example_dags/example_short_circuit_operator.py
[2024-06-06 19:53:31,422] {logging_mixin.py:104} INFO - [2024-06-06 19:53:31,422] {dag.py:1824} INFO - Sync 1 DAGs
[2024-06-06 19:53:31,439] {logging_mixin.py:104} INFO - [2024-06-06 19:53:31,439] {dag.py:2280} INFO - Setting next_dagrun for example_short_circuit_operator to 2024-06-04 00:00:00+00:00
[2024-06-06 19:53:31,455] {scheduler_job.py:190} INFO - Processing /home/airflow/.local/lib/python3.6/site-packages/airflow/example_dags/example_short_circuit_operator.py took 0.087 seconds
[2024-06-06 19:54:01,728] {scheduler_job.py:182} INFO - Started process (PID=250) to work on /home/airflow/.local/lib/python3.6/site-packages/airflow/example_dags/example_short_circuit_operator.py
[2024-06-06 19:54:01,729] {scheduler_job.py:629} INFO - Processing file /home/airflow/.local/lib/python3.6/site-packages/airflow/example_dags/example_short_circuit_operator.py for tasks to queue
[2024-06-06 19:54:01,730] {logging_mixin.py:104} INFO - [2024-06-06 19:54:01,730] {dagbag.py:451} INFO - Filling up the DagBag from /home/airflow/.local/lib/python3.6/site-packages/airflow/example_dags/example_short_circuit_operator.py
[2024-06-06 19:54:01,745] {scheduler_job.py:639} INFO - DAG(s) dict_keys(['example_short_circuit_operator']) retrieved from /home/airflow/.local/lib/python3.6/site-packages/airflow/example_dags/example_short_circuit_operator.py
[2024-06-06 19:54:01,773] {logging_mixin.py:104} INFO - [2024-06-06 19:54:01,773] {dag.py:1824} INFO - Sync 1 DAGs
[2024-06-06 19:54:01,789] {logging_mixin.py:104} INFO - [2024-06-06 19:54:01,789] {dag.py:2280} INFO - Setting next_dagrun for example_short_circuit_operator to 2024-06-04 00:00:00+00:00
[2024-06-06 19:54:01,802] {scheduler_job.py:190} INFO - Processing /home/airflow/.local/lib/python3.6/site-packages/airflow/example_dags/example_short_circuit_operator.py took 0.078 seconds
[2024-06-06 19:54:32,171] {scheduler_job.py:182} INFO - Started process (PID=276) to work on /home/airflow/.local/lib/python3.6/site-packages/airflow/example_dags/example_short_circuit_operator.py
[2024-06-06 19:54:32,172] {scheduler_job.py:629} INFO - Processing file /home/airflow/.local/lib/python3.6/site-packages/airflow/example_dags/example_short_circuit_operator.py for tasks to queue
[2024-06-06 19:54:32,172] {logging_mixin.py:104} INFO - [2024-06-06 19:54:32,172] {dagbag.py:451} INFO - Filling up the DagBag from /home/airflow/.local/lib/python3.6/site-packages/airflow/example_dags/example_short_circuit_operator.py
[2024-06-06 19:54:32,191] {scheduler_job.py:639} INFO - DAG(s) dict_keys(['example_short_circuit_operator']) retrieved from /home/airflow/.local/lib/python3.6/site-packages/airflow/example_dags/example_short_circuit_operator.py
[2024-06-06 19:54:32,216] {logging_mixin.py:104} INFO - [2024-06-06 19:54:32,216] {dag.py:1824} INFO - Sync 1 DAGs
[2024-06-06 19:54:32,235] {logging_mixin.py:104} INFO - [2024-06-06 19:54:32,235] {dag.py:2280} INFO - Setting next_dagrun for example_short_circuit_operator to 2024-06-04 00:00:00+00:00
[2024-06-06 19:54:32,249] {scheduler_job.py:190} INFO - Processing /home/airflow/.local/lib/python3.6/site-packages/airflow/example_dags/example_short_circuit_operator.py took 0.081 seconds
[2024-06-06 19:55:02,745] {scheduler_job.py:182} INFO - Started process (PID=305) to work on /home/airflow/.local/lib/python3.6/site-packages/airflow/example_dags/example_short_circuit_operator.py
[2024-06-06 19:55:02,746] {scheduler_job.py:629} INFO - Processing file /home/airflow/.local/lib/python3.6/site-packages/airflow/example_dags/example_short_circuit_operator.py for tasks to queue
[2024-06-06 19:55:02,746] {logging_mixin.py:104} INFO - [2024-06-06 19:55:02,746] {dagbag.py:451} INFO - Filling up the DagBag from /home/airflow/.local/lib/python3.6/site-packages/airflow/example_dags/example_short_circuit_operator.py
[2024-06-06 19:55:02,767] {scheduler_job.py:639} INFO - DAG(s) dict_keys(['example_short_circuit_operator']) retrieved from /home/airflow/.local/lib/python3.6/site-packages/airflow/example_dags/example_short_circuit_operator.py
[2024-06-06 19:55:02,796] {logging_mixin.py:104} INFO - [2024-06-06 19:55:02,796] {dag.py:1824} INFO - Sync 1 DAGs
[2024-06-06 19:55:02,816] {logging_mixin.py:104} INFO - [2024-06-06 19:55:02,816] {dag.py:2280} INFO - Setting next_dagrun for example_short_circuit_operator to 2024-06-04 00:00:00+00:00
[2024-06-06 19:55:02,836] {scheduler_job.py:190} INFO - Processing /home/airflow/.local/lib/python3.6/site-packages/airflow/example_dags/example_short_circuit_operator.py took 0.095 seconds
[2024-06-06 19:55:33,177] {scheduler_job.py:182} INFO - Started process (PID=352) to work on /home/airflow/.local/lib/python3.6/site-packages/airflow/example_dags/example_short_circuit_operator.py
[2024-06-06 19:55:33,178] {scheduler_job.py:629} INFO - Processing file /home/airflow/.local/lib/python3.6/site-packages/airflow/example_dags/example_short_circuit_operator.py for tasks to queue
[2024-06-06 19:55:33,179] {logging_mixin.py:104} INFO - [2024-06-06 19:55:33,178] {dagbag.py:451} INFO - Filling up the DagBag from /home/airflow/.local/lib/python3.6/site-packages/airflow/example_dags/example_short_circuit_operator.py
[2024-06-06 19:55:33,203] {scheduler_job.py:639} INFO - DAG(s) dict_keys(['example_short_circuit_operator']) retrieved from /home/airflow/.local/lib/python3.6/site-packages/airflow/example_dags/example_short_circuit_operator.py
[2024-06-06 19:55:33,241] {logging_mixin.py:104} INFO - [2024-06-06 19:55:33,241] {dag.py:1824} INFO - Sync 1 DAGs
[2024-06-06 19:55:33,265] {logging_mixin.py:104} INFO - [2024-06-06 19:55:33,264] {dag.py:2280} INFO - Setting next_dagrun for example_short_circuit_operator to 2024-06-04 00:00:00+00:00
[2024-06-06 19:55:33,285] {scheduler_job.py:190} INFO - Processing /home/airflow/.local/lib/python3.6/site-packages/airflow/example_dags/example_short_circuit_operator.py took 0.112 seconds
[2024-06-06 19:56:03,810] {scheduler_job.py:182} INFO - Started process (PID=378) to work on /home/airflow/.local/lib/python3.6/site-packages/airflow/example_dags/example_short_circuit_operator.py
[2024-06-06 19:56:03,811] {scheduler_job.py:629} INFO - Processing file /home/airflow/.local/lib/python3.6/site-packages/airflow/example_dags/example_short_circuit_operator.py for tasks to queue
[2024-06-06 19:56:03,811] {logging_mixin.py:104} INFO - [2024-06-06 19:56:03,811] {dagbag.py:451} INFO - Filling up the DagBag from /home/airflow/.local/lib/python3.6/site-packages/airflow/example_dags/example_short_circuit_operator.py
[2024-06-06 19:56:03,828] {scheduler_job.py:639} INFO - DAG(s) dict_keys(['example_short_circuit_operator']) retrieved from /home/airflow/.local/lib/python3.6/site-packages/airflow/example_dags/example_short_circuit_operator.py
[2024-06-06 19:56:03,850] {logging_mixin.py:104} INFO - [2024-06-06 19:56:03,850] {dag.py:1824} INFO - Sync 1 DAGs
[2024-06-06 19:56:03,866] {logging_mixin.py:104} INFO - [2024-06-06 19:56:03,866] {dag.py:2280} INFO - Setting next_dagrun for example_short_circuit_operator to 2024-06-04 00:00:00+00:00
[2024-06-06 19:56:03,881] {scheduler_job.py:190} INFO - Processing /home/airflow/.local/lib/python3.6/site-packages/airflow/example_dags/example_short_circuit_operator.py took 0.074 seconds
[2024-06-06 19:56:34,399] {scheduler_job.py:182} INFO - Started process (PID=404) to work on /home/airflow/.local/lib/python3.6/site-packages/airflow/example_dags/example_short_circuit_operator.py
[2024-06-06 19:56:34,401] {scheduler_job.py:629} INFO - Processing file /home/airflow/.local/lib/python3.6/site-packages/airflow/example_dags/example_short_circuit_operator.py for tasks to queue
[2024-06-06 19:56:34,402] {logging_mixin.py:104} INFO - [2024-06-06 19:56:34,401] {dagbag.py:451} INFO - Filling up the DagBag from /home/airflow/.local/lib/python3.6/site-packages/airflow/example_dags/example_short_circuit_operator.py
[2024-06-06 19:56:34,423] {scheduler_job.py:639} INFO - DAG(s) dict_keys(['example_short_circuit_operator']) retrieved from /home/airflow/.local/lib/python3.6/site-packages/airflow/example_dags/example_short_circuit_operator.py
[2024-06-06 19:56:34,449] {logging_mixin.py:104} INFO - [2024-06-06 19:56:34,449] {dag.py:1824} INFO - Sync 1 DAGs
[2024-06-06 19:56:34,469] {logging_mixin.py:104} INFO - [2024-06-06 19:56:34,469] {dag.py:2280} INFO - Setting next_dagrun for example_short_circuit_operator to 2024-06-04 00:00:00+00:00
[2024-06-06 19:56:34,488] {scheduler_job.py:190} INFO - Processing /home/airflow/.local/lib/python3.6/site-packages/airflow/example_dags/example_short_circuit_operator.py took 0.093 seconds
[2024-06-06 19:57:04,968] {scheduler_job.py:182} INFO - Started process (PID=432) to work on /home/airflow/.local/lib/python3.6/site-packages/airflow/example_dags/example_short_circuit_operator.py
[2024-06-06 19:57:04,976] {scheduler_job.py:629} INFO - Processing file /home/airflow/.local/lib/python3.6/site-packages/airflow/example_dags/example_short_circuit_operator.py for tasks to queue
[2024-06-06 19:57:04,977] {logging_mixin.py:104} INFO - [2024-06-06 19:57:04,977] {dagbag.py:451} INFO - Filling up the DagBag from /home/airflow/.local/lib/python3.6/site-packages/airflow/example_dags/example_short_circuit_operator.py
[2024-06-06 19:57:04,991] {scheduler_job.py:639} INFO - DAG(s) dict_keys(['example_short_circuit_operator']) retrieved from /home/airflow/.local/lib/python3.6/site-packages/airflow/example_dags/example_short_circuit_operator.py
[2024-06-06 19:57:05,009] {logging_mixin.py:104} INFO - [2024-06-06 19:57:05,009] {dag.py:1824} INFO - Sync 1 DAGs
[2024-06-06 19:57:05,018] {logging_mixin.py:104} INFO - [2024-06-06 19:57:05,018] {dag.py:2280} INFO - Setting next_dagrun for example_short_circuit_operator to 2024-06-04 00:00:00+00:00
[2024-06-06 19:57:05,028] {scheduler_job.py:190} INFO - Processing /home/airflow/.local/lib/python3.6/site-packages/airflow/example_dags/example_short_circuit_operator.py took 0.065 seconds
[2024-06-06 19:57:35,600] {scheduler_job.py:182} INFO - Started process (PID=457) to work on /home/airflow/.local/lib/python3.6/site-packages/airflow/example_dags/example_short_circuit_operator.py
[2024-06-06 19:57:35,601] {scheduler_job.py:629} INFO - Processing file /home/airflow/.local/lib/python3.6/site-packages/airflow/example_dags/example_short_circuit_operator.py for tasks to queue
[2024-06-06 19:57:35,602] {logging_mixin.py:104} INFO - [2024-06-06 19:57:35,602] {dagbag.py:451} INFO - Filling up the DagBag from /home/airflow/.local/lib/python3.6/site-packages/airflow/example_dags/example_short_circuit_operator.py
[2024-06-06 19:57:35,614] {scheduler_job.py:639} INFO - DAG(s) dict_keys(['example_short_circuit_operator']) retrieved from /home/airflow/.local/lib/python3.6/site-packages/airflow/example_dags/example_short_circuit_operator.py
[2024-06-06 19:57:35,637] {logging_mixin.py:104} INFO - [2024-06-06 19:57:35,637] {dag.py:1824} INFO - Sync 1 DAGs
[2024-06-06 19:57:35,653] {logging_mixin.py:104} INFO - [2024-06-06 19:57:35,652] {dag.py:2280} INFO - Setting next_dagrun for example_short_circuit_operator to 2024-06-04 00:00:00+00:00
[2024-06-06 19:57:35,676] {scheduler_job.py:190} INFO - Processing /home/airflow/.local/lib/python3.6/site-packages/airflow/example_dags/example_short_circuit_operator.py took 0.078 seconds
[2024-06-06 19:58:06,118] {scheduler_job.py:182} INFO - Started process (PID=483) to work on /home/airflow/.local/lib/python3.6/site-packages/airflow/example_dags/example_short_circuit_operator.py
[2024-06-06 19:58:06,119] {scheduler_job.py:629} INFO - Processing file /home/airflow/.local/lib/python3.6/site-packages/airflow/example_dags/example_short_circuit_operator.py for tasks to queue
[2024-06-06 19:58:06,120] {logging_mixin.py:104} INFO - [2024-06-06 19:58:06,120] {dagbag.py:451} INFO - Filling up the DagBag from /home/airflow/.local/lib/python3.6/site-packages/airflow/example_dags/example_short_circuit_operator.py
[2024-06-06 19:58:06,137] {scheduler_job.py:639} INFO - DAG(s) dict_keys(['example_short_circuit_operator']) retrieved from /home/airflow/.local/lib/python3.6/site-packages/airflow/example_dags/example_short_circuit_operator.py
[2024-06-06 19:58:06,167] {logging_mixin.py:104} INFO - [2024-06-06 19:58:06,166] {dag.py:1824} INFO - Sync 1 DAGs
[2024-06-06 19:58:06,194] {logging_mixin.py:104} INFO - [2024-06-06 19:58:06,193] {dag.py:2280} INFO - Setting next_dagrun for example_short_circuit_operator to 2024-06-04 00:00:00+00:00
[2024-06-06 19:58:06,218] {scheduler_job.py:190} INFO - Processing /home/airflow/.local/lib/python3.6/site-packages/airflow/example_dags/example_short_circuit_operator.py took 0.103 seconds
[2024-06-06 19:58:36,738] {scheduler_job.py:182} INFO - Started process (PID=509) to work on /home/airflow/.local/lib/python3.6/site-packages/airflow/example_dags/example_short_circuit_operator.py
[2024-06-06 19:58:36,739] {scheduler_job.py:629} INFO - Processing file /home/airflow/.local/lib/python3.6/site-packages/airflow/example_dags/example_short_circuit_operator.py for tasks to queue
[2024-06-06 19:58:36,740] {logging_mixin.py:104} INFO - [2024-06-06 19:58:36,740] {dagbag.py:451} INFO - Filling up the DagBag from /home/airflow/.local/lib/python3.6/site-packages/airflow/example_dags/example_short_circuit_operator.py
[2024-06-06 19:58:36,753] {scheduler_job.py:639} INFO - DAG(s) dict_keys(['example_short_circuit_operator']) retrieved from /home/airflow/.local/lib/python3.6/site-packages/airflow/example_dags/example_short_circuit_operator.py
[2024-06-06 19:58:36,777] {logging_mixin.py:104} INFO - [2024-06-06 19:58:36,777] {dag.py:1824} INFO - Sync 1 DAGs
[2024-06-06 19:58:36,795] {logging_mixin.py:104} INFO - [2024-06-06 19:58:36,795] {dag.py:2280} INFO - Setting next_dagrun for example_short_circuit_operator to 2024-06-04 00:00:00+00:00
[2024-06-06 19:58:36,812] {scheduler_job.py:190} INFO - Processing /home/airflow/.local/lib/python3.6/site-packages/airflow/example_dags/example_short_circuit_operator.py took 0.077 seconds
[2024-06-06 19:59:07,145] {scheduler_job.py:182} INFO - Started process (PID=535) to work on /home/airflow/.local/lib/python3.6/site-packages/airflow/example_dags/example_short_circuit_operator.py
[2024-06-06 19:59:07,147] {scheduler_job.py:629} INFO - Processing file /home/airflow/.local/lib/python3.6/site-packages/airflow/example_dags/example_short_circuit_operator.py for tasks to queue
[2024-06-06 19:59:07,147] {logging_mixin.py:104} INFO - [2024-06-06 19:59:07,147] {dagbag.py:451} INFO - Filling up the DagBag from /home/airflow/.local/lib/python3.6/site-packages/airflow/example_dags/example_short_circuit_operator.py
[2024-06-06 19:59:07,164] {scheduler_job.py:639} INFO - DAG(s) dict_keys(['example_short_circuit_operator']) retrieved from /home/airflow/.local/lib/python3.6/site-packages/airflow/example_dags/example_short_circuit_operator.py
[2024-06-06 19:59:07,194] {logging_mixin.py:104} INFO - [2024-06-06 19:59:07,194] {dag.py:1824} INFO - Sync 1 DAGs
[2024-06-06 19:59:07,214] {logging_mixin.py:104} INFO - [2024-06-06 19:59:07,214] {dag.py:2280} INFO - Setting next_dagrun for example_short_circuit_operator to 2024-06-04 00:00:00+00:00
[2024-06-06 19:59:07,234] {scheduler_job.py:190} INFO - Processing /home/airflow/.local/lib/python3.6/site-packages/airflow/example_dags/example_short_circuit_operator.py took 0.092 seconds
[2024-06-06 19:59:37,830] {scheduler_job.py:182} INFO - Started process (PID=561) to work on /home/airflow/.local/lib/python3.6/site-packages/airflow/example_dags/example_short_circuit_operator.py
[2024-06-06 19:59:37,831] {scheduler_job.py:629} INFO - Processing file /home/airflow/.local/lib/python3.6/site-packages/airflow/example_dags/example_short_circuit_operator.py for tasks to queue
[2024-06-06 19:59:37,832] {logging_mixin.py:104} INFO - [2024-06-06 19:59:37,832] {dagbag.py:451} INFO - Filling up the DagBag from /home/airflow/.local/lib/python3.6/site-packages/airflow/example_dags/example_short_circuit_operator.py
[2024-06-06 19:59:37,847] {scheduler_job.py:639} INFO - DAG(s) dict_keys(['example_short_circuit_operator']) retrieved from /home/airflow/.local/lib/python3.6/site-packages/airflow/example_dags/example_short_circuit_operator.py
[2024-06-06 19:59:37,872] {logging_mixin.py:104} INFO - [2024-06-06 19:59:37,872] {dag.py:1824} INFO - Sync 1 DAGs
[2024-06-06 19:59:37,890] {logging_mixin.py:104} INFO - [2024-06-06 19:59:37,890] {dag.py:2280} INFO - Setting next_dagrun for example_short_circuit_operator to 2024-06-04 00:00:00+00:00
[2024-06-06 19:59:37,906] {scheduler_job.py:190} INFO - Processing /home/airflow/.local/lib/python3.6/site-packages/airflow/example_dags/example_short_circuit_operator.py took 0.079 seconds
[2024-06-06 20:00:08,333] {scheduler_job.py:182} INFO - Started process (PID=587) to work on /home/airflow/.local/lib/python3.6/site-packages/airflow/example_dags/example_short_circuit_operator.py
[2024-06-06 20:00:08,334] {scheduler_job.py:629} INFO - Processing file /home/airflow/.local/lib/python3.6/site-packages/airflow/example_dags/example_short_circuit_operator.py for tasks to queue
[2024-06-06 20:00:08,335] {logging_mixin.py:104} INFO - [2024-06-06 20:00:08,335] {dagbag.py:451} INFO - Filling up the DagBag from /home/airflow/.local/lib/python3.6/site-packages/airflow/example_dags/example_short_circuit_operator.py
[2024-06-06 20:00:08,349] {scheduler_job.py:639} INFO - DAG(s) dict_keys(['example_short_circuit_operator']) retrieved from /home/airflow/.local/lib/python3.6/site-packages/airflow/example_dags/example_short_circuit_operator.py
[2024-06-06 20:00:08,372] {logging_mixin.py:104} INFO - [2024-06-06 20:00:08,372] {dag.py:1824} INFO - Sync 1 DAGs
[2024-06-06 20:00:08,393] {logging_mixin.py:104} INFO - [2024-06-06 20:00:08,392] {dag.py:2280} INFO - Setting next_dagrun for example_short_circuit_operator to 2024-06-04 00:00:00+00:00
[2024-06-06 20:00:08,409] {scheduler_job.py:190} INFO - Processing /home/airflow/.local/lib/python3.6/site-packages/airflow/example_dags/example_short_circuit_operator.py took 0.079 seconds
[2024-06-06 20:00:38,668] {scheduler_job.py:182} INFO - Started process (PID=613) to work on /home/airflow/.local/lib/python3.6/site-packages/airflow/example_dags/example_short_circuit_operator.py
[2024-06-06 20:00:38,669] {scheduler_job.py:629} INFO - Processing file /home/airflow/.local/lib/python3.6/site-packages/airflow/example_dags/example_short_circuit_operator.py for tasks to queue
[2024-06-06 20:00:38,669] {logging_mixin.py:104} INFO - [2024-06-06 20:00:38,669] {dagbag.py:451} INFO - Filling up the DagBag from /home/airflow/.local/lib/python3.6/site-packages/airflow/example_dags/example_short_circuit_operator.py
[2024-06-06 20:00:38,684] {scheduler_job.py:639} INFO - DAG(s) dict_keys(['example_short_circuit_operator']) retrieved from /home/airflow/.local/lib/python3.6/site-packages/airflow/example_dags/example_short_circuit_operator.py
[2024-06-06 20:00:38,710] {logging_mixin.py:104} INFO - [2024-06-06 20:00:38,710] {dag.py:1824} INFO - Sync 1 DAGs
[2024-06-06 20:00:38,728] {logging_mixin.py:104} INFO - [2024-06-06 20:00:38,727] {dag.py:2280} INFO - Setting next_dagrun for example_short_circuit_operator to 2024-06-04 00:00:00+00:00
[2024-06-06 20:00:38,743] {scheduler_job.py:190} INFO - Processing /home/airflow/.local/lib/python3.6/site-packages/airflow/example_dags/example_short_circuit_operator.py took 0.079 seconds
[2024-06-06 20:01:09,111] {scheduler_job.py:182} INFO - Started process (PID=639) to work on /home/airflow/.local/lib/python3.6/site-packages/airflow/example_dags/example_short_circuit_operator.py
[2024-06-06 20:01:09,112] {scheduler_job.py:629} INFO - Processing file /home/airflow/.local/lib/python3.6/site-packages/airflow/example_dags/example_short_circuit_operator.py for tasks to queue
[2024-06-06 20:01:09,113] {logging_mixin.py:104} INFO - [2024-06-06 20:01:09,112] {dagbag.py:451} INFO - Filling up the DagBag from /home/airflow/.local/lib/python3.6/site-packages/airflow/example_dags/example_short_circuit_operator.py
[2024-06-06 20:01:09,124] {scheduler_job.py:639} INFO - DAG(s) dict_keys(['example_short_circuit_operator']) retrieved from /home/airflow/.local/lib/python3.6/site-packages/airflow/example_dags/example_short_circuit_operator.py
[2024-06-06 20:01:09,144] {logging_mixin.py:104} INFO - [2024-06-06 20:01:09,144] {dag.py:1824} INFO - Sync 1 DAGs
[2024-06-06 20:01:09,165] {logging_mixin.py:104} INFO - [2024-06-06 20:01:09,164] {dag.py:2280} INFO - Setting next_dagrun for example_short_circuit_operator to 2024-06-04 00:00:00+00:00
[2024-06-06 20:01:09,182] {scheduler_job.py:190} INFO - Processing /home/airflow/.local/lib/python3.6/site-packages/airflow/example_dags/example_short_circuit_operator.py took 0.072 seconds
[2024-06-06 20:01:39,451] {scheduler_job.py:182} INFO - Started process (PID=665) to work on /home/airflow/.local/lib/python3.6/site-packages/airflow/example_dags/example_short_circuit_operator.py
[2024-06-06 20:01:39,452] {scheduler_job.py:629} INFO - Processing file /home/airflow/.local/lib/python3.6/site-packages/airflow/example_dags/example_short_circuit_operator.py for tasks to queue
[2024-06-06 20:01:39,453] {logging_mixin.py:104} INFO - [2024-06-06 20:01:39,452] {dagbag.py:451} INFO - Filling up the DagBag from /home/airflow/.local/lib/python3.6/site-packages/airflow/example_dags/example_short_circuit_operator.py
[2024-06-06 20:01:39,466] {scheduler_job.py:639} INFO - DAG(s) dict_keys(['example_short_circuit_operator']) retrieved from /home/airflow/.local/lib/python3.6/site-packages/airflow/example_dags/example_short_circuit_operator.py
[2024-06-06 20:01:39,490] {logging_mixin.py:104} INFO - [2024-06-06 20:01:39,490] {dag.py:1824} INFO - Sync 1 DAGs
[2024-06-06 20:01:39,506] {logging_mixin.py:104} INFO - [2024-06-06 20:01:39,506] {dag.py:2280} INFO - Setting next_dagrun for example_short_circuit_operator to 2024-06-04 00:00:00+00:00
[2024-06-06 20:01:39,521] {scheduler_job.py:190} INFO - Processing /home/airflow/.local/lib/python3.6/site-packages/airflow/example_dags/example_short_circuit_operator.py took 0.074 seconds
[2024-06-06 20:02:09,886] {scheduler_job.py:182} INFO - Started process (PID=691) to work on /home/airflow/.local/lib/python3.6/site-packages/airflow/example_dags/example_short_circuit_operator.py
[2024-06-06 20:02:09,888] {scheduler_job.py:629} INFO - Processing file /home/airflow/.local/lib/python3.6/site-packages/airflow/example_dags/example_short_circuit_operator.py for tasks to queue
[2024-06-06 20:02:09,888] {logging_mixin.py:104} INFO - [2024-06-06 20:02:09,888] {dagbag.py:451} INFO - Filling up the DagBag from /home/airflow/.local/lib/python3.6/site-packages/airflow/example_dags/example_short_circuit_operator.py
[2024-06-06 20:02:09,901] {scheduler_job.py:639} INFO - DAG(s) dict_keys(['example_short_circuit_operator']) retrieved from /home/airflow/.local/lib/python3.6/site-packages/airflow/example_dags/example_short_circuit_operator.py
[2024-06-06 20:02:09,926] {logging_mixin.py:104} INFO - [2024-06-06 20:02:09,926] {dag.py:1824} INFO - Sync 1 DAGs
[2024-06-06 20:02:09,942] {logging_mixin.py:104} INFO - [2024-06-06 20:02:09,942] {dag.py:2280} INFO - Setting next_dagrun for example_short_circuit_operator to 2024-06-04 00:00:00+00:00
[2024-06-06 20:02:09,956] {scheduler_job.py:190} INFO - Processing /home/airflow/.local/lib/python3.6/site-packages/airflow/example_dags/example_short_circuit_operator.py took 0.072 seconds
[2024-06-06 20:02:40,250] {scheduler_job.py:182} INFO - Started process (PID=717) to work on /home/airflow/.local/lib/python3.6/site-packages/airflow/example_dags/example_short_circuit_operator.py
[2024-06-06 20:02:40,251] {scheduler_job.py:629} INFO - Processing file /home/airflow/.local/lib/python3.6/site-packages/airflow/example_dags/example_short_circuit_operator.py for tasks to queue
[2024-06-06 20:02:40,252] {logging_mixin.py:104} INFO - [2024-06-06 20:02:40,252] {dagbag.py:451} INFO - Filling up the DagBag from /home/airflow/.local/lib/python3.6/site-packages/airflow/example_dags/example_short_circuit_operator.py
[2024-06-06 20:02:40,265] {scheduler_job.py:639} INFO - DAG(s) dict_keys(['example_short_circuit_operator']) retrieved from /home/airflow/.local/lib/python3.6/site-packages/airflow/example_dags/example_short_circuit_operator.py
[2024-06-06 20:02:40,289] {logging_mixin.py:104} INFO - [2024-06-06 20:02:40,289] {dag.py:1824} INFO - Sync 1 DAGs
[2024-06-06 20:02:40,305] {logging_mixin.py:104} INFO - [2024-06-06 20:02:40,305] {dag.py:2280} INFO - Setting next_dagrun for example_short_circuit_operator to 2024-06-04 00:00:00+00:00
[2024-06-06 20:02:40,321] {scheduler_job.py:190} INFO - Processing /home/airflow/.local/lib/python3.6/site-packages/airflow/example_dags/example_short_circuit_operator.py took 0.074 seconds
[2024-06-06 20:03:10,624] {scheduler_job.py:182} INFO - Started process (PID=743) to work on /home/airflow/.local/lib/python3.6/site-packages/airflow/example_dags/example_short_circuit_operator.py
[2024-06-06 20:03:10,625] {scheduler_job.py:629} INFO - Processing file /home/airflow/.local/lib/python3.6/site-packages/airflow/example_dags/example_short_circuit_operator.py for tasks to queue
[2024-06-06 20:03:10,626] {logging_mixin.py:104} INFO - [2024-06-06 20:03:10,626] {dagbag.py:451} INFO - Filling up the DagBag from /home/airflow/.local/lib/python3.6/site-packages/airflow/example_dags/example_short_circuit_operator.py
[2024-06-06 20:03:10,640] {scheduler_job.py:639} INFO - DAG(s) dict_keys(['example_short_circuit_operator']) retrieved from /home/airflow/.local/lib/python3.6/site-packages/airflow/example_dags/example_short_circuit_operator.py
[2024-06-06 20:03:10,662] {logging_mixin.py:104} INFO - [2024-06-06 20:03:10,662] {dag.py:1824} INFO - Sync 1 DAGs
[2024-06-06 20:03:10,682] {logging_mixin.py:104} INFO - [2024-06-06 20:03:10,682] {dag.py:2280} INFO - Setting next_dagrun for example_short_circuit_operator to 2024-06-04 00:00:00+00:00
[2024-06-06 20:03:10,699] {scheduler_job.py:190} INFO - Processing /home/airflow/.local/lib/python3.6/site-packages/airflow/example_dags/example_short_circuit_operator.py took 0.078 seconds
[2024-06-06 20:03:41,140] {scheduler_job.py:182} INFO - Started process (PID=769) to work on /home/airflow/.local/lib/python3.6/site-packages/airflow/example_dags/example_short_circuit_operator.py
[2024-06-06 20:03:41,141] {scheduler_job.py:629} INFO - Processing file /home/airflow/.local/lib/python3.6/site-packages/airflow/example_dags/example_short_circuit_operator.py for tasks to queue
[2024-06-06 20:03:41,142] {logging_mixin.py:104} INFO - [2024-06-06 20:03:41,142] {dagbag.py:451} INFO - Filling up the DagBag from /home/airflow/.local/lib/python3.6/site-packages/airflow/example_dags/example_short_circuit_operator.py
[2024-06-06 20:03:41,159] {scheduler_job.py:639} INFO - DAG(s) dict_keys(['example_short_circuit_operator']) retrieved from /home/airflow/.local/lib/python3.6/site-packages/airflow/example_dags/example_short_circuit_operator.py
[2024-06-06 20:03:41,188] {logging_mixin.py:104} INFO - [2024-06-06 20:03:41,188] {dag.py:1824} INFO - Sync 1 DAGs
[2024-06-06 20:03:41,208] {logging_mixin.py:104} INFO - [2024-06-06 20:03:41,208] {dag.py:2280} INFO - Setting next_dagrun for example_short_circuit_operator to 2024-06-04 00:00:00+00:00
[2024-06-06 20:03:41,226] {scheduler_job.py:190} INFO - Processing /home/airflow/.local/lib/python3.6/site-packages/airflow/example_dags/example_short_circuit_operator.py took 0.090 seconds
[2024-06-06 20:04:11,578] {scheduler_job.py:182} INFO - Started process (PID=795) to work on /home/airflow/.local/lib/python3.6/site-packages/airflow/example_dags/example_short_circuit_operator.py
[2024-06-06 20:04:11,579] {scheduler_job.py:629} INFO - Processing file /home/airflow/.local/lib/python3.6/site-packages/airflow/example_dags/example_short_circuit_operator.py for tasks to queue
[2024-06-06 20:04:11,580] {logging_mixin.py:104} INFO - [2024-06-06 20:04:11,580] {dagbag.py:451} INFO - Filling up the DagBag from /home/airflow/.local/lib/python3.6/site-packages/airflow/example_dags/example_short_circuit_operator.py
[2024-06-06 20:04:11,593] {scheduler_job.py:639} INFO - DAG(s) dict_keys(['example_short_circuit_operator']) retrieved from /home/airflow/.local/lib/python3.6/site-packages/airflow/example_dags/example_short_circuit_operator.py
[2024-06-06 20:04:11,616] {logging_mixin.py:104} INFO - [2024-06-06 20:04:11,616] {dag.py:1824} INFO - Sync 1 DAGs
[2024-06-06 20:04:11,632] {logging_mixin.py:104} INFO - [2024-06-06 20:04:11,632] {dag.py:2280} INFO - Setting next_dagrun for example_short_circuit_operator to 2024-06-04 00:00:00+00:00
[2024-06-06 20:04:11,647] {scheduler_job.py:190} INFO - Processing /home/airflow/.local/lib/python3.6/site-packages/airflow/example_dags/example_short_circuit_operator.py took 0.072 seconds
[2024-06-06 20:04:42,029] {scheduler_job.py:182} INFO - Started process (PID=821) to work on /home/airflow/.local/lib/python3.6/site-packages/airflow/example_dags/example_short_circuit_operator.py
[2024-06-06 20:04:42,030] {scheduler_job.py:629} INFO - Processing file /home/airflow/.local/lib/python3.6/site-packages/airflow/example_dags/example_short_circuit_operator.py for tasks to queue
[2024-06-06 20:04:42,031] {logging_mixin.py:104} INFO - [2024-06-06 20:04:42,031] {dagbag.py:451} INFO - Filling up the DagBag from /home/airflow/.local/lib/python3.6/site-packages/airflow/example_dags/example_short_circuit_operator.py
[2024-06-06 20:04:42,048] {scheduler_job.py:639} INFO - DAG(s) dict_keys(['example_short_circuit_operator']) retrieved from /home/airflow/.local/lib/python3.6/site-packages/airflow/example_dags/example_short_circuit_operator.py
[2024-06-06 20:04:42,073] {logging_mixin.py:104} INFO - [2024-06-06 20:04:42,073] {dag.py:1824} INFO - Sync 1 DAGs
[2024-06-06 20:04:42,092] {logging_mixin.py:104} INFO - [2024-06-06 20:04:42,092] {dag.py:2280} INFO - Setting next_dagrun for example_short_circuit_operator to 2024-06-04 00:00:00+00:00
[2024-06-06 20:04:42,109] {scheduler_job.py:190} INFO - Processing /home/airflow/.local/lib/python3.6/site-packages/airflow/example_dags/example_short_circuit_operator.py took 0.085 seconds
[2024-06-06 20:05:12,424] {scheduler_job.py:182} INFO - Started process (PID=847) to work on /home/airflow/.local/lib/python3.6/site-packages/airflow/example_dags/example_short_circuit_operator.py
[2024-06-06 20:05:12,425] {scheduler_job.py:629} INFO - Processing file /home/airflow/.local/lib/python3.6/site-packages/airflow/example_dags/example_short_circuit_operator.py for tasks to queue
[2024-06-06 20:05:12,425] {logging_mixin.py:104} INFO - [2024-06-06 20:05:12,425] {dagbag.py:451} INFO - Filling up the DagBag from /home/airflow/.local/lib/python3.6/site-packages/airflow/example_dags/example_short_circuit_operator.py
[2024-06-06 20:05:12,431] {scheduler_job.py:639} INFO - DAG(s) dict_keys(['example_short_circuit_operator']) retrieved from /home/airflow/.local/lib/python3.6/site-packages/airflow/example_dags/example_short_circuit_operator.py
[2024-06-06 20:05:12,445] {logging_mixin.py:104} INFO - [2024-06-06 20:05:12,444] {dag.py:1824} INFO - Sync 1 DAGs
[2024-06-06 20:05:12,454] {logging_mixin.py:104} INFO - [2024-06-06 20:05:12,454] {dag.py:2280} INFO - Setting next_dagrun for example_short_circuit_operator to 2024-06-04 00:00:00+00:00
[2024-06-06 20:05:12,468] {scheduler_job.py:190} INFO - Processing /home/airflow/.local/lib/python3.6/site-packages/airflow/example_dags/example_short_circuit_operator.py took 0.045 seconds
