[2024-06-06 19:49:58,196] {scheduler_job.py:182} INFO - Started process (PID=58) to work on /home/airflow/.local/lib/python3.6/site-packages/airflow/example_dags/example_python_operator.py
[2024-06-06 19:49:58,197] {scheduler_job.py:629} INFO - Processing file /home/airflow/.local/lib/python3.6/site-packages/airflow/example_dags/example_python_operator.py for tasks to queue
[2024-06-06 19:49:58,198] {logging_mixin.py:104} INFO - [2024-06-06 19:49:58,197] {dagbag.py:451} INFO - Filling up the DagBag from /home/airflow/.local/lib/python3.6/site-packages/airflow/example_dags/example_python_operator.py
[2024-06-06 19:49:58,209] {scheduler_job.py:639} INFO - DAG(s) dict_keys(['example_python_operator']) retrieved from /home/airflow/.local/lib/python3.6/site-packages/airflow/example_dags/example_python_operator.py
[2024-06-06 19:49:58,227] {logging_mixin.py:104} INFO - [2024-06-06 19:49:58,227] {dag.py:1824} INFO - Sync 1 DAGs
[2024-06-06 19:49:58,236] {logging_mixin.py:104} INFO - [2024-06-06 19:49:58,236] {dag.py:1843} INFO - Creating ORM DAG for example_python_operator
[2024-06-06 19:49:58,239] {logging_mixin.py:104} INFO - [2024-06-06 19:49:58,239] {dag.py:2280} INFO - Setting next_dagrun for example_python_operator to None
[2024-06-06 19:49:58,252] {scheduler_job.py:190} INFO - Processing /home/airflow/.local/lib/python3.6/site-packages/airflow/example_dags/example_python_operator.py took 0.058 seconds
[2024-06-06 19:50:29,592] {scheduler_job.py:182} INFO - Started process (PID=84) to work on /home/airflow/.local/lib/python3.6/site-packages/airflow/example_dags/example_python_operator.py
[2024-06-06 19:50:29,593] {scheduler_job.py:629} INFO - Processing file /home/airflow/.local/lib/python3.6/site-packages/airflow/example_dags/example_python_operator.py for tasks to queue
[2024-06-06 19:50:29,594] {logging_mixin.py:104} INFO - [2024-06-06 19:50:29,594] {dagbag.py:451} INFO - Filling up the DagBag from /home/airflow/.local/lib/python3.6/site-packages/airflow/example_dags/example_python_operator.py
[2024-06-06 19:50:29,615] {scheduler_job.py:639} INFO - DAG(s) dict_keys(['example_python_operator']) retrieved from /home/airflow/.local/lib/python3.6/site-packages/airflow/example_dags/example_python_operator.py
[2024-06-06 19:50:29,645] {logging_mixin.py:104} INFO - [2024-06-06 19:50:29,645] {dag.py:1824} INFO - Sync 1 DAGs
[2024-06-06 19:50:29,668] {logging_mixin.py:104} INFO - [2024-06-06 19:50:29,668] {dag.py:2280} INFO - Setting next_dagrun for example_python_operator to None
[2024-06-06 19:50:29,685] {scheduler_job.py:190} INFO - Processing /home/airflow/.local/lib/python3.6/site-packages/airflow/example_dags/example_python_operator.py took 0.098 seconds
[2024-06-06 19:50:59,976] {scheduler_job.py:182} INFO - Started process (PID=112) to work on /home/airflow/.local/lib/python3.6/site-packages/airflow/example_dags/example_python_operator.py
[2024-06-06 19:50:59,977] {scheduler_job.py:629} INFO - Processing file /home/airflow/.local/lib/python3.6/site-packages/airflow/example_dags/example_python_operator.py for tasks to queue
[2024-06-06 19:50:59,978] {logging_mixin.py:104} INFO - [2024-06-06 19:50:59,978] {dagbag.py:451} INFO - Filling up the DagBag from /home/airflow/.local/lib/python3.6/site-packages/airflow/example_dags/example_python_operator.py
[2024-06-06 19:50:59,994] {scheduler_job.py:639} INFO - DAG(s) dict_keys(['example_python_operator']) retrieved from /home/airflow/.local/lib/python3.6/site-packages/airflow/example_dags/example_python_operator.py
[2024-06-06 19:51:00,020] {logging_mixin.py:104} INFO - [2024-06-06 19:51:00,020] {dag.py:1824} INFO - Sync 1 DAGs
[2024-06-06 19:51:00,040] {logging_mixin.py:104} INFO - [2024-06-06 19:51:00,040] {dag.py:2280} INFO - Setting next_dagrun for example_python_operator to None
[2024-06-06 19:51:00,053] {scheduler_job.py:190} INFO - Processing /home/airflow/.local/lib/python3.6/site-packages/airflow/example_dags/example_python_operator.py took 0.080 seconds
[2024-06-06 19:51:30,373] {scheduler_job.py:182} INFO - Started process (PID=140) to work on /home/airflow/.local/lib/python3.6/site-packages/airflow/example_dags/example_python_operator.py
[2024-06-06 19:51:30,374] {scheduler_job.py:629} INFO - Processing file /home/airflow/.local/lib/python3.6/site-packages/airflow/example_dags/example_python_operator.py for tasks to queue
[2024-06-06 19:51:30,375] {logging_mixin.py:104} INFO - [2024-06-06 19:51:30,375] {dagbag.py:451} INFO - Filling up the DagBag from /home/airflow/.local/lib/python3.6/site-packages/airflow/example_dags/example_python_operator.py
[2024-06-06 19:51:30,389] {scheduler_job.py:639} INFO - DAG(s) dict_keys(['example_python_operator']) retrieved from /home/airflow/.local/lib/python3.6/site-packages/airflow/example_dags/example_python_operator.py
[2024-06-06 19:51:30,413] {logging_mixin.py:104} INFO - [2024-06-06 19:51:30,412] {dag.py:1824} INFO - Sync 1 DAGs
[2024-06-06 19:51:30,431] {logging_mixin.py:104} INFO - [2024-06-06 19:51:30,431] {dag.py:2280} INFO - Setting next_dagrun for example_python_operator to None
[2024-06-06 19:51:30,444] {scheduler_job.py:190} INFO - Processing /home/airflow/.local/lib/python3.6/site-packages/airflow/example_dags/example_python_operator.py took 0.075 seconds
[2024-06-06 19:52:00,845] {scheduler_job.py:182} INFO - Started process (PID=167) to work on /home/airflow/.local/lib/python3.6/site-packages/airflow/example_dags/example_python_operator.py
[2024-06-06 19:52:00,846] {scheduler_job.py:629} INFO - Processing file /home/airflow/.local/lib/python3.6/site-packages/airflow/example_dags/example_python_operator.py for tasks to queue
[2024-06-06 19:52:00,847] {logging_mixin.py:104} INFO - [2024-06-06 19:52:00,846] {dagbag.py:451} INFO - Filling up the DagBag from /home/airflow/.local/lib/python3.6/site-packages/airflow/example_dags/example_python_operator.py
[2024-06-06 19:52:00,861] {scheduler_job.py:639} INFO - DAG(s) dict_keys(['example_python_operator']) retrieved from /home/airflow/.local/lib/python3.6/site-packages/airflow/example_dags/example_python_operator.py
[2024-06-06 19:52:00,889] {logging_mixin.py:104} INFO - [2024-06-06 19:52:00,889] {dag.py:1824} INFO - Sync 1 DAGs
[2024-06-06 19:52:00,911] {logging_mixin.py:104} INFO - [2024-06-06 19:52:00,911] {dag.py:2280} INFO - Setting next_dagrun for example_python_operator to None
[2024-06-06 19:52:00,924] {scheduler_job.py:190} INFO - Processing /home/airflow/.local/lib/python3.6/site-packages/airflow/example_dags/example_python_operator.py took 0.083 seconds
[2024-06-06 19:52:31,078] {scheduler_job.py:182} INFO - Started process (PID=187) to work on /home/airflow/.local/lib/python3.6/site-packages/airflow/example_dags/example_python_operator.py
[2024-06-06 19:52:31,080] {scheduler_job.py:629} INFO - Processing file /home/airflow/.local/lib/python3.6/site-packages/airflow/example_dags/example_python_operator.py for tasks to queue
[2024-06-06 19:52:31,081] {logging_mixin.py:104} INFO - [2024-06-06 19:52:31,080] {dagbag.py:451} INFO - Filling up the DagBag from /home/airflow/.local/lib/python3.6/site-packages/airflow/example_dags/example_python_operator.py
[2024-06-06 19:52:31,095] {scheduler_job.py:639} INFO - DAG(s) dict_keys(['example_python_operator']) retrieved from /home/airflow/.local/lib/python3.6/site-packages/airflow/example_dags/example_python_operator.py
[2024-06-06 19:52:31,125] {logging_mixin.py:104} INFO - [2024-06-06 19:52:31,125] {dag.py:1824} INFO - Sync 1 DAGs
[2024-06-06 19:52:31,142] {logging_mixin.py:104} INFO - [2024-06-06 19:52:31,142] {dag.py:2280} INFO - Setting next_dagrun for example_python_operator to None
[2024-06-06 19:52:31,155] {scheduler_job.py:190} INFO - Processing /home/airflow/.local/lib/python3.6/site-packages/airflow/example_dags/example_python_operator.py took 0.080 seconds
[2024-06-06 19:53:01,520] {scheduler_job.py:182} INFO - Started process (PID=213) to work on /home/airflow/.local/lib/python3.6/site-packages/airflow/example_dags/example_python_operator.py
[2024-06-06 19:53:01,521] {scheduler_job.py:629} INFO - Processing file /home/airflow/.local/lib/python3.6/site-packages/airflow/example_dags/example_python_operator.py for tasks to queue
[2024-06-06 19:53:01,522] {logging_mixin.py:104} INFO - [2024-06-06 19:53:01,522] {dagbag.py:451} INFO - Filling up the DagBag from /home/airflow/.local/lib/python3.6/site-packages/airflow/example_dags/example_python_operator.py
[2024-06-06 19:53:01,540] {scheduler_job.py:639} INFO - DAG(s) dict_keys(['example_python_operator']) retrieved from /home/airflow/.local/lib/python3.6/site-packages/airflow/example_dags/example_python_operator.py
[2024-06-06 19:53:01,573] {logging_mixin.py:104} INFO - [2024-06-06 19:53:01,573] {dag.py:1824} INFO - Sync 1 DAGs
[2024-06-06 19:53:01,592] {logging_mixin.py:104} INFO - [2024-06-06 19:53:01,592] {dag.py:2280} INFO - Setting next_dagrun for example_python_operator to None
[2024-06-06 19:53:01,610] {scheduler_job.py:190} INFO - Processing /home/airflow/.local/lib/python3.6/site-packages/airflow/example_dags/example_python_operator.py took 0.094 seconds
[2024-06-06 19:53:32,050] {scheduler_job.py:182} INFO - Started process (PID=238) to work on /home/airflow/.local/lib/python3.6/site-packages/airflow/example_dags/example_python_operator.py
[2024-06-06 19:53:32,051] {scheduler_job.py:629} INFO - Processing file /home/airflow/.local/lib/python3.6/site-packages/airflow/example_dags/example_python_operator.py for tasks to queue
[2024-06-06 19:53:32,051] {logging_mixin.py:104} INFO - [2024-06-06 19:53:32,051] {dagbag.py:451} INFO - Filling up the DagBag from /home/airflow/.local/lib/python3.6/site-packages/airflow/example_dags/example_python_operator.py
[2024-06-06 19:53:32,065] {scheduler_job.py:639} INFO - DAG(s) dict_keys(['example_python_operator']) retrieved from /home/airflow/.local/lib/python3.6/site-packages/airflow/example_dags/example_python_operator.py
[2024-06-06 19:53:32,096] {logging_mixin.py:104} INFO - [2024-06-06 19:53:32,096] {dag.py:1824} INFO - Sync 1 DAGs
[2024-06-06 19:53:32,115] {logging_mixin.py:104} INFO - [2024-06-06 19:53:32,115] {dag.py:2280} INFO - Setting next_dagrun for example_python_operator to None
[2024-06-06 19:53:32,133] {scheduler_job.py:190} INFO - Processing /home/airflow/.local/lib/python3.6/site-packages/airflow/example_dags/example_python_operator.py took 0.086 seconds
[2024-06-06 19:54:02,648] {scheduler_job.py:182} INFO - Started process (PID=267) to work on /home/airflow/.local/lib/python3.6/site-packages/airflow/example_dags/example_python_operator.py
[2024-06-06 19:54:02,648] {scheduler_job.py:629} INFO - Processing file /home/airflow/.local/lib/python3.6/site-packages/airflow/example_dags/example_python_operator.py for tasks to queue
[2024-06-06 19:54:02,649] {logging_mixin.py:104} INFO - [2024-06-06 19:54:02,649] {dagbag.py:451} INFO - Filling up the DagBag from /home/airflow/.local/lib/python3.6/site-packages/airflow/example_dags/example_python_operator.py
[2024-06-06 19:54:02,663] {scheduler_job.py:639} INFO - DAG(s) dict_keys(['example_python_operator']) retrieved from /home/airflow/.local/lib/python3.6/site-packages/airflow/example_dags/example_python_operator.py
[2024-06-06 19:54:02,697] {logging_mixin.py:104} INFO - [2024-06-06 19:54:02,697] {dag.py:1824} INFO - Sync 1 DAGs
[2024-06-06 19:54:02,722] {logging_mixin.py:104} INFO - [2024-06-06 19:54:02,722] {dag.py:2280} INFO - Setting next_dagrun for example_python_operator to None
[2024-06-06 19:54:02,742] {scheduler_job.py:190} INFO - Processing /home/airflow/.local/lib/python3.6/site-packages/airflow/example_dags/example_python_operator.py took 0.098 seconds
[2024-06-06 19:54:33,026] {scheduler_job.py:182} INFO - Started process (PID=293) to work on /home/airflow/.local/lib/python3.6/site-packages/airflow/example_dags/example_python_operator.py
[2024-06-06 19:54:33,027] {scheduler_job.py:629} INFO - Processing file /home/airflow/.local/lib/python3.6/site-packages/airflow/example_dags/example_python_operator.py for tasks to queue
[2024-06-06 19:54:33,028] {logging_mixin.py:104} INFO - [2024-06-06 19:54:33,028] {dagbag.py:451} INFO - Filling up the DagBag from /home/airflow/.local/lib/python3.6/site-packages/airflow/example_dags/example_python_operator.py
[2024-06-06 19:54:33,047] {scheduler_job.py:639} INFO - DAG(s) dict_keys(['example_python_operator']) retrieved from /home/airflow/.local/lib/python3.6/site-packages/airflow/example_dags/example_python_operator.py
[2024-06-06 19:54:33,073] {logging_mixin.py:104} INFO - [2024-06-06 19:54:33,073] {dag.py:1824} INFO - Sync 1 DAGs
[2024-06-06 19:54:33,092] {logging_mixin.py:104} INFO - [2024-06-06 19:54:33,092] {dag.py:2280} INFO - Setting next_dagrun for example_python_operator to None
[2024-06-06 19:54:33,110] {scheduler_job.py:190} INFO - Processing /home/airflow/.local/lib/python3.6/site-packages/airflow/example_dags/example_python_operator.py took 0.088 seconds
[2024-06-06 19:55:03,469] {scheduler_job.py:182} INFO - Started process (PID=317) to work on /home/airflow/.local/lib/python3.6/site-packages/airflow/example_dags/example_python_operator.py
[2024-06-06 19:55:03,470] {scheduler_job.py:629} INFO - Processing file /home/airflow/.local/lib/python3.6/site-packages/airflow/example_dags/example_python_operator.py for tasks to queue
[2024-06-06 19:55:03,471] {logging_mixin.py:104} INFO - [2024-06-06 19:55:03,470] {dagbag.py:451} INFO - Filling up the DagBag from /home/airflow/.local/lib/python3.6/site-packages/airflow/example_dags/example_python_operator.py
[2024-06-06 19:55:03,487] {scheduler_job.py:639} INFO - DAG(s) dict_keys(['example_python_operator']) retrieved from /home/airflow/.local/lib/python3.6/site-packages/airflow/example_dags/example_python_operator.py
[2024-06-06 19:55:03,511] {logging_mixin.py:104} INFO - [2024-06-06 19:55:03,511] {dag.py:1824} INFO - Sync 1 DAGs
[2024-06-06 19:55:03,527] {logging_mixin.py:104} INFO - [2024-06-06 19:55:03,526] {dag.py:2280} INFO - Setting next_dagrun for example_python_operator to None
[2024-06-06 19:55:03,539] {scheduler_job.py:190} INFO - Processing /home/airflow/.local/lib/python3.6/site-packages/airflow/example_dags/example_python_operator.py took 0.073 seconds
[2024-06-06 19:55:33,983] {scheduler_job.py:182} INFO - Started process (PID=366) to work on /home/airflow/.local/lib/python3.6/site-packages/airflow/example_dags/example_python_operator.py
[2024-06-06 19:55:33,985] {scheduler_job.py:629} INFO - Processing file /home/airflow/.local/lib/python3.6/site-packages/airflow/example_dags/example_python_operator.py for tasks to queue
[2024-06-06 19:55:33,985] {logging_mixin.py:104} INFO - [2024-06-06 19:55:33,985] {dagbag.py:451} INFO - Filling up the DagBag from /home/airflow/.local/lib/python3.6/site-packages/airflow/example_dags/example_python_operator.py
[2024-06-06 19:55:34,004] {scheduler_job.py:639} INFO - DAG(s) dict_keys(['example_python_operator']) retrieved from /home/airflow/.local/lib/python3.6/site-packages/airflow/example_dags/example_python_operator.py
[2024-06-06 19:55:34,029] {logging_mixin.py:104} INFO - [2024-06-06 19:55:34,029] {dag.py:1824} INFO - Sync 1 DAGs
[2024-06-06 19:55:34,044] {logging_mixin.py:104} INFO - [2024-06-06 19:55:34,044] {dag.py:2280} INFO - Setting next_dagrun for example_python_operator to None
[2024-06-06 19:55:34,060] {scheduler_job.py:190} INFO - Processing /home/airflow/.local/lib/python3.6/site-packages/airflow/example_dags/example_python_operator.py took 0.080 seconds
[2024-06-06 19:56:04,241] {scheduler_job.py:182} INFO - Started process (PID=386) to work on /home/airflow/.local/lib/python3.6/site-packages/airflow/example_dags/example_python_operator.py
[2024-06-06 19:56:04,242] {scheduler_job.py:629} INFO - Processing file /home/airflow/.local/lib/python3.6/site-packages/airflow/example_dags/example_python_operator.py for tasks to queue
[2024-06-06 19:56:04,243] {logging_mixin.py:104} INFO - [2024-06-06 19:56:04,243] {dagbag.py:451} INFO - Filling up the DagBag from /home/airflow/.local/lib/python3.6/site-packages/airflow/example_dags/example_python_operator.py
[2024-06-06 19:56:04,261] {scheduler_job.py:639} INFO - DAG(s) dict_keys(['example_python_operator']) retrieved from /home/airflow/.local/lib/python3.6/site-packages/airflow/example_dags/example_python_operator.py
[2024-06-06 19:56:04,281] {logging_mixin.py:104} INFO - [2024-06-06 19:56:04,281] {dag.py:1824} INFO - Sync 1 DAGs
[2024-06-06 19:56:04,296] {logging_mixin.py:104} INFO - [2024-06-06 19:56:04,296] {dag.py:2280} INFO - Setting next_dagrun for example_python_operator to None
[2024-06-06 19:56:04,309] {scheduler_job.py:190} INFO - Processing /home/airflow/.local/lib/python3.6/site-packages/airflow/example_dags/example_python_operator.py took 0.071 seconds
[2024-06-06 19:56:34,718] {scheduler_job.py:182} INFO - Started process (PID=411) to work on /home/airflow/.local/lib/python3.6/site-packages/airflow/example_dags/example_python_operator.py
[2024-06-06 19:56:34,719] {scheduler_job.py:629} INFO - Processing file /home/airflow/.local/lib/python3.6/site-packages/airflow/example_dags/example_python_operator.py for tasks to queue
[2024-06-06 19:56:34,720] {logging_mixin.py:104} INFO - [2024-06-06 19:56:34,720] {dagbag.py:451} INFO - Filling up the DagBag from /home/airflow/.local/lib/python3.6/site-packages/airflow/example_dags/example_python_operator.py
[2024-06-06 19:56:34,739] {scheduler_job.py:639} INFO - DAG(s) dict_keys(['example_python_operator']) retrieved from /home/airflow/.local/lib/python3.6/site-packages/airflow/example_dags/example_python_operator.py
[2024-06-06 19:56:34,764] {logging_mixin.py:104} INFO - [2024-06-06 19:56:34,764] {dag.py:1824} INFO - Sync 1 DAGs
[2024-06-06 19:56:34,781] {logging_mixin.py:104} INFO - [2024-06-06 19:56:34,781] {dag.py:2280} INFO - Setting next_dagrun for example_python_operator to None
[2024-06-06 19:56:34,793] {scheduler_job.py:190} INFO - Processing /home/airflow/.local/lib/python3.6/site-packages/airflow/example_dags/example_python_operator.py took 0.079 seconds
[2024-06-06 19:57:05,102] {scheduler_job.py:182} INFO - Started process (PID=435) to work on /home/airflow/.local/lib/python3.6/site-packages/airflow/example_dags/example_python_operator.py
[2024-06-06 19:57:05,111] {scheduler_job.py:629} INFO - Processing file /home/airflow/.local/lib/python3.6/site-packages/airflow/example_dags/example_python_operator.py for tasks to queue
[2024-06-06 19:57:05,112] {logging_mixin.py:104} INFO - [2024-06-06 19:57:05,112] {dagbag.py:451} INFO - Filling up the DagBag from /home/airflow/.local/lib/python3.6/site-packages/airflow/example_dags/example_python_operator.py
[2024-06-06 19:57:05,130] {scheduler_job.py:639} INFO - DAG(s) dict_keys(['example_python_operator']) retrieved from /home/airflow/.local/lib/python3.6/site-packages/airflow/example_dags/example_python_operator.py
[2024-06-06 19:57:05,167] {logging_mixin.py:104} INFO - [2024-06-06 19:57:05,167] {dag.py:1824} INFO - Sync 1 DAGs
[2024-06-06 19:57:05,192] {logging_mixin.py:104} INFO - [2024-06-06 19:57:05,191] {dag.py:2280} INFO - Setting next_dagrun for example_python_operator to None
[2024-06-06 19:57:05,215] {scheduler_job.py:190} INFO - Processing /home/airflow/.local/lib/python3.6/site-packages/airflow/example_dags/example_python_operator.py took 0.118 seconds
[2024-06-06 19:57:35,710] {scheduler_job.py:182} INFO - Started process (PID=459) to work on /home/airflow/.local/lib/python3.6/site-packages/airflow/example_dags/example_python_operator.py
[2024-06-06 19:57:35,711] {scheduler_job.py:629} INFO - Processing file /home/airflow/.local/lib/python3.6/site-packages/airflow/example_dags/example_python_operator.py for tasks to queue
[2024-06-06 19:57:35,711] {logging_mixin.py:104} INFO - [2024-06-06 19:57:35,711] {dagbag.py:451} INFO - Filling up the DagBag from /home/airflow/.local/lib/python3.6/site-packages/airflow/example_dags/example_python_operator.py
[2024-06-06 19:57:35,726] {scheduler_job.py:639} INFO - DAG(s) dict_keys(['example_python_operator']) retrieved from /home/airflow/.local/lib/python3.6/site-packages/airflow/example_dags/example_python_operator.py
[2024-06-06 19:57:35,754] {logging_mixin.py:104} INFO - [2024-06-06 19:57:35,754] {dag.py:1824} INFO - Sync 1 DAGs
[2024-06-06 19:57:35,772] {logging_mixin.py:104} INFO - [2024-06-06 19:57:35,771] {dag.py:2280} INFO - Setting next_dagrun for example_python_operator to None
[2024-06-06 19:57:35,792] {scheduler_job.py:190} INFO - Processing /home/airflow/.local/lib/python3.6/site-packages/airflow/example_dags/example_python_operator.py took 0.086 seconds
[2024-06-06 19:58:06,250] {scheduler_job.py:182} INFO - Started process (PID=485) to work on /home/airflow/.local/lib/python3.6/site-packages/airflow/example_dags/example_python_operator.py
[2024-06-06 19:58:06,252] {scheduler_job.py:629} INFO - Processing file /home/airflow/.local/lib/python3.6/site-packages/airflow/example_dags/example_python_operator.py for tasks to queue
[2024-06-06 19:58:06,253] {logging_mixin.py:104} INFO - [2024-06-06 19:58:06,252] {dagbag.py:451} INFO - Filling up the DagBag from /home/airflow/.local/lib/python3.6/site-packages/airflow/example_dags/example_python_operator.py
[2024-06-06 19:58:06,275] {scheduler_job.py:639} INFO - DAG(s) dict_keys(['example_python_operator']) retrieved from /home/airflow/.local/lib/python3.6/site-packages/airflow/example_dags/example_python_operator.py
[2024-06-06 19:58:06,315] {logging_mixin.py:104} INFO - [2024-06-06 19:58:06,315] {dag.py:1824} INFO - Sync 1 DAGs
[2024-06-06 19:58:06,337] {logging_mixin.py:104} INFO - [2024-06-06 19:58:06,337] {dag.py:2280} INFO - Setting next_dagrun for example_python_operator to None
[2024-06-06 19:58:06,354] {scheduler_job.py:190} INFO - Processing /home/airflow/.local/lib/python3.6/site-packages/airflow/example_dags/example_python_operator.py took 0.110 seconds
[2024-06-06 19:58:36,854] {scheduler_job.py:182} INFO - Started process (PID=511) to work on /home/airflow/.local/lib/python3.6/site-packages/airflow/example_dags/example_python_operator.py
[2024-06-06 19:58:36,855] {scheduler_job.py:629} INFO - Processing file /home/airflow/.local/lib/python3.6/site-packages/airflow/example_dags/example_python_operator.py for tasks to queue
[2024-06-06 19:58:36,856] {logging_mixin.py:104} INFO - [2024-06-06 19:58:36,856] {dagbag.py:451} INFO - Filling up the DagBag from /home/airflow/.local/lib/python3.6/site-packages/airflow/example_dags/example_python_operator.py
[2024-06-06 19:58:36,871] {scheduler_job.py:639} INFO - DAG(s) dict_keys(['example_python_operator']) retrieved from /home/airflow/.local/lib/python3.6/site-packages/airflow/example_dags/example_python_operator.py
[2024-06-06 19:58:36,895] {logging_mixin.py:104} INFO - [2024-06-06 19:58:36,895] {dag.py:1824} INFO - Sync 1 DAGs
[2024-06-06 19:58:36,912] {logging_mixin.py:104} INFO - [2024-06-06 19:58:36,912] {dag.py:2280} INFO - Setting next_dagrun for example_python_operator to None
[2024-06-06 19:58:36,933] {scheduler_job.py:190} INFO - Processing /home/airflow/.local/lib/python3.6/site-packages/airflow/example_dags/example_python_operator.py took 0.083 seconds
[2024-06-06 19:59:07,500] {scheduler_job.py:182} INFO - Started process (PID=541) to work on /home/airflow/.local/lib/python3.6/site-packages/airflow/example_dags/example_python_operator.py
[2024-06-06 19:59:07,501] {scheduler_job.py:629} INFO - Processing file /home/airflow/.local/lib/python3.6/site-packages/airflow/example_dags/example_python_operator.py for tasks to queue
[2024-06-06 19:59:07,502] {logging_mixin.py:104} INFO - [2024-06-06 19:59:07,502] {dagbag.py:451} INFO - Filling up the DagBag from /home/airflow/.local/lib/python3.6/site-packages/airflow/example_dags/example_python_operator.py
[2024-06-06 19:59:07,516] {scheduler_job.py:639} INFO - DAG(s) dict_keys(['example_python_operator']) retrieved from /home/airflow/.local/lib/python3.6/site-packages/airflow/example_dags/example_python_operator.py
[2024-06-06 19:59:07,540] {logging_mixin.py:104} INFO - [2024-06-06 19:59:07,540] {dag.py:1824} INFO - Sync 1 DAGs
[2024-06-06 19:59:07,557] {logging_mixin.py:104} INFO - [2024-06-06 19:59:07,557] {dag.py:2280} INFO - Setting next_dagrun for example_python_operator to None
[2024-06-06 19:59:07,575] {scheduler_job.py:190} INFO - Processing /home/airflow/.local/lib/python3.6/site-packages/airflow/example_dags/example_python_operator.py took 0.078 seconds
[2024-06-06 19:59:37,950] {scheduler_job.py:182} INFO - Started process (PID=563) to work on /home/airflow/.local/lib/python3.6/site-packages/airflow/example_dags/example_python_operator.py
[2024-06-06 19:59:37,952] {scheduler_job.py:629} INFO - Processing file /home/airflow/.local/lib/python3.6/site-packages/airflow/example_dags/example_python_operator.py for tasks to queue
[2024-06-06 19:59:37,952] {logging_mixin.py:104} INFO - [2024-06-06 19:59:37,952] {dagbag.py:451} INFO - Filling up the DagBag from /home/airflow/.local/lib/python3.6/site-packages/airflow/example_dags/example_python_operator.py
[2024-06-06 19:59:37,967] {scheduler_job.py:639} INFO - DAG(s) dict_keys(['example_python_operator']) retrieved from /home/airflow/.local/lib/python3.6/site-packages/airflow/example_dags/example_python_operator.py
[2024-06-06 19:59:37,993] {logging_mixin.py:104} INFO - [2024-06-06 19:59:37,993] {dag.py:1824} INFO - Sync 1 DAGs
[2024-06-06 19:59:38,009] {logging_mixin.py:104} INFO - [2024-06-06 19:59:38,009] {dag.py:2280} INFO - Setting next_dagrun for example_python_operator to None
[2024-06-06 19:59:38,025] {scheduler_job.py:190} INFO - Processing /home/airflow/.local/lib/python3.6/site-packages/airflow/example_dags/example_python_operator.py took 0.078 seconds
[2024-06-06 20:00:08,460] {scheduler_job.py:182} INFO - Started process (PID=589) to work on /home/airflow/.local/lib/python3.6/site-packages/airflow/example_dags/example_python_operator.py
[2024-06-06 20:00:08,462] {scheduler_job.py:629} INFO - Processing file /home/airflow/.local/lib/python3.6/site-packages/airflow/example_dags/example_python_operator.py for tasks to queue
[2024-06-06 20:00:08,462] {logging_mixin.py:104} INFO - [2024-06-06 20:00:08,462] {dagbag.py:451} INFO - Filling up the DagBag from /home/airflow/.local/lib/python3.6/site-packages/airflow/example_dags/example_python_operator.py
[2024-06-06 20:00:08,476] {scheduler_job.py:639} INFO - DAG(s) dict_keys(['example_python_operator']) retrieved from /home/airflow/.local/lib/python3.6/site-packages/airflow/example_dags/example_python_operator.py
[2024-06-06 20:00:08,505] {logging_mixin.py:104} INFO - [2024-06-06 20:00:08,505] {dag.py:1824} INFO - Sync 1 DAGs
[2024-06-06 20:00:08,524] {logging_mixin.py:104} INFO - [2024-06-06 20:00:08,524] {dag.py:2280} INFO - Setting next_dagrun for example_python_operator to None
[2024-06-06 20:00:08,540] {scheduler_job.py:190} INFO - Processing /home/airflow/.local/lib/python3.6/site-packages/airflow/example_dags/example_python_operator.py took 0.083 seconds
[2024-06-06 20:00:38,883] {scheduler_job.py:182} INFO - Started process (PID=617) to work on /home/airflow/.local/lib/python3.6/site-packages/airflow/example_dags/example_python_operator.py
[2024-06-06 20:00:38,884] {scheduler_job.py:629} INFO - Processing file /home/airflow/.local/lib/python3.6/site-packages/airflow/example_dags/example_python_operator.py for tasks to queue
[2024-06-06 20:00:38,884] {logging_mixin.py:104} INFO - [2024-06-06 20:00:38,884] {dagbag.py:451} INFO - Filling up the DagBag from /home/airflow/.local/lib/python3.6/site-packages/airflow/example_dags/example_python_operator.py
[2024-06-06 20:00:38,899] {scheduler_job.py:639} INFO - DAG(s) dict_keys(['example_python_operator']) retrieved from /home/airflow/.local/lib/python3.6/site-packages/airflow/example_dags/example_python_operator.py
[2024-06-06 20:00:38,925] {logging_mixin.py:104} INFO - [2024-06-06 20:00:38,925] {dag.py:1824} INFO - Sync 1 DAGs
[2024-06-06 20:00:38,940] {logging_mixin.py:104} INFO - [2024-06-06 20:00:38,940] {dag.py:2280} INFO - Setting next_dagrun for example_python_operator to None
[2024-06-06 20:00:38,953] {scheduler_job.py:190} INFO - Processing /home/airflow/.local/lib/python3.6/site-packages/airflow/example_dags/example_python_operator.py took 0.074 seconds
[2024-06-06 20:01:09,444] {scheduler_job.py:182} INFO - Started process (PID=646) to work on /home/airflow/.local/lib/python3.6/site-packages/airflow/example_dags/example_python_operator.py
[2024-06-06 20:01:09,445] {scheduler_job.py:629} INFO - Processing file /home/airflow/.local/lib/python3.6/site-packages/airflow/example_dags/example_python_operator.py for tasks to queue
[2024-06-06 20:01:09,445] {logging_mixin.py:104} INFO - [2024-06-06 20:01:09,445] {dagbag.py:451} INFO - Filling up the DagBag from /home/airflow/.local/lib/python3.6/site-packages/airflow/example_dags/example_python_operator.py
[2024-06-06 20:01:09,453] {scheduler_job.py:639} INFO - DAG(s) dict_keys(['example_python_operator']) retrieved from /home/airflow/.local/lib/python3.6/site-packages/airflow/example_dags/example_python_operator.py
[2024-06-06 20:01:09,471] {logging_mixin.py:104} INFO - [2024-06-06 20:01:09,471] {dag.py:1824} INFO - Sync 1 DAGs
[2024-06-06 20:01:09,484] {logging_mixin.py:104} INFO - [2024-06-06 20:01:09,484] {dag.py:2280} INFO - Setting next_dagrun for example_python_operator to None
[2024-06-06 20:01:09,495] {scheduler_job.py:190} INFO - Processing /home/airflow/.local/lib/python3.6/site-packages/airflow/example_dags/example_python_operator.py took 0.052 seconds
[2024-06-06 20:01:39,556] {scheduler_job.py:182} INFO - Started process (PID=667) to work on /home/airflow/.local/lib/python3.6/site-packages/airflow/example_dags/example_python_operator.py
[2024-06-06 20:01:39,557] {scheduler_job.py:629} INFO - Processing file /home/airflow/.local/lib/python3.6/site-packages/airflow/example_dags/example_python_operator.py for tasks to queue
[2024-06-06 20:01:39,558] {logging_mixin.py:104} INFO - [2024-06-06 20:01:39,558] {dagbag.py:451} INFO - Filling up the DagBag from /home/airflow/.local/lib/python3.6/site-packages/airflow/example_dags/example_python_operator.py
[2024-06-06 20:01:39,572] {scheduler_job.py:639} INFO - DAG(s) dict_keys(['example_python_operator']) retrieved from /home/airflow/.local/lib/python3.6/site-packages/airflow/example_dags/example_python_operator.py
[2024-06-06 20:01:39,596] {logging_mixin.py:104} INFO - [2024-06-06 20:01:39,596] {dag.py:1824} INFO - Sync 1 DAGs
[2024-06-06 20:01:39,613] {logging_mixin.py:104} INFO - [2024-06-06 20:01:39,613] {dag.py:2280} INFO - Setting next_dagrun for example_python_operator to None
[2024-06-06 20:01:39,629] {scheduler_job.py:190} INFO - Processing /home/airflow/.local/lib/python3.6/site-packages/airflow/example_dags/example_python_operator.py took 0.076 seconds
[2024-06-06 20:02:10,001] {scheduler_job.py:182} INFO - Started process (PID=693) to work on /home/airflow/.local/lib/python3.6/site-packages/airflow/example_dags/example_python_operator.py
[2024-06-06 20:02:10,002] {scheduler_job.py:629} INFO - Processing file /home/airflow/.local/lib/python3.6/site-packages/airflow/example_dags/example_python_operator.py for tasks to queue
[2024-06-06 20:02:10,003] {logging_mixin.py:104} INFO - [2024-06-06 20:02:10,002] {dagbag.py:451} INFO - Filling up the DagBag from /home/airflow/.local/lib/python3.6/site-packages/airflow/example_dags/example_python_operator.py
[2024-06-06 20:02:10,011] {scheduler_job.py:639} INFO - DAG(s) dict_keys(['example_python_operator']) retrieved from /home/airflow/.local/lib/python3.6/site-packages/airflow/example_dags/example_python_operator.py
[2024-06-06 20:02:10,031] {logging_mixin.py:104} INFO - [2024-06-06 20:02:10,031] {dag.py:1824} INFO - Sync 1 DAGs
[2024-06-06 20:02:10,049] {logging_mixin.py:104} INFO - [2024-06-06 20:02:10,049] {dag.py:2280} INFO - Setting next_dagrun for example_python_operator to None
[2024-06-06 20:02:10,062] {scheduler_job.py:190} INFO - Processing /home/airflow/.local/lib/python3.6/site-packages/airflow/example_dags/example_python_operator.py took 0.064 seconds
[2024-06-06 20:02:40,354] {scheduler_job.py:182} INFO - Started process (PID=719) to work on /home/airflow/.local/lib/python3.6/site-packages/airflow/example_dags/example_python_operator.py
[2024-06-06 20:02:40,355] {scheduler_job.py:629} INFO - Processing file /home/airflow/.local/lib/python3.6/site-packages/airflow/example_dags/example_python_operator.py for tasks to queue
[2024-06-06 20:02:40,356] {logging_mixin.py:104} INFO - [2024-06-06 20:02:40,356] {dagbag.py:451} INFO - Filling up the DagBag from /home/airflow/.local/lib/python3.6/site-packages/airflow/example_dags/example_python_operator.py
[2024-06-06 20:02:40,370] {scheduler_job.py:639} INFO - DAG(s) dict_keys(['example_python_operator']) retrieved from /home/airflow/.local/lib/python3.6/site-packages/airflow/example_dags/example_python_operator.py
[2024-06-06 20:02:40,396] {logging_mixin.py:104} INFO - [2024-06-06 20:02:40,396] {dag.py:1824} INFO - Sync 1 DAGs
[2024-06-06 20:02:40,411] {logging_mixin.py:104} INFO - [2024-06-06 20:02:40,411] {dag.py:2280} INFO - Setting next_dagrun for example_python_operator to None
[2024-06-06 20:02:40,427] {scheduler_job.py:190} INFO - Processing /home/airflow/.local/lib/python3.6/site-packages/airflow/example_dags/example_python_operator.py took 0.076 seconds
[2024-06-06 20:03:10,744] {scheduler_job.py:182} INFO - Started process (PID=745) to work on /home/airflow/.local/lib/python3.6/site-packages/airflow/example_dags/example_python_operator.py
[2024-06-06 20:03:10,745] {scheduler_job.py:629} INFO - Processing file /home/airflow/.local/lib/python3.6/site-packages/airflow/example_dags/example_python_operator.py for tasks to queue
[2024-06-06 20:03:10,746] {logging_mixin.py:104} INFO - [2024-06-06 20:03:10,746] {dagbag.py:451} INFO - Filling up the DagBag from /home/airflow/.local/lib/python3.6/site-packages/airflow/example_dags/example_python_operator.py
[2024-06-06 20:03:10,762] {scheduler_job.py:639} INFO - DAG(s) dict_keys(['example_python_operator']) retrieved from /home/airflow/.local/lib/python3.6/site-packages/airflow/example_dags/example_python_operator.py
[2024-06-06 20:03:10,794] {logging_mixin.py:104} INFO - [2024-06-06 20:03:10,793] {dag.py:1824} INFO - Sync 1 DAGs
[2024-06-06 20:03:10,813] {logging_mixin.py:104} INFO - [2024-06-06 20:03:10,812] {dag.py:2280} INFO - Setting next_dagrun for example_python_operator to None
[2024-06-06 20:03:10,826] {scheduler_job.py:190} INFO - Processing /home/airflow/.local/lib/python3.6/site-packages/airflow/example_dags/example_python_operator.py took 0.086 seconds
[2024-06-06 20:03:41,262] {scheduler_job.py:182} INFO - Started process (PID=771) to work on /home/airflow/.local/lib/python3.6/site-packages/airflow/example_dags/example_python_operator.py
[2024-06-06 20:03:41,263] {scheduler_job.py:629} INFO - Processing file /home/airflow/.local/lib/python3.6/site-packages/airflow/example_dags/example_python_operator.py for tasks to queue
[2024-06-06 20:03:41,263] {logging_mixin.py:104} INFO - [2024-06-06 20:03:41,263] {dagbag.py:451} INFO - Filling up the DagBag from /home/airflow/.local/lib/python3.6/site-packages/airflow/example_dags/example_python_operator.py
[2024-06-06 20:03:41,278] {scheduler_job.py:639} INFO - DAG(s) dict_keys(['example_python_operator']) retrieved from /home/airflow/.local/lib/python3.6/site-packages/airflow/example_dags/example_python_operator.py
[2024-06-06 20:03:41,305] {logging_mixin.py:104} INFO - [2024-06-06 20:03:41,305] {dag.py:1824} INFO - Sync 1 DAGs
[2024-06-06 20:03:41,322] {logging_mixin.py:104} INFO - [2024-06-06 20:03:41,322] {dag.py:2280} INFO - Setting next_dagrun for example_python_operator to None
[2024-06-06 20:03:41,338] {scheduler_job.py:190} INFO - Processing /home/airflow/.local/lib/python3.6/site-packages/airflow/example_dags/example_python_operator.py took 0.080 seconds
[2024-06-06 20:04:11,680] {scheduler_job.py:182} INFO - Started process (PID=797) to work on /home/airflow/.local/lib/python3.6/site-packages/airflow/example_dags/example_python_operator.py
[2024-06-06 20:04:11,681] {scheduler_job.py:629} INFO - Processing file /home/airflow/.local/lib/python3.6/site-packages/airflow/example_dags/example_python_operator.py for tasks to queue
[2024-06-06 20:04:11,682] {logging_mixin.py:104} INFO - [2024-06-06 20:04:11,682] {dagbag.py:451} INFO - Filling up the DagBag from /home/airflow/.local/lib/python3.6/site-packages/airflow/example_dags/example_python_operator.py
[2024-06-06 20:04:11,695] {scheduler_job.py:639} INFO - DAG(s) dict_keys(['example_python_operator']) retrieved from /home/airflow/.local/lib/python3.6/site-packages/airflow/example_dags/example_python_operator.py
[2024-06-06 20:04:11,720] {logging_mixin.py:104} INFO - [2024-06-06 20:04:11,720] {dag.py:1824} INFO - Sync 1 DAGs
[2024-06-06 20:04:11,735] {logging_mixin.py:104} INFO - [2024-06-06 20:04:11,735] {dag.py:2280} INFO - Setting next_dagrun for example_python_operator to None
[2024-06-06 20:04:11,751] {scheduler_job.py:190} INFO - Processing /home/airflow/.local/lib/python3.6/site-packages/airflow/example_dags/example_python_operator.py took 0.074 seconds
[2024-06-06 20:04:42,132] {scheduler_job.py:182} INFO - Started process (PID=823) to work on /home/airflow/.local/lib/python3.6/site-packages/airflow/example_dags/example_python_operator.py
[2024-06-06 20:04:42,133] {scheduler_job.py:629} INFO - Processing file /home/airflow/.local/lib/python3.6/site-packages/airflow/example_dags/example_python_operator.py for tasks to queue
[2024-06-06 20:04:42,134] {logging_mixin.py:104} INFO - [2024-06-06 20:04:42,134] {dagbag.py:451} INFO - Filling up the DagBag from /home/airflow/.local/lib/python3.6/site-packages/airflow/example_dags/example_python_operator.py
[2024-06-06 20:04:42,149] {scheduler_job.py:639} INFO - DAG(s) dict_keys(['example_python_operator']) retrieved from /home/airflow/.local/lib/python3.6/site-packages/airflow/example_dags/example_python_operator.py
[2024-06-06 20:04:42,180] {logging_mixin.py:104} INFO - [2024-06-06 20:04:42,180] {dag.py:1824} INFO - Sync 1 DAGs
[2024-06-06 20:04:42,200] {logging_mixin.py:104} INFO - [2024-06-06 20:04:42,200] {dag.py:2280} INFO - Setting next_dagrun for example_python_operator to None
[2024-06-06 20:04:42,216] {scheduler_job.py:190} INFO - Processing /home/airflow/.local/lib/python3.6/site-packages/airflow/example_dags/example_python_operator.py took 0.088 seconds
[2024-06-06 20:05:12,482] {scheduler_job.py:182} INFO - Started process (PID=849) to work on /home/airflow/.local/lib/python3.6/site-packages/airflow/example_dags/example_python_operator.py
[2024-06-06 20:05:12,483] {scheduler_job.py:629} INFO - Processing file /home/airflow/.local/lib/python3.6/site-packages/airflow/example_dags/example_python_operator.py for tasks to queue
[2024-06-06 20:05:12,483] {logging_mixin.py:104} INFO - [2024-06-06 20:05:12,483] {dagbag.py:451} INFO - Filling up the DagBag from /home/airflow/.local/lib/python3.6/site-packages/airflow/example_dags/example_python_operator.py
[2024-06-06 20:05:12,495] {scheduler_job.py:639} INFO - DAG(s) dict_keys(['example_python_operator']) retrieved from /home/airflow/.local/lib/python3.6/site-packages/airflow/example_dags/example_python_operator.py
[2024-06-06 20:05:12,515] {logging_mixin.py:104} INFO - [2024-06-06 20:05:12,515] {dag.py:1824} INFO - Sync 1 DAGs
[2024-06-06 20:05:12,533] {logging_mixin.py:104} INFO - [2024-06-06 20:05:12,533] {dag.py:2280} INFO - Setting next_dagrun for example_python_operator to None
[2024-06-06 20:05:12,553] {scheduler_job.py:190} INFO - Processing /home/airflow/.local/lib/python3.6/site-packages/airflow/example_dags/example_python_operator.py took 0.074 seconds
