[2024-06-06 19:49:57,455] {scheduler_job.py:182} INFO - Started process (PID=40) to work on /home/airflow/.local/lib/python3.6/site-packages/airflow/example_dags/example_complex.py
[2024-06-06 19:49:57,456] {scheduler_job.py:629} INFO - Processing file /home/airflow/.local/lib/python3.6/site-packages/airflow/example_dags/example_complex.py for tasks to queue
[2024-06-06 19:49:57,456] {logging_mixin.py:104} INFO - [2024-06-06 19:49:57,456] {dagbag.py:451} INFO - Filling up the DagBag from /home/airflow/.local/lib/python3.6/site-packages/airflow/example_dags/example_complex.py
[2024-06-06 19:49:57,492] {scheduler_job.py:639} INFO - DAG(s) dict_keys(['example_complex']) retrieved from /home/airflow/.local/lib/python3.6/site-packages/airflow/example_dags/example_complex.py
[2024-06-06 19:49:57,517] {logging_mixin.py:104} INFO - [2024-06-06 19:49:57,517] {dag.py:1824} INFO - Sync 1 DAGs
[2024-06-06 19:49:57,527] {logging_mixin.py:104} INFO - [2024-06-06 19:49:57,527] {dag.py:1843} INFO - Creating ORM DAG for example_complex
[2024-06-06 19:49:57,532] {logging_mixin.py:104} INFO - [2024-06-06 19:49:57,532] {dag.py:2280} INFO - Setting next_dagrun for example_complex to None
[2024-06-06 19:49:57,549] {scheduler_job.py:190} INFO - Processing /home/airflow/.local/lib/python3.6/site-packages/airflow/example_dags/example_complex.py took 0.096 seconds
[2024-06-06 19:50:28,524] {scheduler_job.py:182} INFO - Started process (PID=66) to work on /home/airflow/.local/lib/python3.6/site-packages/airflow/example_dags/example_complex.py
[2024-06-06 19:50:28,526] {scheduler_job.py:629} INFO - Processing file /home/airflow/.local/lib/python3.6/site-packages/airflow/example_dags/example_complex.py for tasks to queue
[2024-06-06 19:50:28,527] {logging_mixin.py:104} INFO - [2024-06-06 19:50:28,527] {dagbag.py:451} INFO - Filling up the DagBag from /home/airflow/.local/lib/python3.6/site-packages/airflow/example_dags/example_complex.py
[2024-06-06 19:50:28,557] {scheduler_job.py:639} INFO - DAG(s) dict_keys(['example_complex']) retrieved from /home/airflow/.local/lib/python3.6/site-packages/airflow/example_dags/example_complex.py
[2024-06-06 19:50:28,607] {logging_mixin.py:104} INFO - [2024-06-06 19:50:28,607] {dag.py:1824} INFO - Sync 1 DAGs
[2024-06-06 19:50:28,628] {logging_mixin.py:104} INFO - [2024-06-06 19:50:28,627] {dag.py:2280} INFO - Setting next_dagrun for example_complex to None
[2024-06-06 19:50:28,643] {scheduler_job.py:190} INFO - Processing /home/airflow/.local/lib/python3.6/site-packages/airflow/example_dags/example_complex.py took 0.124 seconds
[2024-06-06 19:50:58,941] {scheduler_job.py:182} INFO - Started process (PID=93) to work on /home/airflow/.local/lib/python3.6/site-packages/airflow/example_dags/example_complex.py
[2024-06-06 19:50:58,942] {scheduler_job.py:629} INFO - Processing file /home/airflow/.local/lib/python3.6/site-packages/airflow/example_dags/example_complex.py for tasks to queue
[2024-06-06 19:50:58,943] {logging_mixin.py:104} INFO - [2024-06-06 19:50:58,943] {dagbag.py:451} INFO - Filling up the DagBag from /home/airflow/.local/lib/python3.6/site-packages/airflow/example_dags/example_complex.py
[2024-06-06 19:50:58,964] {scheduler_job.py:639} INFO - DAG(s) dict_keys(['example_complex']) retrieved from /home/airflow/.local/lib/python3.6/site-packages/airflow/example_dags/example_complex.py
[2024-06-06 19:50:59,001] {logging_mixin.py:104} INFO - [2024-06-06 19:50:59,001] {dag.py:1824} INFO - Sync 1 DAGs
[2024-06-06 19:50:59,017] {logging_mixin.py:104} INFO - [2024-06-06 19:50:59,017] {dag.py:2280} INFO - Setting next_dagrun for example_complex to None
[2024-06-06 19:50:59,031] {scheduler_job.py:190} INFO - Processing /home/airflow/.local/lib/python3.6/site-packages/airflow/example_dags/example_complex.py took 0.093 seconds
[2024-06-06 19:51:29,318] {scheduler_job.py:182} INFO - Started process (PID=119) to work on /home/airflow/.local/lib/python3.6/site-packages/airflow/example_dags/example_complex.py
[2024-06-06 19:51:29,319] {scheduler_job.py:629} INFO - Processing file /home/airflow/.local/lib/python3.6/site-packages/airflow/example_dags/example_complex.py for tasks to queue
[2024-06-06 19:51:29,320] {logging_mixin.py:104} INFO - [2024-06-06 19:51:29,319] {dagbag.py:451} INFO - Filling up the DagBag from /home/airflow/.local/lib/python3.6/site-packages/airflow/example_dags/example_complex.py
[2024-06-06 19:51:29,340] {scheduler_job.py:639} INFO - DAG(s) dict_keys(['example_complex']) retrieved from /home/airflow/.local/lib/python3.6/site-packages/airflow/example_dags/example_complex.py
[2024-06-06 19:51:29,373] {logging_mixin.py:104} INFO - [2024-06-06 19:51:29,372] {dag.py:1824} INFO - Sync 1 DAGs
[2024-06-06 19:51:29,388] {logging_mixin.py:104} INFO - [2024-06-06 19:51:29,388] {dag.py:2280} INFO - Setting next_dagrun for example_complex to None
[2024-06-06 19:51:29,401] {scheduler_job.py:190} INFO - Processing /home/airflow/.local/lib/python3.6/site-packages/airflow/example_dags/example_complex.py took 0.087 seconds
[2024-06-06 19:51:59,621] {scheduler_job.py:182} INFO - Started process (PID=145) to work on /home/airflow/.local/lib/python3.6/site-packages/airflow/example_dags/example_complex.py
[2024-06-06 19:51:59,622] {scheduler_job.py:629} INFO - Processing file /home/airflow/.local/lib/python3.6/site-packages/airflow/example_dags/example_complex.py for tasks to queue
[2024-06-06 19:51:59,623] {logging_mixin.py:104} INFO - [2024-06-06 19:51:59,623] {dagbag.py:451} INFO - Filling up the DagBag from /home/airflow/.local/lib/python3.6/site-packages/airflow/example_dags/example_complex.py
[2024-06-06 19:51:59,645] {scheduler_job.py:639} INFO - DAG(s) dict_keys(['example_complex']) retrieved from /home/airflow/.local/lib/python3.6/site-packages/airflow/example_dags/example_complex.py
[2024-06-06 19:51:59,694] {logging_mixin.py:104} INFO - [2024-06-06 19:51:59,694] {dag.py:1824} INFO - Sync 1 DAGs
[2024-06-06 19:51:59,714] {logging_mixin.py:104} INFO - [2024-06-06 19:51:59,714] {dag.py:2280} INFO - Setting next_dagrun for example_complex to None
[2024-06-06 19:51:59,730] {scheduler_job.py:190} INFO - Processing /home/airflow/.local/lib/python3.6/site-packages/airflow/example_dags/example_complex.py took 0.114 seconds
[2024-06-06 19:52:30,074] {scheduler_job.py:182} INFO - Started process (PID=170) to work on /home/airflow/.local/lib/python3.6/site-packages/airflow/example_dags/example_complex.py
[2024-06-06 19:52:30,076] {scheduler_job.py:629} INFO - Processing file /home/airflow/.local/lib/python3.6/site-packages/airflow/example_dags/example_complex.py for tasks to queue
[2024-06-06 19:52:30,076] {logging_mixin.py:104} INFO - [2024-06-06 19:52:30,076] {dagbag.py:451} INFO - Filling up the DagBag from /home/airflow/.local/lib/python3.6/site-packages/airflow/example_dags/example_complex.py
[2024-06-06 19:52:30,101] {scheduler_job.py:639} INFO - DAG(s) dict_keys(['example_complex']) retrieved from /home/airflow/.local/lib/python3.6/site-packages/airflow/example_dags/example_complex.py
[2024-06-06 19:52:30,151] {logging_mixin.py:104} INFO - [2024-06-06 19:52:30,151] {dag.py:1824} INFO - Sync 1 DAGs
[2024-06-06 19:52:30,177] {logging_mixin.py:104} INFO - [2024-06-06 19:52:30,177] {dag.py:2280} INFO - Setting next_dagrun for example_complex to None
[2024-06-06 19:52:30,200] {scheduler_job.py:190} INFO - Processing /home/airflow/.local/lib/python3.6/site-packages/airflow/example_dags/example_complex.py took 0.130 seconds
[2024-06-06 19:53:00,700] {scheduler_job.py:182} INFO - Started process (PID=198) to work on /home/airflow/.local/lib/python3.6/site-packages/airflow/example_dags/example_complex.py
[2024-06-06 19:53:00,701] {scheduler_job.py:629} INFO - Processing file /home/airflow/.local/lib/python3.6/site-packages/airflow/example_dags/example_complex.py for tasks to queue
[2024-06-06 19:53:00,702] {logging_mixin.py:104} INFO - [2024-06-06 19:53:00,701] {dagbag.py:451} INFO - Filling up the DagBag from /home/airflow/.local/lib/python3.6/site-packages/airflow/example_dags/example_complex.py
[2024-06-06 19:53:00,725] {scheduler_job.py:639} INFO - DAG(s) dict_keys(['example_complex']) retrieved from /home/airflow/.local/lib/python3.6/site-packages/airflow/example_dags/example_complex.py
[2024-06-06 19:53:00,754] {logging_mixin.py:104} INFO - [2024-06-06 19:53:00,754] {dag.py:1824} INFO - Sync 1 DAGs
[2024-06-06 19:53:00,770] {logging_mixin.py:104} INFO - [2024-06-06 19:53:00,770] {dag.py:2280} INFO - Setting next_dagrun for example_complex to None
[2024-06-06 19:53:00,790] {scheduler_job.py:190} INFO - Processing /home/airflow/.local/lib/python3.6/site-packages/airflow/example_dags/example_complex.py took 0.093 seconds
[2024-06-06 19:53:31,150] {scheduler_job.py:182} INFO - Started process (PID=224) to work on /home/airflow/.local/lib/python3.6/site-packages/airflow/example_dags/example_complex.py
[2024-06-06 19:53:31,151] {scheduler_job.py:629} INFO - Processing file /home/airflow/.local/lib/python3.6/site-packages/airflow/example_dags/example_complex.py for tasks to queue
[2024-06-06 19:53:31,151] {logging_mixin.py:104} INFO - [2024-06-06 19:53:31,151] {dagbag.py:451} INFO - Filling up the DagBag from /home/airflow/.local/lib/python3.6/site-packages/airflow/example_dags/example_complex.py
[2024-06-06 19:53:31,174] {scheduler_job.py:639} INFO - DAG(s) dict_keys(['example_complex']) retrieved from /home/airflow/.local/lib/python3.6/site-packages/airflow/example_dags/example_complex.py
[2024-06-06 19:53:31,202] {logging_mixin.py:104} INFO - [2024-06-06 19:53:31,202] {dag.py:1824} INFO - Sync 1 DAGs
[2024-06-06 19:53:31,218] {logging_mixin.py:104} INFO - [2024-06-06 19:53:31,218] {dag.py:2280} INFO - Setting next_dagrun for example_complex to None
[2024-06-06 19:53:31,234] {scheduler_job.py:190} INFO - Processing /home/airflow/.local/lib/python3.6/site-packages/airflow/example_dags/example_complex.py took 0.087 seconds
[2024-06-06 19:54:01,627] {scheduler_job.py:182} INFO - Started process (PID=249) to work on /home/airflow/.local/lib/python3.6/site-packages/airflow/example_dags/example_complex.py
[2024-06-06 19:54:01,628] {scheduler_job.py:629} INFO - Processing file /home/airflow/.local/lib/python3.6/site-packages/airflow/example_dags/example_complex.py for tasks to queue
[2024-06-06 19:54:01,629] {logging_mixin.py:104} INFO - [2024-06-06 19:54:01,629] {dagbag.py:451} INFO - Filling up the DagBag from /home/airflow/.local/lib/python3.6/site-packages/airflow/example_dags/example_complex.py
[2024-06-06 19:54:01,654] {scheduler_job.py:639} INFO - DAG(s) dict_keys(['example_complex']) retrieved from /home/airflow/.local/lib/python3.6/site-packages/airflow/example_dags/example_complex.py
[2024-06-06 19:54:01,685] {logging_mixin.py:104} INFO - [2024-06-06 19:54:01,685] {dag.py:1824} INFO - Sync 1 DAGs
[2024-06-06 19:54:01,705] {logging_mixin.py:104} INFO - [2024-06-06 19:54:01,705] {dag.py:2280} INFO - Setting next_dagrun for example_complex to None
[2024-06-06 19:54:01,719] {scheduler_job.py:190} INFO - Processing /home/airflow/.local/lib/python3.6/site-packages/airflow/example_dags/example_complex.py took 0.095 seconds
[2024-06-06 19:54:32,081] {scheduler_job.py:182} INFO - Started process (PID=275) to work on /home/airflow/.local/lib/python3.6/site-packages/airflow/example_dags/example_complex.py
[2024-06-06 19:54:32,082] {scheduler_job.py:629} INFO - Processing file /home/airflow/.local/lib/python3.6/site-packages/airflow/example_dags/example_complex.py for tasks to queue
[2024-06-06 19:54:32,083] {logging_mixin.py:104} INFO - [2024-06-06 19:54:32,082] {dagbag.py:451} INFO - Filling up the DagBag from /home/airflow/.local/lib/python3.6/site-packages/airflow/example_dags/example_complex.py
[2024-06-06 19:54:32,106] {scheduler_job.py:639} INFO - DAG(s) dict_keys(['example_complex']) retrieved from /home/airflow/.local/lib/python3.6/site-packages/airflow/example_dags/example_complex.py
[2024-06-06 19:54:32,139] {logging_mixin.py:104} INFO - [2024-06-06 19:54:32,139] {dag.py:1824} INFO - Sync 1 DAGs
[2024-06-06 19:54:32,155] {logging_mixin.py:104} INFO - [2024-06-06 19:54:32,155] {dag.py:2280} INFO - Setting next_dagrun for example_complex to None
[2024-06-06 19:54:32,169] {scheduler_job.py:190} INFO - Processing /home/airflow/.local/lib/python3.6/site-packages/airflow/example_dags/example_complex.py took 0.092 seconds
[2024-06-06 19:55:02,647] {scheduler_job.py:182} INFO - Started process (PID=303) to work on /home/airflow/.local/lib/python3.6/site-packages/airflow/example_dags/example_complex.py
[2024-06-06 19:55:02,648] {scheduler_job.py:629} INFO - Processing file /home/airflow/.local/lib/python3.6/site-packages/airflow/example_dags/example_complex.py for tasks to queue
[2024-06-06 19:55:02,649] {logging_mixin.py:104} INFO - [2024-06-06 19:55:02,649] {dagbag.py:451} INFO - Filling up the DagBag from /home/airflow/.local/lib/python3.6/site-packages/airflow/example_dags/example_complex.py
[2024-06-06 19:55:02,671] {scheduler_job.py:639} INFO - DAG(s) dict_keys(['example_complex']) retrieved from /home/airflow/.local/lib/python3.6/site-packages/airflow/example_dags/example_complex.py
[2024-06-06 19:55:02,696] {logging_mixin.py:104} INFO - [2024-06-06 19:55:02,696] {dag.py:1824} INFO - Sync 1 DAGs
[2024-06-06 19:55:02,714] {logging_mixin.py:104} INFO - [2024-06-06 19:55:02,714] {dag.py:2280} INFO - Setting next_dagrun for example_complex to None
[2024-06-06 19:55:02,731] {scheduler_job.py:190} INFO - Processing /home/airflow/.local/lib/python3.6/site-packages/airflow/example_dags/example_complex.py took 0.086 seconds
[2024-06-06 19:55:33,075] {scheduler_job.py:182} INFO - Started process (PID=351) to work on /home/airflow/.local/lib/python3.6/site-packages/airflow/example_dags/example_complex.py
[2024-06-06 19:55:33,076] {scheduler_job.py:629} INFO - Processing file /home/airflow/.local/lib/python3.6/site-packages/airflow/example_dags/example_complex.py for tasks to queue
[2024-06-06 19:55:33,077] {logging_mixin.py:104} INFO - [2024-06-06 19:55:33,077] {dagbag.py:451} INFO - Filling up the DagBag from /home/airflow/.local/lib/python3.6/site-packages/airflow/example_dags/example_complex.py
[2024-06-06 19:55:33,097] {scheduler_job.py:639} INFO - DAG(s) dict_keys(['example_complex']) retrieved from /home/airflow/.local/lib/python3.6/site-packages/airflow/example_dags/example_complex.py
[2024-06-06 19:55:33,125] {logging_mixin.py:104} INFO - [2024-06-06 19:55:33,125] {dag.py:1824} INFO - Sync 1 DAGs
[2024-06-06 19:55:33,138] {logging_mixin.py:104} INFO - [2024-06-06 19:55:33,138] {dag.py:2280} INFO - Setting next_dagrun for example_complex to None
[2024-06-06 19:55:33,155] {scheduler_job.py:190} INFO - Processing /home/airflow/.local/lib/python3.6/site-packages/airflow/example_dags/example_complex.py took 0.083 seconds
[2024-06-06 19:56:03,729] {scheduler_job.py:182} INFO - Started process (PID=377) to work on /home/airflow/.local/lib/python3.6/site-packages/airflow/example_dags/example_complex.py
[2024-06-06 19:56:03,730] {scheduler_job.py:629} INFO - Processing file /home/airflow/.local/lib/python3.6/site-packages/airflow/example_dags/example_complex.py for tasks to queue
[2024-06-06 19:56:03,731] {logging_mixin.py:104} INFO - [2024-06-06 19:56:03,731] {dagbag.py:451} INFO - Filling up the DagBag from /home/airflow/.local/lib/python3.6/site-packages/airflow/example_dags/example_complex.py
[2024-06-06 19:56:03,751] {scheduler_job.py:639} INFO - DAG(s) dict_keys(['example_complex']) retrieved from /home/airflow/.local/lib/python3.6/site-packages/airflow/example_dags/example_complex.py
[2024-06-06 19:56:03,773] {logging_mixin.py:104} INFO - [2024-06-06 19:56:03,773] {dag.py:1824} INFO - Sync 1 DAGs
[2024-06-06 19:56:03,784] {logging_mixin.py:104} INFO - [2024-06-06 19:56:03,784] {dag.py:2280} INFO - Setting next_dagrun for example_complex to None
[2024-06-06 19:56:03,796] {scheduler_job.py:190} INFO - Processing /home/airflow/.local/lib/python3.6/site-packages/airflow/example_dags/example_complex.py took 0.070 seconds
[2024-06-06 19:56:34,281] {scheduler_job.py:182} INFO - Started process (PID=403) to work on /home/airflow/.local/lib/python3.6/site-packages/airflow/example_dags/example_complex.py
[2024-06-06 19:56:34,282] {scheduler_job.py:629} INFO - Processing file /home/airflow/.local/lib/python3.6/site-packages/airflow/example_dags/example_complex.py for tasks to queue
[2024-06-06 19:56:34,283] {logging_mixin.py:104} INFO - [2024-06-06 19:56:34,283] {dagbag.py:451} INFO - Filling up the DagBag from /home/airflow/.local/lib/python3.6/site-packages/airflow/example_dags/example_complex.py
[2024-06-06 19:56:34,309] {scheduler_job.py:639} INFO - DAG(s) dict_keys(['example_complex']) retrieved from /home/airflow/.local/lib/python3.6/site-packages/airflow/example_dags/example_complex.py
[2024-06-06 19:56:34,341] {logging_mixin.py:104} INFO - [2024-06-06 19:56:34,341] {dag.py:1824} INFO - Sync 1 DAGs
[2024-06-06 19:56:34,359] {logging_mixin.py:104} INFO - [2024-06-06 19:56:34,359] {dag.py:2280} INFO - Setting next_dagrun for example_complex to None
[2024-06-06 19:56:34,378] {scheduler_job.py:190} INFO - Processing /home/airflow/.local/lib/python3.6/site-packages/airflow/example_dags/example_complex.py took 0.101 seconds
[2024-06-06 19:57:04,833] {scheduler_job.py:182} INFO - Started process (PID=430) to work on /home/airflow/.local/lib/python3.6/site-packages/airflow/example_dags/example_complex.py
[2024-06-06 19:57:04,840] {scheduler_job.py:629} INFO - Processing file /home/airflow/.local/lib/python3.6/site-packages/airflow/example_dags/example_complex.py for tasks to queue
[2024-06-06 19:57:04,841] {logging_mixin.py:104} INFO - [2024-06-06 19:57:04,841] {dagbag.py:451} INFO - Filling up the DagBag from /home/airflow/.local/lib/python3.6/site-packages/airflow/example_dags/example_complex.py
[2024-06-06 19:57:04,863] {scheduler_job.py:639} INFO - DAG(s) dict_keys(['example_complex']) retrieved from /home/airflow/.local/lib/python3.6/site-packages/airflow/example_dags/example_complex.py
[2024-06-06 19:57:04,903] {logging_mixin.py:104} INFO - [2024-06-06 19:57:04,903] {dag.py:1824} INFO - Sync 1 DAGs
[2024-06-06 19:57:04,926] {logging_mixin.py:104} INFO - [2024-06-06 19:57:04,926] {dag.py:2280} INFO - Setting next_dagrun for example_complex to None
[2024-06-06 19:57:04,947] {scheduler_job.py:190} INFO - Processing /home/airflow/.local/lib/python3.6/site-packages/airflow/example_dags/example_complex.py took 0.117 seconds
[2024-06-06 19:57:35,516] {scheduler_job.py:182} INFO - Started process (PID=455) to work on /home/airflow/.local/lib/python3.6/site-packages/airflow/example_dags/example_complex.py
[2024-06-06 19:57:35,517] {scheduler_job.py:629} INFO - Processing file /home/airflow/.local/lib/python3.6/site-packages/airflow/example_dags/example_complex.py for tasks to queue
[2024-06-06 19:57:35,517] {logging_mixin.py:104} INFO - [2024-06-06 19:57:35,517] {dagbag.py:451} INFO - Filling up the DagBag from /home/airflow/.local/lib/python3.6/site-packages/airflow/example_dags/example_complex.py
[2024-06-06 19:57:35,534] {scheduler_job.py:639} INFO - DAG(s) dict_keys(['example_complex']) retrieved from /home/airflow/.local/lib/python3.6/site-packages/airflow/example_dags/example_complex.py
[2024-06-06 19:57:35,556] {logging_mixin.py:104} INFO - [2024-06-06 19:57:35,556] {dag.py:1824} INFO - Sync 1 DAGs
[2024-06-06 19:57:35,570] {logging_mixin.py:104} INFO - [2024-06-06 19:57:35,569] {dag.py:2280} INFO - Setting next_dagrun for example_complex to None
[2024-06-06 19:57:35,581] {scheduler_job.py:190} INFO - Processing /home/airflow/.local/lib/python3.6/site-packages/airflow/example_dags/example_complex.py took 0.069 seconds
[2024-06-06 19:58:06,017] {scheduler_job.py:182} INFO - Started process (PID=481) to work on /home/airflow/.local/lib/python3.6/site-packages/airflow/example_dags/example_complex.py
[2024-06-06 19:58:06,018] {scheduler_job.py:629} INFO - Processing file /home/airflow/.local/lib/python3.6/site-packages/airflow/example_dags/example_complex.py for tasks to queue
[2024-06-06 19:58:06,019] {logging_mixin.py:104} INFO - [2024-06-06 19:58:06,019] {dagbag.py:451} INFO - Filling up the DagBag from /home/airflow/.local/lib/python3.6/site-packages/airflow/example_dags/example_complex.py
[2024-06-06 19:58:06,039] {scheduler_job.py:639} INFO - DAG(s) dict_keys(['example_complex']) retrieved from /home/airflow/.local/lib/python3.6/site-packages/airflow/example_dags/example_complex.py
[2024-06-06 19:58:06,067] {logging_mixin.py:104} INFO - [2024-06-06 19:58:06,067] {dag.py:1824} INFO - Sync 1 DAGs
[2024-06-06 19:58:06,084] {logging_mixin.py:104} INFO - [2024-06-06 19:58:06,084] {dag.py:2280} INFO - Setting next_dagrun for example_complex to None
[2024-06-06 19:58:06,099] {scheduler_job.py:190} INFO - Processing /home/airflow/.local/lib/python3.6/site-packages/airflow/example_dags/example_complex.py took 0.086 seconds
[2024-06-06 19:58:36,644] {scheduler_job.py:182} INFO - Started process (PID=507) to work on /home/airflow/.local/lib/python3.6/site-packages/airflow/example_dags/example_complex.py
[2024-06-06 19:58:36,645] {scheduler_job.py:629} INFO - Processing file /home/airflow/.local/lib/python3.6/site-packages/airflow/example_dags/example_complex.py for tasks to queue
[2024-06-06 19:58:36,646] {logging_mixin.py:104} INFO - [2024-06-06 19:58:36,646] {dagbag.py:451} INFO - Filling up the DagBag from /home/airflow/.local/lib/python3.6/site-packages/airflow/example_dags/example_complex.py
[2024-06-06 19:58:36,662] {scheduler_job.py:639} INFO - DAG(s) dict_keys(['example_complex']) retrieved from /home/airflow/.local/lib/python3.6/site-packages/airflow/example_dags/example_complex.py
[2024-06-06 19:58:36,687] {logging_mixin.py:104} INFO - [2024-06-06 19:58:36,687] {dag.py:1824} INFO - Sync 1 DAGs
[2024-06-06 19:58:36,699] {logging_mixin.py:104} INFO - [2024-06-06 19:58:36,699] {dag.py:2280} INFO - Setting next_dagrun for example_complex to None
[2024-06-06 19:58:36,720] {scheduler_job.py:190} INFO - Processing /home/airflow/.local/lib/python3.6/site-packages/airflow/example_dags/example_complex.py took 0.079 seconds
[2024-06-06 19:59:07,043] {scheduler_job.py:182} INFO - Started process (PID=533) to work on /home/airflow/.local/lib/python3.6/site-packages/airflow/example_dags/example_complex.py
[2024-06-06 19:59:07,044] {scheduler_job.py:629} INFO - Processing file /home/airflow/.local/lib/python3.6/site-packages/airflow/example_dags/example_complex.py for tasks to queue
[2024-06-06 19:59:07,045] {logging_mixin.py:104} INFO - [2024-06-06 19:59:07,044] {dagbag.py:451} INFO - Filling up the DagBag from /home/airflow/.local/lib/python3.6/site-packages/airflow/example_dags/example_complex.py
[2024-06-06 19:59:07,061] {scheduler_job.py:639} INFO - DAG(s) dict_keys(['example_complex']) retrieved from /home/airflow/.local/lib/python3.6/site-packages/airflow/example_dags/example_complex.py
[2024-06-06 19:59:07,084] {logging_mixin.py:104} INFO - [2024-06-06 19:59:07,084] {dag.py:1824} INFO - Sync 1 DAGs
[2024-06-06 19:59:07,105] {logging_mixin.py:104} INFO - [2024-06-06 19:59:07,104] {dag.py:2280} INFO - Setting next_dagrun for example_complex to None
[2024-06-06 19:59:07,121] {scheduler_job.py:190} INFO - Processing /home/airflow/.local/lib/python3.6/site-packages/airflow/example_dags/example_complex.py took 0.081 seconds
[2024-06-06 19:59:37,730] {scheduler_job.py:182} INFO - Started process (PID=559) to work on /home/airflow/.local/lib/python3.6/site-packages/airflow/example_dags/example_complex.py
[2024-06-06 19:59:37,731] {scheduler_job.py:629} INFO - Processing file /home/airflow/.local/lib/python3.6/site-packages/airflow/example_dags/example_complex.py for tasks to queue
[2024-06-06 19:59:37,732] {logging_mixin.py:104} INFO - [2024-06-06 19:59:37,732] {dagbag.py:451} INFO - Filling up the DagBag from /home/airflow/.local/lib/python3.6/site-packages/airflow/example_dags/example_complex.py
[2024-06-06 19:59:37,751] {scheduler_job.py:639} INFO - DAG(s) dict_keys(['example_complex']) retrieved from /home/airflow/.local/lib/python3.6/site-packages/airflow/example_dags/example_complex.py
[2024-06-06 19:59:37,776] {logging_mixin.py:104} INFO - [2024-06-06 19:59:37,775] {dag.py:1824} INFO - Sync 1 DAGs
[2024-06-06 19:59:37,793] {logging_mixin.py:104} INFO - [2024-06-06 19:59:37,793] {dag.py:2280} INFO - Setting next_dagrun for example_complex to None
[2024-06-06 19:59:37,810] {scheduler_job.py:190} INFO - Processing /home/airflow/.local/lib/python3.6/site-packages/airflow/example_dags/example_complex.py took 0.084 seconds
[2024-06-06 20:00:08,223] {scheduler_job.py:182} INFO - Started process (PID=585) to work on /home/airflow/.local/lib/python3.6/site-packages/airflow/example_dags/example_complex.py
[2024-06-06 20:00:08,224] {scheduler_job.py:629} INFO - Processing file /home/airflow/.local/lib/python3.6/site-packages/airflow/example_dags/example_complex.py for tasks to queue
[2024-06-06 20:00:08,225] {logging_mixin.py:104} INFO - [2024-06-06 20:00:08,225] {dagbag.py:451} INFO - Filling up the DagBag from /home/airflow/.local/lib/python3.6/site-packages/airflow/example_dags/example_complex.py
[2024-06-06 20:00:08,245] {scheduler_job.py:639} INFO - DAG(s) dict_keys(['example_complex']) retrieved from /home/airflow/.local/lib/python3.6/site-packages/airflow/example_dags/example_complex.py
[2024-06-06 20:00:08,281] {logging_mixin.py:104} INFO - [2024-06-06 20:00:08,281] {dag.py:1824} INFO - Sync 1 DAGs
[2024-06-06 20:00:08,299] {logging_mixin.py:104} INFO - [2024-06-06 20:00:08,299] {dag.py:2280} INFO - Setting next_dagrun for example_complex to None
[2024-06-06 20:00:08,314] {scheduler_job.py:190} INFO - Processing /home/airflow/.local/lib/python3.6/site-packages/airflow/example_dags/example_complex.py took 0.094 seconds
[2024-06-06 20:00:38,579] {scheduler_job.py:182} INFO - Started process (PID=611) to work on /home/airflow/.local/lib/python3.6/site-packages/airflow/example_dags/example_complex.py
[2024-06-06 20:00:38,580] {scheduler_job.py:629} INFO - Processing file /home/airflow/.local/lib/python3.6/site-packages/airflow/example_dags/example_complex.py for tasks to queue
[2024-06-06 20:00:38,580] {logging_mixin.py:104} INFO - [2024-06-06 20:00:38,580] {dagbag.py:451} INFO - Filling up the DagBag from /home/airflow/.local/lib/python3.6/site-packages/airflow/example_dags/example_complex.py
[2024-06-06 20:00:38,597] {scheduler_job.py:639} INFO - DAG(s) dict_keys(['example_complex']) retrieved from /home/airflow/.local/lib/python3.6/site-packages/airflow/example_dags/example_complex.py
[2024-06-06 20:00:38,620] {logging_mixin.py:104} INFO - [2024-06-06 20:00:38,620] {dag.py:1824} INFO - Sync 1 DAGs
[2024-06-06 20:00:38,633] {logging_mixin.py:104} INFO - [2024-06-06 20:00:38,633] {dag.py:2280} INFO - Setting next_dagrun for example_complex to None
[2024-06-06 20:00:38,647] {scheduler_job.py:190} INFO - Processing /home/airflow/.local/lib/python3.6/site-packages/airflow/example_dags/example_complex.py took 0.071 seconds
[2024-06-06 20:01:09,052] {scheduler_job.py:182} INFO - Started process (PID=637) to work on /home/airflow/.local/lib/python3.6/site-packages/airflow/example_dags/example_complex.py
[2024-06-06 20:01:09,053] {scheduler_job.py:629} INFO - Processing file /home/airflow/.local/lib/python3.6/site-packages/airflow/example_dags/example_complex.py for tasks to queue
[2024-06-06 20:01:09,054] {logging_mixin.py:104} INFO - [2024-06-06 20:01:09,054] {dagbag.py:451} INFO - Filling up the DagBag from /home/airflow/.local/lib/python3.6/site-packages/airflow/example_dags/example_complex.py
[2024-06-06 20:01:09,065] {scheduler_job.py:639} INFO - DAG(s) dict_keys(['example_complex']) retrieved from /home/airflow/.local/lib/python3.6/site-packages/airflow/example_dags/example_complex.py
[2024-06-06 20:01:09,079] {logging_mixin.py:104} INFO - [2024-06-06 20:01:09,079] {dag.py:1824} INFO - Sync 1 DAGs
[2024-06-06 20:01:09,088] {logging_mixin.py:104} INFO - [2024-06-06 20:01:09,088] {dag.py:2280} INFO - Setting next_dagrun for example_complex to None
[2024-06-06 20:01:09,100] {scheduler_job.py:190} INFO - Processing /home/airflow/.local/lib/python3.6/site-packages/airflow/example_dags/example_complex.py took 0.050 seconds
[2024-06-06 20:01:39,359] {scheduler_job.py:182} INFO - Started process (PID=663) to work on /home/airflow/.local/lib/python3.6/site-packages/airflow/example_dags/example_complex.py
[2024-06-06 20:01:39,360] {scheduler_job.py:629} INFO - Processing file /home/airflow/.local/lib/python3.6/site-packages/airflow/example_dags/example_complex.py for tasks to queue
[2024-06-06 20:01:39,360] {logging_mixin.py:104} INFO - [2024-06-06 20:01:39,360] {dagbag.py:451} INFO - Filling up the DagBag from /home/airflow/.local/lib/python3.6/site-packages/airflow/example_dags/example_complex.py
[2024-06-06 20:01:39,377] {scheduler_job.py:639} INFO - DAG(s) dict_keys(['example_complex']) retrieved from /home/airflow/.local/lib/python3.6/site-packages/airflow/example_dags/example_complex.py
[2024-06-06 20:01:39,398] {logging_mixin.py:104} INFO - [2024-06-06 20:01:39,398] {dag.py:1824} INFO - Sync 1 DAGs
[2024-06-06 20:01:39,411] {logging_mixin.py:104} INFO - [2024-06-06 20:01:39,411] {dag.py:2280} INFO - Setting next_dagrun for example_complex to None
[2024-06-06 20:01:39,427] {scheduler_job.py:190} INFO - Processing /home/airflow/.local/lib/python3.6/site-packages/airflow/example_dags/example_complex.py took 0.072 seconds
[2024-06-06 20:02:09,800] {scheduler_job.py:182} INFO - Started process (PID=689) to work on /home/airflow/.local/lib/python3.6/site-packages/airflow/example_dags/example_complex.py
[2024-06-06 20:02:09,802] {scheduler_job.py:629} INFO - Processing file /home/airflow/.local/lib/python3.6/site-packages/airflow/example_dags/example_complex.py for tasks to queue
[2024-06-06 20:02:09,803] {logging_mixin.py:104} INFO - [2024-06-06 20:02:09,803] {dagbag.py:451} INFO - Filling up the DagBag from /home/airflow/.local/lib/python3.6/site-packages/airflow/example_dags/example_complex.py
[2024-06-06 20:02:09,819] {scheduler_job.py:639} INFO - DAG(s) dict_keys(['example_complex']) retrieved from /home/airflow/.local/lib/python3.6/site-packages/airflow/example_dags/example_complex.py
[2024-06-06 20:02:09,841] {logging_mixin.py:104} INFO - [2024-06-06 20:02:09,841] {dag.py:1824} INFO - Sync 1 DAGs
[2024-06-06 20:02:09,853] {logging_mixin.py:104} INFO - [2024-06-06 20:02:09,853] {dag.py:2280} INFO - Setting next_dagrun for example_complex to None
[2024-06-06 20:02:09,868] {scheduler_job.py:190} INFO - Processing /home/airflow/.local/lib/python3.6/site-packages/airflow/example_dags/example_complex.py took 0.070 seconds
[2024-06-06 20:02:40,167] {scheduler_job.py:182} INFO - Started process (PID=715) to work on /home/airflow/.local/lib/python3.6/site-packages/airflow/example_dags/example_complex.py
[2024-06-06 20:02:40,168] {scheduler_job.py:629} INFO - Processing file /home/airflow/.local/lib/python3.6/site-packages/airflow/example_dags/example_complex.py for tasks to queue
[2024-06-06 20:02:40,168] {logging_mixin.py:104} INFO - [2024-06-06 20:02:40,168] {dagbag.py:451} INFO - Filling up the DagBag from /home/airflow/.local/lib/python3.6/site-packages/airflow/example_dags/example_complex.py
[2024-06-06 20:02:40,185] {scheduler_job.py:639} INFO - DAG(s) dict_keys(['example_complex']) retrieved from /home/airflow/.local/lib/python3.6/site-packages/airflow/example_dags/example_complex.py
[2024-06-06 20:02:40,208] {logging_mixin.py:104} INFO - [2024-06-06 20:02:40,208] {dag.py:1824} INFO - Sync 1 DAGs
[2024-06-06 20:02:40,221] {logging_mixin.py:104} INFO - [2024-06-06 20:02:40,220] {dag.py:2280} INFO - Setting next_dagrun for example_complex to None
[2024-06-06 20:02:40,232] {scheduler_job.py:190} INFO - Processing /home/airflow/.local/lib/python3.6/site-packages/airflow/example_dags/example_complex.py took 0.068 seconds
[2024-06-06 20:03:10,507] {scheduler_job.py:182} INFO - Started process (PID=741) to work on /home/airflow/.local/lib/python3.6/site-packages/airflow/example_dags/example_complex.py
[2024-06-06 20:03:10,509] {scheduler_job.py:629} INFO - Processing file /home/airflow/.local/lib/python3.6/site-packages/airflow/example_dags/example_complex.py for tasks to queue
[2024-06-06 20:03:10,510] {logging_mixin.py:104} INFO - [2024-06-06 20:03:10,510] {dagbag.py:451} INFO - Filling up the DagBag from /home/airflow/.local/lib/python3.6/site-packages/airflow/example_dags/example_complex.py
[2024-06-06 20:03:10,533] {scheduler_job.py:639} INFO - DAG(s) dict_keys(['example_complex']) retrieved from /home/airflow/.local/lib/python3.6/site-packages/airflow/example_dags/example_complex.py
[2024-06-06 20:03:10,564] {logging_mixin.py:104} INFO - [2024-06-06 20:03:10,564] {dag.py:1824} INFO - Sync 1 DAGs
[2024-06-06 20:03:10,583] {logging_mixin.py:104} INFO - [2024-06-06 20:03:10,583] {dag.py:2280} INFO - Setting next_dagrun for example_complex to None
[2024-06-06 20:03:10,603] {scheduler_job.py:190} INFO - Processing /home/airflow/.local/lib/python3.6/site-packages/airflow/example_dags/example_complex.py took 0.100 seconds
[2024-06-06 20:03:41,036] {scheduler_job.py:182} INFO - Started process (PID=767) to work on /home/airflow/.local/lib/python3.6/site-packages/airflow/example_dags/example_complex.py
[2024-06-06 20:03:41,037] {scheduler_job.py:629} INFO - Processing file /home/airflow/.local/lib/python3.6/site-packages/airflow/example_dags/example_complex.py for tasks to queue
[2024-06-06 20:03:41,037] {logging_mixin.py:104} INFO - [2024-06-06 20:03:41,037] {dagbag.py:451} INFO - Filling up the DagBag from /home/airflow/.local/lib/python3.6/site-packages/airflow/example_dags/example_complex.py
[2024-06-06 20:03:41,058] {scheduler_job.py:639} INFO - DAG(s) dict_keys(['example_complex']) retrieved from /home/airflow/.local/lib/python3.6/site-packages/airflow/example_dags/example_complex.py
[2024-06-06 20:03:41,087] {logging_mixin.py:104} INFO - [2024-06-06 20:03:41,086] {dag.py:1824} INFO - Sync 1 DAGs
[2024-06-06 20:03:41,102] {logging_mixin.py:104} INFO - [2024-06-06 20:03:41,102] {dag.py:2280} INFO - Setting next_dagrun for example_complex to None
[2024-06-06 20:03:41,118] {scheduler_job.py:190} INFO - Processing /home/airflow/.local/lib/python3.6/site-packages/airflow/example_dags/example_complex.py took 0.086 seconds
[2024-06-06 20:04:11,495] {scheduler_job.py:182} INFO - Started process (PID=793) to work on /home/airflow/.local/lib/python3.6/site-packages/airflow/example_dags/example_complex.py
[2024-06-06 20:04:11,496] {scheduler_job.py:629} INFO - Processing file /home/airflow/.local/lib/python3.6/site-packages/airflow/example_dags/example_complex.py for tasks to queue
[2024-06-06 20:04:11,496] {logging_mixin.py:104} INFO - [2024-06-06 20:04:11,496] {dagbag.py:451} INFO - Filling up the DagBag from /home/airflow/.local/lib/python3.6/site-packages/airflow/example_dags/example_complex.py
[2024-06-06 20:04:11,513] {scheduler_job.py:639} INFO - DAG(s) dict_keys(['example_complex']) retrieved from /home/airflow/.local/lib/python3.6/site-packages/airflow/example_dags/example_complex.py
[2024-06-06 20:04:11,535] {logging_mixin.py:104} INFO - [2024-06-06 20:04:11,535] {dag.py:1824} INFO - Sync 1 DAGs
[2024-06-06 20:04:11,548] {logging_mixin.py:104} INFO - [2024-06-06 20:04:11,548] {dag.py:2280} INFO - Setting next_dagrun for example_complex to None
[2024-06-06 20:04:11,560] {scheduler_job.py:190} INFO - Processing /home/airflow/.local/lib/python3.6/site-packages/airflow/example_dags/example_complex.py took 0.069 seconds
[2024-06-06 20:04:41,889] {scheduler_job.py:182} INFO - Started process (PID=819) to work on /home/airflow/.local/lib/python3.6/site-packages/airflow/example_dags/example_complex.py
[2024-06-06 20:04:41,890] {scheduler_job.py:629} INFO - Processing file /home/airflow/.local/lib/python3.6/site-packages/airflow/example_dags/example_complex.py for tasks to queue
[2024-06-06 20:04:41,891] {logging_mixin.py:104} INFO - [2024-06-06 20:04:41,891] {dagbag.py:451} INFO - Filling up the DagBag from /home/airflow/.local/lib/python3.6/site-packages/airflow/example_dags/example_complex.py
[2024-06-06 20:04:41,917] {scheduler_job.py:639} INFO - DAG(s) dict_keys(['example_complex']) retrieved from /home/airflow/.local/lib/python3.6/site-packages/airflow/example_dags/example_complex.py
[2024-06-06 20:04:41,958] {logging_mixin.py:104} INFO - [2024-06-06 20:04:41,958] {dag.py:1824} INFO - Sync 1 DAGs
[2024-06-06 20:04:41,982] {logging_mixin.py:104} INFO - [2024-06-06 20:04:41,982] {dag.py:2280} INFO - Setting next_dagrun for example_complex to None
[2024-06-06 20:04:42,005] {scheduler_job.py:190} INFO - Processing /home/airflow/.local/lib/python3.6/site-packages/airflow/example_dags/example_complex.py took 0.120 seconds
[2024-06-06 20:05:12,375] {scheduler_job.py:182} INFO - Started process (PID=845) to work on /home/airflow/.local/lib/python3.6/site-packages/airflow/example_dags/example_complex.py
[2024-06-06 20:05:12,375] {scheduler_job.py:629} INFO - Processing file /home/airflow/.local/lib/python3.6/site-packages/airflow/example_dags/example_complex.py for tasks to queue
[2024-06-06 20:05:12,375] {logging_mixin.py:104} INFO - [2024-06-06 20:05:12,375] {dagbag.py:451} INFO - Filling up the DagBag from /home/airflow/.local/lib/python3.6/site-packages/airflow/example_dags/example_complex.py
[2024-06-06 20:05:12,385] {scheduler_job.py:639} INFO - DAG(s) dict_keys(['example_complex']) retrieved from /home/airflow/.local/lib/python3.6/site-packages/airflow/example_dags/example_complex.py
[2024-06-06 20:05:12,399] {logging_mixin.py:104} INFO - [2024-06-06 20:05:12,399] {dag.py:1824} INFO - Sync 1 DAGs
[2024-06-06 20:05:12,409] {logging_mixin.py:104} INFO - [2024-06-06 20:05:12,409] {dag.py:2280} INFO - Setting next_dagrun for example_complex to None
[2024-06-06 20:05:12,416] {scheduler_job.py:190} INFO - Processing /home/airflow/.local/lib/python3.6/site-packages/airflow/example_dags/example_complex.py took 0.044 seconds
[2024-06-06 20:05:42,741] {scheduler_job.py:182} INFO - Started process (PID=871) to work on /home/airflow/.local/lib/python3.6/site-packages/airflow/example_dags/example_complex.py
[2024-06-06 20:05:42,743] {scheduler_job.py:629} INFO - Processing file /home/airflow/.local/lib/python3.6/site-packages/airflow/example_dags/example_complex.py for tasks to queue
[2024-06-06 20:05:42,743] {logging_mixin.py:104} INFO - [2024-06-06 20:05:42,743] {dagbag.py:451} INFO - Filling up the DagBag from /home/airflow/.local/lib/python3.6/site-packages/airflow/example_dags/example_complex.py
[2024-06-06 20:05:42,767] {scheduler_job.py:639} INFO - DAG(s) dict_keys(['example_complex']) retrieved from /home/airflow/.local/lib/python3.6/site-packages/airflow/example_dags/example_complex.py
