[2024-06-06 19:49:57,650] {scheduler_job.py:182} INFO - Started process (PID=44) to work on /home/airflow/.local/lib/python3.6/site-packages/airflow/example_dags/example_latest_only_with_trigger.py
[2024-06-06 19:49:57,651] {scheduler_job.py:629} INFO - Processing file /home/airflow/.local/lib/python3.6/site-packages/airflow/example_dags/example_latest_only_with_trigger.py for tasks to queue
[2024-06-06 19:49:57,651] {logging_mixin.py:104} INFO - [2024-06-06 19:49:57,651] {dagbag.py:451} INFO - Filling up the DagBag from /home/airflow/.local/lib/python3.6/site-packages/airflow/example_dags/example_latest_only_with_trigger.py
[2024-06-06 19:49:57,662] {scheduler_job.py:639} INFO - DAG(s) dict_keys(['latest_only_with_trigger']) retrieved from /home/airflow/.local/lib/python3.6/site-packages/airflow/example_dags/example_latest_only_with_trigger.py
[2024-06-06 19:49:57,682] {logging_mixin.py:104} INFO - [2024-06-06 19:49:57,682] {dag.py:1824} INFO - Sync 1 DAGs
[2024-06-06 19:49:57,692] {logging_mixin.py:104} INFO - [2024-06-06 19:49:57,692] {dag.py:1843} INFO - Creating ORM DAG for latest_only_with_trigger
[2024-06-06 19:49:57,697] {logging_mixin.py:104} INFO - [2024-06-06 19:49:57,697] {dag.py:2280} INFO - Setting next_dagrun for latest_only_with_trigger to 2024-06-04 00:00:00+00:00
[2024-06-06 19:49:57,709] {scheduler_job.py:190} INFO - Processing /home/airflow/.local/lib/python3.6/site-packages/airflow/example_dags/example_latest_only_with_trigger.py took 0.062 seconds
[2024-06-06 19:50:28,781] {scheduler_job.py:182} INFO - Started process (PID=70) to work on /home/airflow/.local/lib/python3.6/site-packages/airflow/example_dags/example_latest_only_with_trigger.py
[2024-06-06 19:50:28,782] {scheduler_job.py:629} INFO - Processing file /home/airflow/.local/lib/python3.6/site-packages/airflow/example_dags/example_latest_only_with_trigger.py for tasks to queue
[2024-06-06 19:50:28,783] {logging_mixin.py:104} INFO - [2024-06-06 19:50:28,783] {dagbag.py:451} INFO - Filling up the DagBag from /home/airflow/.local/lib/python3.6/site-packages/airflow/example_dags/example_latest_only_with_trigger.py
[2024-06-06 19:50:28,795] {scheduler_job.py:639} INFO - DAG(s) dict_keys(['latest_only_with_trigger']) retrieved from /home/airflow/.local/lib/python3.6/site-packages/airflow/example_dags/example_latest_only_with_trigger.py
[2024-06-06 19:50:28,818] {logging_mixin.py:104} INFO - [2024-06-06 19:50:28,818] {dag.py:1824} INFO - Sync 1 DAGs
[2024-06-06 19:50:28,841] {logging_mixin.py:104} INFO - [2024-06-06 19:50:28,841] {dag.py:2280} INFO - Setting next_dagrun for latest_only_with_trigger to 2024-06-04 00:00:00+00:00
[2024-06-06 19:50:28,858] {scheduler_job.py:190} INFO - Processing /home/airflow/.local/lib/python3.6/site-packages/airflow/example_dags/example_latest_only_with_trigger.py took 0.080 seconds
[2024-06-06 19:50:58,937] {scheduler_job.py:182} INFO - Started process (PID=92) to work on /home/airflow/.local/lib/python3.6/site-packages/airflow/example_dags/example_latest_only_with_trigger.py
[2024-06-06 19:50:58,938] {scheduler_job.py:629} INFO - Processing file /home/airflow/.local/lib/python3.6/site-packages/airflow/example_dags/example_latest_only_with_trigger.py for tasks to queue
[2024-06-06 19:50:58,939] {logging_mixin.py:104} INFO - [2024-06-06 19:50:58,939] {dagbag.py:451} INFO - Filling up the DagBag from /home/airflow/.local/lib/python3.6/site-packages/airflow/example_dags/example_latest_only_with_trigger.py
[2024-06-06 19:50:58,952] {scheduler_job.py:639} INFO - DAG(s) dict_keys(['latest_only_with_trigger']) retrieved from /home/airflow/.local/lib/python3.6/site-packages/airflow/example_dags/example_latest_only_with_trigger.py
[2024-06-06 19:50:58,981] {logging_mixin.py:104} INFO - [2024-06-06 19:50:58,981] {dag.py:1824} INFO - Sync 1 DAGs
[2024-06-06 19:50:59,002] {logging_mixin.py:104} INFO - [2024-06-06 19:50:59,002] {dag.py:2280} INFO - Setting next_dagrun for latest_only_with_trigger to 2024-06-04 00:00:00+00:00
[2024-06-06 19:50:59,019] {scheduler_job.py:190} INFO - Processing /home/airflow/.local/lib/python3.6/site-packages/airflow/example_dags/example_latest_only_with_trigger.py took 0.085 seconds
[2024-06-06 19:51:29,313] {scheduler_job.py:182} INFO - Started process (PID=118) to work on /home/airflow/.local/lib/python3.6/site-packages/airflow/example_dags/example_latest_only_with_trigger.py
[2024-06-06 19:51:29,315] {scheduler_job.py:629} INFO - Processing file /home/airflow/.local/lib/python3.6/site-packages/airflow/example_dags/example_latest_only_with_trigger.py for tasks to queue
[2024-06-06 19:51:29,315] {logging_mixin.py:104} INFO - [2024-06-06 19:51:29,315] {dagbag.py:451} INFO - Filling up the DagBag from /home/airflow/.local/lib/python3.6/site-packages/airflow/example_dags/example_latest_only_with_trigger.py
[2024-06-06 19:51:29,328] {scheduler_job.py:639} INFO - DAG(s) dict_keys(['latest_only_with_trigger']) retrieved from /home/airflow/.local/lib/python3.6/site-packages/airflow/example_dags/example_latest_only_with_trigger.py
[2024-06-06 19:51:29,353] {logging_mixin.py:104} INFO - [2024-06-06 19:51:29,353] {dag.py:1824} INFO - Sync 1 DAGs
[2024-06-06 19:51:29,373] {logging_mixin.py:104} INFO - [2024-06-06 19:51:29,372] {dag.py:2280} INFO - Setting next_dagrun for latest_only_with_trigger to 2024-06-04 00:00:00+00:00
[2024-06-06 19:51:29,388] {scheduler_job.py:190} INFO - Processing /home/airflow/.local/lib/python3.6/site-packages/airflow/example_dags/example_latest_only_with_trigger.py took 0.078 seconds
[2024-06-06 19:51:59,616] {scheduler_job.py:182} INFO - Started process (PID=144) to work on /home/airflow/.local/lib/python3.6/site-packages/airflow/example_dags/example_latest_only_with_trigger.py
[2024-06-06 19:51:59,617] {scheduler_job.py:629} INFO - Processing file /home/airflow/.local/lib/python3.6/site-packages/airflow/example_dags/example_latest_only_with_trigger.py for tasks to queue
[2024-06-06 19:51:59,618] {logging_mixin.py:104} INFO - [2024-06-06 19:51:59,617] {dagbag.py:451} INFO - Filling up the DagBag from /home/airflow/.local/lib/python3.6/site-packages/airflow/example_dags/example_latest_only_with_trigger.py
[2024-06-06 19:51:59,632] {scheduler_job.py:639} INFO - DAG(s) dict_keys(['latest_only_with_trigger']) retrieved from /home/airflow/.local/lib/python3.6/site-packages/airflow/example_dags/example_latest_only_with_trigger.py
[2024-06-06 19:51:59,664] {logging_mixin.py:104} INFO - [2024-06-06 19:51:59,664] {dag.py:1824} INFO - Sync 1 DAGs
[2024-06-06 19:51:59,689] {logging_mixin.py:104} INFO - [2024-06-06 19:51:59,688] {dag.py:2280} INFO - Setting next_dagrun for latest_only_with_trigger to 2024-06-04 00:00:00+00:00
[2024-06-06 19:51:59,710] {scheduler_job.py:190} INFO - Processing /home/airflow/.local/lib/python3.6/site-packages/airflow/example_dags/example_latest_only_with_trigger.py took 0.098 seconds
[2024-06-06 19:52:30,220] {scheduler_job.py:182} INFO - Started process (PID=173) to work on /home/airflow/.local/lib/python3.6/site-packages/airflow/example_dags/example_latest_only_with_trigger.py
[2024-06-06 19:52:30,222] {scheduler_job.py:629} INFO - Processing file /home/airflow/.local/lib/python3.6/site-packages/airflow/example_dags/example_latest_only_with_trigger.py for tasks to queue
[2024-06-06 19:52:30,223] {logging_mixin.py:104} INFO - [2024-06-06 19:52:30,223] {dagbag.py:451} INFO - Filling up the DagBag from /home/airflow/.local/lib/python3.6/site-packages/airflow/example_dags/example_latest_only_with_trigger.py
[2024-06-06 19:52:30,236] {scheduler_job.py:639} INFO - DAG(s) dict_keys(['latest_only_with_trigger']) retrieved from /home/airflow/.local/lib/python3.6/site-packages/airflow/example_dags/example_latest_only_with_trigger.py
[2024-06-06 19:52:30,270] {logging_mixin.py:104} INFO - [2024-06-06 19:52:30,270] {dag.py:1824} INFO - Sync 1 DAGs
[2024-06-06 19:52:30,298] {logging_mixin.py:104} INFO - [2024-06-06 19:52:30,298] {dag.py:2280} INFO - Setting next_dagrun for latest_only_with_trigger to 2024-06-04 00:00:00+00:00
[2024-06-06 19:52:30,315] {scheduler_job.py:190} INFO - Processing /home/airflow/.local/lib/python3.6/site-packages/airflow/example_dags/example_latest_only_with_trigger.py took 0.098 seconds
[2024-06-06 19:53:00,600] {scheduler_job.py:182} INFO - Started process (PID=196) to work on /home/airflow/.local/lib/python3.6/site-packages/airflow/example_dags/example_latest_only_with_trigger.py
[2024-06-06 19:53:00,601] {scheduler_job.py:629} INFO - Processing file /home/airflow/.local/lib/python3.6/site-packages/airflow/example_dags/example_latest_only_with_trigger.py for tasks to queue
[2024-06-06 19:53:00,601] {logging_mixin.py:104} INFO - [2024-06-06 19:53:00,601] {dagbag.py:451} INFO - Filling up the DagBag from /home/airflow/.local/lib/python3.6/site-packages/airflow/example_dags/example_latest_only_with_trigger.py
[2024-06-06 19:53:00,614] {scheduler_job.py:639} INFO - DAG(s) dict_keys(['latest_only_with_trigger']) retrieved from /home/airflow/.local/lib/python3.6/site-packages/airflow/example_dags/example_latest_only_with_trigger.py
[2024-06-06 19:53:00,649] {logging_mixin.py:104} INFO - [2024-06-06 19:53:00,649] {dag.py:1824} INFO - Sync 1 DAGs
[2024-06-06 19:53:00,668] {logging_mixin.py:104} INFO - [2024-06-06 19:53:00,668] {dag.py:2280} INFO - Setting next_dagrun for latest_only_with_trigger to 2024-06-04 00:00:00+00:00
[2024-06-06 19:53:00,682] {scheduler_job.py:190} INFO - Processing /home/airflow/.local/lib/python3.6/site-packages/airflow/example_dags/example_latest_only_with_trigger.py took 0.086 seconds
[2024-06-06 19:53:31,058] {scheduler_job.py:182} INFO - Started process (PID=222) to work on /home/airflow/.local/lib/python3.6/site-packages/airflow/example_dags/example_latest_only_with_trigger.py
[2024-06-06 19:53:31,059] {scheduler_job.py:629} INFO - Processing file /home/airflow/.local/lib/python3.6/site-packages/airflow/example_dags/example_latest_only_with_trigger.py for tasks to queue
[2024-06-06 19:53:31,059] {logging_mixin.py:104} INFO - [2024-06-06 19:53:31,059] {dagbag.py:451} INFO - Filling up the DagBag from /home/airflow/.local/lib/python3.6/site-packages/airflow/example_dags/example_latest_only_with_trigger.py
[2024-06-06 19:53:31,071] {scheduler_job.py:639} INFO - DAG(s) dict_keys(['latest_only_with_trigger']) retrieved from /home/airflow/.local/lib/python3.6/site-packages/airflow/example_dags/example_latest_only_with_trigger.py
[2024-06-06 19:53:31,101] {logging_mixin.py:104} INFO - [2024-06-06 19:53:31,101] {dag.py:1824} INFO - Sync 1 DAGs
[2024-06-06 19:53:31,117] {logging_mixin.py:104} INFO - [2024-06-06 19:53:31,116] {dag.py:2280} INFO - Setting next_dagrun for latest_only_with_trigger to 2024-06-04 00:00:00+00:00
[2024-06-06 19:53:31,133] {scheduler_job.py:190} INFO - Processing /home/airflow/.local/lib/python3.6/site-packages/airflow/example_dags/example_latest_only_with_trigger.py took 0.078 seconds
[2024-06-06 19:54:01,820] {scheduler_job.py:182} INFO - Started process (PID=252) to work on /home/airflow/.local/lib/python3.6/site-packages/airflow/example_dags/example_latest_only_with_trigger.py
[2024-06-06 19:54:01,821] {scheduler_job.py:629} INFO - Processing file /home/airflow/.local/lib/python3.6/site-packages/airflow/example_dags/example_latest_only_with_trigger.py for tasks to queue
[2024-06-06 19:54:01,821] {logging_mixin.py:104} INFO - [2024-06-06 19:54:01,821] {dagbag.py:451} INFO - Filling up the DagBag from /home/airflow/.local/lib/python3.6/site-packages/airflow/example_dags/example_latest_only_with_trigger.py
[2024-06-06 19:54:01,833] {scheduler_job.py:639} INFO - DAG(s) dict_keys(['latest_only_with_trigger']) retrieved from /home/airflow/.local/lib/python3.6/site-packages/airflow/example_dags/example_latest_only_with_trigger.py
[2024-06-06 19:54:01,863] {logging_mixin.py:104} INFO - [2024-06-06 19:54:01,863] {dag.py:1824} INFO - Sync 1 DAGs
[2024-06-06 19:54:01,878] {logging_mixin.py:104} INFO - [2024-06-06 19:54:01,878] {dag.py:2280} INFO - Setting next_dagrun for latest_only_with_trigger to 2024-06-04 00:00:00+00:00
[2024-06-06 19:54:01,891] {scheduler_job.py:190} INFO - Processing /home/airflow/.local/lib/python3.6/site-packages/airflow/example_dags/example_latest_only_with_trigger.py took 0.075 seconds
[2024-06-06 19:54:32,268] {scheduler_job.py:182} INFO - Started process (PID=278) to work on /home/airflow/.local/lib/python3.6/site-packages/airflow/example_dags/example_latest_only_with_trigger.py
[2024-06-06 19:54:32,269] {scheduler_job.py:629} INFO - Processing file /home/airflow/.local/lib/python3.6/site-packages/airflow/example_dags/example_latest_only_with_trigger.py for tasks to queue
[2024-06-06 19:54:32,270] {logging_mixin.py:104} INFO - [2024-06-06 19:54:32,269] {dagbag.py:451} INFO - Filling up the DagBag from /home/airflow/.local/lib/python3.6/site-packages/airflow/example_dags/example_latest_only_with_trigger.py
[2024-06-06 19:54:32,282] {scheduler_job.py:639} INFO - DAG(s) dict_keys(['latest_only_with_trigger']) retrieved from /home/airflow/.local/lib/python3.6/site-packages/airflow/example_dags/example_latest_only_with_trigger.py
[2024-06-06 19:54:32,313] {logging_mixin.py:104} INFO - [2024-06-06 19:54:32,313] {dag.py:1824} INFO - Sync 1 DAGs
[2024-06-06 19:54:32,331] {logging_mixin.py:104} INFO - [2024-06-06 19:54:32,331] {dag.py:2280} INFO - Setting next_dagrun for latest_only_with_trigger to 2024-06-04 00:00:00+00:00
[2024-06-06 19:54:32,345] {scheduler_job.py:190} INFO - Processing /home/airflow/.local/lib/python3.6/site-packages/airflow/example_dags/example_latest_only_with_trigger.py took 0.081 seconds
[2024-06-06 19:55:02,480] {scheduler_job.py:182} INFO - Started process (PID=301) to work on /home/airflow/.local/lib/python3.6/site-packages/airflow/example_dags/example_latest_only_with_trigger.py
[2024-06-06 19:55:02,481] {scheduler_job.py:629} INFO - Processing file /home/airflow/.local/lib/python3.6/site-packages/airflow/example_dags/example_latest_only_with_trigger.py for tasks to queue
[2024-06-06 19:55:02,482] {logging_mixin.py:104} INFO - [2024-06-06 19:55:02,482] {dagbag.py:451} INFO - Filling up the DagBag from /home/airflow/.local/lib/python3.6/site-packages/airflow/example_dags/example_latest_only_with_trigger.py
[2024-06-06 19:55:02,498] {scheduler_job.py:639} INFO - DAG(s) dict_keys(['latest_only_with_trigger']) retrieved from /home/airflow/.local/lib/python3.6/site-packages/airflow/example_dags/example_latest_only_with_trigger.py
[2024-06-06 19:55:02,522] {logging_mixin.py:104} INFO - [2024-06-06 19:55:02,521] {dag.py:1824} INFO - Sync 1 DAGs
[2024-06-06 19:55:02,537] {logging_mixin.py:104} INFO - [2024-06-06 19:55:02,537] {dag.py:2280} INFO - Setting next_dagrun for latest_only_with_trigger to 2024-06-04 00:00:00+00:00
[2024-06-06 19:55:02,553] {scheduler_job.py:190} INFO - Processing /home/airflow/.local/lib/python3.6/site-packages/airflow/example_dags/example_latest_only_with_trigger.py took 0.077 seconds
[2024-06-06 19:55:33,305] {scheduler_job.py:182} INFO - Started process (PID=354) to work on /home/airflow/.local/lib/python3.6/site-packages/airflow/example_dags/example_latest_only_with_trigger.py
[2024-06-06 19:55:33,306] {scheduler_job.py:629} INFO - Processing file /home/airflow/.local/lib/python3.6/site-packages/airflow/example_dags/example_latest_only_with_trigger.py for tasks to queue
[2024-06-06 19:55:33,306] {logging_mixin.py:104} INFO - [2024-06-06 19:55:33,306] {dagbag.py:451} INFO - Filling up the DagBag from /home/airflow/.local/lib/python3.6/site-packages/airflow/example_dags/example_latest_only_with_trigger.py
[2024-06-06 19:55:33,323] {scheduler_job.py:639} INFO - DAG(s) dict_keys(['latest_only_with_trigger']) retrieved from /home/airflow/.local/lib/python3.6/site-packages/airflow/example_dags/example_latest_only_with_trigger.py
[2024-06-06 19:55:33,345] {logging_mixin.py:104} INFO - [2024-06-06 19:55:33,345] {dag.py:1824} INFO - Sync 1 DAGs
[2024-06-06 19:55:33,362] {logging_mixin.py:104} INFO - [2024-06-06 19:55:33,362] {dag.py:2280} INFO - Setting next_dagrun for latest_only_with_trigger to 2024-06-04 00:00:00+00:00
[2024-06-06 19:55:33,379] {scheduler_job.py:190} INFO - Processing /home/airflow/.local/lib/python3.6/site-packages/airflow/example_dags/example_latest_only_with_trigger.py took 0.077 seconds
[2024-06-06 19:56:03,897] {scheduler_job.py:182} INFO - Started process (PID=380) to work on /home/airflow/.local/lib/python3.6/site-packages/airflow/example_dags/example_latest_only_with_trigger.py
[2024-06-06 19:56:03,898] {scheduler_job.py:629} INFO - Processing file /home/airflow/.local/lib/python3.6/site-packages/airflow/example_dags/example_latest_only_with_trigger.py for tasks to queue
[2024-06-06 19:56:03,899] {logging_mixin.py:104} INFO - [2024-06-06 19:56:03,898] {dagbag.py:451} INFO - Filling up the DagBag from /home/airflow/.local/lib/python3.6/site-packages/airflow/example_dags/example_latest_only_with_trigger.py
[2024-06-06 19:56:03,912] {scheduler_job.py:639} INFO - DAG(s) dict_keys(['latest_only_with_trigger']) retrieved from /home/airflow/.local/lib/python3.6/site-packages/airflow/example_dags/example_latest_only_with_trigger.py
[2024-06-06 19:56:03,934] {logging_mixin.py:104} INFO - [2024-06-06 19:56:03,934] {dag.py:1824} INFO - Sync 1 DAGs
[2024-06-06 19:56:03,947] {logging_mixin.py:104} INFO - [2024-06-06 19:56:03,947] {dag.py:2280} INFO - Setting next_dagrun for latest_only_with_trigger to 2024-06-04 00:00:00+00:00
[2024-06-06 19:56:03,958] {scheduler_job.py:190} INFO - Processing /home/airflow/.local/lib/python3.6/site-packages/airflow/example_dags/example_latest_only_with_trigger.py took 0.064 seconds
[2024-06-06 19:56:34,508] {scheduler_job.py:182} INFO - Started process (PID=406) to work on /home/airflow/.local/lib/python3.6/site-packages/airflow/example_dags/example_latest_only_with_trigger.py
[2024-06-06 19:56:34,510] {scheduler_job.py:629} INFO - Processing file /home/airflow/.local/lib/python3.6/site-packages/airflow/example_dags/example_latest_only_with_trigger.py for tasks to queue
[2024-06-06 19:56:34,510] {logging_mixin.py:104} INFO - [2024-06-06 19:56:34,510] {dagbag.py:451} INFO - Filling up the DagBag from /home/airflow/.local/lib/python3.6/site-packages/airflow/example_dags/example_latest_only_with_trigger.py
[2024-06-06 19:56:34,528] {scheduler_job.py:639} INFO - DAG(s) dict_keys(['latest_only_with_trigger']) retrieved from /home/airflow/.local/lib/python3.6/site-packages/airflow/example_dags/example_latest_only_with_trigger.py
[2024-06-06 19:56:34,552] {logging_mixin.py:104} INFO - [2024-06-06 19:56:34,552] {dag.py:1824} INFO - Sync 1 DAGs
[2024-06-06 19:56:34,568] {logging_mixin.py:104} INFO - [2024-06-06 19:56:34,568] {dag.py:2280} INFO - Setting next_dagrun for latest_only_with_trigger to 2024-06-04 00:00:00+00:00
[2024-06-06 19:56:34,581] {scheduler_job.py:190} INFO - Processing /home/airflow/.local/lib/python3.6/site-packages/airflow/example_dags/example_latest_only_with_trigger.py took 0.077 seconds
[2024-06-06 19:57:04,757] {scheduler_job.py:182} INFO - Started process (PID=429) to work on /home/airflow/.local/lib/python3.6/site-packages/airflow/example_dags/example_latest_only_with_trigger.py
[2024-06-06 19:57:04,763] {scheduler_job.py:629} INFO - Processing file /home/airflow/.local/lib/python3.6/site-packages/airflow/example_dags/example_latest_only_with_trigger.py for tasks to queue
[2024-06-06 19:57:04,763] {logging_mixin.py:104} INFO - [2024-06-06 19:57:04,763] {dagbag.py:451} INFO - Filling up the DagBag from /home/airflow/.local/lib/python3.6/site-packages/airflow/example_dags/example_latest_only_with_trigger.py
[2024-06-06 19:57:04,772] {scheduler_job.py:639} INFO - DAG(s) dict_keys(['latest_only_with_trigger']) retrieved from /home/airflow/.local/lib/python3.6/site-packages/airflow/example_dags/example_latest_only_with_trigger.py
[2024-06-06 19:57:04,792] {logging_mixin.py:104} INFO - [2024-06-06 19:57:04,792] {dag.py:1824} INFO - Sync 1 DAGs
[2024-06-06 19:57:04,804] {logging_mixin.py:104} INFO - [2024-06-06 19:57:04,804] {dag.py:2280} INFO - Setting next_dagrun for latest_only_with_trigger to 2024-06-04 00:00:00+00:00
[2024-06-06 19:57:04,816] {scheduler_job.py:190} INFO - Processing /home/airflow/.local/lib/python3.6/site-packages/airflow/example_dags/example_latest_only_with_trigger.py took 0.062 seconds
[2024-06-06 19:57:35,891] {scheduler_job.py:182} INFO - Started process (PID=462) to work on /home/airflow/.local/lib/python3.6/site-packages/airflow/example_dags/example_latest_only_with_trigger.py
[2024-06-06 19:57:35,892] {scheduler_job.py:629} INFO - Processing file /home/airflow/.local/lib/python3.6/site-packages/airflow/example_dags/example_latest_only_with_trigger.py for tasks to queue
[2024-06-06 19:57:35,892] {logging_mixin.py:104} INFO - [2024-06-06 19:57:35,892] {dagbag.py:451} INFO - Filling up the DagBag from /home/airflow/.local/lib/python3.6/site-packages/airflow/example_dags/example_latest_only_with_trigger.py
[2024-06-06 19:57:35,904] {scheduler_job.py:639} INFO - DAG(s) dict_keys(['latest_only_with_trigger']) retrieved from /home/airflow/.local/lib/python3.6/site-packages/airflow/example_dags/example_latest_only_with_trigger.py
[2024-06-06 19:57:35,927] {logging_mixin.py:104} INFO - [2024-06-06 19:57:35,927] {dag.py:1824} INFO - Sync 1 DAGs
[2024-06-06 19:57:35,943] {logging_mixin.py:104} INFO - [2024-06-06 19:57:35,943] {dag.py:2280} INFO - Setting next_dagrun for latest_only_with_trigger to 2024-06-04 00:00:00+00:00
[2024-06-06 19:57:35,956] {scheduler_job.py:190} INFO - Processing /home/airflow/.local/lib/python3.6/site-packages/airflow/example_dags/example_latest_only_with_trigger.py took 0.068 seconds
[2024-06-06 19:58:06,499] {scheduler_job.py:182} INFO - Started process (PID=490) to work on /home/airflow/.local/lib/python3.6/site-packages/airflow/example_dags/example_latest_only_with_trigger.py
[2024-06-06 19:58:06,500] {scheduler_job.py:629} INFO - Processing file /home/airflow/.local/lib/python3.6/site-packages/airflow/example_dags/example_latest_only_with_trigger.py for tasks to queue
[2024-06-06 19:58:06,501] {logging_mixin.py:104} INFO - [2024-06-06 19:58:06,501] {dagbag.py:451} INFO - Filling up the DagBag from /home/airflow/.local/lib/python3.6/site-packages/airflow/example_dags/example_latest_only_with_trigger.py
[2024-06-06 19:58:06,514] {scheduler_job.py:639} INFO - DAG(s) dict_keys(['latest_only_with_trigger']) retrieved from /home/airflow/.local/lib/python3.6/site-packages/airflow/example_dags/example_latest_only_with_trigger.py
[2024-06-06 19:58:06,538] {logging_mixin.py:104} INFO - [2024-06-06 19:58:06,538] {dag.py:1824} INFO - Sync 1 DAGs
[2024-06-06 19:58:06,555] {logging_mixin.py:104} INFO - [2024-06-06 19:58:06,554] {dag.py:2280} INFO - Setting next_dagrun for latest_only_with_trigger to 2024-06-04 00:00:00+00:00
[2024-06-06 19:58:06,577] {scheduler_job.py:190} INFO - Processing /home/airflow/.local/lib/python3.6/site-packages/airflow/example_dags/example_latest_only_with_trigger.py took 0.082 seconds
[2024-06-06 19:58:37,142] {scheduler_job.py:182} INFO - Started process (PID=517) to work on /home/airflow/.local/lib/python3.6/site-packages/airflow/example_dags/example_latest_only_with_trigger.py
[2024-06-06 19:58:37,143] {scheduler_job.py:629} INFO - Processing file /home/airflow/.local/lib/python3.6/site-packages/airflow/example_dags/example_latest_only_with_trigger.py for tasks to queue
[2024-06-06 19:58:37,144] {logging_mixin.py:104} INFO - [2024-06-06 19:58:37,144] {dagbag.py:451} INFO - Filling up the DagBag from /home/airflow/.local/lib/python3.6/site-packages/airflow/example_dags/example_latest_only_with_trigger.py
[2024-06-06 19:58:37,155] {scheduler_job.py:639} INFO - DAG(s) dict_keys(['latest_only_with_trigger']) retrieved from /home/airflow/.local/lib/python3.6/site-packages/airflow/example_dags/example_latest_only_with_trigger.py
[2024-06-06 19:58:37,177] {logging_mixin.py:104} INFO - [2024-06-06 19:58:37,177] {dag.py:1824} INFO - Sync 1 DAGs
[2024-06-06 19:58:37,193] {logging_mixin.py:104} INFO - [2024-06-06 19:58:37,193] {dag.py:2280} INFO - Setting next_dagrun for latest_only_with_trigger to 2024-06-04 00:00:00+00:00
[2024-06-06 19:58:37,213] {scheduler_job.py:190} INFO - Processing /home/airflow/.local/lib/python3.6/site-packages/airflow/example_dags/example_latest_only_with_trigger.py took 0.074 seconds
[2024-06-06 19:59:07,366] {scheduler_job.py:182} INFO - Started process (PID=538) to work on /home/airflow/.local/lib/python3.6/site-packages/airflow/example_dags/example_latest_only_with_trigger.py
[2024-06-06 19:59:07,367] {scheduler_job.py:629} INFO - Processing file /home/airflow/.local/lib/python3.6/site-packages/airflow/example_dags/example_latest_only_with_trigger.py for tasks to queue
[2024-06-06 19:59:07,368] {logging_mixin.py:104} INFO - [2024-06-06 19:59:07,368] {dagbag.py:451} INFO - Filling up the DagBag from /home/airflow/.local/lib/python3.6/site-packages/airflow/example_dags/example_latest_only_with_trigger.py
[2024-06-06 19:59:07,381] {scheduler_job.py:639} INFO - DAG(s) dict_keys(['latest_only_with_trigger']) retrieved from /home/airflow/.local/lib/python3.6/site-packages/airflow/example_dags/example_latest_only_with_trigger.py
[2024-06-06 19:59:07,410] {logging_mixin.py:104} INFO - [2024-06-06 19:59:07,409] {dag.py:1824} INFO - Sync 1 DAGs
[2024-06-06 19:59:07,428] {logging_mixin.py:104} INFO - [2024-06-06 19:59:07,428] {dag.py:2280} INFO - Setting next_dagrun for latest_only_with_trigger to 2024-06-04 00:00:00+00:00
[2024-06-06 19:59:07,443] {scheduler_job.py:190} INFO - Processing /home/airflow/.local/lib/python3.6/site-packages/airflow/example_dags/example_latest_only_with_trigger.py took 0.081 seconds
[2024-06-06 19:59:38,043] {scheduler_job.py:182} INFO - Started process (PID=565) to work on /home/airflow/.local/lib/python3.6/site-packages/airflow/example_dags/example_latest_only_with_trigger.py
[2024-06-06 19:59:38,044] {scheduler_job.py:629} INFO - Processing file /home/airflow/.local/lib/python3.6/site-packages/airflow/example_dags/example_latest_only_with_trigger.py for tasks to queue
[2024-06-06 19:59:38,044] {logging_mixin.py:104} INFO - [2024-06-06 19:59:38,044] {dagbag.py:451} INFO - Filling up the DagBag from /home/airflow/.local/lib/python3.6/site-packages/airflow/example_dags/example_latest_only_with_trigger.py
[2024-06-06 19:59:38,056] {scheduler_job.py:639} INFO - DAG(s) dict_keys(['latest_only_with_trigger']) retrieved from /home/airflow/.local/lib/python3.6/site-packages/airflow/example_dags/example_latest_only_with_trigger.py
[2024-06-06 19:59:38,082] {logging_mixin.py:104} INFO - [2024-06-06 19:59:38,082] {dag.py:1824} INFO - Sync 1 DAGs
[2024-06-06 19:59:38,098] {logging_mixin.py:104} INFO - [2024-06-06 19:59:38,098] {dag.py:2280} INFO - Setting next_dagrun for latest_only_with_trigger to 2024-06-04 00:00:00+00:00
[2024-06-06 19:59:38,110] {scheduler_job.py:190} INFO - Processing /home/airflow/.local/lib/python3.6/site-packages/airflow/example_dags/example_latest_only_with_trigger.py took 0.071 seconds
[2024-06-06 20:00:08,528] {scheduler_job.py:182} INFO - Started process (PID=590) to work on /home/airflow/.local/lib/python3.6/site-packages/airflow/example_dags/example_latest_only_with_trigger.py
[2024-06-06 20:00:08,529] {scheduler_job.py:629} INFO - Processing file /home/airflow/.local/lib/python3.6/site-packages/airflow/example_dags/example_latest_only_with_trigger.py for tasks to queue
[2024-06-06 20:00:08,530] {logging_mixin.py:104} INFO - [2024-06-06 20:00:08,530] {dagbag.py:451} INFO - Filling up the DagBag from /home/airflow/.local/lib/python3.6/site-packages/airflow/example_dags/example_latest_only_with_trigger.py
[2024-06-06 20:00:08,542] {scheduler_job.py:639} INFO - DAG(s) dict_keys(['latest_only_with_trigger']) retrieved from /home/airflow/.local/lib/python3.6/site-packages/airflow/example_dags/example_latest_only_with_trigger.py
[2024-06-06 20:00:08,571] {logging_mixin.py:104} INFO - [2024-06-06 20:00:08,571] {dag.py:1824} INFO - Sync 1 DAGs
[2024-06-06 20:00:08,591] {logging_mixin.py:104} INFO - [2024-06-06 20:00:08,591] {dag.py:2280} INFO - Setting next_dagrun for latest_only_with_trigger to 2024-06-04 00:00:00+00:00
[2024-06-06 20:00:08,605] {scheduler_job.py:190} INFO - Processing /home/airflow/.local/lib/python3.6/site-packages/airflow/example_dags/example_latest_only_with_trigger.py took 0.081 seconds
[2024-06-06 20:00:38,760] {scheduler_job.py:182} INFO - Started process (PID=614) to work on /home/airflow/.local/lib/python3.6/site-packages/airflow/example_dags/example_latest_only_with_trigger.py
[2024-06-06 20:00:38,761] {scheduler_job.py:629} INFO - Processing file /home/airflow/.local/lib/python3.6/site-packages/airflow/example_dags/example_latest_only_with_trigger.py for tasks to queue
[2024-06-06 20:00:38,762] {logging_mixin.py:104} INFO - [2024-06-06 20:00:38,762] {dagbag.py:451} INFO - Filling up the DagBag from /home/airflow/.local/lib/python3.6/site-packages/airflow/example_dags/example_latest_only_with_trigger.py
[2024-06-06 20:00:38,774] {scheduler_job.py:639} INFO - DAG(s) dict_keys(['latest_only_with_trigger']) retrieved from /home/airflow/.local/lib/python3.6/site-packages/airflow/example_dags/example_latest_only_with_trigger.py
[2024-06-06 20:00:38,801] {logging_mixin.py:104} INFO - [2024-06-06 20:00:38,801] {dag.py:1824} INFO - Sync 1 DAGs
[2024-06-06 20:00:38,820] {logging_mixin.py:104} INFO - [2024-06-06 20:00:38,820] {dag.py:2280} INFO - Setting next_dagrun for latest_only_with_trigger to 2024-06-04 00:00:00+00:00
[2024-06-06 20:00:38,835] {scheduler_job.py:190} INFO - Processing /home/airflow/.local/lib/python3.6/site-packages/airflow/example_dags/example_latest_only_with_trigger.py took 0.078 seconds
[2024-06-06 20:01:09,257] {scheduler_job.py:182} INFO - Started process (PID=642) to work on /home/airflow/.local/lib/python3.6/site-packages/airflow/example_dags/example_latest_only_with_trigger.py
[2024-06-06 20:01:09,258] {scheduler_job.py:629} INFO - Processing file /home/airflow/.local/lib/python3.6/site-packages/airflow/example_dags/example_latest_only_with_trigger.py for tasks to queue
[2024-06-06 20:01:09,258] {logging_mixin.py:104} INFO - [2024-06-06 20:01:09,258] {dagbag.py:451} INFO - Filling up the DagBag from /home/airflow/.local/lib/python3.6/site-packages/airflow/example_dags/example_latest_only_with_trigger.py
[2024-06-06 20:01:09,265] {scheduler_job.py:639} INFO - DAG(s) dict_keys(['latest_only_with_trigger']) retrieved from /home/airflow/.local/lib/python3.6/site-packages/airflow/example_dags/example_latest_only_with_trigger.py
[2024-06-06 20:01:09,281] {logging_mixin.py:104} INFO - [2024-06-06 20:01:09,281] {dag.py:1824} INFO - Sync 1 DAGs
[2024-06-06 20:01:09,293] {logging_mixin.py:104} INFO - [2024-06-06 20:01:09,293] {dag.py:2280} INFO - Setting next_dagrun for latest_only_with_trigger to 2024-06-04 00:00:00+00:00
[2024-06-06 20:01:09,309] {scheduler_job.py:190} INFO - Processing /home/airflow/.local/lib/python3.6/site-packages/airflow/example_dags/example_latest_only_with_trigger.py took 0.054 seconds
[2024-06-06 20:01:39,764] {scheduler_job.py:182} INFO - Started process (PID=671) to work on /home/airflow/.local/lib/python3.6/site-packages/airflow/example_dags/example_latest_only_with_trigger.py
[2024-06-06 20:01:39,765] {scheduler_job.py:629} INFO - Processing file /home/airflow/.local/lib/python3.6/site-packages/airflow/example_dags/example_latest_only_with_trigger.py for tasks to queue
[2024-06-06 20:01:39,765] {logging_mixin.py:104} INFO - [2024-06-06 20:01:39,765] {dagbag.py:451} INFO - Filling up the DagBag from /home/airflow/.local/lib/python3.6/site-packages/airflow/example_dags/example_latest_only_with_trigger.py
[2024-06-06 20:01:39,776] {scheduler_job.py:639} INFO - DAG(s) dict_keys(['latest_only_with_trigger']) retrieved from /home/airflow/.local/lib/python3.6/site-packages/airflow/example_dags/example_latest_only_with_trigger.py
[2024-06-06 20:01:39,800] {logging_mixin.py:104} INFO - [2024-06-06 20:01:39,799] {dag.py:1824} INFO - Sync 1 DAGs
[2024-06-06 20:01:39,816] {logging_mixin.py:104} INFO - [2024-06-06 20:01:39,816] {dag.py:2280} INFO - Setting next_dagrun for latest_only_with_trigger to 2024-06-04 00:00:00+00:00
[2024-06-06 20:01:39,831] {scheduler_job.py:190} INFO - Processing /home/airflow/.local/lib/python3.6/site-packages/airflow/example_dags/example_latest_only_with_trigger.py took 0.070 seconds
[2024-06-06 20:02:10,055] {scheduler_job.py:182} INFO - Started process (PID=694) to work on /home/airflow/.local/lib/python3.6/site-packages/airflow/example_dags/example_latest_only_with_trigger.py
[2024-06-06 20:02:10,056] {scheduler_job.py:629} INFO - Processing file /home/airflow/.local/lib/python3.6/site-packages/airflow/example_dags/example_latest_only_with_trigger.py for tasks to queue
[2024-06-06 20:02:10,057] {logging_mixin.py:104} INFO - [2024-06-06 20:02:10,057] {dagbag.py:451} INFO - Filling up the DagBag from /home/airflow/.local/lib/python3.6/site-packages/airflow/example_dags/example_latest_only_with_trigger.py
[2024-06-06 20:02:10,068] {scheduler_job.py:639} INFO - DAG(s) dict_keys(['latest_only_with_trigger']) retrieved from /home/airflow/.local/lib/python3.6/site-packages/airflow/example_dags/example_latest_only_with_trigger.py
[2024-06-06 20:02:10,092] {logging_mixin.py:104} INFO - [2024-06-06 20:02:10,092] {dag.py:1824} INFO - Sync 1 DAGs
[2024-06-06 20:02:10,109] {logging_mixin.py:104} INFO - [2024-06-06 20:02:10,109] {dag.py:2280} INFO - Setting next_dagrun for latest_only_with_trigger to 2024-06-04 00:00:00+00:00
[2024-06-06 20:02:10,124] {scheduler_job.py:190} INFO - Processing /home/airflow/.local/lib/python3.6/site-packages/airflow/example_dags/example_latest_only_with_trigger.py took 0.073 seconds
[2024-06-06 20:02:40,426] {scheduler_job.py:182} INFO - Started process (PID=720) to work on /home/airflow/.local/lib/python3.6/site-packages/airflow/example_dags/example_latest_only_with_trigger.py
[2024-06-06 20:02:40,428] {scheduler_job.py:629} INFO - Processing file /home/airflow/.local/lib/python3.6/site-packages/airflow/example_dags/example_latest_only_with_trigger.py for tasks to queue
[2024-06-06 20:02:40,428] {logging_mixin.py:104} INFO - [2024-06-06 20:02:40,428] {dagbag.py:451} INFO - Filling up the DagBag from /home/airflow/.local/lib/python3.6/site-packages/airflow/example_dags/example_latest_only_with_trigger.py
[2024-06-06 20:02:40,440] {scheduler_job.py:639} INFO - DAG(s) dict_keys(['latest_only_with_trigger']) retrieved from /home/airflow/.local/lib/python3.6/site-packages/airflow/example_dags/example_latest_only_with_trigger.py
[2024-06-06 20:02:40,464] {logging_mixin.py:104} INFO - [2024-06-06 20:02:40,464] {dag.py:1824} INFO - Sync 1 DAGs
[2024-06-06 20:02:40,481] {logging_mixin.py:104} INFO - [2024-06-06 20:02:40,481] {dag.py:2280} INFO - Setting next_dagrun for latest_only_with_trigger to 2024-06-04 00:00:00+00:00
[2024-06-06 20:02:40,494] {scheduler_job.py:190} INFO - Processing /home/airflow/.local/lib/python3.6/site-packages/airflow/example_dags/example_latest_only_with_trigger.py took 0.071 seconds
[2024-06-06 20:03:10,943] {scheduler_job.py:182} INFO - Started process (PID=748) to work on /home/airflow/.local/lib/python3.6/site-packages/airflow/example_dags/example_latest_only_with_trigger.py
[2024-06-06 20:03:10,944] {scheduler_job.py:629} INFO - Processing file /home/airflow/.local/lib/python3.6/site-packages/airflow/example_dags/example_latest_only_with_trigger.py for tasks to queue
[2024-06-06 20:03:10,944] {logging_mixin.py:104} INFO - [2024-06-06 20:03:10,944] {dagbag.py:451} INFO - Filling up the DagBag from /home/airflow/.local/lib/python3.6/site-packages/airflow/example_dags/example_latest_only_with_trigger.py
[2024-06-06 20:03:10,953] {scheduler_job.py:639} INFO - DAG(s) dict_keys(['latest_only_with_trigger']) retrieved from /home/airflow/.local/lib/python3.6/site-packages/airflow/example_dags/example_latest_only_with_trigger.py
[2024-06-06 20:03:10,973] {logging_mixin.py:104} INFO - [2024-06-06 20:03:10,972] {dag.py:1824} INFO - Sync 1 DAGs
[2024-06-06 20:03:10,985] {logging_mixin.py:104} INFO - [2024-06-06 20:03:10,985] {dag.py:2280} INFO - Setting next_dagrun for latest_only_with_trigger to 2024-06-04 00:00:00+00:00
[2024-06-06 20:03:11,001] {scheduler_job.py:190} INFO - Processing /home/airflow/.local/lib/python3.6/site-packages/airflow/example_dags/example_latest_only_with_trigger.py took 0.061 seconds
[2024-06-06 20:03:41,445] {scheduler_job.py:182} INFO - Started process (PID=775) to work on /home/airflow/.local/lib/python3.6/site-packages/airflow/example_dags/example_latest_only_with_trigger.py
[2024-06-06 20:03:41,446] {scheduler_job.py:629} INFO - Processing file /home/airflow/.local/lib/python3.6/site-packages/airflow/example_dags/example_latest_only_with_trigger.py for tasks to queue
[2024-06-06 20:03:41,447] {logging_mixin.py:104} INFO - [2024-06-06 20:03:41,447] {dagbag.py:451} INFO - Filling up the DagBag from /home/airflow/.local/lib/python3.6/site-packages/airflow/example_dags/example_latest_only_with_trigger.py
[2024-06-06 20:03:41,458] {scheduler_job.py:639} INFO - DAG(s) dict_keys(['latest_only_with_trigger']) retrieved from /home/airflow/.local/lib/python3.6/site-packages/airflow/example_dags/example_latest_only_with_trigger.py
[2024-06-06 20:03:41,481] {logging_mixin.py:104} INFO - [2024-06-06 20:03:41,480] {dag.py:1824} INFO - Sync 1 DAGs
[2024-06-06 20:03:41,497] {logging_mixin.py:104} INFO - [2024-06-06 20:03:41,497] {dag.py:2280} INFO - Setting next_dagrun for latest_only_with_trigger to 2024-06-04 00:00:00+00:00
[2024-06-06 20:03:41,514] {scheduler_job.py:190} INFO - Processing /home/airflow/.local/lib/python3.6/site-packages/airflow/example_dags/example_latest_only_with_trigger.py took 0.072 seconds
[2024-06-06 20:04:11,751] {scheduler_job.py:182} INFO - Started process (PID=798) to work on /home/airflow/.local/lib/python3.6/site-packages/airflow/example_dags/example_latest_only_with_trigger.py
[2024-06-06 20:04:11,752] {scheduler_job.py:629} INFO - Processing file /home/airflow/.local/lib/python3.6/site-packages/airflow/example_dags/example_latest_only_with_trigger.py for tasks to queue
[2024-06-06 20:04:11,753] {logging_mixin.py:104} INFO - [2024-06-06 20:04:11,753] {dagbag.py:451} INFO - Filling up the DagBag from /home/airflow/.local/lib/python3.6/site-packages/airflow/example_dags/example_latest_only_with_trigger.py
[2024-06-06 20:04:11,764] {scheduler_job.py:639} INFO - DAG(s) dict_keys(['latest_only_with_trigger']) retrieved from /home/airflow/.local/lib/python3.6/site-packages/airflow/example_dags/example_latest_only_with_trigger.py
[2024-06-06 20:04:11,788] {logging_mixin.py:104} INFO - [2024-06-06 20:04:11,788] {dag.py:1824} INFO - Sync 1 DAGs
[2024-06-06 20:04:11,804] {logging_mixin.py:104} INFO - [2024-06-06 20:04:11,804] {dag.py:2280} INFO - Setting next_dagrun for latest_only_with_trigger to 2024-06-04 00:00:00+00:00
[2024-06-06 20:04:11,817] {scheduler_job.py:190} INFO - Processing /home/airflow/.local/lib/python3.6/site-packages/airflow/example_dags/example_latest_only_with_trigger.py took 0.069 seconds
[2024-06-06 20:04:42,321] {scheduler_job.py:182} INFO - Started process (PID=827) to work on /home/airflow/.local/lib/python3.6/site-packages/airflow/example_dags/example_latest_only_with_trigger.py
[2024-06-06 20:04:42,323] {scheduler_job.py:629} INFO - Processing file /home/airflow/.local/lib/python3.6/site-packages/airflow/example_dags/example_latest_only_with_trigger.py for tasks to queue
[2024-06-06 20:04:42,323] {logging_mixin.py:104} INFO - [2024-06-06 20:04:42,323] {dagbag.py:451} INFO - Filling up the DagBag from /home/airflow/.local/lib/python3.6/site-packages/airflow/example_dags/example_latest_only_with_trigger.py
[2024-06-06 20:04:42,337] {scheduler_job.py:639} INFO - DAG(s) dict_keys(['latest_only_with_trigger']) retrieved from /home/airflow/.local/lib/python3.6/site-packages/airflow/example_dags/example_latest_only_with_trigger.py
[2024-06-06 20:04:42,366] {logging_mixin.py:104} INFO - [2024-06-06 20:04:42,366] {dag.py:1824} INFO - Sync 1 DAGs
[2024-06-06 20:04:42,386] {logging_mixin.py:104} INFO - [2024-06-06 20:04:42,386] {dag.py:2280} INFO - Setting next_dagrun for latest_only_with_trigger to 2024-06-04 00:00:00+00:00
[2024-06-06 20:04:42,401] {scheduler_job.py:190} INFO - Processing /home/airflow/.local/lib/python3.6/site-packages/airflow/example_dags/example_latest_only_with_trigger.py took 0.084 seconds
[2024-06-06 20:05:12,621] {scheduler_job.py:182} INFO - Started process (PID=852) to work on /home/airflow/.local/lib/python3.6/site-packages/airflow/example_dags/example_latest_only_with_trigger.py
[2024-06-06 20:05:12,622] {scheduler_job.py:629} INFO - Processing file /home/airflow/.local/lib/python3.6/site-packages/airflow/example_dags/example_latest_only_with_trigger.py for tasks to queue
[2024-06-06 20:05:12,623] {logging_mixin.py:104} INFO - [2024-06-06 20:05:12,623] {dagbag.py:451} INFO - Filling up the DagBag from /home/airflow/.local/lib/python3.6/site-packages/airflow/example_dags/example_latest_only_with_trigger.py
[2024-06-06 20:05:12,636] {scheduler_job.py:639} INFO - DAG(s) dict_keys(['latest_only_with_trigger']) retrieved from /home/airflow/.local/lib/python3.6/site-packages/airflow/example_dags/example_latest_only_with_trigger.py
[2024-06-06 20:05:12,666] {logging_mixin.py:104} INFO - [2024-06-06 20:05:12,666] {dag.py:1824} INFO - Sync 1 DAGs
[2024-06-06 20:05:12,684] {logging_mixin.py:104} INFO - [2024-06-06 20:05:12,683] {dag.py:2280} INFO - Setting next_dagrun for latest_only_with_trigger to 2024-06-04 00:00:00+00:00
[2024-06-06 20:05:12,697] {scheduler_job.py:190} INFO - Processing /home/airflow/.local/lib/python3.6/site-packages/airflow/example_dags/example_latest_only_with_trigger.py took 0.080 seconds
