[2024-06-06 19:49:58,406] {scheduler_job.py:182} INFO - Started process (PID=65) to work on /home/airflow/.local/lib/python3.6/site-packages/airflow/example_dags/example_latest_only.py
[2024-06-06 19:49:58,406] {scheduler_job.py:629} INFO - Processing file /home/airflow/.local/lib/python3.6/site-packages/airflow/example_dags/example_latest_only.py for tasks to queue
[2024-06-06 19:49:58,406] {logging_mixin.py:104} INFO - [2024-06-06 19:49:58,406] {dagbag.py:451} INFO - Filling up the DagBag from /home/airflow/.local/lib/python3.6/site-packages/airflow/example_dags/example_latest_only.py
[2024-06-06 19:49:58,412] {scheduler_job.py:639} INFO - DAG(s) dict_keys(['latest_only']) retrieved from /home/airflow/.local/lib/python3.6/site-packages/airflow/example_dags/example_latest_only.py
[2024-06-06 19:49:58,428] {logging_mixin.py:104} INFO - [2024-06-06 19:49:58,428] {dag.py:1824} INFO - Sync 1 DAGs
[2024-06-06 19:49:58,437] {logging_mixin.py:104} INFO - [2024-06-06 19:49:58,437] {dag.py:1843} INFO - Creating ORM DAG for latest_only
[2024-06-06 19:49:58,441] {logging_mixin.py:104} INFO - [2024-06-06 19:49:58,441] {dag.py:2280} INFO - Setting next_dagrun for latest_only to 2024-06-04 00:00:00+00:00
[2024-06-06 19:49:58,456] {scheduler_job.py:190} INFO - Processing /home/airflow/.local/lib/python3.6/site-packages/airflow/example_dags/example_latest_only.py took 0.052 seconds
[2024-06-06 19:50:29,833] {scheduler_job.py:182} INFO - Started process (PID=91) to work on /home/airflow/.local/lib/python3.6/site-packages/airflow/example_dags/example_latest_only.py
[2024-06-06 19:50:29,833] {scheduler_job.py:629} INFO - Processing file /home/airflow/.local/lib/python3.6/site-packages/airflow/example_dags/example_latest_only.py for tasks to queue
[2024-06-06 19:50:29,834] {logging_mixin.py:104} INFO - [2024-06-06 19:50:29,834] {dagbag.py:451} INFO - Filling up the DagBag from /home/airflow/.local/lib/python3.6/site-packages/airflow/example_dags/example_latest_only.py
[2024-06-06 19:50:29,839] {scheduler_job.py:639} INFO - DAG(s) dict_keys(['latest_only']) retrieved from /home/airflow/.local/lib/python3.6/site-packages/airflow/example_dags/example_latest_only.py
[2024-06-06 19:50:29,851] {logging_mixin.py:104} INFO - [2024-06-06 19:50:29,851] {dag.py:1824} INFO - Sync 1 DAGs
[2024-06-06 19:50:29,863] {logging_mixin.py:104} INFO - [2024-06-06 19:50:29,863] {dag.py:2280} INFO - Setting next_dagrun for latest_only to 2024-06-04 00:00:00+00:00
[2024-06-06 19:50:29,871] {scheduler_job.py:190} INFO - Processing /home/airflow/.local/lib/python3.6/site-packages/airflow/example_dags/example_latest_only.py took 0.040 seconds
[2024-06-06 19:51:00,202] {scheduler_job.py:182} INFO - Started process (PID=117) to work on /home/airflow/.local/lib/python3.6/site-packages/airflow/example_dags/example_latest_only.py
[2024-06-06 19:51:00,203] {scheduler_job.py:629} INFO - Processing file /home/airflow/.local/lib/python3.6/site-packages/airflow/example_dags/example_latest_only.py for tasks to queue
[2024-06-06 19:51:00,203] {logging_mixin.py:104} INFO - [2024-06-06 19:51:00,203] {dagbag.py:451} INFO - Filling up the DagBag from /home/airflow/.local/lib/python3.6/site-packages/airflow/example_dags/example_latest_only.py
[2024-06-06 19:51:00,215] {scheduler_job.py:639} INFO - DAG(s) dict_keys(['latest_only']) retrieved from /home/airflow/.local/lib/python3.6/site-packages/airflow/example_dags/example_latest_only.py
[2024-06-06 19:51:00,235] {logging_mixin.py:104} INFO - [2024-06-06 19:51:00,235] {dag.py:1824} INFO - Sync 1 DAGs
[2024-06-06 19:51:00,251] {logging_mixin.py:104} INFO - [2024-06-06 19:51:00,251] {dag.py:2280} INFO - Setting next_dagrun for latest_only to 2024-06-04 00:00:00+00:00
[2024-06-06 19:51:00,266] {scheduler_job.py:190} INFO - Processing /home/airflow/.local/lib/python3.6/site-packages/airflow/example_dags/example_latest_only.py took 0.068 seconds
[2024-06-06 19:51:30,501] {scheduler_job.py:182} INFO - Started process (PID=143) to work on /home/airflow/.local/lib/python3.6/site-packages/airflow/example_dags/example_latest_only.py
[2024-06-06 19:51:30,502] {scheduler_job.py:629} INFO - Processing file /home/airflow/.local/lib/python3.6/site-packages/airflow/example_dags/example_latest_only.py for tasks to queue
[2024-06-06 19:51:30,503] {logging_mixin.py:104} INFO - [2024-06-06 19:51:30,503] {dagbag.py:451} INFO - Filling up the DagBag from /home/airflow/.local/lib/python3.6/site-packages/airflow/example_dags/example_latest_only.py
[2024-06-06 19:51:30,516] {scheduler_job.py:639} INFO - DAG(s) dict_keys(['latest_only']) retrieved from /home/airflow/.local/lib/python3.6/site-packages/airflow/example_dags/example_latest_only.py
[2024-06-06 19:51:30,539] {logging_mixin.py:104} INFO - [2024-06-06 19:51:30,538] {dag.py:1824} INFO - Sync 1 DAGs
[2024-06-06 19:51:30,556] {logging_mixin.py:104} INFO - [2024-06-06 19:51:30,556] {dag.py:2280} INFO - Setting next_dagrun for latest_only to 2024-06-04 00:00:00+00:00
[2024-06-06 19:51:30,567] {scheduler_job.py:190} INFO - Processing /home/airflow/.local/lib/python3.6/site-packages/airflow/example_dags/example_latest_only.py took 0.069 seconds
[2024-06-06 19:52:00,753] {scheduler_job.py:182} INFO - Started process (PID=165) to work on /home/airflow/.local/lib/python3.6/site-packages/airflow/example_dags/example_latest_only.py
[2024-06-06 19:52:00,754] {scheduler_job.py:629} INFO - Processing file /home/airflow/.local/lib/python3.6/site-packages/airflow/example_dags/example_latest_only.py for tasks to queue
[2024-06-06 19:52:00,754] {logging_mixin.py:104} INFO - [2024-06-06 19:52:00,754] {dagbag.py:451} INFO - Filling up the DagBag from /home/airflow/.local/lib/python3.6/site-packages/airflow/example_dags/example_latest_only.py
[2024-06-06 19:52:00,766] {scheduler_job.py:639} INFO - DAG(s) dict_keys(['latest_only']) retrieved from /home/airflow/.local/lib/python3.6/site-packages/airflow/example_dags/example_latest_only.py
[2024-06-06 19:52:00,791] {logging_mixin.py:104} INFO - [2024-06-06 19:52:00,791] {dag.py:1824} INFO - Sync 1 DAGs
[2024-06-06 19:52:00,814] {logging_mixin.py:104} INFO - [2024-06-06 19:52:00,813] {dag.py:2280} INFO - Setting next_dagrun for latest_only to 2024-06-04 00:00:00+00:00
[2024-06-06 19:52:00,827] {scheduler_job.py:190} INFO - Processing /home/airflow/.local/lib/python3.6/site-packages/airflow/example_dags/example_latest_only.py took 0.078 seconds
[2024-06-06 19:52:31,374] {scheduler_job.py:182} INFO - Started process (PID=193) to work on /home/airflow/.local/lib/python3.6/site-packages/airflow/example_dags/example_latest_only.py
[2024-06-06 19:52:31,376] {scheduler_job.py:629} INFO - Processing file /home/airflow/.local/lib/python3.6/site-packages/airflow/example_dags/example_latest_only.py for tasks to queue
[2024-06-06 19:52:31,376] {logging_mixin.py:104} INFO - [2024-06-06 19:52:31,376] {dagbag.py:451} INFO - Filling up the DagBag from /home/airflow/.local/lib/python3.6/site-packages/airflow/example_dags/example_latest_only.py
[2024-06-06 19:52:31,387] {scheduler_job.py:639} INFO - DAG(s) dict_keys(['latest_only']) retrieved from /home/airflow/.local/lib/python3.6/site-packages/airflow/example_dags/example_latest_only.py
[2024-06-06 19:52:31,411] {logging_mixin.py:104} INFO - [2024-06-06 19:52:31,411] {dag.py:1824} INFO - Sync 1 DAGs
[2024-06-06 19:52:31,432] {logging_mixin.py:104} INFO - [2024-06-06 19:52:31,432] {dag.py:2280} INFO - Setting next_dagrun for latest_only to 2024-06-04 00:00:00+00:00
[2024-06-06 19:52:31,451] {scheduler_job.py:190} INFO - Processing /home/airflow/.local/lib/python3.6/site-packages/airflow/example_dags/example_latest_only.py took 0.081 seconds
[2024-06-06 19:53:01,630] {scheduler_job.py:182} INFO - Started process (PID=215) to work on /home/airflow/.local/lib/python3.6/site-packages/airflow/example_dags/example_latest_only.py
[2024-06-06 19:53:01,631] {scheduler_job.py:629} INFO - Processing file /home/airflow/.local/lib/python3.6/site-packages/airflow/example_dags/example_latest_only.py for tasks to queue
[2024-06-06 19:53:01,631] {logging_mixin.py:104} INFO - [2024-06-06 19:53:01,631] {dagbag.py:451} INFO - Filling up the DagBag from /home/airflow/.local/lib/python3.6/site-packages/airflow/example_dags/example_latest_only.py
[2024-06-06 19:53:01,644] {scheduler_job.py:639} INFO - DAG(s) dict_keys(['latest_only']) retrieved from /home/airflow/.local/lib/python3.6/site-packages/airflow/example_dags/example_latest_only.py
[2024-06-06 19:53:01,676] {logging_mixin.py:104} INFO - [2024-06-06 19:53:01,676] {dag.py:1824} INFO - Sync 1 DAGs
[2024-06-06 19:53:01,694] {logging_mixin.py:104} INFO - [2024-06-06 19:53:01,694] {dag.py:2280} INFO - Setting next_dagrun for latest_only to 2024-06-04 00:00:00+00:00
[2024-06-06 19:53:01,709] {scheduler_job.py:190} INFO - Processing /home/airflow/.local/lib/python3.6/site-packages/airflow/example_dags/example_latest_only.py took 0.083 seconds
[2024-06-06 19:53:32,359] {scheduler_job.py:182} INFO - Started process (PID=244) to work on /home/airflow/.local/lib/python3.6/site-packages/airflow/example_dags/example_latest_only.py
[2024-06-06 19:53:32,360] {scheduler_job.py:629} INFO - Processing file /home/airflow/.local/lib/python3.6/site-packages/airflow/example_dags/example_latest_only.py for tasks to queue
[2024-06-06 19:53:32,360] {logging_mixin.py:104} INFO - [2024-06-06 19:53:32,360] {dagbag.py:451} INFO - Filling up the DagBag from /home/airflow/.local/lib/python3.6/site-packages/airflow/example_dags/example_latest_only.py
[2024-06-06 19:53:32,371] {scheduler_job.py:639} INFO - DAG(s) dict_keys(['latest_only']) retrieved from /home/airflow/.local/lib/python3.6/site-packages/airflow/example_dags/example_latest_only.py
[2024-06-06 19:53:32,397] {logging_mixin.py:104} INFO - [2024-06-06 19:53:32,397] {dag.py:1824} INFO - Sync 1 DAGs
[2024-06-06 19:53:32,413] {logging_mixin.py:104} INFO - [2024-06-06 19:53:32,413] {dag.py:2280} INFO - Setting next_dagrun for latest_only to 2024-06-04 00:00:00+00:00
[2024-06-06 19:53:32,428] {scheduler_job.py:190} INFO - Processing /home/airflow/.local/lib/python3.6/site-packages/airflow/example_dags/example_latest_only.py took 0.073 seconds
[2024-06-06 19:54:02,764] {scheduler_job.py:182} INFO - Started process (PID=269) to work on /home/airflow/.local/lib/python3.6/site-packages/airflow/example_dags/example_latest_only.py
[2024-06-06 19:54:02,765] {scheduler_job.py:629} INFO - Processing file /home/airflow/.local/lib/python3.6/site-packages/airflow/example_dags/example_latest_only.py for tasks to queue
[2024-06-06 19:54:02,766] {logging_mixin.py:104} INFO - [2024-06-06 19:54:02,766] {dagbag.py:451} INFO - Filling up the DagBag from /home/airflow/.local/lib/python3.6/site-packages/airflow/example_dags/example_latest_only.py
[2024-06-06 19:54:02,780] {scheduler_job.py:639} INFO - DAG(s) dict_keys(['latest_only']) retrieved from /home/airflow/.local/lib/python3.6/site-packages/airflow/example_dags/example_latest_only.py
[2024-06-06 19:54:02,818] {logging_mixin.py:104} INFO - [2024-06-06 19:54:02,818] {dag.py:1824} INFO - Sync 1 DAGs
[2024-06-06 19:54:02,838] {logging_mixin.py:104} INFO - [2024-06-06 19:54:02,838] {dag.py:2280} INFO - Setting next_dagrun for latest_only to 2024-06-04 00:00:00+00:00
[2024-06-06 19:54:02,860] {scheduler_job.py:190} INFO - Processing /home/airflow/.local/lib/python3.6/site-packages/airflow/example_dags/example_latest_only.py took 0.100 seconds
[2024-06-06 19:54:33,130] {scheduler_job.py:182} INFO - Started process (PID=295) to work on /home/airflow/.local/lib/python3.6/site-packages/airflow/example_dags/example_latest_only.py
[2024-06-06 19:54:33,132] {scheduler_job.py:629} INFO - Processing file /home/airflow/.local/lib/python3.6/site-packages/airflow/example_dags/example_latest_only.py for tasks to queue
[2024-06-06 19:54:33,133] {logging_mixin.py:104} INFO - [2024-06-06 19:54:33,132] {dagbag.py:451} INFO - Filling up the DagBag from /home/airflow/.local/lib/python3.6/site-packages/airflow/example_dags/example_latest_only.py
[2024-06-06 19:54:33,145] {scheduler_job.py:639} INFO - DAG(s) dict_keys(['latest_only']) retrieved from /home/airflow/.local/lib/python3.6/site-packages/airflow/example_dags/example_latest_only.py
[2024-06-06 19:54:33,174] {logging_mixin.py:104} INFO - [2024-06-06 19:54:33,174] {dag.py:1824} INFO - Sync 1 DAGs
[2024-06-06 19:54:33,192] {logging_mixin.py:104} INFO - [2024-06-06 19:54:33,192] {dag.py:2280} INFO - Setting next_dagrun for latest_only to 2024-06-04 00:00:00+00:00
[2024-06-06 19:54:33,205] {scheduler_job.py:190} INFO - Processing /home/airflow/.local/lib/python3.6/site-packages/airflow/example_dags/example_latest_only.py took 0.079 seconds
[2024-06-06 19:55:03,854] {scheduler_job.py:182} INFO - Started process (PID=325) to work on /home/airflow/.local/lib/python3.6/site-packages/airflow/example_dags/example_latest_only.py
[2024-06-06 19:55:03,855] {scheduler_job.py:629} INFO - Processing file /home/airflow/.local/lib/python3.6/site-packages/airflow/example_dags/example_latest_only.py for tasks to queue
[2024-06-06 19:55:03,855] {logging_mixin.py:104} INFO - [2024-06-06 19:55:03,855] {dagbag.py:451} INFO - Filling up the DagBag from /home/airflow/.local/lib/python3.6/site-packages/airflow/example_dags/example_latest_only.py
[2024-06-06 19:55:03,871] {scheduler_job.py:639} INFO - DAG(s) dict_keys(['latest_only']) retrieved from /home/airflow/.local/lib/python3.6/site-packages/airflow/example_dags/example_latest_only.py
[2024-06-06 19:55:03,893] {logging_mixin.py:104} INFO - [2024-06-06 19:55:03,893] {dag.py:1824} INFO - Sync 1 DAGs
[2024-06-06 19:55:03,908] {logging_mixin.py:104} INFO - [2024-06-06 19:55:03,908] {dag.py:2280} INFO - Setting next_dagrun for latest_only to 2024-06-04 00:00:00+00:00
[2024-06-06 19:55:03,925] {scheduler_job.py:190} INFO - Processing /home/airflow/.local/lib/python3.6/site-packages/airflow/example_dags/example_latest_only.py took 0.075 seconds
[2024-06-06 19:55:34,434] {scheduler_job.py:182} INFO - Started process (PID=374) to work on /home/airflow/.local/lib/python3.6/site-packages/airflow/example_dags/example_latest_only.py
[2024-06-06 19:55:34,435] {scheduler_job.py:629} INFO - Processing file /home/airflow/.local/lib/python3.6/site-packages/airflow/example_dags/example_latest_only.py for tasks to queue
[2024-06-06 19:55:34,436] {logging_mixin.py:104} INFO - [2024-06-06 19:55:34,436] {dagbag.py:451} INFO - Filling up the DagBag from /home/airflow/.local/lib/python3.6/site-packages/airflow/example_dags/example_latest_only.py
[2024-06-06 19:55:34,453] {scheduler_job.py:639} INFO - DAG(s) dict_keys(['latest_only']) retrieved from /home/airflow/.local/lib/python3.6/site-packages/airflow/example_dags/example_latest_only.py
[2024-06-06 19:55:34,485] {logging_mixin.py:104} INFO - [2024-06-06 19:55:34,485] {dag.py:1824} INFO - Sync 1 DAGs
[2024-06-06 19:55:34,506] {logging_mixin.py:104} INFO - [2024-06-06 19:55:34,506] {dag.py:2280} INFO - Setting next_dagrun for latest_only to 2024-06-04 00:00:00+00:00
[2024-06-06 19:55:34,526] {scheduler_job.py:190} INFO - Processing /home/airflow/.local/lib/python3.6/site-packages/airflow/example_dags/example_latest_only.py took 0.096 seconds
[2024-06-06 19:56:04,790] {scheduler_job.py:182} INFO - Started process (PID=395) to work on /home/airflow/.local/lib/python3.6/site-packages/airflow/example_dags/example_latest_only.py
[2024-06-06 19:56:04,791] {scheduler_job.py:629} INFO - Processing file /home/airflow/.local/lib/python3.6/site-packages/airflow/example_dags/example_latest_only.py for tasks to queue
[2024-06-06 19:56:04,792] {logging_mixin.py:104} INFO - [2024-06-06 19:56:04,792] {dagbag.py:451} INFO - Filling up the DagBag from /home/airflow/.local/lib/python3.6/site-packages/airflow/example_dags/example_latest_only.py
[2024-06-06 19:56:04,810] {scheduler_job.py:639} INFO - DAG(s) dict_keys(['latest_only']) retrieved from /home/airflow/.local/lib/python3.6/site-packages/airflow/example_dags/example_latest_only.py
[2024-06-06 19:56:04,836] {logging_mixin.py:104} INFO - [2024-06-06 19:56:04,836] {dag.py:1824} INFO - Sync 1 DAGs
[2024-06-06 19:56:04,855] {logging_mixin.py:104} INFO - [2024-06-06 19:56:04,855] {dag.py:2280} INFO - Setting next_dagrun for latest_only to 2024-06-04 00:00:00+00:00
[2024-06-06 19:56:04,874] {scheduler_job.py:190} INFO - Processing /home/airflow/.local/lib/python3.6/site-packages/airflow/example_dags/example_latest_only.py took 0.088 seconds
[2024-06-06 19:56:35,472] {scheduler_job.py:182} INFO - Started process (PID=426) to work on /home/airflow/.local/lib/python3.6/site-packages/airflow/example_dags/example_latest_only.py
[2024-06-06 19:56:35,473] {scheduler_job.py:629} INFO - Processing file /home/airflow/.local/lib/python3.6/site-packages/airflow/example_dags/example_latest_only.py for tasks to queue
[2024-06-06 19:56:35,474] {logging_mixin.py:104} INFO - [2024-06-06 19:56:35,474] {dagbag.py:451} INFO - Filling up the DagBag from /home/airflow/.local/lib/python3.6/site-packages/airflow/example_dags/example_latest_only.py
[2024-06-06 19:56:35,489] {scheduler_job.py:639} INFO - DAG(s) dict_keys(['latest_only']) retrieved from /home/airflow/.local/lib/python3.6/site-packages/airflow/example_dags/example_latest_only.py
[2024-06-06 19:56:35,515] {logging_mixin.py:104} INFO - [2024-06-06 19:56:35,515] {dag.py:1824} INFO - Sync 1 DAGs
[2024-06-06 19:56:35,534] {logging_mixin.py:104} INFO - [2024-06-06 19:56:35,534] {dag.py:2280} INFO - Setting next_dagrun for latest_only to 2024-06-04 00:00:00+00:00
[2024-06-06 19:56:35,550] {scheduler_job.py:190} INFO - Processing /home/airflow/.local/lib/python3.6/site-packages/airflow/example_dags/example_latest_only.py took 0.081 seconds
[2024-06-06 19:57:05,583] {scheduler_job.py:182} INFO - Started process (PID=442) to work on /home/airflow/.local/lib/python3.6/site-packages/airflow/example_dags/example_latest_only.py
[2024-06-06 19:57:05,591] {scheduler_job.py:629} INFO - Processing file /home/airflow/.local/lib/python3.6/site-packages/airflow/example_dags/example_latest_only.py for tasks to queue
[2024-06-06 19:57:05,592] {logging_mixin.py:104} INFO - [2024-06-06 19:57:05,591] {dagbag.py:451} INFO - Filling up the DagBag from /home/airflow/.local/lib/python3.6/site-packages/airflow/example_dags/example_latest_only.py
[2024-06-06 19:57:05,608] {scheduler_job.py:639} INFO - DAG(s) dict_keys(['latest_only']) retrieved from /home/airflow/.local/lib/python3.6/site-packages/airflow/example_dags/example_latest_only.py
[2024-06-06 19:57:05,650] {logging_mixin.py:104} INFO - [2024-06-06 19:57:05,650] {dag.py:1824} INFO - Sync 1 DAGs
[2024-06-06 19:57:05,678] {logging_mixin.py:104} INFO - [2024-06-06 19:57:05,677] {dag.py:2280} INFO - Setting next_dagrun for latest_only to 2024-06-04 00:00:00+00:00
[2024-06-06 19:57:05,698] {scheduler_job.py:190} INFO - Processing /home/airflow/.local/lib/python3.6/site-packages/airflow/example_dags/example_latest_only.py took 0.119 seconds
[2024-06-06 19:57:36,322] {scheduler_job.py:182} INFO - Started process (PID=471) to work on /home/airflow/.local/lib/python3.6/site-packages/airflow/example_dags/example_latest_only.py
[2024-06-06 19:57:36,323] {scheduler_job.py:629} INFO - Processing file /home/airflow/.local/lib/python3.6/site-packages/airflow/example_dags/example_latest_only.py for tasks to queue
[2024-06-06 19:57:36,324] {logging_mixin.py:104} INFO - [2024-06-06 19:57:36,324] {dagbag.py:451} INFO - Filling up the DagBag from /home/airflow/.local/lib/python3.6/site-packages/airflow/example_dags/example_latest_only.py
[2024-06-06 19:57:36,334] {scheduler_job.py:639} INFO - DAG(s) dict_keys(['latest_only']) retrieved from /home/airflow/.local/lib/python3.6/site-packages/airflow/example_dags/example_latest_only.py
[2024-06-06 19:57:36,355] {logging_mixin.py:104} INFO - [2024-06-06 19:57:36,355] {dag.py:1824} INFO - Sync 1 DAGs
[2024-06-06 19:57:36,368] {logging_mixin.py:104} INFO - [2024-06-06 19:57:36,368] {dag.py:2280} INFO - Setting next_dagrun for latest_only to 2024-06-04 00:00:00+00:00
[2024-06-06 19:57:36,383] {scheduler_job.py:190} INFO - Processing /home/airflow/.local/lib/python3.6/site-packages/airflow/example_dags/example_latest_only.py took 0.064 seconds
[2024-06-06 19:58:06,846] {scheduler_job.py:182} INFO - Started process (PID=497) to work on /home/airflow/.local/lib/python3.6/site-packages/airflow/example_dags/example_latest_only.py
[2024-06-06 19:58:06,847] {scheduler_job.py:629} INFO - Processing file /home/airflow/.local/lib/python3.6/site-packages/airflow/example_dags/example_latest_only.py for tasks to queue
[2024-06-06 19:58:06,848] {logging_mixin.py:104} INFO - [2024-06-06 19:58:06,847] {dagbag.py:451} INFO - Filling up the DagBag from /home/airflow/.local/lib/python3.6/site-packages/airflow/example_dags/example_latest_only.py
[2024-06-06 19:58:06,861] {scheduler_job.py:639} INFO - DAG(s) dict_keys(['latest_only']) retrieved from /home/airflow/.local/lib/python3.6/site-packages/airflow/example_dags/example_latest_only.py
[2024-06-06 19:58:06,897] {logging_mixin.py:104} INFO - [2024-06-06 19:58:06,897] {dag.py:1824} INFO - Sync 1 DAGs
[2024-06-06 19:58:06,924] {logging_mixin.py:104} INFO - [2024-06-06 19:58:06,923] {dag.py:2280} INFO - Setting next_dagrun for latest_only to 2024-06-04 00:00:00+00:00
[2024-06-06 19:58:06,943] {scheduler_job.py:190} INFO - Processing /home/airflow/.local/lib/python3.6/site-packages/airflow/example_dags/example_latest_only.py took 0.102 seconds
[2024-06-06 19:58:37,139] {scheduler_job.py:182} INFO - Started process (PID=516) to work on /home/airflow/.local/lib/python3.6/site-packages/airflow/example_dags/example_latest_only.py
[2024-06-06 19:58:37,139] {scheduler_job.py:629} INFO - Processing file /home/airflow/.local/lib/python3.6/site-packages/airflow/example_dags/example_latest_only.py for tasks to queue
[2024-06-06 19:58:37,140] {logging_mixin.py:104} INFO - [2024-06-06 19:58:37,140] {dagbag.py:451} INFO - Filling up the DagBag from /home/airflow/.local/lib/python3.6/site-packages/airflow/example_dags/example_latest_only.py
[2024-06-06 19:58:37,151] {scheduler_job.py:639} INFO - DAG(s) dict_keys(['latest_only']) retrieved from /home/airflow/.local/lib/python3.6/site-packages/airflow/example_dags/example_latest_only.py
[2024-06-06 19:58:37,174] {logging_mixin.py:104} INFO - [2024-06-06 19:58:37,174] {dag.py:1824} INFO - Sync 1 DAGs
[2024-06-06 19:58:37,190] {logging_mixin.py:104} INFO - [2024-06-06 19:58:37,190] {dag.py:2280} INFO - Setting next_dagrun for latest_only to 2024-06-04 00:00:00+00:00
[2024-06-06 19:58:37,212] {scheduler_job.py:190} INFO - Processing /home/airflow/.local/lib/python3.6/site-packages/airflow/example_dags/example_latest_only.py took 0.076 seconds
[2024-06-06 19:59:07,291] {scheduler_job.py:182} INFO - Started process (PID=537) to work on /home/airflow/.local/lib/python3.6/site-packages/airflow/example_dags/example_latest_only.py
[2024-06-06 19:59:07,292] {scheduler_job.py:629} INFO - Processing file /home/airflow/.local/lib/python3.6/site-packages/airflow/example_dags/example_latest_only.py for tasks to queue
[2024-06-06 19:59:07,293] {logging_mixin.py:104} INFO - [2024-06-06 19:59:07,293] {dagbag.py:451} INFO - Filling up the DagBag from /home/airflow/.local/lib/python3.6/site-packages/airflow/example_dags/example_latest_only.py
[2024-06-06 19:59:07,306] {scheduler_job.py:639} INFO - DAG(s) dict_keys(['latest_only']) retrieved from /home/airflow/.local/lib/python3.6/site-packages/airflow/example_dags/example_latest_only.py
[2024-06-06 19:59:07,339] {logging_mixin.py:104} INFO - [2024-06-06 19:59:07,339] {dag.py:1824} INFO - Sync 1 DAGs
[2024-06-06 19:59:07,360] {logging_mixin.py:104} INFO - [2024-06-06 19:59:07,359] {dag.py:2280} INFO - Setting next_dagrun for latest_only to 2024-06-04 00:00:00+00:00
[2024-06-06 19:59:07,373] {scheduler_job.py:190} INFO - Processing /home/airflow/.local/lib/python3.6/site-packages/airflow/example_dags/example_latest_only.py took 0.086 seconds
[2024-06-06 19:59:38,203] {scheduler_job.py:182} INFO - Started process (PID=567) to work on /home/airflow/.local/lib/python3.6/site-packages/airflow/example_dags/example_latest_only.py
[2024-06-06 19:59:38,204] {scheduler_job.py:629} INFO - Processing file /home/airflow/.local/lib/python3.6/site-packages/airflow/example_dags/example_latest_only.py for tasks to queue
[2024-06-06 19:59:38,204] {logging_mixin.py:104} INFO - [2024-06-06 19:59:38,204] {dagbag.py:451} INFO - Filling up the DagBag from /home/airflow/.local/lib/python3.6/site-packages/airflow/example_dags/example_latest_only.py
[2024-06-06 19:59:38,214] {scheduler_job.py:639} INFO - DAG(s) dict_keys(['latest_only']) retrieved from /home/airflow/.local/lib/python3.6/site-packages/airflow/example_dags/example_latest_only.py
[2024-06-06 19:59:38,236] {logging_mixin.py:104} INFO - [2024-06-06 19:59:38,236] {dag.py:1824} INFO - Sync 1 DAGs
[2024-06-06 19:59:38,252] {logging_mixin.py:104} INFO - [2024-06-06 19:59:38,252] {dag.py:2280} INFO - Setting next_dagrun for latest_only to 2024-06-04 00:00:00+00:00
[2024-06-06 19:59:38,265] {scheduler_job.py:190} INFO - Processing /home/airflow/.local/lib/python3.6/site-packages/airflow/example_dags/example_latest_only.py took 0.065 seconds
[2024-06-06 20:00:08,897] {scheduler_job.py:182} INFO - Started process (PID=598) to work on /home/airflow/.local/lib/python3.6/site-packages/airflow/example_dags/example_latest_only.py
[2024-06-06 20:00:08,898] {scheduler_job.py:629} INFO - Processing file /home/airflow/.local/lib/python3.6/site-packages/airflow/example_dags/example_latest_only.py for tasks to queue
[2024-06-06 20:00:08,899] {logging_mixin.py:104} INFO - [2024-06-06 20:00:08,899] {dagbag.py:451} INFO - Filling up the DagBag from /home/airflow/.local/lib/python3.6/site-packages/airflow/example_dags/example_latest_only.py
[2024-06-06 20:00:08,910] {scheduler_job.py:639} INFO - DAG(s) dict_keys(['latest_only']) retrieved from /home/airflow/.local/lib/python3.6/site-packages/airflow/example_dags/example_latest_only.py
[2024-06-06 20:00:08,935] {logging_mixin.py:104} INFO - [2024-06-06 20:00:08,935] {dag.py:1824} INFO - Sync 1 DAGs
[2024-06-06 20:00:08,952] {logging_mixin.py:104} INFO - [2024-06-06 20:00:08,952] {dag.py:2280} INFO - Setting next_dagrun for latest_only to 2024-06-04 00:00:00+00:00
[2024-06-06 20:00:08,966] {scheduler_job.py:190} INFO - Processing /home/airflow/.local/lib/python3.6/site-packages/airflow/example_dags/example_latest_only.py took 0.073 seconds
[2024-06-06 20:00:39,240] {scheduler_job.py:182} INFO - Started process (PID=624) to work on /home/airflow/.local/lib/python3.6/site-packages/airflow/example_dags/example_latest_only.py
[2024-06-06 20:00:39,241] {scheduler_job.py:629} INFO - Processing file /home/airflow/.local/lib/python3.6/site-packages/airflow/example_dags/example_latest_only.py for tasks to queue
[2024-06-06 20:00:39,241] {logging_mixin.py:104} INFO - [2024-06-06 20:00:39,241] {dagbag.py:451} INFO - Filling up the DagBag from /home/airflow/.local/lib/python3.6/site-packages/airflow/example_dags/example_latest_only.py
[2024-06-06 20:00:39,255] {scheduler_job.py:639} INFO - DAG(s) dict_keys(['latest_only']) retrieved from /home/airflow/.local/lib/python3.6/site-packages/airflow/example_dags/example_latest_only.py
[2024-06-06 20:00:39,288] {logging_mixin.py:104} INFO - [2024-06-06 20:00:39,288] {dag.py:1824} INFO - Sync 1 DAGs
[2024-06-06 20:00:39,312] {logging_mixin.py:104} INFO - [2024-06-06 20:00:39,312] {dag.py:2280} INFO - Setting next_dagrun for latest_only to 2024-06-04 00:00:00+00:00
[2024-06-06 20:00:39,331] {scheduler_job.py:190} INFO - Processing /home/airflow/.local/lib/python3.6/site-packages/airflow/example_dags/example_latest_only.py took 0.095 seconds
[2024-06-06 20:01:09,761] {scheduler_job.py:182} INFO - Started process (PID=653) to work on /home/airflow/.local/lib/python3.6/site-packages/airflow/example_dags/example_latest_only.py
[2024-06-06 20:01:09,762] {scheduler_job.py:629} INFO - Processing file /home/airflow/.local/lib/python3.6/site-packages/airflow/example_dags/example_latest_only.py for tasks to queue
[2024-06-06 20:01:09,763] {logging_mixin.py:104} INFO - [2024-06-06 20:01:09,763] {dagbag.py:451} INFO - Filling up the DagBag from /home/airflow/.local/lib/python3.6/site-packages/airflow/example_dags/example_latest_only.py
[2024-06-06 20:01:09,778] {scheduler_job.py:639} INFO - DAG(s) dict_keys(['latest_only']) retrieved from /home/airflow/.local/lib/python3.6/site-packages/airflow/example_dags/example_latest_only.py
[2024-06-06 20:01:09,802] {logging_mixin.py:104} INFO - [2024-06-06 20:01:09,802] {dag.py:1824} INFO - Sync 1 DAGs
[2024-06-06 20:01:09,819] {logging_mixin.py:104} INFO - [2024-06-06 20:01:09,819] {dag.py:2280} INFO - Setting next_dagrun for latest_only to 2024-06-04 00:00:00+00:00
[2024-06-06 20:01:09,827] {scheduler_job.py:190} INFO - Processing /home/airflow/.local/lib/python3.6/site-packages/airflow/example_dags/example_latest_only.py took 0.070 seconds
[2024-06-06 20:01:40,328] {scheduler_job.py:182} INFO - Started process (PID=681) to work on /home/airflow/.local/lib/python3.6/site-packages/airflow/example_dags/example_latest_only.py
[2024-06-06 20:01:40,328] {scheduler_job.py:629} INFO - Processing file /home/airflow/.local/lib/python3.6/site-packages/airflow/example_dags/example_latest_only.py for tasks to queue
[2024-06-06 20:01:40,329] {logging_mixin.py:104} INFO - [2024-06-06 20:01:40,329] {dagbag.py:451} INFO - Filling up the DagBag from /home/airflow/.local/lib/python3.6/site-packages/airflow/example_dags/example_latest_only.py
[2024-06-06 20:01:40,341] {scheduler_job.py:639} INFO - DAG(s) dict_keys(['latest_only']) retrieved from /home/airflow/.local/lib/python3.6/site-packages/airflow/example_dags/example_latest_only.py
[2024-06-06 20:01:40,367] {logging_mixin.py:104} INFO - [2024-06-06 20:01:40,367] {dag.py:1824} INFO - Sync 1 DAGs
[2024-06-06 20:01:40,387] {logging_mixin.py:104} INFO - [2024-06-06 20:01:40,386] {dag.py:2280} INFO - Setting next_dagrun for latest_only to 2024-06-04 00:00:00+00:00
[2024-06-06 20:01:40,405] {scheduler_job.py:190} INFO - Processing /home/airflow/.local/lib/python3.6/site-packages/airflow/example_dags/example_latest_only.py took 0.080 seconds
[2024-06-06 20:02:10,982] {scheduler_job.py:182} INFO - Started process (PID=712) to work on /home/airflow/.local/lib/python3.6/site-packages/airflow/example_dags/example_latest_only.py
[2024-06-06 20:02:10,984] {scheduler_job.py:629} INFO - Processing file /home/airflow/.local/lib/python3.6/site-packages/airflow/example_dags/example_latest_only.py for tasks to queue
[2024-06-06 20:02:10,984] {logging_mixin.py:104} INFO - [2024-06-06 20:02:10,984] {dagbag.py:451} INFO - Filling up the DagBag from /home/airflow/.local/lib/python3.6/site-packages/airflow/example_dags/example_latest_only.py
[2024-06-06 20:02:10,995] {scheduler_job.py:639} INFO - DAG(s) dict_keys(['latest_only']) retrieved from /home/airflow/.local/lib/python3.6/site-packages/airflow/example_dags/example_latest_only.py
[2024-06-06 20:02:11,018] {logging_mixin.py:104} INFO - [2024-06-06 20:02:11,018] {dag.py:1824} INFO - Sync 1 DAGs
[2024-06-06 20:02:11,031] {logging_mixin.py:104} INFO - [2024-06-06 20:02:11,031] {dag.py:2280} INFO - Setting next_dagrun for latest_only to 2024-06-04 00:00:00+00:00
[2024-06-06 20:02:11,042] {scheduler_job.py:190} INFO - Processing /home/airflow/.local/lib/python3.6/site-packages/airflow/example_dags/example_latest_only.py took 0.064 seconds
[2024-06-06 20:02:41,309] {scheduler_job.py:182} INFO - Started process (PID=738) to work on /home/airflow/.local/lib/python3.6/site-packages/airflow/example_dags/example_latest_only.py
[2024-06-06 20:02:41,310] {scheduler_job.py:629} INFO - Processing file /home/airflow/.local/lib/python3.6/site-packages/airflow/example_dags/example_latest_only.py for tasks to queue
[2024-06-06 20:02:41,310] {logging_mixin.py:104} INFO - [2024-06-06 20:02:41,310] {dagbag.py:451} INFO - Filling up the DagBag from /home/airflow/.local/lib/python3.6/site-packages/airflow/example_dags/example_latest_only.py
[2024-06-06 20:02:41,319] {scheduler_job.py:639} INFO - DAG(s) dict_keys(['latest_only']) retrieved from /home/airflow/.local/lib/python3.6/site-packages/airflow/example_dags/example_latest_only.py
[2024-06-06 20:02:41,336] {logging_mixin.py:104} INFO - [2024-06-06 20:02:41,336] {dag.py:1824} INFO - Sync 1 DAGs
[2024-06-06 20:02:41,349] {logging_mixin.py:104} INFO - [2024-06-06 20:02:41,348] {dag.py:2280} INFO - Setting next_dagrun for latest_only to 2024-06-04 00:00:00+00:00
[2024-06-06 20:02:41,363] {scheduler_job.py:190} INFO - Processing /home/airflow/.local/lib/python3.6/site-packages/airflow/example_dags/example_latest_only.py took 0.057 seconds
[2024-06-06 20:03:11,828] {scheduler_job.py:182} INFO - Started process (PID=764) to work on /home/airflow/.local/lib/python3.6/site-packages/airflow/example_dags/example_latest_only.py
[2024-06-06 20:03:11,830] {scheduler_job.py:629} INFO - Processing file /home/airflow/.local/lib/python3.6/site-packages/airflow/example_dags/example_latest_only.py for tasks to queue
[2024-06-06 20:03:11,830] {logging_mixin.py:104} INFO - [2024-06-06 20:03:11,830] {dagbag.py:451} INFO - Filling up the DagBag from /home/airflow/.local/lib/python3.6/site-packages/airflow/example_dags/example_latest_only.py
[2024-06-06 20:03:11,841] {scheduler_job.py:639} INFO - DAG(s) dict_keys(['latest_only']) retrieved from /home/airflow/.local/lib/python3.6/site-packages/airflow/example_dags/example_latest_only.py
[2024-06-06 20:03:11,862] {logging_mixin.py:104} INFO - [2024-06-06 20:03:11,862] {dag.py:1824} INFO - Sync 1 DAGs
[2024-06-06 20:03:11,877] {logging_mixin.py:104} INFO - [2024-06-06 20:03:11,877] {dag.py:2280} INFO - Setting next_dagrun for latest_only to 2024-06-04 00:00:00+00:00
[2024-06-06 20:03:11,891] {scheduler_job.py:190} INFO - Processing /home/airflow/.local/lib/python3.6/site-packages/airflow/example_dags/example_latest_only.py took 0.066 seconds
[2024-06-06 20:03:42,247] {scheduler_job.py:182} INFO - Started process (PID=790) to work on /home/airflow/.local/lib/python3.6/site-packages/airflow/example_dags/example_latest_only.py
[2024-06-06 20:03:42,248] {scheduler_job.py:629} INFO - Processing file /home/airflow/.local/lib/python3.6/site-packages/airflow/example_dags/example_latest_only.py for tasks to queue
[2024-06-06 20:03:42,249] {logging_mixin.py:104} INFO - [2024-06-06 20:03:42,248] {dagbag.py:451} INFO - Filling up the DagBag from /home/airflow/.local/lib/python3.6/site-packages/airflow/example_dags/example_latest_only.py
[2024-06-06 20:03:42,260] {scheduler_job.py:639} INFO - DAG(s) dict_keys(['latest_only']) retrieved from /home/airflow/.local/lib/python3.6/site-packages/airflow/example_dags/example_latest_only.py
[2024-06-06 20:03:42,285] {logging_mixin.py:104} INFO - [2024-06-06 20:03:42,285] {dag.py:1824} INFO - Sync 1 DAGs
[2024-06-06 20:03:42,301] {logging_mixin.py:104} INFO - [2024-06-06 20:03:42,301] {dag.py:2280} INFO - Setting next_dagrun for latest_only to 2024-06-04 00:00:00+00:00
[2024-06-06 20:03:42,317] {scheduler_job.py:190} INFO - Processing /home/airflow/.local/lib/python3.6/site-packages/airflow/example_dags/example_latest_only.py took 0.074 seconds
[2024-06-06 20:04:12,690] {scheduler_job.py:182} INFO - Started process (PID=816) to work on /home/airflow/.local/lib/python3.6/site-packages/airflow/example_dags/example_latest_only.py
[2024-06-06 20:04:12,691] {scheduler_job.py:629} INFO - Processing file /home/airflow/.local/lib/python3.6/site-packages/airflow/example_dags/example_latest_only.py for tasks to queue
[2024-06-06 20:04:12,691] {logging_mixin.py:104} INFO - [2024-06-06 20:04:12,691] {dagbag.py:451} INFO - Filling up the DagBag from /home/airflow/.local/lib/python3.6/site-packages/airflow/example_dags/example_latest_only.py
[2024-06-06 20:04:12,700] {scheduler_job.py:639} INFO - DAG(s) dict_keys(['latest_only']) retrieved from /home/airflow/.local/lib/python3.6/site-packages/airflow/example_dags/example_latest_only.py
[2024-06-06 20:04:12,719] {logging_mixin.py:104} INFO - [2024-06-06 20:04:12,719] {dag.py:1824} INFO - Sync 1 DAGs
[2024-06-06 20:04:12,731] {logging_mixin.py:104} INFO - [2024-06-06 20:04:12,731] {dag.py:2280} INFO - Setting next_dagrun for latest_only to 2024-06-04 00:00:00+00:00
[2024-06-06 20:04:12,745] {scheduler_job.py:190} INFO - Processing /home/airflow/.local/lib/python3.6/site-packages/airflow/example_dags/example_latest_only.py took 0.058 seconds
[2024-06-06 20:04:43,106] {scheduler_job.py:182} INFO - Started process (PID=842) to work on /home/airflow/.local/lib/python3.6/site-packages/airflow/example_dags/example_latest_only.py
[2024-06-06 20:04:43,107] {scheduler_job.py:629} INFO - Processing file /home/airflow/.local/lib/python3.6/site-packages/airflow/example_dags/example_latest_only.py for tasks to queue
[2024-06-06 20:04:43,108] {logging_mixin.py:104} INFO - [2024-06-06 20:04:43,108] {dagbag.py:451} INFO - Filling up the DagBag from /home/airflow/.local/lib/python3.6/site-packages/airflow/example_dags/example_latest_only.py
[2024-06-06 20:04:43,120] {scheduler_job.py:639} INFO - DAG(s) dict_keys(['latest_only']) retrieved from /home/airflow/.local/lib/python3.6/site-packages/airflow/example_dags/example_latest_only.py
[2024-06-06 20:04:43,150] {logging_mixin.py:104} INFO - [2024-06-06 20:04:43,150] {dag.py:1824} INFO - Sync 1 DAGs
[2024-06-06 20:04:43,177] {logging_mixin.py:104} INFO - [2024-06-06 20:04:43,176] {dag.py:2280} INFO - Setting next_dagrun for latest_only to 2024-06-04 00:00:00+00:00
[2024-06-06 20:04:43,190] {scheduler_job.py:190} INFO - Processing /home/airflow/.local/lib/python3.6/site-packages/airflow/example_dags/example_latest_only.py took 0.087 seconds
[2024-06-06 20:05:13,450] {scheduler_job.py:182} INFO - Started process (PID=868) to work on /home/airflow/.local/lib/python3.6/site-packages/airflow/example_dags/example_latest_only.py
[2024-06-06 20:05:13,451] {scheduler_job.py:629} INFO - Processing file /home/airflow/.local/lib/python3.6/site-packages/airflow/example_dags/example_latest_only.py for tasks to queue
[2024-06-06 20:05:13,451] {logging_mixin.py:104} INFO - [2024-06-06 20:05:13,451] {dagbag.py:451} INFO - Filling up the DagBag from /home/airflow/.local/lib/python3.6/site-packages/airflow/example_dags/example_latest_only.py
[2024-06-06 20:05:13,462] {scheduler_job.py:639} INFO - DAG(s) dict_keys(['latest_only']) retrieved from /home/airflow/.local/lib/python3.6/site-packages/airflow/example_dags/example_latest_only.py
[2024-06-06 20:05:13,484] {logging_mixin.py:104} INFO - [2024-06-06 20:05:13,483] {dag.py:1824} INFO - Sync 1 DAGs
[2024-06-06 20:05:13,501] {logging_mixin.py:104} INFO - [2024-06-06 20:05:13,501] {dag.py:2280} INFO - Setting next_dagrun for latest_only to 2024-06-04 00:00:00+00:00
[2024-06-06 20:05:13,515] {scheduler_job.py:190} INFO - Processing /home/airflow/.local/lib/python3.6/site-packages/airflow/example_dags/example_latest_only.py took 0.069 seconds
