[2024-06-06 19:49:57,794] {scheduler_job.py:182} INFO - Started process (PID=48) to work on /home/airflow/.local/lib/python3.6/site-packages/airflow/example_dags/example_xcomargs.py
[2024-06-06 19:49:57,794] {scheduler_job.py:629} INFO - Processing file /home/airflow/.local/lib/python3.6/site-packages/airflow/example_dags/example_xcomargs.py for tasks to queue
[2024-06-06 19:49:57,795] {logging_mixin.py:104} INFO - [2024-06-06 19:49:57,795] {dagbag.py:451} INFO - Filling up the DagBag from /home/airflow/.local/lib/python3.6/site-packages/airflow/example_dags/example_xcomargs.py
[2024-06-06 19:49:57,807] {scheduler_job.py:639} INFO - DAG(s) dict_keys(['example_xcom_args', 'example_xcom_args_with_operators']) retrieved from /home/airflow/.local/lib/python3.6/site-packages/airflow/example_dags/example_xcomargs.py
[2024-06-06 19:49:57,833] {logging_mixin.py:104} INFO - [2024-06-06 19:49:57,833] {dag.py:1824} INFO - Sync 2 DAGs
[2024-06-06 19:49:57,841] {logging_mixin.py:104} INFO - [2024-06-06 19:49:57,841] {dag.py:1843} INFO - Creating ORM DAG for example_xcom_args
[2024-06-06 19:49:57,841] {logging_mixin.py:104} INFO - [2024-06-06 19:49:57,841] {dag.py:1843} INFO - Creating ORM DAG for example_xcom_args_with_operators
[2024-06-06 19:49:57,846] {logging_mixin.py:104} INFO - [2024-06-06 19:49:57,846] {dag.py:2280} INFO - Setting next_dagrun for example_xcom_args to None
[2024-06-06 19:49:57,846] {logging_mixin.py:104} INFO - [2024-06-06 19:49:57,846] {dag.py:2280} INFO - Setting next_dagrun for example_xcom_args_with_operators to None
[2024-06-06 19:49:57,860] {scheduler_job.py:190} INFO - Processing /home/airflow/.local/lib/python3.6/site-packages/airflow/example_dags/example_xcomargs.py took 0.069 seconds
[2024-06-06 19:50:29,040] {scheduler_job.py:182} INFO - Started process (PID=74) to work on /home/airflow/.local/lib/python3.6/site-packages/airflow/example_dags/example_xcomargs.py
[2024-06-06 19:50:29,040] {scheduler_job.py:629} INFO - Processing file /home/airflow/.local/lib/python3.6/site-packages/airflow/example_dags/example_xcomargs.py for tasks to queue
[2024-06-06 19:50:29,041] {logging_mixin.py:104} INFO - [2024-06-06 19:50:29,041] {dagbag.py:451} INFO - Filling up the DagBag from /home/airflow/.local/lib/python3.6/site-packages/airflow/example_dags/example_xcomargs.py
[2024-06-06 19:50:29,057] {scheduler_job.py:639} INFO - DAG(s) dict_keys(['example_xcom_args', 'example_xcom_args_with_operators']) retrieved from /home/airflow/.local/lib/python3.6/site-packages/airflow/example_dags/example_xcomargs.py
[2024-06-06 19:50:29,101] {logging_mixin.py:104} INFO - [2024-06-06 19:50:29,101] {dag.py:1824} INFO - Sync 2 DAGs
[2024-06-06 19:50:29,126] {logging_mixin.py:104} INFO - [2024-06-06 19:50:29,126] {dag.py:2280} INFO - Setting next_dagrun for example_xcom_args to None
[2024-06-06 19:50:29,127] {logging_mixin.py:104} INFO - [2024-06-06 19:50:29,127] {dag.py:2280} INFO - Setting next_dagrun for example_xcom_args_with_operators to None
[2024-06-06 19:50:29,147] {scheduler_job.py:190} INFO - Processing /home/airflow/.local/lib/python3.6/site-packages/airflow/example_dags/example_xcomargs.py took 0.109 seconds
[2024-06-06 19:50:59,610] {scheduler_job.py:182} INFO - Started process (PID=105) to work on /home/airflow/.local/lib/python3.6/site-packages/airflow/example_dags/example_xcomargs.py
[2024-06-06 19:50:59,611] {scheduler_job.py:629} INFO - Processing file /home/airflow/.local/lib/python3.6/site-packages/airflow/example_dags/example_xcomargs.py for tasks to queue
[2024-06-06 19:50:59,612] {logging_mixin.py:104} INFO - [2024-06-06 19:50:59,612] {dagbag.py:451} INFO - Filling up the DagBag from /home/airflow/.local/lib/python3.6/site-packages/airflow/example_dags/example_xcomargs.py
[2024-06-06 19:50:59,628] {scheduler_job.py:639} INFO - DAG(s) dict_keys(['example_xcom_args', 'example_xcom_args_with_operators']) retrieved from /home/airflow/.local/lib/python3.6/site-packages/airflow/example_dags/example_xcomargs.py
[2024-06-06 19:50:59,662] {logging_mixin.py:104} INFO - [2024-06-06 19:50:59,662] {dag.py:1824} INFO - Sync 2 DAGs
[2024-06-06 19:50:59,677] {logging_mixin.py:104} INFO - [2024-06-06 19:50:59,677] {dag.py:2280} INFO - Setting next_dagrun for example_xcom_args to None
[2024-06-06 19:50:59,678] {logging_mixin.py:104} INFO - [2024-06-06 19:50:59,678] {dag.py:2280} INFO - Setting next_dagrun for example_xcom_args_with_operators to None
[2024-06-06 19:50:59,696] {scheduler_job.py:190} INFO - Processing /home/airflow/.local/lib/python3.6/site-packages/airflow/example_dags/example_xcomargs.py took 0.089 seconds
[2024-06-06 19:51:29,987] {scheduler_job.py:182} INFO - Started process (PID=132) to work on /home/airflow/.local/lib/python3.6/site-packages/airflow/example_dags/example_xcomargs.py
[2024-06-06 19:51:29,988] {scheduler_job.py:629} INFO - Processing file /home/airflow/.local/lib/python3.6/site-packages/airflow/example_dags/example_xcomargs.py for tasks to queue
[2024-06-06 19:51:29,989] {logging_mixin.py:104} INFO - [2024-06-06 19:51:29,989] {dagbag.py:451} INFO - Filling up the DagBag from /home/airflow/.local/lib/python3.6/site-packages/airflow/example_dags/example_xcomargs.py
[2024-06-06 19:51:30,007] {scheduler_job.py:639} INFO - DAG(s) dict_keys(['example_xcom_args', 'example_xcom_args_with_operators']) retrieved from /home/airflow/.local/lib/python3.6/site-packages/airflow/example_dags/example_xcomargs.py
[2024-06-06 19:51:30,049] {logging_mixin.py:104} INFO - [2024-06-06 19:51:30,049] {dag.py:1824} INFO - Sync 2 DAGs
[2024-06-06 19:51:30,068] {logging_mixin.py:104} INFO - [2024-06-06 19:51:30,068] {dag.py:2280} INFO - Setting next_dagrun for example_xcom_args to None
[2024-06-06 19:51:30,069] {logging_mixin.py:104} INFO - [2024-06-06 19:51:30,069] {dag.py:2280} INFO - Setting next_dagrun for example_xcom_args_with_operators to None
[2024-06-06 19:51:30,088] {scheduler_job.py:190} INFO - Processing /home/airflow/.local/lib/python3.6/site-packages/airflow/example_dags/example_xcomargs.py took 0.105 seconds
[2024-06-06 19:52:00,415] {scheduler_job.py:182} INFO - Started process (PID=159) to work on /home/airflow/.local/lib/python3.6/site-packages/airflow/example_dags/example_xcomargs.py
[2024-06-06 19:52:00,416] {scheduler_job.py:629} INFO - Processing file /home/airflow/.local/lib/python3.6/site-packages/airflow/example_dags/example_xcomargs.py for tasks to queue
[2024-06-06 19:52:00,416] {logging_mixin.py:104} INFO - [2024-06-06 19:52:00,416] {dagbag.py:451} INFO - Filling up the DagBag from /home/airflow/.local/lib/python3.6/site-packages/airflow/example_dags/example_xcomargs.py
[2024-06-06 19:52:00,435] {scheduler_job.py:639} INFO - DAG(s) dict_keys(['example_xcom_args', 'example_xcom_args_with_operators']) retrieved from /home/airflow/.local/lib/python3.6/site-packages/airflow/example_dags/example_xcomargs.py
[2024-06-06 19:52:00,479] {logging_mixin.py:104} INFO - [2024-06-06 19:52:00,479] {dag.py:1824} INFO - Sync 2 DAGs
[2024-06-06 19:52:00,500] {logging_mixin.py:104} INFO - [2024-06-06 19:52:00,500] {dag.py:2280} INFO - Setting next_dagrun for example_xcom_args to None
[2024-06-06 19:52:00,501] {logging_mixin.py:104} INFO - [2024-06-06 19:52:00,501] {dag.py:2280} INFO - Setting next_dagrun for example_xcom_args_with_operators to None
[2024-06-06 19:52:00,522] {scheduler_job.py:190} INFO - Processing /home/airflow/.local/lib/python3.6/site-packages/airflow/example_dags/example_xcomargs.py took 0.111 seconds
[2024-06-06 19:52:31,173] {scheduler_job.py:182} INFO - Started process (PID=189) to work on /home/airflow/.local/lib/python3.6/site-packages/airflow/example_dags/example_xcomargs.py
[2024-06-06 19:52:31,175] {scheduler_job.py:629} INFO - Processing file /home/airflow/.local/lib/python3.6/site-packages/airflow/example_dags/example_xcomargs.py for tasks to queue
[2024-06-06 19:52:31,175] {logging_mixin.py:104} INFO - [2024-06-06 19:52:31,175] {dagbag.py:451} INFO - Filling up the DagBag from /home/airflow/.local/lib/python3.6/site-packages/airflow/example_dags/example_xcomargs.py
[2024-06-06 19:52:31,191] {scheduler_job.py:639} INFO - DAG(s) dict_keys(['example_xcom_args', 'example_xcom_args_with_operators']) retrieved from /home/airflow/.local/lib/python3.6/site-packages/airflow/example_dags/example_xcomargs.py
[2024-06-06 19:52:31,229] {logging_mixin.py:104} INFO - [2024-06-06 19:52:31,229] {dag.py:1824} INFO - Sync 2 DAGs
[2024-06-06 19:52:31,247] {logging_mixin.py:104} INFO - [2024-06-06 19:52:31,247] {dag.py:2280} INFO - Setting next_dagrun for example_xcom_args to None
[2024-06-06 19:52:31,248] {logging_mixin.py:104} INFO - [2024-06-06 19:52:31,248] {dag.py:2280} INFO - Setting next_dagrun for example_xcom_args_with_operators to None
[2024-06-06 19:52:31,268] {scheduler_job.py:190} INFO - Processing /home/airflow/.local/lib/python3.6/site-packages/airflow/example_dags/example_xcomargs.py took 0.098 seconds
[2024-06-06 19:53:01,658] {scheduler_job.py:182} INFO - Started process (PID=216) to work on /home/airflow/.local/lib/python3.6/site-packages/airflow/example_dags/example_xcomargs.py
[2024-06-06 19:53:01,659] {scheduler_job.py:629} INFO - Processing file /home/airflow/.local/lib/python3.6/site-packages/airflow/example_dags/example_xcomargs.py for tasks to queue
[2024-06-06 19:53:01,659] {logging_mixin.py:104} INFO - [2024-06-06 19:53:01,659] {dagbag.py:451} INFO - Filling up the DagBag from /home/airflow/.local/lib/python3.6/site-packages/airflow/example_dags/example_xcomargs.py
[2024-06-06 19:53:01,677] {scheduler_job.py:639} INFO - DAG(s) dict_keys(['example_xcom_args', 'example_xcom_args_with_operators']) retrieved from /home/airflow/.local/lib/python3.6/site-packages/airflow/example_dags/example_xcomargs.py
[2024-06-06 19:53:01,713] {logging_mixin.py:104} INFO - [2024-06-06 19:53:01,713] {dag.py:1824} INFO - Sync 2 DAGs
[2024-06-06 19:53:01,732] {logging_mixin.py:104} INFO - [2024-06-06 19:53:01,731] {dag.py:2280} INFO - Setting next_dagrun for example_xcom_args to None
[2024-06-06 19:53:01,733] {logging_mixin.py:104} INFO - [2024-06-06 19:53:01,732] {dag.py:2280} INFO - Setting next_dagrun for example_xcom_args_with_operators to None
[2024-06-06 19:53:01,750] {scheduler_job.py:190} INFO - Processing /home/airflow/.local/lib/python3.6/site-packages/airflow/example_dags/example_xcomargs.py took 0.096 seconds
[2024-06-06 19:53:32,154] {scheduler_job.py:182} INFO - Started process (PID=240) to work on /home/airflow/.local/lib/python3.6/site-packages/airflow/example_dags/example_xcomargs.py
[2024-06-06 19:53:32,155] {scheduler_job.py:629} INFO - Processing file /home/airflow/.local/lib/python3.6/site-packages/airflow/example_dags/example_xcomargs.py for tasks to queue
[2024-06-06 19:53:32,155] {logging_mixin.py:104} INFO - [2024-06-06 19:53:32,155] {dagbag.py:451} INFO - Filling up the DagBag from /home/airflow/.local/lib/python3.6/site-packages/airflow/example_dags/example_xcomargs.py
[2024-06-06 19:53:32,179] {scheduler_job.py:639} INFO - DAG(s) dict_keys(['example_xcom_args', 'example_xcom_args_with_operators']) retrieved from /home/airflow/.local/lib/python3.6/site-packages/airflow/example_dags/example_xcomargs.py
[2024-06-06 19:53:32,219] {logging_mixin.py:104} INFO - [2024-06-06 19:53:32,219] {dag.py:1824} INFO - Sync 2 DAGs
[2024-06-06 19:53:32,238] {logging_mixin.py:104} INFO - [2024-06-06 19:53:32,238] {dag.py:2280} INFO - Setting next_dagrun for example_xcom_args to None
[2024-06-06 19:53:32,239] {logging_mixin.py:104} INFO - [2024-06-06 19:53:32,239] {dag.py:2280} INFO - Setting next_dagrun for example_xcom_args_with_operators to None
[2024-06-06 19:53:32,258] {scheduler_job.py:190} INFO - Processing /home/airflow/.local/lib/python3.6/site-packages/airflow/example_dags/example_xcomargs.py took 0.109 seconds
[2024-06-06 19:54:02,436] {scheduler_job.py:182} INFO - Started process (PID=264) to work on /home/airflow/.local/lib/python3.6/site-packages/airflow/example_dags/example_xcomargs.py
[2024-06-06 19:54:02,437] {scheduler_job.py:629} INFO - Processing file /home/airflow/.local/lib/python3.6/site-packages/airflow/example_dags/example_xcomargs.py for tasks to queue
[2024-06-06 19:54:02,438] {logging_mixin.py:104} INFO - [2024-06-06 19:54:02,438] {dagbag.py:451} INFO - Filling up the DagBag from /home/airflow/.local/lib/python3.6/site-packages/airflow/example_dags/example_xcomargs.py
[2024-06-06 19:54:02,458] {scheduler_job.py:639} INFO - DAG(s) dict_keys(['example_xcom_args', 'example_xcom_args_with_operators']) retrieved from /home/airflow/.local/lib/python3.6/site-packages/airflow/example_dags/example_xcomargs.py
[2024-06-06 19:54:02,494] {logging_mixin.py:104} INFO - [2024-06-06 19:54:02,494] {dag.py:1824} INFO - Sync 2 DAGs
[2024-06-06 19:54:02,512] {logging_mixin.py:104} INFO - [2024-06-06 19:54:02,512] {dag.py:2280} INFO - Setting next_dagrun for example_xcom_args to None
[2024-06-06 19:54:02,513] {logging_mixin.py:104} INFO - [2024-06-06 19:54:02,513] {dag.py:2280} INFO - Setting next_dagrun for example_xcom_args_with_operators to None
[2024-06-06 19:54:02,535] {scheduler_job.py:190} INFO - Processing /home/airflow/.local/lib/python3.6/site-packages/airflow/example_dags/example_xcomargs.py took 0.102 seconds
[2024-06-06 19:54:32,857] {scheduler_job.py:182} INFO - Started process (PID=290) to work on /home/airflow/.local/lib/python3.6/site-packages/airflow/example_dags/example_xcomargs.py
[2024-06-06 19:54:32,858] {scheduler_job.py:629} INFO - Processing file /home/airflow/.local/lib/python3.6/site-packages/airflow/example_dags/example_xcomargs.py for tasks to queue
[2024-06-06 19:54:32,858] {logging_mixin.py:104} INFO - [2024-06-06 19:54:32,858] {dagbag.py:451} INFO - Filling up the DagBag from /home/airflow/.local/lib/python3.6/site-packages/airflow/example_dags/example_xcomargs.py
[2024-06-06 19:54:32,881] {scheduler_job.py:639} INFO - DAG(s) dict_keys(['example_xcom_args', 'example_xcom_args_with_operators']) retrieved from /home/airflow/.local/lib/python3.6/site-packages/airflow/example_dags/example_xcomargs.py
[2024-06-06 19:54:32,916] {logging_mixin.py:104} INFO - [2024-06-06 19:54:32,916] {dag.py:1824} INFO - Sync 2 DAGs
[2024-06-06 19:54:32,934] {logging_mixin.py:104} INFO - [2024-06-06 19:54:32,934] {dag.py:2280} INFO - Setting next_dagrun for example_xcom_args to None
[2024-06-06 19:54:32,935] {logging_mixin.py:104} INFO - [2024-06-06 19:54:32,935] {dag.py:2280} INFO - Setting next_dagrun for example_xcom_args_with_operators to None
[2024-06-06 19:54:32,954] {scheduler_job.py:190} INFO - Processing /home/airflow/.local/lib/python3.6/site-packages/airflow/example_dags/example_xcomargs.py took 0.102 seconds
[2024-06-06 19:55:03,658] {scheduler_job.py:182} INFO - Started process (PID=321) to work on /home/airflow/.local/lib/python3.6/site-packages/airflow/example_dags/example_xcomargs.py
[2024-06-06 19:55:03,659] {scheduler_job.py:629} INFO - Processing file /home/airflow/.local/lib/python3.6/site-packages/airflow/example_dags/example_xcomargs.py for tasks to queue
[2024-06-06 19:55:03,659] {logging_mixin.py:104} INFO - [2024-06-06 19:55:03,659] {dagbag.py:451} INFO - Filling up the DagBag from /home/airflow/.local/lib/python3.6/site-packages/airflow/example_dags/example_xcomargs.py
[2024-06-06 19:55:03,682] {scheduler_job.py:639} INFO - DAG(s) dict_keys(['example_xcom_args', 'example_xcom_args_with_operators']) retrieved from /home/airflow/.local/lib/python3.6/site-packages/airflow/example_dags/example_xcomargs.py
[2024-06-06 19:55:03,718] {logging_mixin.py:104} INFO - [2024-06-06 19:55:03,718] {dag.py:1824} INFO - Sync 2 DAGs
[2024-06-06 19:55:03,738] {logging_mixin.py:104} INFO - [2024-06-06 19:55:03,738] {dag.py:2280} INFO - Setting next_dagrun for example_xcom_args to None
[2024-06-06 19:55:03,739] {logging_mixin.py:104} INFO - [2024-06-06 19:55:03,739] {dag.py:2280} INFO - Setting next_dagrun for example_xcom_args_with_operators to None
[2024-06-06 19:55:03,754] {scheduler_job.py:190} INFO - Processing /home/airflow/.local/lib/python3.6/site-packages/airflow/example_dags/example_xcomargs.py took 0.100 seconds
[2024-06-06 19:55:34,241] {scheduler_job.py:182} INFO - Started process (PID=370) to work on /home/airflow/.local/lib/python3.6/site-packages/airflow/example_dags/example_xcomargs.py
[2024-06-06 19:55:34,242] {scheduler_job.py:629} INFO - Processing file /home/airflow/.local/lib/python3.6/site-packages/airflow/example_dags/example_xcomargs.py for tasks to queue
[2024-06-06 19:55:34,242] {logging_mixin.py:104} INFO - [2024-06-06 19:55:34,242] {dagbag.py:451} INFO - Filling up the DagBag from /home/airflow/.local/lib/python3.6/site-packages/airflow/example_dags/example_xcomargs.py
[2024-06-06 19:55:34,251] {scheduler_job.py:639} INFO - DAG(s) dict_keys(['example_xcom_args', 'example_xcom_args_with_operators']) retrieved from /home/airflow/.local/lib/python3.6/site-packages/airflow/example_dags/example_xcomargs.py
[2024-06-06 19:55:34,263] {logging_mixin.py:104} INFO - [2024-06-06 19:55:34,263] {dag.py:1824} INFO - Sync 2 DAGs
[2024-06-06 19:55:34,278] {logging_mixin.py:104} INFO - [2024-06-06 19:55:34,278] {dag.py:2280} INFO - Setting next_dagrun for example_xcom_args to None
[2024-06-06 19:55:34,279] {logging_mixin.py:104} INFO - [2024-06-06 19:55:34,279] {dag.py:2280} INFO - Setting next_dagrun for example_xcom_args_with_operators to None
[2024-06-06 19:55:34,297] {scheduler_job.py:190} INFO - Processing /home/airflow/.local/lib/python3.6/site-packages/airflow/example_dags/example_xcomargs.py took 0.058 seconds
[2024-06-06 19:56:04,795] {scheduler_job.py:182} INFO - Started process (PID=396) to work on /home/airflow/.local/lib/python3.6/site-packages/airflow/example_dags/example_xcomargs.py
[2024-06-06 19:56:04,797] {scheduler_job.py:629} INFO - Processing file /home/airflow/.local/lib/python3.6/site-packages/airflow/example_dags/example_xcomargs.py for tasks to queue
[2024-06-06 19:56:04,797] {logging_mixin.py:104} INFO - [2024-06-06 19:56:04,797] {dagbag.py:451} INFO - Filling up the DagBag from /home/airflow/.local/lib/python3.6/site-packages/airflow/example_dags/example_xcomargs.py
[2024-06-06 19:56:04,820] {scheduler_job.py:639} INFO - DAG(s) dict_keys(['example_xcom_args', 'example_xcom_args_with_operators']) retrieved from /home/airflow/.local/lib/python3.6/site-packages/airflow/example_dags/example_xcomargs.py
[2024-06-06 19:56:04,857] {logging_mixin.py:104} INFO - [2024-06-06 19:56:04,857] {dag.py:1824} INFO - Sync 2 DAGs
[2024-06-06 19:56:04,875] {logging_mixin.py:104} INFO - [2024-06-06 19:56:04,875] {dag.py:2280} INFO - Setting next_dagrun for example_xcom_args to None
[2024-06-06 19:56:04,877] {logging_mixin.py:104} INFO - [2024-06-06 19:56:04,876] {dag.py:2280} INFO - Setting next_dagrun for example_xcom_args_with_operators to None
[2024-06-06 19:56:04,894] {scheduler_job.py:190} INFO - Processing /home/airflow/.local/lib/python3.6/site-packages/airflow/example_dags/example_xcomargs.py took 0.103 seconds
[2024-06-06 19:56:35,236] {scheduler_job.py:182} INFO - Started process (PID=421) to work on /home/airflow/.local/lib/python3.6/site-packages/airflow/example_dags/example_xcomargs.py
[2024-06-06 19:56:35,237] {scheduler_job.py:629} INFO - Processing file /home/airflow/.local/lib/python3.6/site-packages/airflow/example_dags/example_xcomargs.py for tasks to queue
[2024-06-06 19:56:35,237] {logging_mixin.py:104} INFO - [2024-06-06 19:56:35,237] {dagbag.py:451} INFO - Filling up the DagBag from /home/airflow/.local/lib/python3.6/site-packages/airflow/example_dags/example_xcomargs.py
[2024-06-06 19:56:35,257] {scheduler_job.py:639} INFO - DAG(s) dict_keys(['example_xcom_args', 'example_xcom_args_with_operators']) retrieved from /home/airflow/.local/lib/python3.6/site-packages/airflow/example_dags/example_xcomargs.py
[2024-06-06 19:56:35,290] {logging_mixin.py:104} INFO - [2024-06-06 19:56:35,290] {dag.py:1824} INFO - Sync 2 DAGs
[2024-06-06 19:56:35,308] {logging_mixin.py:104} INFO - [2024-06-06 19:56:35,308] {dag.py:2280} INFO - Setting next_dagrun for example_xcom_args to None
[2024-06-06 19:56:35,309] {logging_mixin.py:104} INFO - [2024-06-06 19:56:35,309] {dag.py:2280} INFO - Setting next_dagrun for example_xcom_args_with_operators to None
[2024-06-06 19:56:35,329] {scheduler_job.py:190} INFO - Processing /home/airflow/.local/lib/python3.6/site-packages/airflow/example_dags/example_xcomargs.py took 0.097 seconds
[2024-06-06 19:57:06,309] {scheduler_job.py:182} INFO - Started process (PID=452) to work on /home/airflow/.local/lib/python3.6/site-packages/airflow/example_dags/example_xcomargs.py
[2024-06-06 19:57:06,315] {scheduler_job.py:629} INFO - Processing file /home/airflow/.local/lib/python3.6/site-packages/airflow/example_dags/example_xcomargs.py for tasks to queue
[2024-06-06 19:57:06,316] {logging_mixin.py:104} INFO - [2024-06-06 19:57:06,316] {dagbag.py:451} INFO - Filling up the DagBag from /home/airflow/.local/lib/python3.6/site-packages/airflow/example_dags/example_xcomargs.py
[2024-06-06 19:57:06,330] {scheduler_job.py:639} INFO - DAG(s) dict_keys(['example_xcom_args', 'example_xcom_args_with_operators']) retrieved from /home/airflow/.local/lib/python3.6/site-packages/airflow/example_dags/example_xcomargs.py
[2024-06-06 19:57:06,356] {logging_mixin.py:104} INFO - [2024-06-06 19:57:06,356] {dag.py:1824} INFO - Sync 2 DAGs
[2024-06-06 19:57:06,369] {logging_mixin.py:104} INFO - [2024-06-06 19:57:06,369] {dag.py:2280} INFO - Setting next_dagrun for example_xcom_args to None
[2024-06-06 19:57:06,369] {logging_mixin.py:104} INFO - [2024-06-06 19:57:06,369] {dag.py:2280} INFO - Setting next_dagrun for example_xcom_args_with_operators to None
[2024-06-06 19:57:06,382] {scheduler_job.py:190} INFO - Processing /home/airflow/.local/lib/python3.6/site-packages/airflow/example_dags/example_xcomargs.py took 0.077 seconds
[2024-06-06 19:57:36,399] {scheduler_job.py:182} INFO - Started process (PID=472) to work on /home/airflow/.local/lib/python3.6/site-packages/airflow/example_dags/example_xcomargs.py
[2024-06-06 19:57:36,400] {scheduler_job.py:629} INFO - Processing file /home/airflow/.local/lib/python3.6/site-packages/airflow/example_dags/example_xcomargs.py for tasks to queue
[2024-06-06 19:57:36,401] {logging_mixin.py:104} INFO - [2024-06-06 19:57:36,400] {dagbag.py:451} INFO - Filling up the DagBag from /home/airflow/.local/lib/python3.6/site-packages/airflow/example_dags/example_xcomargs.py
[2024-06-06 19:57:36,417] {scheduler_job.py:639} INFO - DAG(s) dict_keys(['example_xcom_args', 'example_xcom_args_with_operators']) retrieved from /home/airflow/.local/lib/python3.6/site-packages/airflow/example_dags/example_xcomargs.py
[2024-06-06 19:57:36,454] {logging_mixin.py:104} INFO - [2024-06-06 19:57:36,454] {dag.py:1824} INFO - Sync 2 DAGs
[2024-06-06 19:57:36,474] {logging_mixin.py:104} INFO - [2024-06-06 19:57:36,474] {dag.py:2280} INFO - Setting next_dagrun for example_xcom_args to None
[2024-06-06 19:57:36,475] {logging_mixin.py:104} INFO - [2024-06-06 19:57:36,475] {dag.py:2280} INFO - Setting next_dagrun for example_xcom_args_with_operators to None
[2024-06-06 19:57:36,492] {scheduler_job.py:190} INFO - Processing /home/airflow/.local/lib/python3.6/site-packages/airflow/example_dags/example_xcomargs.py took 0.096 seconds
[2024-06-06 19:58:06,946] {scheduler_job.py:182} INFO - Started process (PID=498) to work on /home/airflow/.local/lib/python3.6/site-packages/airflow/example_dags/example_xcomargs.py
[2024-06-06 19:58:06,947] {scheduler_job.py:629} INFO - Processing file /home/airflow/.local/lib/python3.6/site-packages/airflow/example_dags/example_xcomargs.py for tasks to queue
[2024-06-06 19:58:06,948] {logging_mixin.py:104} INFO - [2024-06-06 19:58:06,948] {dagbag.py:451} INFO - Filling up the DagBag from /home/airflow/.local/lib/python3.6/site-packages/airflow/example_dags/example_xcomargs.py
[2024-06-06 19:58:06,973] {scheduler_job.py:639} INFO - DAG(s) dict_keys(['example_xcom_args', 'example_xcom_args_with_operators']) retrieved from /home/airflow/.local/lib/python3.6/site-packages/airflow/example_dags/example_xcomargs.py
[2024-06-06 19:58:07,021] {logging_mixin.py:104} INFO - [2024-06-06 19:58:07,021] {dag.py:1824} INFO - Sync 2 DAGs
[2024-06-06 19:58:07,046] {logging_mixin.py:104} INFO - [2024-06-06 19:58:07,046] {dag.py:2280} INFO - Setting next_dagrun for example_xcom_args to None
[2024-06-06 19:58:07,047] {logging_mixin.py:104} INFO - [2024-06-06 19:58:07,047] {dag.py:2280} INFO - Setting next_dagrun for example_xcom_args_with_operators to None
[2024-06-06 19:58:07,074] {scheduler_job.py:190} INFO - Processing /home/airflow/.local/lib/python3.6/site-packages/airflow/example_dags/example_xcomargs.py took 0.133 seconds
[2024-06-06 19:58:37,581] {scheduler_job.py:182} INFO - Started process (PID=525) to work on /home/airflow/.local/lib/python3.6/site-packages/airflow/example_dags/example_xcomargs.py
[2024-06-06 19:58:37,582] {scheduler_job.py:629} INFO - Processing file /home/airflow/.local/lib/python3.6/site-packages/airflow/example_dags/example_xcomargs.py for tasks to queue
[2024-06-06 19:58:37,583] {logging_mixin.py:104} INFO - [2024-06-06 19:58:37,582] {dagbag.py:451} INFO - Filling up the DagBag from /home/airflow/.local/lib/python3.6/site-packages/airflow/example_dags/example_xcomargs.py
[2024-06-06 19:58:37,597] {scheduler_job.py:639} INFO - DAG(s) dict_keys(['example_xcom_args', 'example_xcom_args_with_operators']) retrieved from /home/airflow/.local/lib/python3.6/site-packages/airflow/example_dags/example_xcomargs.py
[2024-06-06 19:58:37,629] {logging_mixin.py:104} INFO - [2024-06-06 19:58:37,629] {dag.py:1824} INFO - Sync 2 DAGs
[2024-06-06 19:58:37,645] {logging_mixin.py:104} INFO - [2024-06-06 19:58:37,645] {dag.py:2280} INFO - Setting next_dagrun for example_xcom_args to None
[2024-06-06 19:58:37,646] {logging_mixin.py:104} INFO - [2024-06-06 19:58:37,646] {dag.py:2280} INFO - Setting next_dagrun for example_xcom_args_with_operators to None
[2024-06-06 19:58:37,661] {scheduler_job.py:190} INFO - Processing /home/airflow/.local/lib/python3.6/site-packages/airflow/example_dags/example_xcomargs.py took 0.083 seconds
[2024-06-06 19:59:08,139] {scheduler_job.py:182} INFO - Started process (PID=551) to work on /home/airflow/.local/lib/python3.6/site-packages/airflow/example_dags/example_xcomargs.py
[2024-06-06 19:59:08,140] {scheduler_job.py:629} INFO - Processing file /home/airflow/.local/lib/python3.6/site-packages/airflow/example_dags/example_xcomargs.py for tasks to queue
[2024-06-06 19:59:08,140] {logging_mixin.py:104} INFO - [2024-06-06 19:59:08,140] {dagbag.py:451} INFO - Filling up the DagBag from /home/airflow/.local/lib/python3.6/site-packages/airflow/example_dags/example_xcomargs.py
[2024-06-06 19:59:08,150] {scheduler_job.py:639} INFO - DAG(s) dict_keys(['example_xcom_args', 'example_xcom_args_with_operators']) retrieved from /home/airflow/.local/lib/python3.6/site-packages/airflow/example_dags/example_xcomargs.py
[2024-06-06 19:59:08,190] {logging_mixin.py:104} INFO - [2024-06-06 19:59:08,190] {dag.py:1824} INFO - Sync 2 DAGs
[2024-06-06 19:59:08,213] {logging_mixin.py:104} INFO - [2024-06-06 19:59:08,213] {dag.py:2280} INFO - Setting next_dagrun for example_xcom_args to None
[2024-06-06 19:59:08,214] {logging_mixin.py:104} INFO - [2024-06-06 19:59:08,214] {dag.py:2280} INFO - Setting next_dagrun for example_xcom_args_with_operators to None
[2024-06-06 19:59:08,238] {scheduler_job.py:190} INFO - Processing /home/airflow/.local/lib/python3.6/site-packages/airflow/example_dags/example_xcomargs.py took 0.101 seconds
[2024-06-06 19:59:38,809] {scheduler_job.py:182} INFO - Started process (PID=578) to work on /home/airflow/.local/lib/python3.6/site-packages/airflow/example_dags/example_xcomargs.py
[2024-06-06 19:59:38,810] {scheduler_job.py:629} INFO - Processing file /home/airflow/.local/lib/python3.6/site-packages/airflow/example_dags/example_xcomargs.py for tasks to queue
[2024-06-06 19:59:38,811] {logging_mixin.py:104} INFO - [2024-06-06 19:59:38,811] {dagbag.py:451} INFO - Filling up the DagBag from /home/airflow/.local/lib/python3.6/site-packages/airflow/example_dags/example_xcomargs.py
[2024-06-06 19:59:38,827] {scheduler_job.py:639} INFO - DAG(s) dict_keys(['example_xcom_args', 'example_xcom_args_with_operators']) retrieved from /home/airflow/.local/lib/python3.6/site-packages/airflow/example_dags/example_xcomargs.py
[2024-06-06 19:59:38,862] {logging_mixin.py:104} INFO - [2024-06-06 19:59:38,862] {dag.py:1824} INFO - Sync 2 DAGs
[2024-06-06 19:59:38,878] {logging_mixin.py:104} INFO - [2024-06-06 19:59:38,878] {dag.py:2280} INFO - Setting next_dagrun for example_xcom_args to None
[2024-06-06 19:59:38,879] {logging_mixin.py:104} INFO - [2024-06-06 19:59:38,879] {dag.py:2280} INFO - Setting next_dagrun for example_xcom_args_with_operators to None
[2024-06-06 19:59:38,896] {scheduler_job.py:190} INFO - Processing /home/airflow/.local/lib/python3.6/site-packages/airflow/example_dags/example_xcomargs.py took 0.090 seconds
[2024-06-06 20:00:09,197] {scheduler_job.py:182} INFO - Started process (PID=605) to work on /home/airflow/.local/lib/python3.6/site-packages/airflow/example_dags/example_xcomargs.py
[2024-06-06 20:00:09,198] {scheduler_job.py:629} INFO - Processing file /home/airflow/.local/lib/python3.6/site-packages/airflow/example_dags/example_xcomargs.py for tasks to queue
[2024-06-06 20:00:09,199] {logging_mixin.py:104} INFO - [2024-06-06 20:00:09,198] {dagbag.py:451} INFO - Filling up the DagBag from /home/airflow/.local/lib/python3.6/site-packages/airflow/example_dags/example_xcomargs.py
[2024-06-06 20:00:09,214] {scheduler_job.py:639} INFO - DAG(s) dict_keys(['example_xcom_args', 'example_xcom_args_with_operators']) retrieved from /home/airflow/.local/lib/python3.6/site-packages/airflow/example_dags/example_xcomargs.py
[2024-06-06 20:00:09,249] {logging_mixin.py:104} INFO - [2024-06-06 20:00:09,248] {dag.py:1824} INFO - Sync 2 DAGs
[2024-06-06 20:00:09,265] {logging_mixin.py:104} INFO - [2024-06-06 20:00:09,265] {dag.py:2280} INFO - Setting next_dagrun for example_xcom_args to None
[2024-06-06 20:00:09,266] {logging_mixin.py:104} INFO - [2024-06-06 20:00:09,266] {dag.py:2280} INFO - Setting next_dagrun for example_xcom_args_with_operators to None
[2024-06-06 20:00:09,284] {scheduler_job.py:190} INFO - Processing /home/airflow/.local/lib/python3.6/site-packages/airflow/example_dags/example_xcomargs.py took 0.091 seconds
[2024-06-06 20:00:39,852] {scheduler_job.py:182} INFO - Started process (PID=634) to work on /home/airflow/.local/lib/python3.6/site-packages/airflow/example_dags/example_xcomargs.py
[2024-06-06 20:00:39,853] {scheduler_job.py:629} INFO - Processing file /home/airflow/.local/lib/python3.6/site-packages/airflow/example_dags/example_xcomargs.py for tasks to queue
[2024-06-06 20:00:39,854] {logging_mixin.py:104} INFO - [2024-06-06 20:00:39,854] {dagbag.py:451} INFO - Filling up the DagBag from /home/airflow/.local/lib/python3.6/site-packages/airflow/example_dags/example_xcomargs.py
[2024-06-06 20:00:39,871] {scheduler_job.py:639} INFO - DAG(s) dict_keys(['example_xcom_args', 'example_xcom_args_with_operators']) retrieved from /home/airflow/.local/lib/python3.6/site-packages/airflow/example_dags/example_xcomargs.py
[2024-06-06 20:00:39,902] {logging_mixin.py:104} INFO - [2024-06-06 20:00:39,902] {dag.py:1824} INFO - Sync 2 DAGs
[2024-06-06 20:00:39,915] {logging_mixin.py:104} INFO - [2024-06-06 20:00:39,914] {dag.py:2280} INFO - Setting next_dagrun for example_xcom_args to None
[2024-06-06 20:00:39,915] {logging_mixin.py:104} INFO - [2024-06-06 20:00:39,915] {dag.py:2280} INFO - Setting next_dagrun for example_xcom_args_with_operators to None
[2024-06-06 20:00:39,928] {scheduler_job.py:190} INFO - Processing /home/airflow/.local/lib/python3.6/site-packages/airflow/example_dags/example_xcomargs.py took 0.079 seconds
[2024-06-06 20:01:10,166] {scheduler_job.py:182} INFO - Started process (PID=660) to work on /home/airflow/.local/lib/python3.6/site-packages/airflow/example_dags/example_xcomargs.py
[2024-06-06 20:01:10,168] {scheduler_job.py:629} INFO - Processing file /home/airflow/.local/lib/python3.6/site-packages/airflow/example_dags/example_xcomargs.py for tasks to queue
[2024-06-06 20:01:10,169] {logging_mixin.py:104} INFO - [2024-06-06 20:01:10,169] {dagbag.py:451} INFO - Filling up the DagBag from /home/airflow/.local/lib/python3.6/site-packages/airflow/example_dags/example_xcomargs.py
[2024-06-06 20:01:10,192] {scheduler_job.py:639} INFO - DAG(s) dict_keys(['example_xcom_args', 'example_xcom_args_with_operators']) retrieved from /home/airflow/.local/lib/python3.6/site-packages/airflow/example_dags/example_xcomargs.py
[2024-06-06 20:01:10,231] {logging_mixin.py:104} INFO - [2024-06-06 20:01:10,231] {dag.py:1824} INFO - Sync 2 DAGs
[2024-06-06 20:01:10,253] {logging_mixin.py:104} INFO - [2024-06-06 20:01:10,253] {dag.py:2280} INFO - Setting next_dagrun for example_xcom_args to None
[2024-06-06 20:01:10,254] {logging_mixin.py:104} INFO - [2024-06-06 20:01:10,254] {dag.py:2280} INFO - Setting next_dagrun for example_xcom_args_with_operators to None
[2024-06-06 20:01:10,276] {scheduler_job.py:190} INFO - Processing /home/airflow/.local/lib/python3.6/site-packages/airflow/example_dags/example_xcomargs.py took 0.114 seconds
[2024-06-06 20:01:40,334] {scheduler_job.py:182} INFO - Started process (PID=682) to work on /home/airflow/.local/lib/python3.6/site-packages/airflow/example_dags/example_xcomargs.py
[2024-06-06 20:01:40,335] {scheduler_job.py:629} INFO - Processing file /home/airflow/.local/lib/python3.6/site-packages/airflow/example_dags/example_xcomargs.py for tasks to queue
[2024-06-06 20:01:40,335] {logging_mixin.py:104} INFO - [2024-06-06 20:01:40,335] {dagbag.py:451} INFO - Filling up the DagBag from /home/airflow/.local/lib/python3.6/site-packages/airflow/example_dags/example_xcomargs.py
[2024-06-06 20:01:40,353] {scheduler_job.py:639} INFO - DAG(s) dict_keys(['example_xcom_args', 'example_xcom_args_with_operators']) retrieved from /home/airflow/.local/lib/python3.6/site-packages/airflow/example_dags/example_xcomargs.py
[2024-06-06 20:01:40,389] {logging_mixin.py:104} INFO - [2024-06-06 20:01:40,388] {dag.py:1824} INFO - Sync 2 DAGs
[2024-06-06 20:01:40,408] {logging_mixin.py:104} INFO - [2024-06-06 20:01:40,408] {dag.py:2280} INFO - Setting next_dagrun for example_xcom_args to None
[2024-06-06 20:01:40,409] {logging_mixin.py:104} INFO - [2024-06-06 20:01:40,409] {dag.py:2280} INFO - Setting next_dagrun for example_xcom_args_with_operators to None
[2024-06-06 20:01:40,428] {scheduler_job.py:190} INFO - Processing /home/airflow/.local/lib/python3.6/site-packages/airflow/example_dags/example_xcomargs.py took 0.098 seconds
[2024-06-06 20:02:10,726] {scheduler_job.py:182} INFO - Started process (PID=707) to work on /home/airflow/.local/lib/python3.6/site-packages/airflow/example_dags/example_xcomargs.py
[2024-06-06 20:02:10,728] {scheduler_job.py:629} INFO - Processing file /home/airflow/.local/lib/python3.6/site-packages/airflow/example_dags/example_xcomargs.py for tasks to queue
[2024-06-06 20:02:10,729] {logging_mixin.py:104} INFO - [2024-06-06 20:02:10,729] {dagbag.py:451} INFO - Filling up the DagBag from /home/airflow/.local/lib/python3.6/site-packages/airflow/example_dags/example_xcomargs.py
[2024-06-06 20:02:10,743] {scheduler_job.py:639} INFO - DAG(s) dict_keys(['example_xcom_args', 'example_xcom_args_with_operators']) retrieved from /home/airflow/.local/lib/python3.6/site-packages/airflow/example_dags/example_xcomargs.py
[2024-06-06 20:02:10,773] {logging_mixin.py:104} INFO - [2024-06-06 20:02:10,772] {dag.py:1824} INFO - Sync 2 DAGs
[2024-06-06 20:02:10,788] {logging_mixin.py:104} INFO - [2024-06-06 20:02:10,788] {dag.py:2280} INFO - Setting next_dagrun for example_xcom_args to None
[2024-06-06 20:02:10,789] {logging_mixin.py:104} INFO - [2024-06-06 20:02:10,789] {dag.py:2280} INFO - Setting next_dagrun for example_xcom_args_with_operators to None
[2024-06-06 20:02:10,802] {scheduler_job.py:190} INFO - Processing /home/airflow/.local/lib/python3.6/site-packages/airflow/example_dags/example_xcomargs.py took 0.079 seconds
[2024-06-06 20:02:41,016] {scheduler_job.py:182} INFO - Started process (PID=733) to work on /home/airflow/.local/lib/python3.6/site-packages/airflow/example_dags/example_xcomargs.py
[2024-06-06 20:02:41,017] {scheduler_job.py:629} INFO - Processing file /home/airflow/.local/lib/python3.6/site-packages/airflow/example_dags/example_xcomargs.py for tasks to queue
[2024-06-06 20:02:41,018] {logging_mixin.py:104} INFO - [2024-06-06 20:02:41,018] {dagbag.py:451} INFO - Filling up the DagBag from /home/airflow/.local/lib/python3.6/site-packages/airflow/example_dags/example_xcomargs.py
[2024-06-06 20:02:41,036] {scheduler_job.py:639} INFO - DAG(s) dict_keys(['example_xcom_args', 'example_xcom_args_with_operators']) retrieved from /home/airflow/.local/lib/python3.6/site-packages/airflow/example_dags/example_xcomargs.py
[2024-06-06 20:02:41,073] {logging_mixin.py:104} INFO - [2024-06-06 20:02:41,072] {dag.py:1824} INFO - Sync 2 DAGs
[2024-06-06 20:02:41,095] {logging_mixin.py:104} INFO - [2024-06-06 20:02:41,095] {dag.py:2280} INFO - Setting next_dagrun for example_xcom_args to None
[2024-06-06 20:02:41,096] {logging_mixin.py:104} INFO - [2024-06-06 20:02:41,096] {dag.py:2280} INFO - Setting next_dagrun for example_xcom_args_with_operators to None
[2024-06-06 20:02:41,112] {scheduler_job.py:190} INFO - Processing /home/airflow/.local/lib/python3.6/site-packages/airflow/example_dags/example_xcomargs.py took 0.100 seconds
[2024-06-06 20:03:11,453] {scheduler_job.py:182} INFO - Started process (PID=758) to work on /home/airflow/.local/lib/python3.6/site-packages/airflow/example_dags/example_xcomargs.py
[2024-06-06 20:03:11,454] {scheduler_job.py:629} INFO - Processing file /home/airflow/.local/lib/python3.6/site-packages/airflow/example_dags/example_xcomargs.py for tasks to queue
[2024-06-06 20:03:11,455] {logging_mixin.py:104} INFO - [2024-06-06 20:03:11,455] {dagbag.py:451} INFO - Filling up the DagBag from /home/airflow/.local/lib/python3.6/site-packages/airflow/example_dags/example_xcomargs.py
[2024-06-06 20:03:11,471] {scheduler_job.py:639} INFO - DAG(s) dict_keys(['example_xcom_args', 'example_xcom_args_with_operators']) retrieved from /home/airflow/.local/lib/python3.6/site-packages/airflow/example_dags/example_xcomargs.py
[2024-06-06 20:03:11,506] {logging_mixin.py:104} INFO - [2024-06-06 20:03:11,506] {dag.py:1824} INFO - Sync 2 DAGs
[2024-06-06 20:03:11,522] {logging_mixin.py:104} INFO - [2024-06-06 20:03:11,522] {dag.py:2280} INFO - Setting next_dagrun for example_xcom_args to None
[2024-06-06 20:03:11,523] {logging_mixin.py:104} INFO - [2024-06-06 20:03:11,523] {dag.py:2280} INFO - Setting next_dagrun for example_xcom_args_with_operators to None
[2024-06-06 20:03:11,537] {scheduler_job.py:190} INFO - Processing /home/airflow/.local/lib/python3.6/site-packages/airflow/example_dags/example_xcomargs.py took 0.088 seconds
[2024-06-06 20:03:42,024] {scheduler_job.py:182} INFO - Started process (PID=786) to work on /home/airflow/.local/lib/python3.6/site-packages/airflow/example_dags/example_xcomargs.py
[2024-06-06 20:03:42,026] {scheduler_job.py:629} INFO - Processing file /home/airflow/.local/lib/python3.6/site-packages/airflow/example_dags/example_xcomargs.py for tasks to queue
[2024-06-06 20:03:42,027] {logging_mixin.py:104} INFO - [2024-06-06 20:03:42,026] {dagbag.py:451} INFO - Filling up the DagBag from /home/airflow/.local/lib/python3.6/site-packages/airflow/example_dags/example_xcomargs.py
[2024-06-06 20:03:42,053] {scheduler_job.py:639} INFO - DAG(s) dict_keys(['example_xcom_args', 'example_xcom_args_with_operators']) retrieved from /home/airflow/.local/lib/python3.6/site-packages/airflow/example_dags/example_xcomargs.py
[2024-06-06 20:03:42,092] {logging_mixin.py:104} INFO - [2024-06-06 20:03:42,091] {dag.py:1824} INFO - Sync 2 DAGs
[2024-06-06 20:03:42,112] {logging_mixin.py:104} INFO - [2024-06-06 20:03:42,112] {dag.py:2280} INFO - Setting next_dagrun for example_xcom_args to None
[2024-06-06 20:03:42,113] {logging_mixin.py:104} INFO - [2024-06-06 20:03:42,113] {dag.py:2280} INFO - Setting next_dagrun for example_xcom_args_with_operators to None
[2024-06-06 20:03:42,130] {scheduler_job.py:190} INFO - Processing /home/airflow/.local/lib/python3.6/site-packages/airflow/example_dags/example_xcomargs.py took 0.111 seconds
[2024-06-06 20:04:12,419] {scheduler_job.py:182} INFO - Started process (PID=811) to work on /home/airflow/.local/lib/python3.6/site-packages/airflow/example_dags/example_xcomargs.py
[2024-06-06 20:04:12,420] {scheduler_job.py:629} INFO - Processing file /home/airflow/.local/lib/python3.6/site-packages/airflow/example_dags/example_xcomargs.py for tasks to queue
[2024-06-06 20:04:12,421] {logging_mixin.py:104} INFO - [2024-06-06 20:04:12,421] {dagbag.py:451} INFO - Filling up the DagBag from /home/airflow/.local/lib/python3.6/site-packages/airflow/example_dags/example_xcomargs.py
[2024-06-06 20:04:12,439] {scheduler_job.py:639} INFO - DAG(s) dict_keys(['example_xcom_args', 'example_xcom_args_with_operators']) retrieved from /home/airflow/.local/lib/python3.6/site-packages/airflow/example_dags/example_xcomargs.py
[2024-06-06 20:04:12,476] {logging_mixin.py:104} INFO - [2024-06-06 20:04:12,476] {dag.py:1824} INFO - Sync 2 DAGs
[2024-06-06 20:04:12,495] {logging_mixin.py:104} INFO - [2024-06-06 20:04:12,494] {dag.py:2280} INFO - Setting next_dagrun for example_xcom_args to None
[2024-06-06 20:04:12,496] {logging_mixin.py:104} INFO - [2024-06-06 20:04:12,496] {dag.py:2280} INFO - Setting next_dagrun for example_xcom_args_with_operators to None
[2024-06-06 20:04:12,513] {scheduler_job.py:190} INFO - Processing /home/airflow/.local/lib/python3.6/site-packages/airflow/example_dags/example_xcomargs.py took 0.098 seconds
[2024-06-06 20:04:43,067] {scheduler_job.py:182} INFO - Started process (PID=841) to work on /home/airflow/.local/lib/python3.6/site-packages/airflow/example_dags/example_xcomargs.py
[2024-06-06 20:04:43,068] {scheduler_job.py:629} INFO - Processing file /home/airflow/.local/lib/python3.6/site-packages/airflow/example_dags/example_xcomargs.py for tasks to queue
[2024-06-06 20:04:43,068] {logging_mixin.py:104} INFO - [2024-06-06 20:04:43,068] {dagbag.py:451} INFO - Filling up the DagBag from /home/airflow/.local/lib/python3.6/site-packages/airflow/example_dags/example_xcomargs.py
[2024-06-06 20:04:43,086] {scheduler_job.py:639} INFO - DAG(s) dict_keys(['example_xcom_args', 'example_xcom_args_with_operators']) retrieved from /home/airflow/.local/lib/python3.6/site-packages/airflow/example_dags/example_xcomargs.py
[2024-06-06 20:04:43,119] {logging_mixin.py:104} INFO - [2024-06-06 20:04:43,119] {dag.py:1824} INFO - Sync 2 DAGs
[2024-06-06 20:04:43,138] {logging_mixin.py:104} INFO - [2024-06-06 20:04:43,138] {dag.py:2280} INFO - Setting next_dagrun for example_xcom_args to None
[2024-06-06 20:04:43,140] {logging_mixin.py:104} INFO - [2024-06-06 20:04:43,140] {dag.py:2280} INFO - Setting next_dagrun for example_xcom_args_with_operators to None
[2024-06-06 20:04:43,163] {scheduler_job.py:190} INFO - Processing /home/airflow/.local/lib/python3.6/site-packages/airflow/example_dags/example_xcomargs.py took 0.100 seconds
[2024-06-06 20:05:13,258] {scheduler_job.py:182} INFO - Started process (PID=863) to work on /home/airflow/.local/lib/python3.6/site-packages/airflow/example_dags/example_xcomargs.py
[2024-06-06 20:05:13,259] {scheduler_job.py:629} INFO - Processing file /home/airflow/.local/lib/python3.6/site-packages/airflow/example_dags/example_xcomargs.py for tasks to queue
[2024-06-06 20:05:13,259] {logging_mixin.py:104} INFO - [2024-06-06 20:05:13,259] {dagbag.py:451} INFO - Filling up the DagBag from /home/airflow/.local/lib/python3.6/site-packages/airflow/example_dags/example_xcomargs.py
[2024-06-06 20:05:13,274] {scheduler_job.py:639} INFO - DAG(s) dict_keys(['example_xcom_args', 'example_xcom_args_with_operators']) retrieved from /home/airflow/.local/lib/python3.6/site-packages/airflow/example_dags/example_xcomargs.py
[2024-06-06 20:05:13,308] {logging_mixin.py:104} INFO - [2024-06-06 20:05:13,308] {dag.py:1824} INFO - Sync 2 DAGs
[2024-06-06 20:05:13,324] {logging_mixin.py:104} INFO - [2024-06-06 20:05:13,324] {dag.py:2280} INFO - Setting next_dagrun for example_xcom_args to None
[2024-06-06 20:05:13,325] {logging_mixin.py:104} INFO - [2024-06-06 20:05:13,325] {dag.py:2280} INFO - Setting next_dagrun for example_xcom_args_with_operators to None
[2024-06-06 20:05:13,340] {scheduler_job.py:190} INFO - Processing /home/airflow/.local/lib/python3.6/site-packages/airflow/example_dags/example_xcomargs.py took 0.085 seconds
