[2024-06-06 19:49:57,562] {scheduler_job.py:182} INFO - Started process (PID=42) to work on /home/airflow/.local/lib/python3.6/site-packages/airflow/example_dags/example_bash_operator.py
[2024-06-06 19:49:57,563] {scheduler_job.py:629} INFO - Processing file /home/airflow/.local/lib/python3.6/site-packages/airflow/example_dags/example_bash_operator.py for tasks to queue
[2024-06-06 19:49:57,564] {logging_mixin.py:104} INFO - [2024-06-06 19:49:57,564] {dagbag.py:451} INFO - Filling up the DagBag from /home/airflow/.local/lib/python3.6/site-packages/airflow/example_dags/example_bash_operator.py
[2024-06-06 19:49:57,577] {scheduler_job.py:639} INFO - DAG(s) dict_keys(['example_bash_operator']) retrieved from /home/airflow/.local/lib/python3.6/site-packages/airflow/example_dags/example_bash_operator.py
[2024-06-06 19:49:57,599] {logging_mixin.py:104} INFO - [2024-06-06 19:49:57,599] {dag.py:1824} INFO - Sync 1 DAGs
[2024-06-06 19:49:57,611] {logging_mixin.py:104} INFO - [2024-06-06 19:49:57,611] {dag.py:1843} INFO - Creating ORM DAG for example_bash_operator
[2024-06-06 19:49:57,623] {logging_mixin.py:104} INFO - [2024-06-06 19:49:57,623] {dag.py:2280} INFO - Setting next_dagrun for example_bash_operator to 2024-06-04 00:00:00+00:00
[2024-06-06 19:49:57,638] {scheduler_job.py:190} INFO - Processing /home/airflow/.local/lib/python3.6/site-packages/airflow/example_dags/example_bash_operator.py took 0.078 seconds
[2024-06-06 19:50:28,674] {scheduler_job.py:182} INFO - Started process (PID=68) to work on /home/airflow/.local/lib/python3.6/site-packages/airflow/example_dags/example_bash_operator.py
[2024-06-06 19:50:28,675] {scheduler_job.py:629} INFO - Processing file /home/airflow/.local/lib/python3.6/site-packages/airflow/example_dags/example_bash_operator.py for tasks to queue
[2024-06-06 19:50:28,676] {logging_mixin.py:104} INFO - [2024-06-06 19:50:28,675] {dagbag.py:451} INFO - Filling up the DagBag from /home/airflow/.local/lib/python3.6/site-packages/airflow/example_dags/example_bash_operator.py
[2024-06-06 19:50:28,690] {scheduler_job.py:639} INFO - DAG(s) dict_keys(['example_bash_operator']) retrieved from /home/airflow/.local/lib/python3.6/site-packages/airflow/example_dags/example_bash_operator.py
[2024-06-06 19:50:28,718] {logging_mixin.py:104} INFO - [2024-06-06 19:50:28,718] {dag.py:1824} INFO - Sync 1 DAGs
[2024-06-06 19:50:28,745] {logging_mixin.py:104} INFO - [2024-06-06 19:50:28,745] {dag.py:2280} INFO - Setting next_dagrun for example_bash_operator to 2024-06-04 00:00:00+00:00
[2024-06-06 19:50:28,761] {scheduler_job.py:190} INFO - Processing /home/airflow/.local/lib/python3.6/site-packages/airflow/example_dags/example_bash_operator.py took 0.091 seconds
[2024-06-06 19:50:59,048] {scheduler_job.py:182} INFO - Started process (PID=95) to work on /home/airflow/.local/lib/python3.6/site-packages/airflow/example_dags/example_bash_operator.py
[2024-06-06 19:50:59,049] {scheduler_job.py:629} INFO - Processing file /home/airflow/.local/lib/python3.6/site-packages/airflow/example_dags/example_bash_operator.py for tasks to queue
[2024-06-06 19:50:59,050] {logging_mixin.py:104} INFO - [2024-06-06 19:50:59,050] {dagbag.py:451} INFO - Filling up the DagBag from /home/airflow/.local/lib/python3.6/site-packages/airflow/example_dags/example_bash_operator.py
[2024-06-06 19:50:59,064] {scheduler_job.py:639} INFO - DAG(s) dict_keys(['example_bash_operator']) retrieved from /home/airflow/.local/lib/python3.6/site-packages/airflow/example_dags/example_bash_operator.py
[2024-06-06 19:50:59,087] {logging_mixin.py:104} INFO - [2024-06-06 19:50:59,087] {dag.py:1824} INFO - Sync 1 DAGs
[2024-06-06 19:50:59,112] {logging_mixin.py:104} INFO - [2024-06-06 19:50:59,112] {dag.py:2280} INFO - Setting next_dagrun for example_bash_operator to 2024-06-04 00:00:00+00:00
[2024-06-06 19:50:59,128] {scheduler_job.py:190} INFO - Processing /home/airflow/.local/lib/python3.6/site-packages/airflow/example_dags/example_bash_operator.py took 0.083 seconds
[2024-06-06 19:51:29,495] {scheduler_job.py:182} INFO - Started process (PID=122) to work on /home/airflow/.local/lib/python3.6/site-packages/airflow/example_dags/example_bash_operator.py
[2024-06-06 19:51:29,496] {scheduler_job.py:629} INFO - Processing file /home/airflow/.local/lib/python3.6/site-packages/airflow/example_dags/example_bash_operator.py for tasks to queue
[2024-06-06 19:51:29,497] {logging_mixin.py:104} INFO - [2024-06-06 19:51:29,497] {dagbag.py:451} INFO - Filling up the DagBag from /home/airflow/.local/lib/python3.6/site-packages/airflow/example_dags/example_bash_operator.py
[2024-06-06 19:51:29,511] {scheduler_job.py:639} INFO - DAG(s) dict_keys(['example_bash_operator']) retrieved from /home/airflow/.local/lib/python3.6/site-packages/airflow/example_dags/example_bash_operator.py
[2024-06-06 19:51:29,536] {logging_mixin.py:104} INFO - [2024-06-06 19:51:29,536] {dag.py:1824} INFO - Sync 1 DAGs
[2024-06-06 19:51:29,561] {logging_mixin.py:104} INFO - [2024-06-06 19:51:29,561] {dag.py:2280} INFO - Setting next_dagrun for example_bash_operator to 2024-06-04 00:00:00+00:00
[2024-06-06 19:51:29,574] {scheduler_job.py:190} INFO - Processing /home/airflow/.local/lib/python3.6/site-packages/airflow/example_dags/example_bash_operator.py took 0.083 seconds
[2024-06-06 19:51:59,843] {scheduler_job.py:182} INFO - Started process (PID=148) to work on /home/airflow/.local/lib/python3.6/site-packages/airflow/example_dags/example_bash_operator.py
[2024-06-06 19:51:59,844] {scheduler_job.py:629} INFO - Processing file /home/airflow/.local/lib/python3.6/site-packages/airflow/example_dags/example_bash_operator.py for tasks to queue
[2024-06-06 19:51:59,845] {logging_mixin.py:104} INFO - [2024-06-06 19:51:59,845] {dagbag.py:451} INFO - Filling up the DagBag from /home/airflow/.local/lib/python3.6/site-packages/airflow/example_dags/example_bash_operator.py
[2024-06-06 19:51:59,861] {scheduler_job.py:639} INFO - DAG(s) dict_keys(['example_bash_operator']) retrieved from /home/airflow/.local/lib/python3.6/site-packages/airflow/example_dags/example_bash_operator.py
[2024-06-06 19:51:59,885] {logging_mixin.py:104} INFO - [2024-06-06 19:51:59,884] {dag.py:1824} INFO - Sync 1 DAGs
[2024-06-06 19:51:59,912] {logging_mixin.py:104} INFO - [2024-06-06 19:51:59,912] {dag.py:2280} INFO - Setting next_dagrun for example_bash_operator to 2024-06-04 00:00:00+00:00
[2024-06-06 19:51:59,929] {scheduler_job.py:190} INFO - Processing /home/airflow/.local/lib/python3.6/site-packages/airflow/example_dags/example_bash_operator.py took 0.090 seconds
[2024-06-06 19:52:30,213] {scheduler_job.py:182} INFO - Started process (PID=172) to work on /home/airflow/.local/lib/python3.6/site-packages/airflow/example_dags/example_bash_operator.py
[2024-06-06 19:52:30,214] {scheduler_job.py:629} INFO - Processing file /home/airflow/.local/lib/python3.6/site-packages/airflow/example_dags/example_bash_operator.py for tasks to queue
[2024-06-06 19:52:30,215] {logging_mixin.py:104} INFO - [2024-06-06 19:52:30,215] {dagbag.py:451} INFO - Filling up the DagBag from /home/airflow/.local/lib/python3.6/site-packages/airflow/example_dags/example_bash_operator.py
[2024-06-06 19:52:30,230] {scheduler_job.py:639} INFO - DAG(s) dict_keys(['example_bash_operator']) retrieved from /home/airflow/.local/lib/python3.6/site-packages/airflow/example_dags/example_bash_operator.py
[2024-06-06 19:52:30,260] {logging_mixin.py:104} INFO - [2024-06-06 19:52:30,259] {dag.py:1824} INFO - Sync 1 DAGs
[2024-06-06 19:52:30,295] {logging_mixin.py:104} INFO - [2024-06-06 19:52:30,295] {dag.py:2280} INFO - Setting next_dagrun for example_bash_operator to 2024-06-04 00:00:00+00:00
[2024-06-06 19:52:30,311] {scheduler_job.py:190} INFO - Processing /home/airflow/.local/lib/python3.6/site-packages/airflow/example_dags/example_bash_operator.py took 0.103 seconds
[2024-06-06 19:53:00,891] {scheduler_job.py:182} INFO - Started process (PID=202) to work on /home/airflow/.local/lib/python3.6/site-packages/airflow/example_dags/example_bash_operator.py
[2024-06-06 19:53:00,892] {scheduler_job.py:629} INFO - Processing file /home/airflow/.local/lib/python3.6/site-packages/airflow/example_dags/example_bash_operator.py for tasks to queue
[2024-06-06 19:53:00,893] {logging_mixin.py:104} INFO - [2024-06-06 19:53:00,892] {dagbag.py:451} INFO - Filling up the DagBag from /home/airflow/.local/lib/python3.6/site-packages/airflow/example_dags/example_bash_operator.py
[2024-06-06 19:53:00,906] {scheduler_job.py:639} INFO - DAG(s) dict_keys(['example_bash_operator']) retrieved from /home/airflow/.local/lib/python3.6/site-packages/airflow/example_dags/example_bash_operator.py
[2024-06-06 19:53:00,933] {logging_mixin.py:104} INFO - [2024-06-06 19:53:00,933] {dag.py:1824} INFO - Sync 1 DAGs
[2024-06-06 19:53:00,956] {logging_mixin.py:104} INFO - [2024-06-06 19:53:00,956] {dag.py:2280} INFO - Setting next_dagrun for example_bash_operator to 2024-06-04 00:00:00+00:00
[2024-06-06 19:53:00,972] {scheduler_job.py:190} INFO - Processing /home/airflow/.local/lib/python3.6/site-packages/airflow/example_dags/example_bash_operator.py took 0.084 seconds
[2024-06-06 19:53:31,378] {scheduler_job.py:182} INFO - Started process (PID=228) to work on /home/airflow/.local/lib/python3.6/site-packages/airflow/example_dags/example_bash_operator.py
[2024-06-06 19:53:31,379] {scheduler_job.py:629} INFO - Processing file /home/airflow/.local/lib/python3.6/site-packages/airflow/example_dags/example_bash_operator.py for tasks to queue
[2024-06-06 19:53:31,380] {logging_mixin.py:104} INFO - [2024-06-06 19:53:31,380] {dagbag.py:451} INFO - Filling up the DagBag from /home/airflow/.local/lib/python3.6/site-packages/airflow/example_dags/example_bash_operator.py
[2024-06-06 19:53:31,396] {scheduler_job.py:639} INFO - DAG(s) dict_keys(['example_bash_operator']) retrieved from /home/airflow/.local/lib/python3.6/site-packages/airflow/example_dags/example_bash_operator.py
[2024-06-06 19:53:31,425] {logging_mixin.py:104} INFO - [2024-06-06 19:53:31,425] {dag.py:1824} INFO - Sync 1 DAGs
[2024-06-06 19:53:31,447] {logging_mixin.py:104} INFO - [2024-06-06 19:53:31,447] {dag.py:2280} INFO - Setting next_dagrun for example_bash_operator to 2024-06-04 00:00:00+00:00
[2024-06-06 19:53:31,459] {scheduler_job.py:190} INFO - Processing /home/airflow/.local/lib/python3.6/site-packages/airflow/example_dags/example_bash_operator.py took 0.086 seconds
[2024-06-06 19:54:01,738] {scheduler_job.py:182} INFO - Started process (PID=251) to work on /home/airflow/.local/lib/python3.6/site-packages/airflow/example_dags/example_bash_operator.py
[2024-06-06 19:54:01,739] {scheduler_job.py:629} INFO - Processing file /home/airflow/.local/lib/python3.6/site-packages/airflow/example_dags/example_bash_operator.py for tasks to queue
[2024-06-06 19:54:01,739] {logging_mixin.py:104} INFO - [2024-06-06 19:54:01,739] {dagbag.py:451} INFO - Filling up the DagBag from /home/airflow/.local/lib/python3.6/site-packages/airflow/example_dags/example_bash_operator.py
[2024-06-06 19:54:01,754] {scheduler_job.py:639} INFO - DAG(s) dict_keys(['example_bash_operator']) retrieved from /home/airflow/.local/lib/python3.6/site-packages/airflow/example_dags/example_bash_operator.py
[2024-06-06 19:54:01,783] {logging_mixin.py:104} INFO - [2024-06-06 19:54:01,783] {dag.py:1824} INFO - Sync 1 DAGs
[2024-06-06 19:54:01,804] {logging_mixin.py:104} INFO - [2024-06-06 19:54:01,804] {dag.py:2280} INFO - Setting next_dagrun for example_bash_operator to 2024-06-04 00:00:00+00:00
[2024-06-06 19:54:01,821] {scheduler_job.py:190} INFO - Processing /home/airflow/.local/lib/python3.6/site-packages/airflow/example_dags/example_bash_operator.py took 0.086 seconds
[2024-06-06 19:54:32,188] {scheduler_job.py:182} INFO - Started process (PID=277) to work on /home/airflow/.local/lib/python3.6/site-packages/airflow/example_dags/example_bash_operator.py
[2024-06-06 19:54:32,189] {scheduler_job.py:629} INFO - Processing file /home/airflow/.local/lib/python3.6/site-packages/airflow/example_dags/example_bash_operator.py for tasks to queue
[2024-06-06 19:54:32,189] {logging_mixin.py:104} INFO - [2024-06-06 19:54:32,189] {dagbag.py:451} INFO - Filling up the DagBag from /home/airflow/.local/lib/python3.6/site-packages/airflow/example_dags/example_bash_operator.py
[2024-06-06 19:54:32,203] {scheduler_job.py:639} INFO - DAG(s) dict_keys(['example_bash_operator']) retrieved from /home/airflow/.local/lib/python3.6/site-packages/airflow/example_dags/example_bash_operator.py
[2024-06-06 19:54:32,237] {logging_mixin.py:104} INFO - [2024-06-06 19:54:32,237] {dag.py:1824} INFO - Sync 1 DAGs
[2024-06-06 19:54:32,262] {logging_mixin.py:104} INFO - [2024-06-06 19:54:32,262] {dag.py:2280} INFO - Setting next_dagrun for example_bash_operator to 2024-06-04 00:00:00+00:00
[2024-06-06 19:54:32,279] {scheduler_job.py:190} INFO - Processing /home/airflow/.local/lib/python3.6/site-packages/airflow/example_dags/example_bash_operator.py took 0.095 seconds
[2024-06-06 19:55:02,751] {scheduler_job.py:182} INFO - Started process (PID=306) to work on /home/airflow/.local/lib/python3.6/site-packages/airflow/example_dags/example_bash_operator.py
[2024-06-06 19:55:02,753] {scheduler_job.py:629} INFO - Processing file /home/airflow/.local/lib/python3.6/site-packages/airflow/example_dags/example_bash_operator.py for tasks to queue
[2024-06-06 19:55:02,753] {logging_mixin.py:104} INFO - [2024-06-06 19:55:02,753] {dagbag.py:451} INFO - Filling up the DagBag from /home/airflow/.local/lib/python3.6/site-packages/airflow/example_dags/example_bash_operator.py
[2024-06-06 19:55:02,774] {scheduler_job.py:639} INFO - DAG(s) dict_keys(['example_bash_operator']) retrieved from /home/airflow/.local/lib/python3.6/site-packages/airflow/example_dags/example_bash_operator.py
[2024-06-06 19:55:02,803] {logging_mixin.py:104} INFO - [2024-06-06 19:55:02,803] {dag.py:1824} INFO - Sync 1 DAGs
[2024-06-06 19:55:02,830] {logging_mixin.py:104} INFO - [2024-06-06 19:55:02,830] {dag.py:2280} INFO - Setting next_dagrun for example_bash_operator to 2024-06-04 00:00:00+00:00
[2024-06-06 19:55:02,845] {scheduler_job.py:190} INFO - Processing /home/airflow/.local/lib/python3.6/site-packages/airflow/example_dags/example_bash_operator.py took 0.097 seconds
[2024-06-06 19:55:33,182] {scheduler_job.py:182} INFO - Started process (PID=353) to work on /home/airflow/.local/lib/python3.6/site-packages/airflow/example_dags/example_bash_operator.py
[2024-06-06 19:55:33,184] {scheduler_job.py:629} INFO - Processing file /home/airflow/.local/lib/python3.6/site-packages/airflow/example_dags/example_bash_operator.py for tasks to queue
[2024-06-06 19:55:33,184] {logging_mixin.py:104} INFO - [2024-06-06 19:55:33,184] {dagbag.py:451} INFO - Filling up the DagBag from /home/airflow/.local/lib/python3.6/site-packages/airflow/example_dags/example_bash_operator.py
[2024-06-06 19:55:33,209] {scheduler_job.py:639} INFO - DAG(s) dict_keys(['example_bash_operator']) retrieved from /home/airflow/.local/lib/python3.6/site-packages/airflow/example_dags/example_bash_operator.py
[2024-06-06 19:55:33,243] {logging_mixin.py:104} INFO - [2024-06-06 19:55:33,243] {dag.py:1824} INFO - Sync 1 DAGs
[2024-06-06 19:55:33,270] {logging_mixin.py:104} INFO - [2024-06-06 19:55:33,270] {dag.py:2280} INFO - Setting next_dagrun for example_bash_operator to 2024-06-06 00:00:00+00:00
[2024-06-06 19:55:33,288] {scheduler_job.py:190} INFO - Processing /home/airflow/.local/lib/python3.6/site-packages/airflow/example_dags/example_bash_operator.py took 0.110 seconds
[2024-06-06 19:56:03,814] {scheduler_job.py:182} INFO - Started process (PID=379) to work on /home/airflow/.local/lib/python3.6/site-packages/airflow/example_dags/example_bash_operator.py
[2024-06-06 19:56:03,815] {scheduler_job.py:629} INFO - Processing file /home/airflow/.local/lib/python3.6/site-packages/airflow/example_dags/example_bash_operator.py for tasks to queue
[2024-06-06 19:56:03,815] {logging_mixin.py:104} INFO - [2024-06-06 19:56:03,815] {dagbag.py:451} INFO - Filling up the DagBag from /home/airflow/.local/lib/python3.6/site-packages/airflow/example_dags/example_bash_operator.py
[2024-06-06 19:56:03,831] {scheduler_job.py:639} INFO - DAG(s) dict_keys(['example_bash_operator']) retrieved from /home/airflow/.local/lib/python3.6/site-packages/airflow/example_dags/example_bash_operator.py
[2024-06-06 19:56:03,856] {logging_mixin.py:104} INFO - [2024-06-06 19:56:03,855] {dag.py:1824} INFO - Sync 1 DAGs
[2024-06-06 19:56:03,874] {logging_mixin.py:104} INFO - [2024-06-06 19:56:03,874] {dag.py:2280} INFO - Setting next_dagrun for example_bash_operator to 2024-06-06 00:00:00+00:00
[2024-06-06 19:56:03,885] {scheduler_job.py:190} INFO - Processing /home/airflow/.local/lib/python3.6/site-packages/airflow/example_dags/example_bash_operator.py took 0.075 seconds
[2024-06-06 19:56:34,403] {scheduler_job.py:182} INFO - Started process (PID=405) to work on /home/airflow/.local/lib/python3.6/site-packages/airflow/example_dags/example_bash_operator.py
[2024-06-06 19:56:34,404] {scheduler_job.py:629} INFO - Processing file /home/airflow/.local/lib/python3.6/site-packages/airflow/example_dags/example_bash_operator.py for tasks to queue
[2024-06-06 19:56:34,405] {logging_mixin.py:104} INFO - [2024-06-06 19:56:34,405] {dagbag.py:451} INFO - Filling up the DagBag from /home/airflow/.local/lib/python3.6/site-packages/airflow/example_dags/example_bash_operator.py
[2024-06-06 19:56:34,425] {scheduler_job.py:639} INFO - DAG(s) dict_keys(['example_bash_operator']) retrieved from /home/airflow/.local/lib/python3.6/site-packages/airflow/example_dags/example_bash_operator.py
[2024-06-06 19:56:34,454] {logging_mixin.py:104} INFO - [2024-06-06 19:56:34,454] {dag.py:1824} INFO - Sync 1 DAGs
[2024-06-06 19:56:34,477] {logging_mixin.py:104} INFO - [2024-06-06 19:56:34,477] {dag.py:2280} INFO - Setting next_dagrun for example_bash_operator to 2024-06-06 00:00:00+00:00
[2024-06-06 19:56:34,493] {scheduler_job.py:190} INFO - Processing /home/airflow/.local/lib/python3.6/site-packages/airflow/example_dags/example_bash_operator.py took 0.094 seconds
[2024-06-06 19:57:05,037] {scheduler_job.py:182} INFO - Started process (PID=433) to work on /home/airflow/.local/lib/python3.6/site-packages/airflow/example_dags/example_bash_operator.py
[2024-06-06 19:57:05,039] {scheduler_job.py:629} INFO - Processing file /home/airflow/.local/lib/python3.6/site-packages/airflow/example_dags/example_bash_operator.py for tasks to queue
[2024-06-06 19:57:05,039] {logging_mixin.py:104} INFO - [2024-06-06 19:57:05,039] {dagbag.py:451} INFO - Filling up the DagBag from /home/airflow/.local/lib/python3.6/site-packages/airflow/example_dags/example_bash_operator.py
[2024-06-06 19:57:05,045] {scheduler_job.py:639} INFO - DAG(s) dict_keys(['example_bash_operator']) retrieved from /home/airflow/.local/lib/python3.6/site-packages/airflow/example_dags/example_bash_operator.py
[2024-06-06 19:57:05,055] {logging_mixin.py:104} INFO - [2024-06-06 19:57:05,055] {dag.py:1824} INFO - Sync 1 DAGs
[2024-06-06 19:57:05,064] {logging_mixin.py:104} INFO - [2024-06-06 19:57:05,064] {dag.py:2280} INFO - Setting next_dagrun for example_bash_operator to 2024-06-06 00:00:00+00:00
[2024-06-06 19:57:05,074] {scheduler_job.py:190} INFO - Processing /home/airflow/.local/lib/python3.6/site-packages/airflow/example_dags/example_bash_operator.py took 0.038 seconds
[2024-06-06 19:57:35,692] {scheduler_job.py:182} INFO - Started process (PID=458) to work on /home/airflow/.local/lib/python3.6/site-packages/airflow/example_dags/example_bash_operator.py
[2024-06-06 19:57:35,693] {scheduler_job.py:629} INFO - Processing file /home/airflow/.local/lib/python3.6/site-packages/airflow/example_dags/example_bash_operator.py for tasks to queue
[2024-06-06 19:57:35,694] {logging_mixin.py:104} INFO - [2024-06-06 19:57:35,694] {dagbag.py:451} INFO - Filling up the DagBag from /home/airflow/.local/lib/python3.6/site-packages/airflow/example_dags/example_bash_operator.py
[2024-06-06 19:57:35,708] {scheduler_job.py:639} INFO - DAG(s) dict_keys(['example_bash_operator']) retrieved from /home/airflow/.local/lib/python3.6/site-packages/airflow/example_dags/example_bash_operator.py
[2024-06-06 19:57:35,737] {logging_mixin.py:104} INFO - [2024-06-06 19:57:35,737] {dag.py:1824} INFO - Sync 1 DAGs
[2024-06-06 19:57:35,760] {logging_mixin.py:104} INFO - [2024-06-06 19:57:35,760] {dag.py:2280} INFO - Setting next_dagrun for example_bash_operator to 2024-06-06 00:00:00+00:00
[2024-06-06 19:57:35,777] {scheduler_job.py:190} INFO - Processing /home/airflow/.local/lib/python3.6/site-packages/airflow/example_dags/example_bash_operator.py took 0.088 seconds
[2024-06-06 19:58:06,145] {scheduler_job.py:182} INFO - Started process (PID=484) to work on /home/airflow/.local/lib/python3.6/site-packages/airflow/example_dags/example_bash_operator.py
[2024-06-06 19:58:06,146] {scheduler_job.py:629} INFO - Processing file /home/airflow/.local/lib/python3.6/site-packages/airflow/example_dags/example_bash_operator.py for tasks to queue
[2024-06-06 19:58:06,147] {logging_mixin.py:104} INFO - [2024-06-06 19:58:06,147] {dagbag.py:451} INFO - Filling up the DagBag from /home/airflow/.local/lib/python3.6/site-packages/airflow/example_dags/example_bash_operator.py
[2024-06-06 19:58:06,164] {scheduler_job.py:639} INFO - DAG(s) dict_keys(['example_bash_operator']) retrieved from /home/airflow/.local/lib/python3.6/site-packages/airflow/example_dags/example_bash_operator.py
[2024-06-06 19:58:06,204] {logging_mixin.py:104} INFO - [2024-06-06 19:58:06,204] {dag.py:1824} INFO - Sync 1 DAGs
[2024-06-06 19:58:06,245] {logging_mixin.py:104} INFO - [2024-06-06 19:58:06,245] {dag.py:2280} INFO - Setting next_dagrun for example_bash_operator to 2024-06-06 00:00:00+00:00
[2024-06-06 19:58:06,266] {scheduler_job.py:190} INFO - Processing /home/airflow/.local/lib/python3.6/site-packages/airflow/example_dags/example_bash_operator.py took 0.125 seconds
[2024-06-06 19:58:36,830] {scheduler_job.py:182} INFO - Started process (PID=510) to work on /home/airflow/.local/lib/python3.6/site-packages/airflow/example_dags/example_bash_operator.py
[2024-06-06 19:58:36,831] {scheduler_job.py:629} INFO - Processing file /home/airflow/.local/lib/python3.6/site-packages/airflow/example_dags/example_bash_operator.py for tasks to queue
[2024-06-06 19:58:36,832] {logging_mixin.py:104} INFO - [2024-06-06 19:58:36,832] {dagbag.py:451} INFO - Filling up the DagBag from /home/airflow/.local/lib/python3.6/site-packages/airflow/example_dags/example_bash_operator.py
[2024-06-06 19:58:36,847] {scheduler_job.py:639} INFO - DAG(s) dict_keys(['example_bash_operator']) retrieved from /home/airflow/.local/lib/python3.6/site-packages/airflow/example_dags/example_bash_operator.py
[2024-06-06 19:58:36,872] {logging_mixin.py:104} INFO - [2024-06-06 19:58:36,872] {dag.py:1824} INFO - Sync 1 DAGs
[2024-06-06 19:58:36,893] {logging_mixin.py:104} INFO - [2024-06-06 19:58:36,892] {dag.py:2280} INFO - Setting next_dagrun for example_bash_operator to 2024-06-06 00:00:00+00:00
[2024-06-06 19:58:36,907] {scheduler_job.py:190} INFO - Processing /home/airflow/.local/lib/python3.6/site-packages/airflow/example_dags/example_bash_operator.py took 0.080 seconds
[2024-06-06 19:59:07,255] {scheduler_job.py:182} INFO - Started process (PID=536) to work on /home/airflow/.local/lib/python3.6/site-packages/airflow/example_dags/example_bash_operator.py
[2024-06-06 19:59:07,256] {scheduler_job.py:629} INFO - Processing file /home/airflow/.local/lib/python3.6/site-packages/airflow/example_dags/example_bash_operator.py for tasks to queue
[2024-06-06 19:59:07,257] {logging_mixin.py:104} INFO - [2024-06-06 19:59:07,257] {dagbag.py:451} INFO - Filling up the DagBag from /home/airflow/.local/lib/python3.6/site-packages/airflow/example_dags/example_bash_operator.py
[2024-06-06 19:59:07,273] {scheduler_job.py:639} INFO - DAG(s) dict_keys(['example_bash_operator']) retrieved from /home/airflow/.local/lib/python3.6/site-packages/airflow/example_dags/example_bash_operator.py
[2024-06-06 19:59:07,303] {logging_mixin.py:104} INFO - [2024-06-06 19:59:07,303] {dag.py:1824} INFO - Sync 1 DAGs
[2024-06-06 19:59:07,326] {logging_mixin.py:104} INFO - [2024-06-06 19:59:07,326] {dag.py:2280} INFO - Setting next_dagrun for example_bash_operator to 2024-06-06 00:00:00+00:00
[2024-06-06 19:59:07,346] {scheduler_job.py:190} INFO - Processing /home/airflow/.local/lib/python3.6/site-packages/airflow/example_dags/example_bash_operator.py took 0.095 seconds
[2024-06-06 19:59:37,926] {scheduler_job.py:182} INFO - Started process (PID=562) to work on /home/airflow/.local/lib/python3.6/site-packages/airflow/example_dags/example_bash_operator.py
[2024-06-06 19:59:37,927] {scheduler_job.py:629} INFO - Processing file /home/airflow/.local/lib/python3.6/site-packages/airflow/example_dags/example_bash_operator.py for tasks to queue
[2024-06-06 19:59:37,928] {logging_mixin.py:104} INFO - [2024-06-06 19:59:37,927] {dagbag.py:451} INFO - Filling up the DagBag from /home/airflow/.local/lib/python3.6/site-packages/airflow/example_dags/example_bash_operator.py
[2024-06-06 19:59:37,942] {scheduler_job.py:639} INFO - DAG(s) dict_keys(['example_bash_operator']) retrieved from /home/airflow/.local/lib/python3.6/site-packages/airflow/example_dags/example_bash_operator.py
[2024-06-06 19:59:37,970] {logging_mixin.py:104} INFO - [2024-06-06 19:59:37,970] {dag.py:1824} INFO - Sync 1 DAGs
[2024-06-06 19:59:37,992] {logging_mixin.py:104} INFO - [2024-06-06 19:59:37,992] {dag.py:2280} INFO - Setting next_dagrun for example_bash_operator to 2024-06-06 00:00:00+00:00
[2024-06-06 19:59:38,007] {scheduler_job.py:190} INFO - Processing /home/airflow/.local/lib/python3.6/site-packages/airflow/example_dags/example_bash_operator.py took 0.084 seconds
[2024-06-06 20:00:08,427] {scheduler_job.py:182} INFO - Started process (PID=588) to work on /home/airflow/.local/lib/python3.6/site-packages/airflow/example_dags/example_bash_operator.py
[2024-06-06 20:00:08,428] {scheduler_job.py:629} INFO - Processing file /home/airflow/.local/lib/python3.6/site-packages/airflow/example_dags/example_bash_operator.py for tasks to queue
[2024-06-06 20:00:08,428] {logging_mixin.py:104} INFO - [2024-06-06 20:00:08,428] {dagbag.py:451} INFO - Filling up the DagBag from /home/airflow/.local/lib/python3.6/site-packages/airflow/example_dags/example_bash_operator.py
[2024-06-06 20:00:08,442] {scheduler_job.py:639} INFO - DAG(s) dict_keys(['example_bash_operator']) retrieved from /home/airflow/.local/lib/python3.6/site-packages/airflow/example_dags/example_bash_operator.py
[2024-06-06 20:00:08,468] {logging_mixin.py:104} INFO - [2024-06-06 20:00:08,468] {dag.py:1824} INFO - Sync 1 DAGs
[2024-06-06 20:00:08,487] {logging_mixin.py:104} INFO - [2024-06-06 20:00:08,487] {dag.py:2280} INFO - Setting next_dagrun for example_bash_operator to 2024-06-06 00:00:00+00:00
[2024-06-06 20:00:08,509] {scheduler_job.py:190} INFO - Processing /home/airflow/.local/lib/python3.6/site-packages/airflow/example_dags/example_bash_operator.py took 0.085 seconds
[2024-06-06 20:00:38,854] {scheduler_job.py:182} INFO - Started process (PID=616) to work on /home/airflow/.local/lib/python3.6/site-packages/airflow/example_dags/example_bash_operator.py
[2024-06-06 20:00:38,856] {scheduler_job.py:629} INFO - Processing file /home/airflow/.local/lib/python3.6/site-packages/airflow/example_dags/example_bash_operator.py for tasks to queue
[2024-06-06 20:00:38,856] {logging_mixin.py:104} INFO - [2024-06-06 20:00:38,856] {dagbag.py:451} INFO - Filling up the DagBag from /home/airflow/.local/lib/python3.6/site-packages/airflow/example_dags/example_bash_operator.py
[2024-06-06 20:00:38,872] {scheduler_job.py:639} INFO - DAG(s) dict_keys(['example_bash_operator']) retrieved from /home/airflow/.local/lib/python3.6/site-packages/airflow/example_dags/example_bash_operator.py
[2024-06-06 20:00:38,897] {logging_mixin.py:104} INFO - [2024-06-06 20:00:38,897] {dag.py:1824} INFO - Sync 1 DAGs
[2024-06-06 20:00:38,918] {logging_mixin.py:104} INFO - [2024-06-06 20:00:38,918] {dag.py:2280} INFO - Setting next_dagrun for example_bash_operator to 2024-06-06 00:00:00+00:00
[2024-06-06 20:00:38,932] {scheduler_job.py:190} INFO - Processing /home/airflow/.local/lib/python3.6/site-packages/airflow/example_dags/example_bash_operator.py took 0.081 seconds
[2024-06-06 20:01:09,198] {scheduler_job.py:182} INFO - Started process (PID=640) to work on /home/airflow/.local/lib/python3.6/site-packages/airflow/example_dags/example_bash_operator.py
[2024-06-06 20:01:09,199] {scheduler_job.py:629} INFO - Processing file /home/airflow/.local/lib/python3.6/site-packages/airflow/example_dags/example_bash_operator.py for tasks to queue
[2024-06-06 20:01:09,199] {logging_mixin.py:104} INFO - [2024-06-06 20:01:09,199] {dagbag.py:451} INFO - Filling up the DagBag from /home/airflow/.local/lib/python3.6/site-packages/airflow/example_dags/example_bash_operator.py
[2024-06-06 20:01:09,210] {scheduler_job.py:639} INFO - DAG(s) dict_keys(['example_bash_operator']) retrieved from /home/airflow/.local/lib/python3.6/site-packages/airflow/example_dags/example_bash_operator.py
[2024-06-06 20:01:09,223] {logging_mixin.py:104} INFO - [2024-06-06 20:01:09,223] {dag.py:1824} INFO - Sync 1 DAGs
[2024-06-06 20:01:09,234] {logging_mixin.py:104} INFO - [2024-06-06 20:01:09,234] {dag.py:2280} INFO - Setting next_dagrun for example_bash_operator to 2024-06-06 00:00:00+00:00
[2024-06-06 20:01:09,245] {scheduler_job.py:190} INFO - Processing /home/airflow/.local/lib/python3.6/site-packages/airflow/example_dags/example_bash_operator.py took 0.049 seconds
[2024-06-06 20:01:39,538] {scheduler_job.py:182} INFO - Started process (PID=666) to work on /home/airflow/.local/lib/python3.6/site-packages/airflow/example_dags/example_bash_operator.py
[2024-06-06 20:01:39,539] {scheduler_job.py:629} INFO - Processing file /home/airflow/.local/lib/python3.6/site-packages/airflow/example_dags/example_bash_operator.py for tasks to queue
[2024-06-06 20:01:39,540] {logging_mixin.py:104} INFO - [2024-06-06 20:01:39,539] {dagbag.py:451} INFO - Filling up the DagBag from /home/airflow/.local/lib/python3.6/site-packages/airflow/example_dags/example_bash_operator.py
[2024-06-06 20:01:39,553] {scheduler_job.py:639} INFO - DAG(s) dict_keys(['example_bash_operator']) retrieved from /home/airflow/.local/lib/python3.6/site-packages/airflow/example_dags/example_bash_operator.py
[2024-06-06 20:01:39,576] {logging_mixin.py:104} INFO - [2024-06-06 20:01:39,576] {dag.py:1824} INFO - Sync 1 DAGs
[2024-06-06 20:01:39,595] {logging_mixin.py:104} INFO - [2024-06-06 20:01:39,595] {dag.py:2280} INFO - Setting next_dagrun for example_bash_operator to 2024-06-06 00:00:00+00:00
[2024-06-06 20:01:39,609] {scheduler_job.py:190} INFO - Processing /home/airflow/.local/lib/python3.6/site-packages/airflow/example_dags/example_bash_operator.py took 0.074 seconds
[2024-06-06 20:02:09,976] {scheduler_job.py:182} INFO - Started process (PID=692) to work on /home/airflow/.local/lib/python3.6/site-packages/airflow/example_dags/example_bash_operator.py
[2024-06-06 20:02:09,978] {scheduler_job.py:629} INFO - Processing file /home/airflow/.local/lib/python3.6/site-packages/airflow/example_dags/example_bash_operator.py for tasks to queue
[2024-06-06 20:02:09,979] {logging_mixin.py:104} INFO - [2024-06-06 20:02:09,979] {dagbag.py:451} INFO - Filling up the DagBag from /home/airflow/.local/lib/python3.6/site-packages/airflow/example_dags/example_bash_operator.py
[2024-06-06 20:02:09,992] {scheduler_job.py:639} INFO - DAG(s) dict_keys(['example_bash_operator']) retrieved from /home/airflow/.local/lib/python3.6/site-packages/airflow/example_dags/example_bash_operator.py
[2024-06-06 20:02:10,010] {logging_mixin.py:104} INFO - [2024-06-06 20:02:10,010] {dag.py:1824} INFO - Sync 1 DAGs
[2024-06-06 20:02:10,021] {logging_mixin.py:104} INFO - [2024-06-06 20:02:10,021] {dag.py:2280} INFO - Setting next_dagrun for example_bash_operator to 2024-06-06 00:00:00+00:00
[2024-06-06 20:02:10,035] {scheduler_job.py:190} INFO - Processing /home/airflow/.local/lib/python3.6/site-packages/airflow/example_dags/example_bash_operator.py took 0.063 seconds
[2024-06-06 20:02:40,338] {scheduler_job.py:182} INFO - Started process (PID=718) to work on /home/airflow/.local/lib/python3.6/site-packages/airflow/example_dags/example_bash_operator.py
[2024-06-06 20:02:40,339] {scheduler_job.py:629} INFO - Processing file /home/airflow/.local/lib/python3.6/site-packages/airflow/example_dags/example_bash_operator.py for tasks to queue
[2024-06-06 20:02:40,339] {logging_mixin.py:104} INFO - [2024-06-06 20:02:40,339] {dagbag.py:451} INFO - Filling up the DagBag from /home/airflow/.local/lib/python3.6/site-packages/airflow/example_dags/example_bash_operator.py
[2024-06-06 20:02:40,353] {scheduler_job.py:639} INFO - DAG(s) dict_keys(['example_bash_operator']) retrieved from /home/airflow/.local/lib/python3.6/site-packages/airflow/example_dags/example_bash_operator.py
[2024-06-06 20:02:40,377] {logging_mixin.py:104} INFO - [2024-06-06 20:02:40,377] {dag.py:1824} INFO - Sync 1 DAGs
[2024-06-06 20:02:40,396] {logging_mixin.py:104} INFO - [2024-06-06 20:02:40,396] {dag.py:2280} INFO - Setting next_dagrun for example_bash_operator to 2024-06-06 00:00:00+00:00
[2024-06-06 20:02:40,409] {scheduler_job.py:190} INFO - Processing /home/airflow/.local/lib/python3.6/site-packages/airflow/example_dags/example_bash_operator.py took 0.075 seconds
[2024-06-06 20:03:10,726] {scheduler_job.py:182} INFO - Started process (PID=744) to work on /home/airflow/.local/lib/python3.6/site-packages/airflow/example_dags/example_bash_operator.py
[2024-06-06 20:03:10,728] {scheduler_job.py:629} INFO - Processing file /home/airflow/.local/lib/python3.6/site-packages/airflow/example_dags/example_bash_operator.py for tasks to queue
[2024-06-06 20:03:10,728] {logging_mixin.py:104} INFO - [2024-06-06 20:03:10,728] {dagbag.py:451} INFO - Filling up the DagBag from /home/airflow/.local/lib/python3.6/site-packages/airflow/example_dags/example_bash_operator.py
[2024-06-06 20:03:10,744] {scheduler_job.py:639} INFO - DAG(s) dict_keys(['example_bash_operator']) retrieved from /home/airflow/.local/lib/python3.6/site-packages/airflow/example_dags/example_bash_operator.py
[2024-06-06 20:03:10,772] {logging_mixin.py:104} INFO - [2024-06-06 20:03:10,772] {dag.py:1824} INFO - Sync 1 DAGs
[2024-06-06 20:03:10,795] {logging_mixin.py:104} INFO - [2024-06-06 20:03:10,795] {dag.py:2280} INFO - Setting next_dagrun for example_bash_operator to 2024-06-06 00:00:00+00:00
[2024-06-06 20:03:10,812] {scheduler_job.py:190} INFO - Processing /home/airflow/.local/lib/python3.6/site-packages/airflow/example_dags/example_bash_operator.py took 0.090 seconds
[2024-06-06 20:03:41,243] {scheduler_job.py:182} INFO - Started process (PID=770) to work on /home/airflow/.local/lib/python3.6/site-packages/airflow/example_dags/example_bash_operator.py
[2024-06-06 20:03:41,244] {scheduler_job.py:629} INFO - Processing file /home/airflow/.local/lib/python3.6/site-packages/airflow/example_dags/example_bash_operator.py for tasks to queue
[2024-06-06 20:03:41,245] {logging_mixin.py:104} INFO - [2024-06-06 20:03:41,245] {dagbag.py:451} INFO - Filling up the DagBag from /home/airflow/.local/lib/python3.6/site-packages/airflow/example_dags/example_bash_operator.py
[2024-06-06 20:03:41,260] {scheduler_job.py:639} INFO - DAG(s) dict_keys(['example_bash_operator']) retrieved from /home/airflow/.local/lib/python3.6/site-packages/airflow/example_dags/example_bash_operator.py
[2024-06-06 20:03:41,285] {logging_mixin.py:104} INFO - [2024-06-06 20:03:41,285] {dag.py:1824} INFO - Sync 1 DAGs
[2024-06-06 20:03:41,307] {logging_mixin.py:104} INFO - [2024-06-06 20:03:41,306] {dag.py:2280} INFO - Setting next_dagrun for example_bash_operator to 2024-06-06 00:00:00+00:00
[2024-06-06 20:03:41,321] {scheduler_job.py:190} INFO - Processing /home/airflow/.local/lib/python3.6/site-packages/airflow/example_dags/example_bash_operator.py took 0.081 seconds
[2024-06-06 20:04:11,664] {scheduler_job.py:182} INFO - Started process (PID=796) to work on /home/airflow/.local/lib/python3.6/site-packages/airflow/example_dags/example_bash_operator.py
[2024-06-06 20:04:11,665] {scheduler_job.py:629} INFO - Processing file /home/airflow/.local/lib/python3.6/site-packages/airflow/example_dags/example_bash_operator.py for tasks to queue
[2024-06-06 20:04:11,665] {logging_mixin.py:104} INFO - [2024-06-06 20:04:11,665] {dagbag.py:451} INFO - Filling up the DagBag from /home/airflow/.local/lib/python3.6/site-packages/airflow/example_dags/example_bash_operator.py
[2024-06-06 20:04:11,679] {scheduler_job.py:639} INFO - DAG(s) dict_keys(['example_bash_operator']) retrieved from /home/airflow/.local/lib/python3.6/site-packages/airflow/example_dags/example_bash_operator.py
[2024-06-06 20:04:11,702] {logging_mixin.py:104} INFO - [2024-06-06 20:04:11,702] {dag.py:1824} INFO - Sync 1 DAGs
[2024-06-06 20:04:11,722] {logging_mixin.py:104} INFO - [2024-06-06 20:04:11,721] {dag.py:2280} INFO - Setting next_dagrun for example_bash_operator to 2024-06-06 00:00:00+00:00
[2024-06-06 20:04:11,735] {scheduler_job.py:190} INFO - Processing /home/airflow/.local/lib/python3.6/site-packages/airflow/example_dags/example_bash_operator.py took 0.074 seconds
[2024-06-06 20:04:42,063] {scheduler_job.py:182} INFO - Started process (PID=822) to work on /home/airflow/.local/lib/python3.6/site-packages/airflow/example_dags/example_bash_operator.py
[2024-06-06 20:04:42,064] {scheduler_job.py:629} INFO - Processing file /home/airflow/.local/lib/python3.6/site-packages/airflow/example_dags/example_bash_operator.py for tasks to queue
[2024-06-06 20:04:42,064] {logging_mixin.py:104} INFO - [2024-06-06 20:04:42,064] {dagbag.py:451} INFO - Filling up the DagBag from /home/airflow/.local/lib/python3.6/site-packages/airflow/example_dags/example_bash_operator.py
[2024-06-06 20:04:42,079] {scheduler_job.py:639} INFO - DAG(s) dict_keys(['example_bash_operator']) retrieved from /home/airflow/.local/lib/python3.6/site-packages/airflow/example_dags/example_bash_operator.py
[2024-06-06 20:04:42,105] {logging_mixin.py:104} INFO - [2024-06-06 20:04:42,105] {dag.py:1824} INFO - Sync 1 DAGs
[2024-06-06 20:04:42,129] {logging_mixin.py:104} INFO - [2024-06-06 20:04:42,129] {dag.py:2280} INFO - Setting next_dagrun for example_bash_operator to 2024-06-06 00:00:00+00:00
[2024-06-06 20:04:42,145] {scheduler_job.py:190} INFO - Processing /home/airflow/.local/lib/python3.6/site-packages/airflow/example_dags/example_bash_operator.py took 0.086 seconds
[2024-06-06 20:05:12,438] {scheduler_job.py:182} INFO - Started process (PID=848) to work on /home/airflow/.local/lib/python3.6/site-packages/airflow/example_dags/example_bash_operator.py
[2024-06-06 20:05:12,439] {scheduler_job.py:629} INFO - Processing file /home/airflow/.local/lib/python3.6/site-packages/airflow/example_dags/example_bash_operator.py for tasks to queue
[2024-06-06 20:05:12,439] {logging_mixin.py:104} INFO - [2024-06-06 20:05:12,439] {dagbag.py:451} INFO - Filling up the DagBag from /home/airflow/.local/lib/python3.6/site-packages/airflow/example_dags/example_bash_operator.py
[2024-06-06 20:05:12,445] {scheduler_job.py:639} INFO - DAG(s) dict_keys(['example_bash_operator']) retrieved from /home/airflow/.local/lib/python3.6/site-packages/airflow/example_dags/example_bash_operator.py
[2024-06-06 20:05:12,460] {logging_mixin.py:104} INFO - [2024-06-06 20:05:12,460] {dag.py:1824} INFO - Sync 1 DAGs
[2024-06-06 20:05:12,477] {logging_mixin.py:104} INFO - [2024-06-06 20:05:12,477] {dag.py:2280} INFO - Setting next_dagrun for example_bash_operator to 2024-06-06 00:00:00+00:00
[2024-06-06 20:05:12,490] {scheduler_job.py:190} INFO - Processing /home/airflow/.local/lib/python3.6/site-packages/airflow/example_dags/example_bash_operator.py took 0.053 seconds
