[2024-06-06 19:49:58,221] {scheduler_job.py:182} INFO - Started process (PID=59) to work on /home/airflow/.local/lib/python3.6/site-packages/airflow/example_dags/example_task_group.py
[2024-06-06 19:49:58,222] {scheduler_job.py:629} INFO - Processing file /home/airflow/.local/lib/python3.6/site-packages/airflow/example_dags/example_task_group.py for tasks to queue
[2024-06-06 19:49:58,222] {logging_mixin.py:104} INFO - [2024-06-06 19:49:58,222] {dagbag.py:451} INFO - Filling up the DagBag from /home/airflow/.local/lib/python3.6/site-packages/airflow/example_dags/example_task_group.py
[2024-06-06 19:49:58,229] {scheduler_job.py:639} INFO - DAG(s) dict_keys(['example_task_group']) retrieved from /home/airflow/.local/lib/python3.6/site-packages/airflow/example_dags/example_task_group.py
[2024-06-06 19:49:58,248] {logging_mixin.py:104} INFO - [2024-06-06 19:49:58,248] {dag.py:1824} INFO - Sync 1 DAGs
[2024-06-06 19:49:58,256] {logging_mixin.py:104} INFO - [2024-06-06 19:49:58,256] {dag.py:1843} INFO - Creating ORM DAG for example_task_group
[2024-06-06 19:49:58,260] {logging_mixin.py:104} INFO - [2024-06-06 19:49:58,260] {dag.py:2280} INFO - Setting next_dagrun for example_task_group to 2024-06-04 00:00:00+00:00
[2024-06-06 19:49:58,271] {scheduler_job.py:190} INFO - Processing /home/airflow/.local/lib/python3.6/site-packages/airflow/example_dags/example_task_group.py took 0.052 seconds
[2024-06-06 19:50:29,697] {scheduler_job.py:182} INFO - Started process (PID=85) to work on /home/airflow/.local/lib/python3.6/site-packages/airflow/example_dags/example_task_group.py
[2024-06-06 19:50:29,697] {scheduler_job.py:629} INFO - Processing file /home/airflow/.local/lib/python3.6/site-packages/airflow/example_dags/example_task_group.py for tasks to queue
[2024-06-06 19:50:29,697] {logging_mixin.py:104} INFO - [2024-06-06 19:50:29,697] {dagbag.py:451} INFO - Filling up the DagBag from /home/airflow/.local/lib/python3.6/site-packages/airflow/example_dags/example_task_group.py
[2024-06-06 19:50:29,703] {scheduler_job.py:639} INFO - DAG(s) dict_keys(['example_task_group']) retrieved from /home/airflow/.local/lib/python3.6/site-packages/airflow/example_dags/example_task_group.py
[2024-06-06 19:50:29,715] {logging_mixin.py:104} INFO - [2024-06-06 19:50:29,714] {dag.py:1824} INFO - Sync 1 DAGs
[2024-06-06 19:50:29,725] {logging_mixin.py:104} INFO - [2024-06-06 19:50:29,725] {dag.py:2280} INFO - Setting next_dagrun for example_task_group to 2024-06-04 00:00:00+00:00
[2024-06-06 19:50:29,732] {scheduler_job.py:190} INFO - Processing /home/airflow/.local/lib/python3.6/site-packages/airflow/example_dags/example_task_group.py took 0.037 seconds
[2024-06-06 19:51:00,038] {scheduler_job.py:182} INFO - Started process (PID=113) to work on /home/airflow/.local/lib/python3.6/site-packages/airflow/example_dags/example_task_group.py
[2024-06-06 19:51:00,039] {scheduler_job.py:629} INFO - Processing file /home/airflow/.local/lib/python3.6/site-packages/airflow/example_dags/example_task_group.py for tasks to queue
[2024-06-06 19:51:00,040] {logging_mixin.py:104} INFO - [2024-06-06 19:51:00,040] {dagbag.py:451} INFO - Filling up the DagBag from /home/airflow/.local/lib/python3.6/site-packages/airflow/example_dags/example_task_group.py
[2024-06-06 19:51:00,053] {scheduler_job.py:639} INFO - DAG(s) dict_keys(['example_task_group']) retrieved from /home/airflow/.local/lib/python3.6/site-packages/airflow/example_dags/example_task_group.py
[2024-06-06 19:51:00,079] {logging_mixin.py:104} INFO - [2024-06-06 19:51:00,078] {dag.py:1824} INFO - Sync 1 DAGs
[2024-06-06 19:51:00,098] {logging_mixin.py:104} INFO - [2024-06-06 19:51:00,098] {dag.py:2280} INFO - Setting next_dagrun for example_task_group to 2024-06-04 00:00:00+00:00
[2024-06-06 19:51:00,114] {scheduler_job.py:190} INFO - Processing /home/airflow/.local/lib/python3.6/site-packages/airflow/example_dags/example_task_group.py took 0.079 seconds
[2024-06-06 19:51:30,433] {scheduler_job.py:182} INFO - Started process (PID=141) to work on /home/airflow/.local/lib/python3.6/site-packages/airflow/example_dags/example_task_group.py
[2024-06-06 19:51:30,434] {scheduler_job.py:629} INFO - Processing file /home/airflow/.local/lib/python3.6/site-packages/airflow/example_dags/example_task_group.py for tasks to queue
[2024-06-06 19:51:30,435] {logging_mixin.py:104} INFO - [2024-06-06 19:51:30,435] {dagbag.py:451} INFO - Filling up the DagBag from /home/airflow/.local/lib/python3.6/site-packages/airflow/example_dags/example_task_group.py
[2024-06-06 19:51:30,448] {scheduler_job.py:639} INFO - DAG(s) dict_keys(['example_task_group']) retrieved from /home/airflow/.local/lib/python3.6/site-packages/airflow/example_dags/example_task_group.py
[2024-06-06 19:51:30,473] {logging_mixin.py:104} INFO - [2024-06-06 19:51:30,473] {dag.py:1824} INFO - Sync 1 DAGs
[2024-06-06 19:51:30,494] {logging_mixin.py:104} INFO - [2024-06-06 19:51:30,494] {dag.py:2280} INFO - Setting next_dagrun for example_task_group to 2024-06-04 00:00:00+00:00
[2024-06-06 19:51:30,510] {scheduler_job.py:190} INFO - Processing /home/airflow/.local/lib/python3.6/site-packages/airflow/example_dags/example_task_group.py took 0.080 seconds
[2024-06-06 19:52:00,896] {scheduler_job.py:182} INFO - Started process (PID=168) to work on /home/airflow/.local/lib/python3.6/site-packages/airflow/example_dags/example_task_group.py
[2024-06-06 19:52:00,897] {scheduler_job.py:629} INFO - Processing file /home/airflow/.local/lib/python3.6/site-packages/airflow/example_dags/example_task_group.py for tasks to queue
[2024-06-06 19:52:00,898] {logging_mixin.py:104} INFO - [2024-06-06 19:52:00,898] {dagbag.py:451} INFO - Filling up the DagBag from /home/airflow/.local/lib/python3.6/site-packages/airflow/example_dags/example_task_group.py
[2024-06-06 19:52:00,911] {scheduler_job.py:639} INFO - DAG(s) dict_keys(['example_task_group']) retrieved from /home/airflow/.local/lib/python3.6/site-packages/airflow/example_dags/example_task_group.py
[2024-06-06 19:52:00,936] {logging_mixin.py:104} INFO - [2024-06-06 19:52:00,936] {dag.py:1824} INFO - Sync 1 DAGs
[2024-06-06 19:52:00,957] {logging_mixin.py:104} INFO - [2024-06-06 19:52:00,957] {dag.py:2280} INFO - Setting next_dagrun for example_task_group to 2024-06-04 00:00:00+00:00
[2024-06-06 19:52:00,972] {scheduler_job.py:190} INFO - Processing /home/airflow/.local/lib/python3.6/site-packages/airflow/example_dags/example_task_group.py took 0.079 seconds
[2024-06-06 19:52:31,445] {scheduler_job.py:182} INFO - Started process (PID=194) to work on /home/airflow/.local/lib/python3.6/site-packages/airflow/example_dags/example_task_group.py
[2024-06-06 19:52:31,447] {scheduler_job.py:629} INFO - Processing file /home/airflow/.local/lib/python3.6/site-packages/airflow/example_dags/example_task_group.py for tasks to queue
[2024-06-06 19:52:31,448] {logging_mixin.py:104} INFO - [2024-06-06 19:52:31,448] {dagbag.py:451} INFO - Filling up the DagBag from /home/airflow/.local/lib/python3.6/site-packages/airflow/example_dags/example_task_group.py
[2024-06-06 19:52:31,462] {scheduler_job.py:639} INFO - DAG(s) dict_keys(['example_task_group']) retrieved from /home/airflow/.local/lib/python3.6/site-packages/airflow/example_dags/example_task_group.py
[2024-06-06 19:52:31,491] {logging_mixin.py:104} INFO - [2024-06-06 19:52:31,491] {dag.py:1824} INFO - Sync 1 DAGs
[2024-06-06 19:52:31,513] {logging_mixin.py:104} INFO - [2024-06-06 19:52:31,513] {dag.py:2280} INFO - Setting next_dagrun for example_task_group to 2024-06-04 00:00:00+00:00
[2024-06-06 19:52:31,530] {scheduler_job.py:190} INFO - Processing /home/airflow/.local/lib/python3.6/site-packages/airflow/example_dags/example_task_group.py took 0.089 seconds
[2024-06-06 19:53:01,870] {scheduler_job.py:182} INFO - Started process (PID=220) to work on /home/airflow/.local/lib/python3.6/site-packages/airflow/example_dags/example_task_group.py
[2024-06-06 19:53:01,871] {scheduler_job.py:629} INFO - Processing file /home/airflow/.local/lib/python3.6/site-packages/airflow/example_dags/example_task_group.py for tasks to queue
[2024-06-06 19:53:01,872] {logging_mixin.py:104} INFO - [2024-06-06 19:53:01,872] {dagbag.py:451} INFO - Filling up the DagBag from /home/airflow/.local/lib/python3.6/site-packages/airflow/example_dags/example_task_group.py
[2024-06-06 19:53:01,886] {scheduler_job.py:639} INFO - DAG(s) dict_keys(['example_task_group']) retrieved from /home/airflow/.local/lib/python3.6/site-packages/airflow/example_dags/example_task_group.py
[2024-06-06 19:53:01,921] {logging_mixin.py:104} INFO - [2024-06-06 19:53:01,921] {dag.py:1824} INFO - Sync 1 DAGs
[2024-06-06 19:53:01,939] {logging_mixin.py:104} INFO - [2024-06-06 19:53:01,938] {dag.py:2280} INFO - Setting next_dagrun for example_task_group to 2024-06-04 00:00:00+00:00
[2024-06-06 19:53:01,952] {scheduler_job.py:190} INFO - Processing /home/airflow/.local/lib/python3.6/site-packages/airflow/example_dags/example_task_group.py took 0.085 seconds
[2024-06-06 19:53:32,455] {scheduler_job.py:182} INFO - Started process (PID=246) to work on /home/airflow/.local/lib/python3.6/site-packages/airflow/example_dags/example_task_group.py
[2024-06-06 19:53:32,456] {scheduler_job.py:629} INFO - Processing file /home/airflow/.local/lib/python3.6/site-packages/airflow/example_dags/example_task_group.py for tasks to queue
[2024-06-06 19:53:32,456] {logging_mixin.py:104} INFO - [2024-06-06 19:53:32,456] {dagbag.py:451} INFO - Filling up the DagBag from /home/airflow/.local/lib/python3.6/site-packages/airflow/example_dags/example_task_group.py
[2024-06-06 19:53:32,470] {scheduler_job.py:639} INFO - DAG(s) dict_keys(['example_task_group']) retrieved from /home/airflow/.local/lib/python3.6/site-packages/airflow/example_dags/example_task_group.py
[2024-06-06 19:53:32,497] {logging_mixin.py:104} INFO - [2024-06-06 19:53:32,497] {dag.py:1824} INFO - Sync 1 DAGs
[2024-06-06 19:53:32,513] {logging_mixin.py:104} INFO - [2024-06-06 19:53:32,513] {dag.py:2280} INFO - Setting next_dagrun for example_task_group to 2024-06-04 00:00:00+00:00
[2024-06-06 19:53:32,525] {scheduler_job.py:190} INFO - Processing /home/airflow/.local/lib/python3.6/site-packages/airflow/example_dags/example_task_group.py took 0.073 seconds
[2024-06-06 19:54:02,892] {scheduler_job.py:182} INFO - Started process (PID=272) to work on /home/airflow/.local/lib/python3.6/site-packages/airflow/example_dags/example_task_group.py
[2024-06-06 19:54:02,893] {scheduler_job.py:629} INFO - Processing file /home/airflow/.local/lib/python3.6/site-packages/airflow/example_dags/example_task_group.py for tasks to queue
[2024-06-06 19:54:02,893] {logging_mixin.py:104} INFO - [2024-06-06 19:54:02,893] {dagbag.py:451} INFO - Filling up the DagBag from /home/airflow/.local/lib/python3.6/site-packages/airflow/example_dags/example_task_group.py
[2024-06-06 19:54:02,899] {scheduler_job.py:639} INFO - DAG(s) dict_keys(['example_task_group']) retrieved from /home/airflow/.local/lib/python3.6/site-packages/airflow/example_dags/example_task_group.py
[2024-06-06 19:54:02,923] {logging_mixin.py:104} INFO - [2024-06-06 19:54:02,922] {dag.py:1824} INFO - Sync 1 DAGs
[2024-06-06 19:54:02,945] {logging_mixin.py:104} INFO - [2024-06-06 19:54:02,945] {dag.py:2280} INFO - Setting next_dagrun for example_task_group to 2024-06-04 00:00:00+00:00
[2024-06-06 19:54:02,970] {scheduler_job.py:190} INFO - Processing /home/airflow/.local/lib/python3.6/site-packages/airflow/example_dags/example_task_group.py took 0.080 seconds
[2024-06-06 19:54:33,293] {scheduler_job.py:182} INFO - Started process (PID=298) to work on /home/airflow/.local/lib/python3.6/site-packages/airflow/example_dags/example_task_group.py
[2024-06-06 19:54:33,294] {scheduler_job.py:629} INFO - Processing file /home/airflow/.local/lib/python3.6/site-packages/airflow/example_dags/example_task_group.py for tasks to queue
[2024-06-06 19:54:33,295] {logging_mixin.py:104} INFO - [2024-06-06 19:54:33,295] {dagbag.py:451} INFO - Filling up the DagBag from /home/airflow/.local/lib/python3.6/site-packages/airflow/example_dags/example_task_group.py
[2024-06-06 19:54:33,308] {scheduler_job.py:639} INFO - DAG(s) dict_keys(['example_task_group']) retrieved from /home/airflow/.local/lib/python3.6/site-packages/airflow/example_dags/example_task_group.py
[2024-06-06 19:54:33,336] {logging_mixin.py:104} INFO - [2024-06-06 19:54:33,336] {dag.py:1824} INFO - Sync 1 DAGs
[2024-06-06 19:54:33,352] {logging_mixin.py:104} INFO - [2024-06-06 19:54:33,352] {dag.py:2280} INFO - Setting next_dagrun for example_task_group to 2024-06-04 00:00:00+00:00
[2024-06-06 19:54:33,365] {scheduler_job.py:190} INFO - Processing /home/airflow/.local/lib/python3.6/site-packages/airflow/example_dags/example_task_group.py took 0.076 seconds
[2024-06-06 19:55:03,556] {scheduler_job.py:182} INFO - Started process (PID=319) to work on /home/airflow/.local/lib/python3.6/site-packages/airflow/example_dags/example_task_group.py
[2024-06-06 19:55:03,557] {scheduler_job.py:629} INFO - Processing file /home/airflow/.local/lib/python3.6/site-packages/airflow/example_dags/example_task_group.py for tasks to queue
[2024-06-06 19:55:03,558] {logging_mixin.py:104} INFO - [2024-06-06 19:55:03,558] {dagbag.py:451} INFO - Filling up the DagBag from /home/airflow/.local/lib/python3.6/site-packages/airflow/example_dags/example_task_group.py
[2024-06-06 19:55:03,575] {scheduler_job.py:639} INFO - DAG(s) dict_keys(['example_task_group']) retrieved from /home/airflow/.local/lib/python3.6/site-packages/airflow/example_dags/example_task_group.py
[2024-06-06 19:55:03,599] {logging_mixin.py:104} INFO - [2024-06-06 19:55:03,599] {dag.py:1824} INFO - Sync 1 DAGs
[2024-06-06 19:55:03,623] {logging_mixin.py:104} INFO - [2024-06-06 19:55:03,623] {dag.py:2280} INFO - Setting next_dagrun for example_task_group to 2024-06-04 00:00:00+00:00
[2024-06-06 19:55:03,638] {scheduler_job.py:190} INFO - Processing /home/airflow/.local/lib/python3.6/site-packages/airflow/example_dags/example_task_group.py took 0.085 seconds
[2024-06-06 19:55:34,105] {scheduler_job.py:182} INFO - Started process (PID=368) to work on /home/airflow/.local/lib/python3.6/site-packages/airflow/example_dags/example_task_group.py
[2024-06-06 19:55:34,106] {scheduler_job.py:629} INFO - Processing file /home/airflow/.local/lib/python3.6/site-packages/airflow/example_dags/example_task_group.py for tasks to queue
[2024-06-06 19:55:34,107] {logging_mixin.py:104} INFO - [2024-06-06 19:55:34,107] {dagbag.py:451} INFO - Filling up the DagBag from /home/airflow/.local/lib/python3.6/site-packages/airflow/example_dags/example_task_group.py
[2024-06-06 19:55:34,126] {scheduler_job.py:639} INFO - DAG(s) dict_keys(['example_task_group']) retrieved from /home/airflow/.local/lib/python3.6/site-packages/airflow/example_dags/example_task_group.py
[2024-06-06 19:55:34,156] {logging_mixin.py:104} INFO - [2024-06-06 19:55:34,156] {dag.py:1824} INFO - Sync 1 DAGs
[2024-06-06 19:55:34,175] {logging_mixin.py:104} INFO - [2024-06-06 19:55:34,175] {dag.py:2280} INFO - Setting next_dagrun for example_task_group to 2024-06-04 00:00:00+00:00
[2024-06-06 19:55:34,192] {scheduler_job.py:190} INFO - Processing /home/airflow/.local/lib/python3.6/site-packages/airflow/example_dags/example_task_group.py took 0.091 seconds
[2024-06-06 19:56:04,354] {scheduler_job.py:182} INFO - Started process (PID=388) to work on /home/airflow/.local/lib/python3.6/site-packages/airflow/example_dags/example_task_group.py
[2024-06-06 19:56:04,355] {scheduler_job.py:629} INFO - Processing file /home/airflow/.local/lib/python3.6/site-packages/airflow/example_dags/example_task_group.py for tasks to queue
[2024-06-06 19:56:04,355] {logging_mixin.py:104} INFO - [2024-06-06 19:56:04,355] {dagbag.py:451} INFO - Filling up the DagBag from /home/airflow/.local/lib/python3.6/site-packages/airflow/example_dags/example_task_group.py
[2024-06-06 19:56:04,371] {scheduler_job.py:639} INFO - DAG(s) dict_keys(['example_task_group']) retrieved from /home/airflow/.local/lib/python3.6/site-packages/airflow/example_dags/example_task_group.py
[2024-06-06 19:56:04,396] {logging_mixin.py:104} INFO - [2024-06-06 19:56:04,396] {dag.py:1824} INFO - Sync 1 DAGs
[2024-06-06 19:56:04,410] {logging_mixin.py:104} INFO - [2024-06-06 19:56:04,410] {dag.py:2280} INFO - Setting next_dagrun for example_task_group to 2024-06-04 00:00:00+00:00
[2024-06-06 19:56:04,422] {scheduler_job.py:190} INFO - Processing /home/airflow/.local/lib/python3.6/site-packages/airflow/example_dags/example_task_group.py took 0.072 seconds
[2024-06-06 19:56:34,900] {scheduler_job.py:182} INFO - Started process (PID=413) to work on /home/airflow/.local/lib/python3.6/site-packages/airflow/example_dags/example_task_group.py
[2024-06-06 19:56:34,901] {scheduler_job.py:629} INFO - Processing file /home/airflow/.local/lib/python3.6/site-packages/airflow/example_dags/example_task_group.py for tasks to queue
[2024-06-06 19:56:34,902] {logging_mixin.py:104} INFO - [2024-06-06 19:56:34,902] {dagbag.py:451} INFO - Filling up the DagBag from /home/airflow/.local/lib/python3.6/site-packages/airflow/example_dags/example_task_group.py
[2024-06-06 19:56:34,918] {scheduler_job.py:639} INFO - DAG(s) dict_keys(['example_task_group']) retrieved from /home/airflow/.local/lib/python3.6/site-packages/airflow/example_dags/example_task_group.py
[2024-06-06 19:56:34,942] {logging_mixin.py:104} INFO - [2024-06-06 19:56:34,942] {dag.py:1824} INFO - Sync 1 DAGs
[2024-06-06 19:56:34,958] {logging_mixin.py:104} INFO - [2024-06-06 19:56:34,958] {dag.py:2280} INFO - Setting next_dagrun for example_task_group to 2024-06-04 00:00:00+00:00
[2024-06-06 19:56:34,973] {scheduler_job.py:190} INFO - Processing /home/airflow/.local/lib/python3.6/site-packages/airflow/example_dags/example_task_group.py took 0.075 seconds
[2024-06-06 19:57:05,263] {scheduler_job.py:182} INFO - Started process (PID=437) to work on /home/airflow/.local/lib/python3.6/site-packages/airflow/example_dags/example_task_group.py
[2024-06-06 19:57:05,268] {scheduler_job.py:629} INFO - Processing file /home/airflow/.local/lib/python3.6/site-packages/airflow/example_dags/example_task_group.py for tasks to queue
[2024-06-06 19:57:05,268] {logging_mixin.py:104} INFO - [2024-06-06 19:57:05,268] {dagbag.py:451} INFO - Filling up the DagBag from /home/airflow/.local/lib/python3.6/site-packages/airflow/example_dags/example_task_group.py
[2024-06-06 19:57:05,282] {scheduler_job.py:639} INFO - DAG(s) dict_keys(['example_task_group']) retrieved from /home/airflow/.local/lib/python3.6/site-packages/airflow/example_dags/example_task_group.py
[2024-06-06 19:57:05,310] {logging_mixin.py:104} INFO - [2024-06-06 19:57:05,310] {dag.py:1824} INFO - Sync 1 DAGs
[2024-06-06 19:57:05,330] {logging_mixin.py:104} INFO - [2024-06-06 19:57:05,330] {dag.py:2280} INFO - Setting next_dagrun for example_task_group to 2024-06-04 00:00:00+00:00
[2024-06-06 19:57:05,347] {scheduler_job.py:190} INFO - Processing /home/airflow/.local/lib/python3.6/site-packages/airflow/example_dags/example_task_group.py took 0.086 seconds
[2024-06-06 19:57:35,809] {scheduler_job.py:182} INFO - Started process (PID=461) to work on /home/airflow/.local/lib/python3.6/site-packages/airflow/example_dags/example_task_group.py
[2024-06-06 19:57:35,810] {scheduler_job.py:629} INFO - Processing file /home/airflow/.local/lib/python3.6/site-packages/airflow/example_dags/example_task_group.py for tasks to queue
[2024-06-06 19:57:35,811] {logging_mixin.py:104} INFO - [2024-06-06 19:57:35,811] {dagbag.py:451} INFO - Filling up the DagBag from /home/airflow/.local/lib/python3.6/site-packages/airflow/example_dags/example_task_group.py
[2024-06-06 19:57:35,824] {scheduler_job.py:639} INFO - DAG(s) dict_keys(['example_task_group']) retrieved from /home/airflow/.local/lib/python3.6/site-packages/airflow/example_dags/example_task_group.py
[2024-06-06 19:57:35,847] {logging_mixin.py:104} INFO - [2024-06-06 19:57:35,847] {dag.py:1824} INFO - Sync 1 DAGs
[2024-06-06 19:57:35,863] {logging_mixin.py:104} INFO - [2024-06-06 19:57:35,863] {dag.py:2280} INFO - Setting next_dagrun for example_task_group to 2024-06-04 00:00:00+00:00
[2024-06-06 19:57:35,875] {scheduler_job.py:190} INFO - Processing /home/airflow/.local/lib/python3.6/site-packages/airflow/example_dags/example_task_group.py took 0.069 seconds
[2024-06-06 19:58:06,373] {scheduler_job.py:182} INFO - Started process (PID=487) to work on /home/airflow/.local/lib/python3.6/site-packages/airflow/example_dags/example_task_group.py
[2024-06-06 19:58:06,374] {scheduler_job.py:629} INFO - Processing file /home/airflow/.local/lib/python3.6/site-packages/airflow/example_dags/example_task_group.py for tasks to queue
[2024-06-06 19:58:06,375] {logging_mixin.py:104} INFO - [2024-06-06 19:58:06,375] {dagbag.py:451} INFO - Filling up the DagBag from /home/airflow/.local/lib/python3.6/site-packages/airflow/example_dags/example_task_group.py
[2024-06-06 19:58:06,388] {scheduler_job.py:639} INFO - DAG(s) dict_keys(['example_task_group']) retrieved from /home/airflow/.local/lib/python3.6/site-packages/airflow/example_dags/example_task_group.py
[2024-06-06 19:58:06,413] {logging_mixin.py:104} INFO - [2024-06-06 19:58:06,413] {dag.py:1824} INFO - Sync 1 DAGs
[2024-06-06 19:58:06,431] {logging_mixin.py:104} INFO - [2024-06-06 19:58:06,431] {dag.py:2280} INFO - Setting next_dagrun for example_task_group to 2024-06-04 00:00:00+00:00
[2024-06-06 19:58:06,444] {scheduler_job.py:190} INFO - Processing /home/airflow/.local/lib/python3.6/site-packages/airflow/example_dags/example_task_group.py took 0.074 seconds
[2024-06-06 19:58:36,951] {scheduler_job.py:182} INFO - Started process (PID=513) to work on /home/airflow/.local/lib/python3.6/site-packages/airflow/example_dags/example_task_group.py
[2024-06-06 19:58:36,952] {scheduler_job.py:629} INFO - Processing file /home/airflow/.local/lib/python3.6/site-packages/airflow/example_dags/example_task_group.py for tasks to queue
[2024-06-06 19:58:36,953] {logging_mixin.py:104} INFO - [2024-06-06 19:58:36,953] {dagbag.py:451} INFO - Filling up the DagBag from /home/airflow/.local/lib/python3.6/site-packages/airflow/example_dags/example_task_group.py
[2024-06-06 19:58:36,966] {scheduler_job.py:639} INFO - DAG(s) dict_keys(['example_task_group']) retrieved from /home/airflow/.local/lib/python3.6/site-packages/airflow/example_dags/example_task_group.py
[2024-06-06 19:58:36,993] {logging_mixin.py:104} INFO - [2024-06-06 19:58:36,993] {dag.py:1824} INFO - Sync 1 DAGs
[2024-06-06 19:58:37,009] {logging_mixin.py:104} INFO - [2024-06-06 19:58:37,009] {dag.py:2280} INFO - Setting next_dagrun for example_task_group to 2024-06-04 00:00:00+00:00
[2024-06-06 19:58:37,021] {scheduler_job.py:190} INFO - Processing /home/airflow/.local/lib/python3.6/site-packages/airflow/example_dags/example_task_group.py took 0.074 seconds
[2024-06-06 19:59:07,547] {scheduler_job.py:182} INFO - Started process (PID=542) to work on /home/airflow/.local/lib/python3.6/site-packages/airflow/example_dags/example_task_group.py
[2024-06-06 19:59:07,548] {scheduler_job.py:629} INFO - Processing file /home/airflow/.local/lib/python3.6/site-packages/airflow/example_dags/example_task_group.py for tasks to queue
[2024-06-06 19:59:07,549] {logging_mixin.py:104} INFO - [2024-06-06 19:59:07,549] {dagbag.py:451} INFO - Filling up the DagBag from /home/airflow/.local/lib/python3.6/site-packages/airflow/example_dags/example_task_group.py
[2024-06-06 19:59:07,562] {scheduler_job.py:639} INFO - DAG(s) dict_keys(['example_task_group']) retrieved from /home/airflow/.local/lib/python3.6/site-packages/airflow/example_dags/example_task_group.py
[2024-06-06 19:59:07,588] {logging_mixin.py:104} INFO - [2024-06-06 19:59:07,588] {dag.py:1824} INFO - Sync 1 DAGs
[2024-06-06 19:59:07,609] {logging_mixin.py:104} INFO - [2024-06-06 19:59:07,608] {dag.py:2280} INFO - Setting next_dagrun for example_task_group to 2024-06-04 00:00:00+00:00
[2024-06-06 19:59:07,625] {scheduler_job.py:190} INFO - Processing /home/airflow/.local/lib/python3.6/site-packages/airflow/example_dags/example_task_group.py took 0.081 seconds
[2024-06-06 19:59:38,287] {scheduler_job.py:182} INFO - Started process (PID=569) to work on /home/airflow/.local/lib/python3.6/site-packages/airflow/example_dags/example_task_group.py
[2024-06-06 19:59:38,288] {scheduler_job.py:629} INFO - Processing file /home/airflow/.local/lib/python3.6/site-packages/airflow/example_dags/example_task_group.py for tasks to queue
[2024-06-06 19:59:38,288] {logging_mixin.py:104} INFO - [2024-06-06 19:59:38,288] {dagbag.py:451} INFO - Filling up the DagBag from /home/airflow/.local/lib/python3.6/site-packages/airflow/example_dags/example_task_group.py
[2024-06-06 19:59:38,301] {scheduler_job.py:639} INFO - DAG(s) dict_keys(['example_task_group']) retrieved from /home/airflow/.local/lib/python3.6/site-packages/airflow/example_dags/example_task_group.py
[2024-06-06 19:59:38,324] {logging_mixin.py:104} INFO - [2024-06-06 19:59:38,323] {dag.py:1824} INFO - Sync 1 DAGs
[2024-06-06 19:59:38,339] {logging_mixin.py:104} INFO - [2024-06-06 19:59:38,339] {dag.py:2280} INFO - Setting next_dagrun for example_task_group to 2024-06-04 00:00:00+00:00
[2024-06-06 19:59:38,355] {scheduler_job.py:190} INFO - Processing /home/airflow/.local/lib/python3.6/site-packages/airflow/example_dags/example_task_group.py took 0.072 seconds
[2024-06-06 20:00:08,560] {scheduler_job.py:182} INFO - Started process (PID=591) to work on /home/airflow/.local/lib/python3.6/site-packages/airflow/example_dags/example_task_group.py
[2024-06-06 20:00:08,561] {scheduler_job.py:629} INFO - Processing file /home/airflow/.local/lib/python3.6/site-packages/airflow/example_dags/example_task_group.py for tasks to queue
[2024-06-06 20:00:08,562] {logging_mixin.py:104} INFO - [2024-06-06 20:00:08,562] {dagbag.py:451} INFO - Filling up the DagBag from /home/airflow/.local/lib/python3.6/site-packages/airflow/example_dags/example_task_group.py
[2024-06-06 20:00:08,576] {scheduler_job.py:639} INFO - DAG(s) dict_keys(['example_task_group']) retrieved from /home/airflow/.local/lib/python3.6/site-packages/airflow/example_dags/example_task_group.py
[2024-06-06 20:00:08,606] {logging_mixin.py:104} INFO - [2024-06-06 20:00:08,606] {dag.py:1824} INFO - Sync 1 DAGs
[2024-06-06 20:00:08,624] {logging_mixin.py:104} INFO - [2024-06-06 20:00:08,624] {dag.py:2280} INFO - Setting next_dagrun for example_task_group to 2024-06-04 00:00:00+00:00
[2024-06-06 20:00:08,637] {scheduler_job.py:190} INFO - Processing /home/airflow/.local/lib/python3.6/site-packages/airflow/example_dags/example_task_group.py took 0.080 seconds
[2024-06-06 20:00:38,779] {scheduler_job.py:182} INFO - Started process (PID=615) to work on /home/airflow/.local/lib/python3.6/site-packages/airflow/example_dags/example_task_group.py
[2024-06-06 20:00:38,780] {scheduler_job.py:629} INFO - Processing file /home/airflow/.local/lib/python3.6/site-packages/airflow/example_dags/example_task_group.py for tasks to queue
[2024-06-06 20:00:38,780] {logging_mixin.py:104} INFO - [2024-06-06 20:00:38,780] {dagbag.py:451} INFO - Filling up the DagBag from /home/airflow/.local/lib/python3.6/site-packages/airflow/example_dags/example_task_group.py
[2024-06-06 20:00:38,795] {scheduler_job.py:639} INFO - DAG(s) dict_keys(['example_task_group']) retrieved from /home/airflow/.local/lib/python3.6/site-packages/airflow/example_dags/example_task_group.py
[2024-06-06 20:00:38,831] {logging_mixin.py:104} INFO - [2024-06-06 20:00:38,831] {dag.py:1824} INFO - Sync 1 DAGs
[2024-06-06 20:00:38,849] {logging_mixin.py:104} INFO - [2024-06-06 20:00:38,849] {dag.py:2280} INFO - Setting next_dagrun for example_task_group to 2024-06-04 00:00:00+00:00
[2024-06-06 20:00:38,862] {scheduler_job.py:190} INFO - Processing /home/airflow/.local/lib/python3.6/site-packages/airflow/example_dags/example_task_group.py took 0.087 seconds
[2024-06-06 20:01:09,217] {scheduler_job.py:182} INFO - Started process (PID=641) to work on /home/airflow/.local/lib/python3.6/site-packages/airflow/example_dags/example_task_group.py
[2024-06-06 20:01:09,218] {scheduler_job.py:629} INFO - Processing file /home/airflow/.local/lib/python3.6/site-packages/airflow/example_dags/example_task_group.py for tasks to queue
[2024-06-06 20:01:09,218] {logging_mixin.py:104} INFO - [2024-06-06 20:01:09,218] {dagbag.py:451} INFO - Filling up the DagBag from /home/airflow/.local/lib/python3.6/site-packages/airflow/example_dags/example_task_group.py
[2024-06-06 20:01:09,224] {scheduler_job.py:639} INFO - DAG(s) dict_keys(['example_task_group']) retrieved from /home/airflow/.local/lib/python3.6/site-packages/airflow/example_dags/example_task_group.py
[2024-06-06 20:01:09,238] {logging_mixin.py:104} INFO - [2024-06-06 20:01:09,238] {dag.py:1824} INFO - Sync 1 DAGs
[2024-06-06 20:01:09,248] {logging_mixin.py:104} INFO - [2024-06-06 20:01:09,248] {dag.py:2280} INFO - Setting next_dagrun for example_task_group to 2024-06-04 00:00:00+00:00
[2024-06-06 20:01:09,257] {scheduler_job.py:190} INFO - Processing /home/airflow/.local/lib/python3.6/site-packages/airflow/example_dags/example_task_group.py took 0.042 seconds
[2024-06-06 20:01:39,647] {scheduler_job.py:182} INFO - Started process (PID=669) to work on /home/airflow/.local/lib/python3.6/site-packages/airflow/example_dags/example_task_group.py
[2024-06-06 20:01:39,648] {scheduler_job.py:629} INFO - Processing file /home/airflow/.local/lib/python3.6/site-packages/airflow/example_dags/example_task_group.py for tasks to queue
[2024-06-06 20:01:39,648] {logging_mixin.py:104} INFO - [2024-06-06 20:01:39,648] {dagbag.py:451} INFO - Filling up the DagBag from /home/airflow/.local/lib/python3.6/site-packages/airflow/example_dags/example_task_group.py
[2024-06-06 20:01:39,662] {scheduler_job.py:639} INFO - DAG(s) dict_keys(['example_task_group']) retrieved from /home/airflow/.local/lib/python3.6/site-packages/airflow/example_dags/example_task_group.py
[2024-06-06 20:01:39,691] {logging_mixin.py:104} INFO - [2024-06-06 20:01:39,691] {dag.py:1824} INFO - Sync 1 DAGs
[2024-06-06 20:01:39,707] {logging_mixin.py:104} INFO - [2024-06-06 20:01:39,707] {dag.py:2280} INFO - Setting next_dagrun for example_task_group to 2024-06-04 00:00:00+00:00
[2024-06-06 20:01:39,719] {scheduler_job.py:190} INFO - Processing /home/airflow/.local/lib/python3.6/site-packages/airflow/example_dags/example_task_group.py took 0.076 seconds
[2024-06-06 20:02:10,266] {scheduler_job.py:182} INFO - Started process (PID=699) to work on /home/airflow/.local/lib/python3.6/site-packages/airflow/example_dags/example_task_group.py
[2024-06-06 20:02:10,267] {scheduler_job.py:629} INFO - Processing file /home/airflow/.local/lib/python3.6/site-packages/airflow/example_dags/example_task_group.py for tasks to queue
[2024-06-06 20:02:10,268] {logging_mixin.py:104} INFO - [2024-06-06 20:02:10,268] {dagbag.py:451} INFO - Filling up the DagBag from /home/airflow/.local/lib/python3.6/site-packages/airflow/example_dags/example_task_group.py
[2024-06-06 20:02:10,281] {scheduler_job.py:639} INFO - DAG(s) dict_keys(['example_task_group']) retrieved from /home/airflow/.local/lib/python3.6/site-packages/airflow/example_dags/example_task_group.py
[2024-06-06 20:02:10,307] {logging_mixin.py:104} INFO - [2024-06-06 20:02:10,307] {dag.py:1824} INFO - Sync 1 DAGs
[2024-06-06 20:02:10,323] {logging_mixin.py:104} INFO - [2024-06-06 20:02:10,323] {dag.py:2280} INFO - Setting next_dagrun for example_task_group to 2024-06-04 00:00:00+00:00
[2024-06-06 20:02:10,338] {scheduler_job.py:190} INFO - Processing /home/airflow/.local/lib/python3.6/site-packages/airflow/example_dags/example_task_group.py took 0.076 seconds
[2024-06-06 20:02:40,626] {scheduler_job.py:182} INFO - Started process (PID=725) to work on /home/airflow/.local/lib/python3.6/site-packages/airflow/example_dags/example_task_group.py
[2024-06-06 20:02:40,627] {scheduler_job.py:629} INFO - Processing file /home/airflow/.local/lib/python3.6/site-packages/airflow/example_dags/example_task_group.py for tasks to queue
[2024-06-06 20:02:40,628] {logging_mixin.py:104} INFO - [2024-06-06 20:02:40,627] {dagbag.py:451} INFO - Filling up the DagBag from /home/airflow/.local/lib/python3.6/site-packages/airflow/example_dags/example_task_group.py
[2024-06-06 20:02:40,640] {scheduler_job.py:639} INFO - DAG(s) dict_keys(['example_task_group']) retrieved from /home/airflow/.local/lib/python3.6/site-packages/airflow/example_dags/example_task_group.py
[2024-06-06 20:02:40,663] {logging_mixin.py:104} INFO - [2024-06-06 20:02:40,662] {dag.py:1824} INFO - Sync 1 DAGs
[2024-06-06 20:02:40,679] {logging_mixin.py:104} INFO - [2024-06-06 20:02:40,679] {dag.py:2280} INFO - Setting next_dagrun for example_task_group to 2024-06-04 00:00:00+00:00
[2024-06-06 20:02:40,692] {scheduler_job.py:190} INFO - Processing /home/airflow/.local/lib/python3.6/site-packages/airflow/example_dags/example_task_group.py took 0.070 seconds
[2024-06-06 20:03:10,844] {scheduler_job.py:182} INFO - Started process (PID=747) to work on /home/airflow/.local/lib/python3.6/site-packages/airflow/example_dags/example_task_group.py
[2024-06-06 20:03:10,846] {scheduler_job.py:629} INFO - Processing file /home/airflow/.local/lib/python3.6/site-packages/airflow/example_dags/example_task_group.py for tasks to queue
[2024-06-06 20:03:10,846] {logging_mixin.py:104} INFO - [2024-06-06 20:03:10,846] {dagbag.py:451} INFO - Filling up the DagBag from /home/airflow/.local/lib/python3.6/site-packages/airflow/example_dags/example_task_group.py
[2024-06-06 20:03:10,860] {scheduler_job.py:639} INFO - DAG(s) dict_keys(['example_task_group']) retrieved from /home/airflow/.local/lib/python3.6/site-packages/airflow/example_dags/example_task_group.py
[2024-06-06 20:03:10,890] {logging_mixin.py:104} INFO - [2024-06-06 20:03:10,890] {dag.py:1824} INFO - Sync 1 DAGs
[2024-06-06 20:03:10,908] {logging_mixin.py:104} INFO - [2024-06-06 20:03:10,908] {dag.py:2280} INFO - Setting next_dagrun for example_task_group to 2024-06-04 00:00:00+00:00
[2024-06-06 20:03:10,925] {scheduler_job.py:190} INFO - Processing /home/airflow/.local/lib/python3.6/site-packages/airflow/example_dags/example_task_group.py took 0.084 seconds
[2024-06-06 20:03:41,357] {scheduler_job.py:182} INFO - Started process (PID=773) to work on /home/airflow/.local/lib/python3.6/site-packages/airflow/example_dags/example_task_group.py
[2024-06-06 20:03:41,358] {scheduler_job.py:629} INFO - Processing file /home/airflow/.local/lib/python3.6/site-packages/airflow/example_dags/example_task_group.py for tasks to queue
[2024-06-06 20:03:41,358] {logging_mixin.py:104} INFO - [2024-06-06 20:03:41,358] {dagbag.py:451} INFO - Filling up the DagBag from /home/airflow/.local/lib/python3.6/site-packages/airflow/example_dags/example_task_group.py
[2024-06-06 20:03:41,371] {scheduler_job.py:639} INFO - DAG(s) dict_keys(['example_task_group']) retrieved from /home/airflow/.local/lib/python3.6/site-packages/airflow/example_dags/example_task_group.py
[2024-06-06 20:03:41,396] {logging_mixin.py:104} INFO - [2024-06-06 20:03:41,396] {dag.py:1824} INFO - Sync 1 DAGs
[2024-06-06 20:03:41,412] {logging_mixin.py:104} INFO - [2024-06-06 20:03:41,412] {dag.py:2280} INFO - Setting next_dagrun for example_task_group to 2024-06-04 00:00:00+00:00
[2024-06-06 20:03:41,424] {scheduler_job.py:190} INFO - Processing /home/airflow/.local/lib/python3.6/site-packages/airflow/example_dags/example_task_group.py took 0.071 seconds
[2024-06-06 20:04:11,951] {scheduler_job.py:182} INFO - Started process (PID=803) to work on /home/airflow/.local/lib/python3.6/site-packages/airflow/example_dags/example_task_group.py
[2024-06-06 20:04:11,952] {scheduler_job.py:629} INFO - Processing file /home/airflow/.local/lib/python3.6/site-packages/airflow/example_dags/example_task_group.py for tasks to queue
[2024-06-06 20:04:11,953] {logging_mixin.py:104} INFO - [2024-06-06 20:04:11,952] {dagbag.py:451} INFO - Filling up the DagBag from /home/airflow/.local/lib/python3.6/site-packages/airflow/example_dags/example_task_group.py
[2024-06-06 20:04:11,966] {scheduler_job.py:639} INFO - DAG(s) dict_keys(['example_task_group']) retrieved from /home/airflow/.local/lib/python3.6/site-packages/airflow/example_dags/example_task_group.py
[2024-06-06 20:04:11,996] {logging_mixin.py:104} INFO - [2024-06-06 20:04:11,996] {dag.py:1824} INFO - Sync 1 DAGs
[2024-06-06 20:04:12,013] {logging_mixin.py:104} INFO - [2024-06-06 20:04:12,013] {dag.py:2280} INFO - Setting next_dagrun for example_task_group to 2024-06-04 00:00:00+00:00
[2024-06-06 20:04:12,028] {scheduler_job.py:190} INFO - Processing /home/airflow/.local/lib/python3.6/site-packages/airflow/example_dags/example_task_group.py took 0.081 seconds
[2024-06-06 20:04:42,234] {scheduler_job.py:182} INFO - Started process (PID=825) to work on /home/airflow/.local/lib/python3.6/site-packages/airflow/example_dags/example_task_group.py
[2024-06-06 20:04:42,235] {scheduler_job.py:629} INFO - Processing file /home/airflow/.local/lib/python3.6/site-packages/airflow/example_dags/example_task_group.py for tasks to queue
[2024-06-06 20:04:42,236] {logging_mixin.py:104} INFO - [2024-06-06 20:04:42,236] {dagbag.py:451} INFO - Filling up the DagBag from /home/airflow/.local/lib/python3.6/site-packages/airflow/example_dags/example_task_group.py
[2024-06-06 20:04:42,249] {scheduler_job.py:639} INFO - DAG(s) dict_keys(['example_task_group']) retrieved from /home/airflow/.local/lib/python3.6/site-packages/airflow/example_dags/example_task_group.py
[2024-06-06 20:04:42,273] {logging_mixin.py:104} INFO - [2024-06-06 20:04:42,273] {dag.py:1824} INFO - Sync 1 DAGs
[2024-06-06 20:04:42,293] {logging_mixin.py:104} INFO - [2024-06-06 20:04:42,292] {dag.py:2280} INFO - Setting next_dagrun for example_task_group to 2024-06-04 00:00:00+00:00
[2024-06-06 20:04:42,310] {scheduler_job.py:190} INFO - Processing /home/airflow/.local/lib/python3.6/site-packages/airflow/example_dags/example_task_group.py took 0.080 seconds
[2024-06-06 20:05:12,791] {scheduler_job.py:182} INFO - Started process (PID=855) to work on /home/airflow/.local/lib/python3.6/site-packages/airflow/example_dags/example_task_group.py
[2024-06-06 20:05:12,792] {scheduler_job.py:629} INFO - Processing file /home/airflow/.local/lib/python3.6/site-packages/airflow/example_dags/example_task_group.py for tasks to queue
[2024-06-06 20:05:12,792] {logging_mixin.py:104} INFO - [2024-06-06 20:05:12,792] {dagbag.py:451} INFO - Filling up the DagBag from /home/airflow/.local/lib/python3.6/site-packages/airflow/example_dags/example_task_group.py
[2024-06-06 20:05:12,804] {scheduler_job.py:639} INFO - DAG(s) dict_keys(['example_task_group']) retrieved from /home/airflow/.local/lib/python3.6/site-packages/airflow/example_dags/example_task_group.py
[2024-06-06 20:05:12,827] {logging_mixin.py:104} INFO - [2024-06-06 20:05:12,827] {dag.py:1824} INFO - Sync 1 DAGs
[2024-06-06 20:05:12,845] {logging_mixin.py:104} INFO - [2024-06-06 20:05:12,845] {dag.py:2280} INFO - Setting next_dagrun for example_task_group to 2024-06-04 00:00:00+00:00
[2024-06-06 20:05:12,859] {scheduler_job.py:190} INFO - Processing /home/airflow/.local/lib/python3.6/site-packages/airflow/example_dags/example_task_group.py took 0.072 seconds
