[2024-06-06 19:49:58,059] {scheduler_job.py:182} INFO - Started process (PID=55) to work on /home/airflow/.local/lib/python3.6/site-packages/airflow/example_dags/example_trigger_target_dag.py
[2024-06-06 19:49:58,060] {scheduler_job.py:629} INFO - Processing file /home/airflow/.local/lib/python3.6/site-packages/airflow/example_dags/example_trigger_target_dag.py for tasks to queue
[2024-06-06 19:49:58,060] {logging_mixin.py:104} INFO - [2024-06-06 19:49:58,060] {dagbag.py:451} INFO - Filling up the DagBag from /home/airflow/.local/lib/python3.6/site-packages/airflow/example_dags/example_trigger_target_dag.py
[2024-06-06 19:49:58,067] {scheduler_job.py:639} INFO - DAG(s) dict_keys(['example_trigger_target_dag']) retrieved from /home/airflow/.local/lib/python3.6/site-packages/airflow/example_dags/example_trigger_target_dag.py
[2024-06-06 19:49:58,085] {logging_mixin.py:104} INFO - [2024-06-06 19:49:58,085] {dag.py:1824} INFO - Sync 1 DAGs
[2024-06-06 19:49:58,095] {logging_mixin.py:104} INFO - [2024-06-06 19:49:58,095] {dag.py:1843} INFO - Creating ORM DAG for example_trigger_target_dag
[2024-06-06 19:49:58,100] {logging_mixin.py:104} INFO - [2024-06-06 19:49:58,100] {dag.py:2280} INFO - Setting next_dagrun for example_trigger_target_dag to None
[2024-06-06 19:49:58,113] {scheduler_job.py:190} INFO - Processing /home/airflow/.local/lib/python3.6/site-packages/airflow/example_dags/example_trigger_target_dag.py took 0.055 seconds
[2024-06-06 19:50:29,499] {scheduler_job.py:182} INFO - Started process (PID=81) to work on /home/airflow/.local/lib/python3.6/site-packages/airflow/example_dags/example_trigger_target_dag.py
[2024-06-06 19:50:29,499] {scheduler_job.py:629} INFO - Processing file /home/airflow/.local/lib/python3.6/site-packages/airflow/example_dags/example_trigger_target_dag.py for tasks to queue
[2024-06-06 19:50:29,500] {logging_mixin.py:104} INFO - [2024-06-06 19:50:29,500] {dagbag.py:451} INFO - Filling up the DagBag from /home/airflow/.local/lib/python3.6/site-packages/airflow/example_dags/example_trigger_target_dag.py
[2024-06-06 19:50:29,507] {scheduler_job.py:639} INFO - DAG(s) dict_keys(['example_trigger_target_dag']) retrieved from /home/airflow/.local/lib/python3.6/site-packages/airflow/example_dags/example_trigger_target_dag.py
[2024-06-06 19:50:29,524] {logging_mixin.py:104} INFO - [2024-06-06 19:50:29,524] {dag.py:1824} INFO - Sync 1 DAGs
[2024-06-06 19:50:29,547] {logging_mixin.py:104} INFO - [2024-06-06 19:50:29,547] {dag.py:2280} INFO - Setting next_dagrun for example_trigger_target_dag to None
[2024-06-06 19:50:29,569] {scheduler_job.py:190} INFO - Processing /home/airflow/.local/lib/python3.6/site-packages/airflow/example_dags/example_trigger_target_dag.py took 0.073 seconds
[2024-06-06 19:50:59,686] {scheduler_job.py:182} INFO - Started process (PID=106) to work on /home/airflow/.local/lib/python3.6/site-packages/airflow/example_dags/example_trigger_target_dag.py
[2024-06-06 19:50:59,687] {scheduler_job.py:629} INFO - Processing file /home/airflow/.local/lib/python3.6/site-packages/airflow/example_dags/example_trigger_target_dag.py for tasks to queue
[2024-06-06 19:50:59,688] {logging_mixin.py:104} INFO - [2024-06-06 19:50:59,688] {dagbag.py:451} INFO - Filling up the DagBag from /home/airflow/.local/lib/python3.6/site-packages/airflow/example_dags/example_trigger_target_dag.py
[2024-06-06 19:50:59,700] {scheduler_job.py:639} INFO - DAG(s) dict_keys(['example_trigger_target_dag']) retrieved from /home/airflow/.local/lib/python3.6/site-packages/airflow/example_dags/example_trigger_target_dag.py
[2024-06-06 19:50:59,727] {logging_mixin.py:104} INFO - [2024-06-06 19:50:59,727] {dag.py:1824} INFO - Sync 1 DAGs
[2024-06-06 19:50:59,746] {logging_mixin.py:104} INFO - [2024-06-06 19:50:59,746] {dag.py:2280} INFO - Setting next_dagrun for example_trigger_target_dag to None
[2024-06-06 19:50:59,760] {scheduler_job.py:190} INFO - Processing /home/airflow/.local/lib/python3.6/site-packages/airflow/example_dags/example_trigger_target_dag.py took 0.077 seconds
[2024-06-06 19:51:29,795] {scheduler_job.py:182} INFO - Started process (PID=128) to work on /home/airflow/.local/lib/python3.6/site-packages/airflow/example_dags/example_trigger_target_dag.py
[2024-06-06 19:51:29,796] {scheduler_job.py:629} INFO - Processing file /home/airflow/.local/lib/python3.6/site-packages/airflow/example_dags/example_trigger_target_dag.py for tasks to queue
[2024-06-06 19:51:29,796] {logging_mixin.py:104} INFO - [2024-06-06 19:51:29,796] {dagbag.py:451} INFO - Filling up the DagBag from /home/airflow/.local/lib/python3.6/site-packages/airflow/example_dags/example_trigger_target_dag.py
[2024-06-06 19:51:29,809] {scheduler_job.py:639} INFO - DAG(s) dict_keys(['example_trigger_target_dag']) retrieved from /home/airflow/.local/lib/python3.6/site-packages/airflow/example_dags/example_trigger_target_dag.py
[2024-06-06 19:51:29,832] {logging_mixin.py:104} INFO - [2024-06-06 19:51:29,831] {dag.py:1824} INFO - Sync 1 DAGs
[2024-06-06 19:51:29,851] {logging_mixin.py:104} INFO - [2024-06-06 19:51:29,851] {dag.py:2280} INFO - Setting next_dagrun for example_trigger_target_dag to None
[2024-06-06 19:51:29,867] {scheduler_job.py:190} INFO - Processing /home/airflow/.local/lib/python3.6/site-packages/airflow/example_dags/example_trigger_target_dag.py took 0.076 seconds
[2024-06-06 19:52:00,136] {scheduler_job.py:182} INFO - Started process (PID=154) to work on /home/airflow/.local/lib/python3.6/site-packages/airflow/example_dags/example_trigger_target_dag.py
[2024-06-06 19:52:00,137] {scheduler_job.py:629} INFO - Processing file /home/airflow/.local/lib/python3.6/site-packages/airflow/example_dags/example_trigger_target_dag.py for tasks to queue
[2024-06-06 19:52:00,138] {logging_mixin.py:104} INFO - [2024-06-06 19:52:00,138] {dagbag.py:451} INFO - Filling up the DagBag from /home/airflow/.local/lib/python3.6/site-packages/airflow/example_dags/example_trigger_target_dag.py
[2024-06-06 19:52:00,151] {scheduler_job.py:639} INFO - DAG(s) dict_keys(['example_trigger_target_dag']) retrieved from /home/airflow/.local/lib/python3.6/site-packages/airflow/example_dags/example_trigger_target_dag.py
[2024-06-06 19:52:00,174] {logging_mixin.py:104} INFO - [2024-06-06 19:52:00,174] {dag.py:1824} INFO - Sync 1 DAGs
[2024-06-06 19:52:00,198] {logging_mixin.py:104} INFO - [2024-06-06 19:52:00,198] {dag.py:2280} INFO - Setting next_dagrun for example_trigger_target_dag to None
[2024-06-06 19:52:00,212] {scheduler_job.py:190} INFO - Processing /home/airflow/.local/lib/python3.6/site-packages/airflow/example_dags/example_trigger_target_dag.py took 0.079 seconds
[2024-06-06 19:52:30,529] {scheduler_job.py:182} INFO - Started process (PID=178) to work on /home/airflow/.local/lib/python3.6/site-packages/airflow/example_dags/example_trigger_target_dag.py
[2024-06-06 19:52:30,531] {scheduler_job.py:629} INFO - Processing file /home/airflow/.local/lib/python3.6/site-packages/airflow/example_dags/example_trigger_target_dag.py for tasks to queue
[2024-06-06 19:52:30,531] {logging_mixin.py:104} INFO - [2024-06-06 19:52:30,531] {dagbag.py:451} INFO - Filling up the DagBag from /home/airflow/.local/lib/python3.6/site-packages/airflow/example_dags/example_trigger_target_dag.py
[2024-06-06 19:52:30,545] {scheduler_job.py:639} INFO - DAG(s) dict_keys(['example_trigger_target_dag']) retrieved from /home/airflow/.local/lib/python3.6/site-packages/airflow/example_dags/example_trigger_target_dag.py
[2024-06-06 19:52:30,585] {logging_mixin.py:104} INFO - [2024-06-06 19:52:30,585] {dag.py:1824} INFO - Sync 1 DAGs
[2024-06-06 19:52:30,611] {logging_mixin.py:104} INFO - [2024-06-06 19:52:30,611] {dag.py:2280} INFO - Setting next_dagrun for example_trigger_target_dag to None
[2024-06-06 19:52:30,630] {scheduler_job.py:190} INFO - Processing /home/airflow/.local/lib/python3.6/site-packages/airflow/example_dags/example_trigger_target_dag.py took 0.105 seconds
[2024-06-06 19:53:00,982] {scheduler_job.py:182} INFO - Started process (PID=203) to work on /home/airflow/.local/lib/python3.6/site-packages/airflow/example_dags/example_trigger_target_dag.py
[2024-06-06 19:53:00,983] {scheduler_job.py:629} INFO - Processing file /home/airflow/.local/lib/python3.6/site-packages/airflow/example_dags/example_trigger_target_dag.py for tasks to queue
[2024-06-06 19:53:00,984] {logging_mixin.py:104} INFO - [2024-06-06 19:53:00,984] {dagbag.py:451} INFO - Filling up the DagBag from /home/airflow/.local/lib/python3.6/site-packages/airflow/example_dags/example_trigger_target_dag.py
[2024-06-06 19:53:00,999] {scheduler_job.py:639} INFO - DAG(s) dict_keys(['example_trigger_target_dag']) retrieved from /home/airflow/.local/lib/python3.6/site-packages/airflow/example_dags/example_trigger_target_dag.py
[2024-06-06 19:53:01,031] {logging_mixin.py:104} INFO - [2024-06-06 19:53:01,031] {dag.py:1824} INFO - Sync 1 DAGs
[2024-06-06 19:53:01,049] {logging_mixin.py:104} INFO - [2024-06-06 19:53:01,049] {dag.py:2280} INFO - Setting next_dagrun for example_trigger_target_dag to None
[2024-06-06 19:53:01,068] {scheduler_job.py:190} INFO - Processing /home/airflow/.local/lib/python3.6/site-packages/airflow/example_dags/example_trigger_target_dag.py took 0.089 seconds
[2024-06-06 19:53:31,472] {scheduler_job.py:182} INFO - Started process (PID=229) to work on /home/airflow/.local/lib/python3.6/site-packages/airflow/example_dags/example_trigger_target_dag.py
[2024-06-06 19:53:31,473] {scheduler_job.py:629} INFO - Processing file /home/airflow/.local/lib/python3.6/site-packages/airflow/example_dags/example_trigger_target_dag.py for tasks to queue
[2024-06-06 19:53:31,473] {logging_mixin.py:104} INFO - [2024-06-06 19:53:31,473] {dagbag.py:451} INFO - Filling up the DagBag from /home/airflow/.local/lib/python3.6/site-packages/airflow/example_dags/example_trigger_target_dag.py
[2024-06-06 19:53:31,485] {scheduler_job.py:639} INFO - DAG(s) dict_keys(['example_trigger_target_dag']) retrieved from /home/airflow/.local/lib/python3.6/site-packages/airflow/example_dags/example_trigger_target_dag.py
[2024-06-06 19:53:31,508] {logging_mixin.py:104} INFO - [2024-06-06 19:53:31,508] {dag.py:1824} INFO - Sync 1 DAGs
[2024-06-06 19:53:31,520] {logging_mixin.py:104} INFO - [2024-06-06 19:53:31,519] {dag.py:2280} INFO - Setting next_dagrun for example_trigger_target_dag to None
[2024-06-06 19:53:31,530] {scheduler_job.py:190} INFO - Processing /home/airflow/.local/lib/python3.6/site-packages/airflow/example_dags/example_trigger_target_dag.py took 0.061 seconds
[2024-06-06 19:54:01,623] {scheduler_job.py:182} INFO - Started process (PID=248) to work on /home/airflow/.local/lib/python3.6/site-packages/airflow/example_dags/example_trigger_target_dag.py
[2024-06-06 19:54:01,624] {scheduler_job.py:629} INFO - Processing file /home/airflow/.local/lib/python3.6/site-packages/airflow/example_dags/example_trigger_target_dag.py for tasks to queue
[2024-06-06 19:54:01,625] {logging_mixin.py:104} INFO - [2024-06-06 19:54:01,625] {dagbag.py:451} INFO - Filling up the DagBag from /home/airflow/.local/lib/python3.6/site-packages/airflow/example_dags/example_trigger_target_dag.py
[2024-06-06 19:54:01,639] {scheduler_job.py:639} INFO - DAG(s) dict_keys(['example_trigger_target_dag']) retrieved from /home/airflow/.local/lib/python3.6/site-packages/airflow/example_dags/example_trigger_target_dag.py
[2024-06-06 19:54:01,672] {logging_mixin.py:104} INFO - [2024-06-06 19:54:01,671] {dag.py:1824} INFO - Sync 1 DAGs
[2024-06-06 19:54:01,690] {logging_mixin.py:104} INFO - [2024-06-06 19:54:01,689] {dag.py:2280} INFO - Setting next_dagrun for example_trigger_target_dag to None
[2024-06-06 19:54:01,709] {scheduler_job.py:190} INFO - Processing /home/airflow/.local/lib/python3.6/site-packages/airflow/example_dags/example_trigger_target_dag.py took 0.089 seconds
[2024-06-06 19:54:32,077] {scheduler_job.py:182} INFO - Started process (PID=274) to work on /home/airflow/.local/lib/python3.6/site-packages/airflow/example_dags/example_trigger_target_dag.py
[2024-06-06 19:54:32,078] {scheduler_job.py:629} INFO - Processing file /home/airflow/.local/lib/python3.6/site-packages/airflow/example_dags/example_trigger_target_dag.py for tasks to queue
[2024-06-06 19:54:32,079] {logging_mixin.py:104} INFO - [2024-06-06 19:54:32,079] {dagbag.py:451} INFO - Filling up the DagBag from /home/airflow/.local/lib/python3.6/site-packages/airflow/example_dags/example_trigger_target_dag.py
[2024-06-06 19:54:32,092] {scheduler_job.py:639} INFO - DAG(s) dict_keys(['example_trigger_target_dag']) retrieved from /home/airflow/.local/lib/python3.6/site-packages/airflow/example_dags/example_trigger_target_dag.py
[2024-06-06 19:54:32,123] {logging_mixin.py:104} INFO - [2024-06-06 19:54:32,122] {dag.py:1824} INFO - Sync 1 DAGs
[2024-06-06 19:54:32,138] {logging_mixin.py:104} INFO - [2024-06-06 19:54:32,138] {dag.py:2280} INFO - Setting next_dagrun for example_trigger_target_dag to None
[2024-06-06 19:54:32,154] {scheduler_job.py:190} INFO - Processing /home/airflow/.local/lib/python3.6/site-packages/airflow/example_dags/example_trigger_target_dag.py took 0.080 seconds
[2024-06-06 19:55:02,476] {scheduler_job.py:182} INFO - Started process (PID=300) to work on /home/airflow/.local/lib/python3.6/site-packages/airflow/example_dags/example_trigger_target_dag.py
[2024-06-06 19:55:02,477] {scheduler_job.py:629} INFO - Processing file /home/airflow/.local/lib/python3.6/site-packages/airflow/example_dags/example_trigger_target_dag.py for tasks to queue
[2024-06-06 19:55:02,478] {logging_mixin.py:104} INFO - [2024-06-06 19:55:02,478] {dagbag.py:451} INFO - Filling up the DagBag from /home/airflow/.local/lib/python3.6/site-packages/airflow/example_dags/example_trigger_target_dag.py
[2024-06-06 19:55:02,496] {scheduler_job.py:639} INFO - DAG(s) dict_keys(['example_trigger_target_dag']) retrieved from /home/airflow/.local/lib/python3.6/site-packages/airflow/example_dags/example_trigger_target_dag.py
[2024-06-06 19:55:02,523] {logging_mixin.py:104} INFO - [2024-06-06 19:55:02,523] {dag.py:1824} INFO - Sync 1 DAGs
[2024-06-06 19:55:02,542] {logging_mixin.py:104} INFO - [2024-06-06 19:55:02,542] {dag.py:2280} INFO - Setting next_dagrun for example_trigger_target_dag to None
[2024-06-06 19:55:02,555] {scheduler_job.py:190} INFO - Processing /home/airflow/.local/lib/python3.6/site-packages/airflow/example_dags/example_trigger_target_dag.py took 0.083 seconds
[2024-06-06 19:55:32,974] {scheduler_job.py:182} INFO - Started process (PID=349) to work on /home/airflow/.local/lib/python3.6/site-packages/airflow/example_dags/example_trigger_target_dag.py
[2024-06-06 19:55:32,975] {scheduler_job.py:629} INFO - Processing file /home/airflow/.local/lib/python3.6/site-packages/airflow/example_dags/example_trigger_target_dag.py for tasks to queue
[2024-06-06 19:55:32,976] {logging_mixin.py:104} INFO - [2024-06-06 19:55:32,976] {dagbag.py:451} INFO - Filling up the DagBag from /home/airflow/.local/lib/python3.6/site-packages/airflow/example_dags/example_trigger_target_dag.py
[2024-06-06 19:55:32,995] {scheduler_job.py:639} INFO - DAG(s) dict_keys(['example_trigger_target_dag']) retrieved from /home/airflow/.local/lib/python3.6/site-packages/airflow/example_dags/example_trigger_target_dag.py
[2024-06-06 19:55:33,023] {logging_mixin.py:104} INFO - [2024-06-06 19:55:33,023] {dag.py:1824} INFO - Sync 1 DAGs
[2024-06-06 19:55:33,040] {logging_mixin.py:104} INFO - [2024-06-06 19:55:33,040] {dag.py:2280} INFO - Setting next_dagrun for example_trigger_target_dag to None
[2024-06-06 19:55:33,057] {scheduler_job.py:190} INFO - Processing /home/airflow/.local/lib/python3.6/site-packages/airflow/example_dags/example_trigger_target_dag.py took 0.087 seconds
[2024-06-06 19:56:03,634] {scheduler_job.py:182} INFO - Started process (PID=375) to work on /home/airflow/.local/lib/python3.6/site-packages/airflow/example_dags/example_trigger_target_dag.py
[2024-06-06 19:56:03,636] {scheduler_job.py:629} INFO - Processing file /home/airflow/.local/lib/python3.6/site-packages/airflow/example_dags/example_trigger_target_dag.py for tasks to queue
[2024-06-06 19:56:03,636] {logging_mixin.py:104} INFO - [2024-06-06 19:56:03,636] {dagbag.py:451} INFO - Filling up the DagBag from /home/airflow/.local/lib/python3.6/site-packages/airflow/example_dags/example_trigger_target_dag.py
[2024-06-06 19:56:03,654] {scheduler_job.py:639} INFO - DAG(s) dict_keys(['example_trigger_target_dag']) retrieved from /home/airflow/.local/lib/python3.6/site-packages/airflow/example_dags/example_trigger_target_dag.py
[2024-06-06 19:56:03,678] {logging_mixin.py:104} INFO - [2024-06-06 19:56:03,678] {dag.py:1824} INFO - Sync 1 DAGs
[2024-06-06 19:56:03,695] {logging_mixin.py:104} INFO - [2024-06-06 19:56:03,694] {dag.py:2280} INFO - Setting next_dagrun for example_trigger_target_dag to None
[2024-06-06 19:56:03,711] {scheduler_job.py:190} INFO - Processing /home/airflow/.local/lib/python3.6/site-packages/airflow/example_dags/example_trigger_target_dag.py took 0.080 seconds
[2024-06-06 19:56:34,176] {scheduler_job.py:182} INFO - Started process (PID=401) to work on /home/airflow/.local/lib/python3.6/site-packages/airflow/example_dags/example_trigger_target_dag.py
[2024-06-06 19:56:34,178] {scheduler_job.py:629} INFO - Processing file /home/airflow/.local/lib/python3.6/site-packages/airflow/example_dags/example_trigger_target_dag.py for tasks to queue
[2024-06-06 19:56:34,178] {logging_mixin.py:104} INFO - [2024-06-06 19:56:34,178] {dagbag.py:451} INFO - Filling up the DagBag from /home/airflow/.local/lib/python3.6/site-packages/airflow/example_dags/example_trigger_target_dag.py
[2024-06-06 19:56:34,198] {scheduler_job.py:639} INFO - DAG(s) dict_keys(['example_trigger_target_dag']) retrieved from /home/airflow/.local/lib/python3.6/site-packages/airflow/example_dags/example_trigger_target_dag.py
[2024-06-06 19:56:34,223] {logging_mixin.py:104} INFO - [2024-06-06 19:56:34,223] {dag.py:1824} INFO - Sync 1 DAGs
[2024-06-06 19:56:34,242] {logging_mixin.py:104} INFO - [2024-06-06 19:56:34,242] {dag.py:2280} INFO - Setting next_dagrun for example_trigger_target_dag to None
[2024-06-06 19:56:34,260] {scheduler_job.py:190} INFO - Processing /home/airflow/.local/lib/python3.6/site-packages/airflow/example_dags/example_trigger_target_dag.py took 0.088 seconds
[2024-06-06 19:57:04,659] {scheduler_job.py:182} INFO - Started process (PID=427) to work on /home/airflow/.local/lib/python3.6/site-packages/airflow/example_dags/example_trigger_target_dag.py
[2024-06-06 19:57:04,666] {scheduler_job.py:629} INFO - Processing file /home/airflow/.local/lib/python3.6/site-packages/airflow/example_dags/example_trigger_target_dag.py for tasks to queue
[2024-06-06 19:57:04,667] {logging_mixin.py:104} INFO - [2024-06-06 19:57:04,667] {dagbag.py:451} INFO - Filling up the DagBag from /home/airflow/.local/lib/python3.6/site-packages/airflow/example_dags/example_trigger_target_dag.py
[2024-06-06 19:57:04,681] {scheduler_job.py:639} INFO - DAG(s) dict_keys(['example_trigger_target_dag']) retrieved from /home/airflow/.local/lib/python3.6/site-packages/airflow/example_dags/example_trigger_target_dag.py
[2024-06-06 19:57:04,706] {logging_mixin.py:104} INFO - [2024-06-06 19:57:04,706] {dag.py:1824} INFO - Sync 1 DAGs
[2024-06-06 19:57:04,723] {logging_mixin.py:104} INFO - [2024-06-06 19:57:04,722] {dag.py:2280} INFO - Setting next_dagrun for example_trigger_target_dag to None
[2024-06-06 19:57:04,739] {scheduler_job.py:190} INFO - Processing /home/airflow/.local/lib/python3.6/site-packages/airflow/example_dags/example_trigger_target_dag.py took 0.083 seconds
[2024-06-06 19:57:35,412] {scheduler_job.py:182} INFO - Started process (PID=453) to work on /home/airflow/.local/lib/python3.6/site-packages/airflow/example_dags/example_trigger_target_dag.py
[2024-06-06 19:57:35,413] {scheduler_job.py:629} INFO - Processing file /home/airflow/.local/lib/python3.6/site-packages/airflow/example_dags/example_trigger_target_dag.py for tasks to queue
[2024-06-06 19:57:35,414] {logging_mixin.py:104} INFO - [2024-06-06 19:57:35,413] {dagbag.py:451} INFO - Filling up the DagBag from /home/airflow/.local/lib/python3.6/site-packages/airflow/example_dags/example_trigger_target_dag.py
[2024-06-06 19:57:35,429] {scheduler_job.py:639} INFO - DAG(s) dict_keys(['example_trigger_target_dag']) retrieved from /home/airflow/.local/lib/python3.6/site-packages/airflow/example_dags/example_trigger_target_dag.py
[2024-06-06 19:57:35,463] {logging_mixin.py:104} INFO - [2024-06-06 19:57:35,462] {dag.py:1824} INFO - Sync 1 DAGs
[2024-06-06 19:57:35,481] {logging_mixin.py:104} INFO - [2024-06-06 19:57:35,481] {dag.py:2280} INFO - Setting next_dagrun for example_trigger_target_dag to None
[2024-06-06 19:57:35,498] {scheduler_job.py:190} INFO - Processing /home/airflow/.local/lib/python3.6/site-packages/airflow/example_dags/example_trigger_target_dag.py took 0.090 seconds
[2024-06-06 19:58:05,914] {scheduler_job.py:182} INFO - Started process (PID=479) to work on /home/airflow/.local/lib/python3.6/site-packages/airflow/example_dags/example_trigger_target_dag.py
[2024-06-06 19:58:05,916] {scheduler_job.py:629} INFO - Processing file /home/airflow/.local/lib/python3.6/site-packages/airflow/example_dags/example_trigger_target_dag.py for tasks to queue
[2024-06-06 19:58:05,917] {logging_mixin.py:104} INFO - [2024-06-06 19:58:05,917] {dagbag.py:451} INFO - Filling up the DagBag from /home/airflow/.local/lib/python3.6/site-packages/airflow/example_dags/example_trigger_target_dag.py
[2024-06-06 19:58:05,934] {scheduler_job.py:639} INFO - DAG(s) dict_keys(['example_trigger_target_dag']) retrieved from /home/airflow/.local/lib/python3.6/site-packages/airflow/example_dags/example_trigger_target_dag.py
[2024-06-06 19:58:05,962] {logging_mixin.py:104} INFO - [2024-06-06 19:58:05,962] {dag.py:1824} INFO - Sync 1 DAGs
[2024-06-06 19:58:05,982] {logging_mixin.py:104} INFO - [2024-06-06 19:58:05,982] {dag.py:2280} INFO - Setting next_dagrun for example_trigger_target_dag to None
[2024-06-06 19:58:06,000] {scheduler_job.py:190} INFO - Processing /home/airflow/.local/lib/python3.6/site-packages/airflow/example_dags/example_trigger_target_dag.py took 0.090 seconds
[2024-06-06 19:58:36,553] {scheduler_job.py:182} INFO - Started process (PID=505) to work on /home/airflow/.local/lib/python3.6/site-packages/airflow/example_dags/example_trigger_target_dag.py
[2024-06-06 19:58:36,554] {scheduler_job.py:629} INFO - Processing file /home/airflow/.local/lib/python3.6/site-packages/airflow/example_dags/example_trigger_target_dag.py for tasks to queue
[2024-06-06 19:58:36,555] {logging_mixin.py:104} INFO - [2024-06-06 19:58:36,554] {dagbag.py:451} INFO - Filling up the DagBag from /home/airflow/.local/lib/python3.6/site-packages/airflow/example_dags/example_trigger_target_dag.py
[2024-06-06 19:58:36,568] {scheduler_job.py:639} INFO - DAG(s) dict_keys(['example_trigger_target_dag']) retrieved from /home/airflow/.local/lib/python3.6/site-packages/airflow/example_dags/example_trigger_target_dag.py
[2024-06-06 19:58:36,594] {logging_mixin.py:104} INFO - [2024-06-06 19:58:36,593] {dag.py:1824} INFO - Sync 1 DAGs
[2024-06-06 19:58:36,610] {logging_mixin.py:104} INFO - [2024-06-06 19:58:36,610] {dag.py:2280} INFO - Setting next_dagrun for example_trigger_target_dag to None
[2024-06-06 19:58:36,627] {scheduler_job.py:190} INFO - Processing /home/airflow/.local/lib/python3.6/site-packages/airflow/example_dags/example_trigger_target_dag.py took 0.077 seconds
[2024-06-06 19:59:06,944] {scheduler_job.py:182} INFO - Started process (PID=531) to work on /home/airflow/.local/lib/python3.6/site-packages/airflow/example_dags/example_trigger_target_dag.py
[2024-06-06 19:59:06,946] {scheduler_job.py:629} INFO - Processing file /home/airflow/.local/lib/python3.6/site-packages/airflow/example_dags/example_trigger_target_dag.py for tasks to queue
[2024-06-06 19:59:06,946] {logging_mixin.py:104} INFO - [2024-06-06 19:59:06,946] {dagbag.py:451} INFO - Filling up the DagBag from /home/airflow/.local/lib/python3.6/site-packages/airflow/example_dags/example_trigger_target_dag.py
[2024-06-06 19:59:06,961] {scheduler_job.py:639} INFO - DAG(s) dict_keys(['example_trigger_target_dag']) retrieved from /home/airflow/.local/lib/python3.6/site-packages/airflow/example_dags/example_trigger_target_dag.py
[2024-06-06 19:59:06,989] {logging_mixin.py:104} INFO - [2024-06-06 19:59:06,989] {dag.py:1824} INFO - Sync 1 DAGs
[2024-06-06 19:59:07,009] {logging_mixin.py:104} INFO - [2024-06-06 19:59:07,009] {dag.py:2280} INFO - Setting next_dagrun for example_trigger_target_dag to None
[2024-06-06 19:59:07,025] {scheduler_job.py:190} INFO - Processing /home/airflow/.local/lib/python3.6/site-packages/airflow/example_dags/example_trigger_target_dag.py took 0.084 seconds
[2024-06-06 19:59:37,625] {scheduler_job.py:182} INFO - Started process (PID=557) to work on /home/airflow/.local/lib/python3.6/site-packages/airflow/example_dags/example_trigger_target_dag.py
[2024-06-06 19:59:37,626] {scheduler_job.py:629} INFO - Processing file /home/airflow/.local/lib/python3.6/site-packages/airflow/example_dags/example_trigger_target_dag.py for tasks to queue
[2024-06-06 19:59:37,627] {logging_mixin.py:104} INFO - [2024-06-06 19:59:37,627] {dagbag.py:451} INFO - Filling up the DagBag from /home/airflow/.local/lib/python3.6/site-packages/airflow/example_dags/example_trigger_target_dag.py
[2024-06-06 19:59:37,643] {scheduler_job.py:639} INFO - DAG(s) dict_keys(['example_trigger_target_dag']) retrieved from /home/airflow/.local/lib/python3.6/site-packages/airflow/example_dags/example_trigger_target_dag.py
[2024-06-06 19:59:37,674] {logging_mixin.py:104} INFO - [2024-06-06 19:59:37,674] {dag.py:1824} INFO - Sync 1 DAGs
[2024-06-06 19:59:37,696] {logging_mixin.py:104} INFO - [2024-06-06 19:59:37,695] {dag.py:2280} INFO - Setting next_dagrun for example_trigger_target_dag to None
[2024-06-06 19:59:37,714] {scheduler_job.py:190} INFO - Processing /home/airflow/.local/lib/python3.6/site-packages/airflow/example_dags/example_trigger_target_dag.py took 0.093 seconds
[2024-06-06 20:00:08,129] {scheduler_job.py:182} INFO - Started process (PID=583) to work on /home/airflow/.local/lib/python3.6/site-packages/airflow/example_dags/example_trigger_target_dag.py
[2024-06-06 20:00:08,130] {scheduler_job.py:629} INFO - Processing file /home/airflow/.local/lib/python3.6/site-packages/airflow/example_dags/example_trigger_target_dag.py for tasks to queue
[2024-06-06 20:00:08,131] {logging_mixin.py:104} INFO - [2024-06-06 20:00:08,131] {dagbag.py:451} INFO - Filling up the DagBag from /home/airflow/.local/lib/python3.6/site-packages/airflow/example_dags/example_trigger_target_dag.py
[2024-06-06 20:00:08,144] {scheduler_job.py:639} INFO - DAG(s) dict_keys(['example_trigger_target_dag']) retrieved from /home/airflow/.local/lib/python3.6/site-packages/airflow/example_dags/example_trigger_target_dag.py
[2024-06-06 20:00:08,170] {logging_mixin.py:104} INFO - [2024-06-06 20:00:08,170] {dag.py:1824} INFO - Sync 1 DAGs
[2024-06-06 20:00:08,187] {logging_mixin.py:104} INFO - [2024-06-06 20:00:08,187] {dag.py:2280} INFO - Setting next_dagrun for example_trigger_target_dag to None
[2024-06-06 20:00:08,204] {scheduler_job.py:190} INFO - Processing /home/airflow/.local/lib/python3.6/site-packages/airflow/example_dags/example_trigger_target_dag.py took 0.078 seconds
[2024-06-06 20:00:38,485] {scheduler_job.py:182} INFO - Started process (PID=609) to work on /home/airflow/.local/lib/python3.6/site-packages/airflow/example_dags/example_trigger_target_dag.py
[2024-06-06 20:00:38,487] {scheduler_job.py:629} INFO - Processing file /home/airflow/.local/lib/python3.6/site-packages/airflow/example_dags/example_trigger_target_dag.py for tasks to queue
[2024-06-06 20:00:38,488] {logging_mixin.py:104} INFO - [2024-06-06 20:00:38,487] {dagbag.py:451} INFO - Filling up the DagBag from /home/airflow/.local/lib/python3.6/site-packages/airflow/example_dags/example_trigger_target_dag.py
[2024-06-06 20:00:38,504] {scheduler_job.py:639} INFO - DAG(s) dict_keys(['example_trigger_target_dag']) retrieved from /home/airflow/.local/lib/python3.6/site-packages/airflow/example_dags/example_trigger_target_dag.py
[2024-06-06 20:00:38,528] {logging_mixin.py:104} INFO - [2024-06-06 20:00:38,528] {dag.py:1824} INFO - Sync 1 DAGs
[2024-06-06 20:00:38,545] {logging_mixin.py:104} INFO - [2024-06-06 20:00:38,545] {dag.py:2280} INFO - Setting next_dagrun for example_trigger_target_dag to None
[2024-06-06 20:00:38,562] {scheduler_job.py:190} INFO - Processing /home/airflow/.local/lib/python3.6/site-packages/airflow/example_dags/example_trigger_target_dag.py took 0.080 seconds
[2024-06-06 20:01:08,953] {scheduler_job.py:182} INFO - Started process (PID=635) to work on /home/airflow/.local/lib/python3.6/site-packages/airflow/example_dags/example_trigger_target_dag.py
[2024-06-06 20:01:08,954] {scheduler_job.py:629} INFO - Processing file /home/airflow/.local/lib/python3.6/site-packages/airflow/example_dags/example_trigger_target_dag.py for tasks to queue
[2024-06-06 20:01:08,955] {logging_mixin.py:104} INFO - [2024-06-06 20:01:08,955] {dagbag.py:451} INFO - Filling up the DagBag from /home/airflow/.local/lib/python3.6/site-packages/airflow/example_dags/example_trigger_target_dag.py
[2024-06-06 20:01:08,972] {scheduler_job.py:639} INFO - DAG(s) dict_keys(['example_trigger_target_dag']) retrieved from /home/airflow/.local/lib/python3.6/site-packages/airflow/example_dags/example_trigger_target_dag.py
[2024-06-06 20:01:09,001] {logging_mixin.py:104} INFO - [2024-06-06 20:01:09,001] {dag.py:1824} INFO - Sync 1 DAGs
[2024-06-06 20:01:09,016] {logging_mixin.py:104} INFO - [2024-06-06 20:01:09,016] {dag.py:2280} INFO - Setting next_dagrun for example_trigger_target_dag to None
[2024-06-06 20:01:09,037] {scheduler_job.py:190} INFO - Processing /home/airflow/.local/lib/python3.6/site-packages/airflow/example_dags/example_trigger_target_dag.py took 0.089 seconds
[2024-06-06 20:01:39,269] {scheduler_job.py:182} INFO - Started process (PID=661) to work on /home/airflow/.local/lib/python3.6/site-packages/airflow/example_dags/example_trigger_target_dag.py
[2024-06-06 20:01:39,270] {scheduler_job.py:629} INFO - Processing file /home/airflow/.local/lib/python3.6/site-packages/airflow/example_dags/example_trigger_target_dag.py for tasks to queue
[2024-06-06 20:01:39,270] {logging_mixin.py:104} INFO - [2024-06-06 20:01:39,270] {dagbag.py:451} INFO - Filling up the DagBag from /home/airflow/.local/lib/python3.6/site-packages/airflow/example_dags/example_trigger_target_dag.py
[2024-06-06 20:01:39,284] {scheduler_job.py:639} INFO - DAG(s) dict_keys(['example_trigger_target_dag']) retrieved from /home/airflow/.local/lib/python3.6/site-packages/airflow/example_dags/example_trigger_target_dag.py
[2024-06-06 20:01:39,308] {logging_mixin.py:104} INFO - [2024-06-06 20:01:39,308] {dag.py:1824} INFO - Sync 1 DAGs
[2024-06-06 20:01:39,325] {logging_mixin.py:104} INFO - [2024-06-06 20:01:39,325] {dag.py:2280} INFO - Setting next_dagrun for example_trigger_target_dag to None
[2024-06-06 20:01:39,341] {scheduler_job.py:190} INFO - Processing /home/airflow/.local/lib/python3.6/site-packages/airflow/example_dags/example_trigger_target_dag.py took 0.076 seconds
[2024-06-06 20:02:09,709] {scheduler_job.py:182} INFO - Started process (PID=687) to work on /home/airflow/.local/lib/python3.6/site-packages/airflow/example_dags/example_trigger_target_dag.py
[2024-06-06 20:02:09,711] {scheduler_job.py:629} INFO - Processing file /home/airflow/.local/lib/python3.6/site-packages/airflow/example_dags/example_trigger_target_dag.py for tasks to queue
[2024-06-06 20:02:09,712] {logging_mixin.py:104} INFO - [2024-06-06 20:02:09,712] {dagbag.py:451} INFO - Filling up the DagBag from /home/airflow/.local/lib/python3.6/site-packages/airflow/example_dags/example_trigger_target_dag.py
[2024-06-06 20:02:09,725] {scheduler_job.py:639} INFO - DAG(s) dict_keys(['example_trigger_target_dag']) retrieved from /home/airflow/.local/lib/python3.6/site-packages/airflow/example_dags/example_trigger_target_dag.py
[2024-06-06 20:02:09,750] {logging_mixin.py:104} INFO - [2024-06-06 20:02:09,750] {dag.py:1824} INFO - Sync 1 DAGs
[2024-06-06 20:02:09,770] {logging_mixin.py:104} INFO - [2024-06-06 20:02:09,770] {dag.py:2280} INFO - Setting next_dagrun for example_trigger_target_dag to None
[2024-06-06 20:02:09,783] {scheduler_job.py:190} INFO - Processing /home/airflow/.local/lib/python3.6/site-packages/airflow/example_dags/example_trigger_target_dag.py took 0.078 seconds
[2024-06-06 20:02:40,080] {scheduler_job.py:182} INFO - Started process (PID=713) to work on /home/airflow/.local/lib/python3.6/site-packages/airflow/example_dags/example_trigger_target_dag.py
[2024-06-06 20:02:40,081] {scheduler_job.py:629} INFO - Processing file /home/airflow/.local/lib/python3.6/site-packages/airflow/example_dags/example_trigger_target_dag.py for tasks to queue
[2024-06-06 20:02:40,082] {logging_mixin.py:104} INFO - [2024-06-06 20:02:40,082] {dagbag.py:451} INFO - Filling up the DagBag from /home/airflow/.local/lib/python3.6/site-packages/airflow/example_dags/example_trigger_target_dag.py
[2024-06-06 20:02:40,095] {scheduler_job.py:639} INFO - DAG(s) dict_keys(['example_trigger_target_dag']) retrieved from /home/airflow/.local/lib/python3.6/site-packages/airflow/example_dags/example_trigger_target_dag.py
[2024-06-06 20:02:40,119] {logging_mixin.py:104} INFO - [2024-06-06 20:02:40,118] {dag.py:1824} INFO - Sync 1 DAGs
[2024-06-06 20:02:40,135] {logging_mixin.py:104} INFO - [2024-06-06 20:02:40,135] {dag.py:2280} INFO - Setting next_dagrun for example_trigger_target_dag to None
[2024-06-06 20:02:40,150] {scheduler_job.py:190} INFO - Processing /home/airflow/.local/lib/python3.6/site-packages/airflow/example_dags/example_trigger_target_dag.py took 0.073 seconds
[2024-06-06 20:03:10,410] {scheduler_job.py:182} INFO - Started process (PID=739) to work on /home/airflow/.local/lib/python3.6/site-packages/airflow/example_dags/example_trigger_target_dag.py
[2024-06-06 20:03:10,411] {scheduler_job.py:629} INFO - Processing file /home/airflow/.local/lib/python3.6/site-packages/airflow/example_dags/example_trigger_target_dag.py for tasks to queue
[2024-06-06 20:03:10,411] {logging_mixin.py:104} INFO - [2024-06-06 20:03:10,411] {dagbag.py:451} INFO - Filling up the DagBag from /home/airflow/.local/lib/python3.6/site-packages/airflow/example_dags/example_trigger_target_dag.py
[2024-06-06 20:03:10,425] {scheduler_job.py:639} INFO - DAG(s) dict_keys(['example_trigger_target_dag']) retrieved from /home/airflow/.local/lib/python3.6/site-packages/airflow/example_dags/example_trigger_target_dag.py
[2024-06-06 20:03:10,453] {logging_mixin.py:104} INFO - [2024-06-06 20:03:10,453] {dag.py:1824} INFO - Sync 1 DAGs
[2024-06-06 20:03:10,469] {logging_mixin.py:104} INFO - [2024-06-06 20:03:10,469] {dag.py:2280} INFO - Setting next_dagrun for example_trigger_target_dag to None
[2024-06-06 20:03:10,488] {scheduler_job.py:190} INFO - Processing /home/airflow/.local/lib/python3.6/site-packages/airflow/example_dags/example_trigger_target_dag.py took 0.082 seconds
[2024-06-06 20:03:40,930] {scheduler_job.py:182} INFO - Started process (PID=765) to work on /home/airflow/.local/lib/python3.6/site-packages/airflow/example_dags/example_trigger_target_dag.py
[2024-06-06 20:03:40,932] {scheduler_job.py:629} INFO - Processing file /home/airflow/.local/lib/python3.6/site-packages/airflow/example_dags/example_trigger_target_dag.py for tasks to queue
[2024-06-06 20:03:40,932] {logging_mixin.py:104} INFO - [2024-06-06 20:03:40,932] {dagbag.py:451} INFO - Filling up the DagBag from /home/airflow/.local/lib/python3.6/site-packages/airflow/example_dags/example_trigger_target_dag.py
[2024-06-06 20:03:40,946] {scheduler_job.py:639} INFO - DAG(s) dict_keys(['example_trigger_target_dag']) retrieved from /home/airflow/.local/lib/python3.6/site-packages/airflow/example_dags/example_trigger_target_dag.py
[2024-06-06 20:03:40,977] {logging_mixin.py:104} INFO - [2024-06-06 20:03:40,977] {dag.py:1824} INFO - Sync 1 DAGs
[2024-06-06 20:03:40,997] {logging_mixin.py:104} INFO - [2024-06-06 20:03:40,997] {dag.py:2280} INFO - Setting next_dagrun for example_trigger_target_dag to None
[2024-06-06 20:03:41,016] {scheduler_job.py:190} INFO - Processing /home/airflow/.local/lib/python3.6/site-packages/airflow/example_dags/example_trigger_target_dag.py took 0.089 seconds
[2024-06-06 20:04:11,407] {scheduler_job.py:182} INFO - Started process (PID=791) to work on /home/airflow/.local/lib/python3.6/site-packages/airflow/example_dags/example_trigger_target_dag.py
[2024-06-06 20:04:11,408] {scheduler_job.py:629} INFO - Processing file /home/airflow/.local/lib/python3.6/site-packages/airflow/example_dags/example_trigger_target_dag.py for tasks to queue
[2024-06-06 20:04:11,409] {logging_mixin.py:104} INFO - [2024-06-06 20:04:11,409] {dagbag.py:451} INFO - Filling up the DagBag from /home/airflow/.local/lib/python3.6/site-packages/airflow/example_dags/example_trigger_target_dag.py
[2024-06-06 20:04:11,422] {scheduler_job.py:639} INFO - DAG(s) dict_keys(['example_trigger_target_dag']) retrieved from /home/airflow/.local/lib/python3.6/site-packages/airflow/example_dags/example_trigger_target_dag.py
[2024-06-06 20:04:11,445] {logging_mixin.py:104} INFO - [2024-06-06 20:04:11,445] {dag.py:1824} INFO - Sync 1 DAGs
[2024-06-06 20:04:11,461] {logging_mixin.py:104} INFO - [2024-06-06 20:04:11,461] {dag.py:2280} INFO - Setting next_dagrun for example_trigger_target_dag to None
[2024-06-06 20:04:11,478] {scheduler_job.py:190} INFO - Processing /home/airflow/.local/lib/python3.6/site-packages/airflow/example_dags/example_trigger_target_dag.py took 0.074 seconds
[2024-06-06 20:04:41,792] {scheduler_job.py:182} INFO - Started process (PID=817) to work on /home/airflow/.local/lib/python3.6/site-packages/airflow/example_dags/example_trigger_target_dag.py
[2024-06-06 20:04:41,793] {scheduler_job.py:629} INFO - Processing file /home/airflow/.local/lib/python3.6/site-packages/airflow/example_dags/example_trigger_target_dag.py for tasks to queue
[2024-06-06 20:04:41,794] {logging_mixin.py:104} INFO - [2024-06-06 20:04:41,794] {dagbag.py:451} INFO - Filling up the DagBag from /home/airflow/.local/lib/python3.6/site-packages/airflow/example_dags/example_trigger_target_dag.py
[2024-06-06 20:04:41,807] {scheduler_job.py:639} INFO - DAG(s) dict_keys(['example_trigger_target_dag']) retrieved from /home/airflow/.local/lib/python3.6/site-packages/airflow/example_dags/example_trigger_target_dag.py
[2024-06-06 20:04:41,832] {logging_mixin.py:104} INFO - [2024-06-06 20:04:41,832] {dag.py:1824} INFO - Sync 1 DAGs
[2024-06-06 20:04:41,852] {logging_mixin.py:104} INFO - [2024-06-06 20:04:41,851] {dag.py:2280} INFO - Setting next_dagrun for example_trigger_target_dag to None
[2024-06-06 20:04:41,869] {scheduler_job.py:190} INFO - Processing /home/airflow/.local/lib/python3.6/site-packages/airflow/example_dags/example_trigger_target_dag.py took 0.081 seconds
[2024-06-06 20:05:12,273] {scheduler_job.py:182} INFO - Started process (PID=843) to work on /home/airflow/.local/lib/python3.6/site-packages/airflow/example_dags/example_trigger_target_dag.py
[2024-06-06 20:05:12,274] {scheduler_job.py:629} INFO - Processing file /home/airflow/.local/lib/python3.6/site-packages/airflow/example_dags/example_trigger_target_dag.py for tasks to queue
[2024-06-06 20:05:12,275] {logging_mixin.py:104} INFO - [2024-06-06 20:05:12,275] {dagbag.py:451} INFO - Filling up the DagBag from /home/airflow/.local/lib/python3.6/site-packages/airflow/example_dags/example_trigger_target_dag.py
[2024-06-06 20:05:12,289] {scheduler_job.py:639} INFO - DAG(s) dict_keys(['example_trigger_target_dag']) retrieved from /home/airflow/.local/lib/python3.6/site-packages/airflow/example_dags/example_trigger_target_dag.py
[2024-06-06 20:05:12,323] {logging_mixin.py:104} INFO - [2024-06-06 20:05:12,323] {dag.py:1824} INFO - Sync 1 DAGs
[2024-06-06 20:05:12,350] {logging_mixin.py:104} INFO - [2024-06-06 20:05:12,350] {dag.py:2280} INFO - Setting next_dagrun for example_trigger_target_dag to None
[2024-06-06 20:05:12,369] {scheduler_job.py:190} INFO - Processing /home/airflow/.local/lib/python3.6/site-packages/airflow/example_dags/example_trigger_target_dag.py took 0.099 seconds
[2024-06-06 20:05:42,637] {scheduler_job.py:182} INFO - Started process (PID=869) to work on /home/airflow/.local/lib/python3.6/site-packages/airflow/example_dags/example_trigger_target_dag.py
[2024-06-06 20:05:42,638] {scheduler_job.py:629} INFO - Processing file /home/airflow/.local/lib/python3.6/site-packages/airflow/example_dags/example_trigger_target_dag.py for tasks to queue
[2024-06-06 20:05:42,639] {logging_mixin.py:104} INFO - [2024-06-06 20:05:42,639] {dagbag.py:451} INFO - Filling up the DagBag from /home/airflow/.local/lib/python3.6/site-packages/airflow/example_dags/example_trigger_target_dag.py
[2024-06-06 20:05:42,653] {scheduler_job.py:639} INFO - DAG(s) dict_keys(['example_trigger_target_dag']) retrieved from /home/airflow/.local/lib/python3.6/site-packages/airflow/example_dags/example_trigger_target_dag.py
[2024-06-06 20:05:42,682] {logging_mixin.py:104} INFO - [2024-06-06 20:05:42,682] {dag.py:1824} INFO - Sync 1 DAGs
[2024-06-06 20:05:42,701] {logging_mixin.py:104} INFO - [2024-06-06 20:05:42,701] {dag.py:2280} INFO - Setting next_dagrun for example_trigger_target_dag to None
[2024-06-06 20:05:42,722] {scheduler_job.py:190} INFO - Processing /home/airflow/.local/lib/python3.6/site-packages/airflow/example_dags/example_trigger_target_dag.py took 0.089 seconds
