[2024-06-06 19:49:57,671] {scheduler_job.py:182} INFO - Started process (PID=45) to work on /home/airflow/.local/lib/python3.6/site-packages/airflow/example_dags/example_dag_decorator.py
[2024-06-06 19:49:57,672] {scheduler_job.py:629} INFO - Processing file /home/airflow/.local/lib/python3.6/site-packages/airflow/example_dags/example_dag_decorator.py for tasks to queue
[2024-06-06 19:49:57,672] {logging_mixin.py:104} INFO - [2024-06-06 19:49:57,672] {dagbag.py:451} INFO - Filling up the DagBag from /home/airflow/.local/lib/python3.6/site-packages/airflow/example_dags/example_dag_decorator.py
[2024-06-06 19:49:57,691] {scheduler_job.py:639} INFO - DAG(s) dict_keys(['example_dag_decorator']) retrieved from /home/airflow/.local/lib/python3.6/site-packages/airflow/example_dags/example_dag_decorator.py
[2024-06-06 19:49:57,712] {logging_mixin.py:104} INFO - [2024-06-06 19:49:57,712] {dag.py:1824} INFO - Sync 1 DAGs
[2024-06-06 19:49:57,719] {logging_mixin.py:104} INFO - [2024-06-06 19:49:57,719] {dag.py:1843} INFO - Creating ORM DAG for example_dag_decorator
[2024-06-06 19:49:57,724] {logging_mixin.py:104} INFO - [2024-06-06 19:49:57,724] {dag.py:2280} INFO - Setting next_dagrun for example_dag_decorator to None
[2024-06-06 19:49:57,738] {scheduler_job.py:190} INFO - Processing /home/airflow/.local/lib/python3.6/site-packages/airflow/example_dags/example_dag_decorator.py took 0.069 seconds
[2024-06-06 19:50:28,878] {scheduler_job.py:182} INFO - Started process (PID=71) to work on /home/airflow/.local/lib/python3.6/site-packages/airflow/example_dags/example_dag_decorator.py
[2024-06-06 19:50:28,879] {scheduler_job.py:629} INFO - Processing file /home/airflow/.local/lib/python3.6/site-packages/airflow/example_dags/example_dag_decorator.py for tasks to queue
[2024-06-06 19:50:28,880] {logging_mixin.py:104} INFO - [2024-06-06 19:50:28,880] {dagbag.py:451} INFO - Filling up the DagBag from /home/airflow/.local/lib/python3.6/site-packages/airflow/example_dags/example_dag_decorator.py
[2024-06-06 19:50:28,901] {scheduler_job.py:639} INFO - DAG(s) dict_keys(['example_dag_decorator']) retrieved from /home/airflow/.local/lib/python3.6/site-packages/airflow/example_dags/example_dag_decorator.py
[2024-06-06 19:50:28,938] {logging_mixin.py:104} INFO - [2024-06-06 19:50:28,938] {dag.py:1824} INFO - Sync 1 DAGs
[2024-06-06 19:50:28,956] {logging_mixin.py:104} INFO - [2024-06-06 19:50:28,956] {dag.py:2280} INFO - Setting next_dagrun for example_dag_decorator to None
[2024-06-06 19:50:28,978] {scheduler_job.py:190} INFO - Processing /home/airflow/.local/lib/python3.6/site-packages/airflow/example_dags/example_dag_decorator.py took 0.104 seconds
[2024-06-06 19:50:59,246] {scheduler_job.py:182} INFO - Started process (PID=98) to work on /home/airflow/.local/lib/python3.6/site-packages/airflow/example_dags/example_dag_decorator.py
[2024-06-06 19:50:59,247] {scheduler_job.py:629} INFO - Processing file /home/airflow/.local/lib/python3.6/site-packages/airflow/example_dags/example_dag_decorator.py for tasks to queue
[2024-06-06 19:50:59,248] {logging_mixin.py:104} INFO - [2024-06-06 19:50:59,248] {dagbag.py:451} INFO - Filling up the DagBag from /home/airflow/.local/lib/python3.6/site-packages/airflow/example_dags/example_dag_decorator.py
[2024-06-06 19:50:59,265] {scheduler_job.py:639} INFO - DAG(s) dict_keys(['example_dag_decorator']) retrieved from /home/airflow/.local/lib/python3.6/site-packages/airflow/example_dags/example_dag_decorator.py
[2024-06-06 19:50:59,291] {logging_mixin.py:104} INFO - [2024-06-06 19:50:59,291] {dag.py:1824} INFO - Sync 1 DAGs
[2024-06-06 19:50:59,304] {logging_mixin.py:104} INFO - [2024-06-06 19:50:59,304] {dag.py:2280} INFO - Setting next_dagrun for example_dag_decorator to None
[2024-06-06 19:50:59,318] {scheduler_job.py:190} INFO - Processing /home/airflow/.local/lib/python3.6/site-packages/airflow/example_dags/example_dag_decorator.py took 0.075 seconds
[2024-06-06 19:51:29,626] {scheduler_job.py:182} INFO - Started process (PID=125) to work on /home/airflow/.local/lib/python3.6/site-packages/airflow/example_dags/example_dag_decorator.py
[2024-06-06 19:51:29,627] {scheduler_job.py:629} INFO - Processing file /home/airflow/.local/lib/python3.6/site-packages/airflow/example_dags/example_dag_decorator.py for tasks to queue
[2024-06-06 19:51:29,627] {logging_mixin.py:104} INFO - [2024-06-06 19:51:29,627] {dagbag.py:451} INFO - Filling up the DagBag from /home/airflow/.local/lib/python3.6/site-packages/airflow/example_dags/example_dag_decorator.py
[2024-06-06 19:51:29,644] {scheduler_job.py:639} INFO - DAG(s) dict_keys(['example_dag_decorator']) retrieved from /home/airflow/.local/lib/python3.6/site-packages/airflow/example_dags/example_dag_decorator.py
[2024-06-06 19:51:29,678] {logging_mixin.py:104} INFO - [2024-06-06 19:51:29,678] {dag.py:1824} INFO - Sync 1 DAGs
[2024-06-06 19:51:29,697] {logging_mixin.py:104} INFO - [2024-06-06 19:51:29,696] {dag.py:2280} INFO - Setting next_dagrun for example_dag_decorator to None
[2024-06-06 19:51:29,717] {scheduler_job.py:190} INFO - Processing /home/airflow/.local/lib/python3.6/site-packages/airflow/example_dags/example_dag_decorator.py took 0.095 seconds
[2024-06-06 19:51:59,859] {scheduler_job.py:182} INFO - Started process (PID=149) to work on /home/airflow/.local/lib/python3.6/site-packages/airflow/example_dags/example_dag_decorator.py
[2024-06-06 19:51:59,860] {scheduler_job.py:629} INFO - Processing file /home/airflow/.local/lib/python3.6/site-packages/airflow/example_dags/example_dag_decorator.py for tasks to queue
[2024-06-06 19:51:59,860] {logging_mixin.py:104} INFO - [2024-06-06 19:51:59,860] {dagbag.py:451} INFO - Filling up the DagBag from /home/airflow/.local/lib/python3.6/site-packages/airflow/example_dags/example_dag_decorator.py
[2024-06-06 19:51:59,879] {scheduler_job.py:639} INFO - DAG(s) dict_keys(['example_dag_decorator']) retrieved from /home/airflow/.local/lib/python3.6/site-packages/airflow/example_dags/example_dag_decorator.py
[2024-06-06 19:51:59,909] {logging_mixin.py:104} INFO - [2024-06-06 19:51:59,909] {dag.py:1824} INFO - Sync 1 DAGs
[2024-06-06 19:51:59,926] {logging_mixin.py:104} INFO - [2024-06-06 19:51:59,926] {dag.py:2280} INFO - Setting next_dagrun for example_dag_decorator to None
[2024-06-06 19:51:59,941] {scheduler_job.py:190} INFO - Processing /home/airflow/.local/lib/python3.6/site-packages/airflow/example_dags/example_dag_decorator.py took 0.086 seconds
[2024-06-06 19:52:30,330] {scheduler_job.py:182} INFO - Started process (PID=174) to work on /home/airflow/.local/lib/python3.6/site-packages/airflow/example_dags/example_dag_decorator.py
[2024-06-06 19:52:30,332] {scheduler_job.py:629} INFO - Processing file /home/airflow/.local/lib/python3.6/site-packages/airflow/example_dags/example_dag_decorator.py for tasks to queue
[2024-06-06 19:52:30,332] {logging_mixin.py:104} INFO - [2024-06-06 19:52:30,332] {dagbag.py:451} INFO - Filling up the DagBag from /home/airflow/.local/lib/python3.6/site-packages/airflow/example_dags/example_dag_decorator.py
[2024-06-06 19:52:30,351] {scheduler_job.py:639} INFO - DAG(s) dict_keys(['example_dag_decorator']) retrieved from /home/airflow/.local/lib/python3.6/site-packages/airflow/example_dags/example_dag_decorator.py
[2024-06-06 19:52:30,379] {logging_mixin.py:104} INFO - [2024-06-06 19:52:30,378] {dag.py:1824} INFO - Sync 1 DAGs
[2024-06-06 19:52:30,393] {logging_mixin.py:104} INFO - [2024-06-06 19:52:30,393] {dag.py:2280} INFO - Setting next_dagrun for example_dag_decorator to None
[2024-06-06 19:52:30,405] {scheduler_job.py:190} INFO - Processing /home/airflow/.local/lib/python3.6/site-packages/airflow/example_dags/example_dag_decorator.py took 0.078 seconds
[2024-06-06 19:53:00,604] {scheduler_job.py:182} INFO - Started process (PID=197) to work on /home/airflow/.local/lib/python3.6/site-packages/airflow/example_dags/example_dag_decorator.py
[2024-06-06 19:53:00,605] {scheduler_job.py:629} INFO - Processing file /home/airflow/.local/lib/python3.6/site-packages/airflow/example_dags/example_dag_decorator.py for tasks to queue
[2024-06-06 19:53:00,605] {logging_mixin.py:104} INFO - [2024-06-06 19:53:00,605] {dagbag.py:451} INFO - Filling up the DagBag from /home/airflow/.local/lib/python3.6/site-packages/airflow/example_dags/example_dag_decorator.py
[2024-06-06 19:53:00,628] {scheduler_job.py:639} INFO - DAG(s) dict_keys(['example_dag_decorator']) retrieved from /home/airflow/.local/lib/python3.6/site-packages/airflow/example_dags/example_dag_decorator.py
[2024-06-06 19:53:00,655] {logging_mixin.py:104} INFO - [2024-06-06 19:53:00,655] {dag.py:1824} INFO - Sync 1 DAGs
[2024-06-06 19:53:00,673] {logging_mixin.py:104} INFO - [2024-06-06 19:53:00,672] {dag.py:2280} INFO - Setting next_dagrun for example_dag_decorator to None
[2024-06-06 19:53:00,689] {scheduler_job.py:190} INFO - Processing /home/airflow/.local/lib/python3.6/site-packages/airflow/example_dags/example_dag_decorator.py took 0.088 seconds
[2024-06-06 19:53:31,062] {scheduler_job.py:182} INFO - Started process (PID=223) to work on /home/airflow/.local/lib/python3.6/site-packages/airflow/example_dags/example_dag_decorator.py
[2024-06-06 19:53:31,063] {scheduler_job.py:629} INFO - Processing file /home/airflow/.local/lib/python3.6/site-packages/airflow/example_dags/example_dag_decorator.py for tasks to queue
[2024-06-06 19:53:31,064] {logging_mixin.py:104} INFO - [2024-06-06 19:53:31,064] {dagbag.py:451} INFO - Filling up the DagBag from /home/airflow/.local/lib/python3.6/site-packages/airflow/example_dags/example_dag_decorator.py
[2024-06-06 19:53:31,085] {scheduler_job.py:639} INFO - DAG(s) dict_keys(['example_dag_decorator']) retrieved from /home/airflow/.local/lib/python3.6/site-packages/airflow/example_dags/example_dag_decorator.py
[2024-06-06 19:53:31,110] {logging_mixin.py:104} INFO - [2024-06-06 19:53:31,110] {dag.py:1824} INFO - Sync 1 DAGs
[2024-06-06 19:53:31,126] {logging_mixin.py:104} INFO - [2024-06-06 19:53:31,126] {dag.py:2280} INFO - Setting next_dagrun for example_dag_decorator to None
[2024-06-06 19:53:31,140] {scheduler_job.py:190} INFO - Processing /home/airflow/.local/lib/python3.6/site-packages/airflow/example_dags/example_dag_decorator.py took 0.081 seconds
[2024-06-06 19:54:01,838] {scheduler_job.py:182} INFO - Started process (PID=253) to work on /home/airflow/.local/lib/python3.6/site-packages/airflow/example_dags/example_dag_decorator.py
[2024-06-06 19:54:01,839] {scheduler_job.py:629} INFO - Processing file /home/airflow/.local/lib/python3.6/site-packages/airflow/example_dags/example_dag_decorator.py for tasks to queue
[2024-06-06 19:54:01,840] {logging_mixin.py:104} INFO - [2024-06-06 19:54:01,840] {dagbag.py:451} INFO - Filling up the DagBag from /home/airflow/.local/lib/python3.6/site-packages/airflow/example_dags/example_dag_decorator.py
[2024-06-06 19:54:01,861] {scheduler_job.py:639} INFO - DAG(s) dict_keys(['example_dag_decorator']) retrieved from /home/airflow/.local/lib/python3.6/site-packages/airflow/example_dags/example_dag_decorator.py
[2024-06-06 19:54:01,887] {logging_mixin.py:104} INFO - [2024-06-06 19:54:01,887] {dag.py:1824} INFO - Sync 1 DAGs
[2024-06-06 19:54:01,902] {logging_mixin.py:104} INFO - [2024-06-06 19:54:01,902] {dag.py:2280} INFO - Setting next_dagrun for example_dag_decorator to None
[2024-06-06 19:54:01,917] {scheduler_job.py:190} INFO - Processing /home/airflow/.local/lib/python3.6/site-packages/airflow/example_dags/example_dag_decorator.py took 0.082 seconds
[2024-06-06 19:54:32,299] {scheduler_job.py:182} INFO - Started process (PID=279) to work on /home/airflow/.local/lib/python3.6/site-packages/airflow/example_dags/example_dag_decorator.py
[2024-06-06 19:54:32,300] {scheduler_job.py:629} INFO - Processing file /home/airflow/.local/lib/python3.6/site-packages/airflow/example_dags/example_dag_decorator.py for tasks to queue
[2024-06-06 19:54:32,301] {logging_mixin.py:104} INFO - [2024-06-06 19:54:32,301] {dagbag.py:451} INFO - Filling up the DagBag from /home/airflow/.local/lib/python3.6/site-packages/airflow/example_dags/example_dag_decorator.py
[2024-06-06 19:54:32,323] {scheduler_job.py:639} INFO - DAG(s) dict_keys(['example_dag_decorator']) retrieved from /home/airflow/.local/lib/python3.6/site-packages/airflow/example_dags/example_dag_decorator.py
[2024-06-06 19:54:32,354] {logging_mixin.py:104} INFO - [2024-06-06 19:54:32,354] {dag.py:1824} INFO - Sync 1 DAGs
[2024-06-06 19:54:32,371] {logging_mixin.py:104} INFO - [2024-06-06 19:54:32,371] {dag.py:2280} INFO - Setting next_dagrun for example_dag_decorator to None
[2024-06-06 19:54:32,390] {scheduler_job.py:190} INFO - Processing /home/airflow/.local/lib/python3.6/site-packages/airflow/example_dags/example_dag_decorator.py took 0.095 seconds
[2024-06-06 19:55:02,569] {scheduler_job.py:182} INFO - Started process (PID=302) to work on /home/airflow/.local/lib/python3.6/site-packages/airflow/example_dags/example_dag_decorator.py
[2024-06-06 19:55:02,570] {scheduler_job.py:629} INFO - Processing file /home/airflow/.local/lib/python3.6/site-packages/airflow/example_dags/example_dag_decorator.py for tasks to queue
[2024-06-06 19:55:02,570] {logging_mixin.py:104} INFO - [2024-06-06 19:55:02,570] {dagbag.py:451} INFO - Filling up the DagBag from /home/airflow/.local/lib/python3.6/site-packages/airflow/example_dags/example_dag_decorator.py
[2024-06-06 19:55:02,588] {scheduler_job.py:639} INFO - DAG(s) dict_keys(['example_dag_decorator']) retrieved from /home/airflow/.local/lib/python3.6/site-packages/airflow/example_dags/example_dag_decorator.py
[2024-06-06 19:55:02,608] {logging_mixin.py:104} INFO - [2024-06-06 19:55:02,608] {dag.py:1824} INFO - Sync 1 DAGs
[2024-06-06 19:55:02,620] {logging_mixin.py:104} INFO - [2024-06-06 19:55:02,620] {dag.py:2280} INFO - Setting next_dagrun for example_dag_decorator to None
[2024-06-06 19:55:02,633] {scheduler_job.py:190} INFO - Processing /home/airflow/.local/lib/python3.6/site-packages/airflow/example_dags/example_dag_decorator.py took 0.067 seconds
[2024-06-06 19:55:33,399] {scheduler_job.py:182} INFO - Started process (PID=355) to work on /home/airflow/.local/lib/python3.6/site-packages/airflow/example_dags/example_dag_decorator.py
[2024-06-06 19:55:33,400] {scheduler_job.py:629} INFO - Processing file /home/airflow/.local/lib/python3.6/site-packages/airflow/example_dags/example_dag_decorator.py for tasks to queue
[2024-06-06 19:55:33,401] {logging_mixin.py:104} INFO - [2024-06-06 19:55:33,401] {dagbag.py:451} INFO - Filling up the DagBag from /home/airflow/.local/lib/python3.6/site-packages/airflow/example_dags/example_dag_decorator.py
[2024-06-06 19:55:33,424] {scheduler_job.py:639} INFO - DAG(s) dict_keys(['example_dag_decorator']) retrieved from /home/airflow/.local/lib/python3.6/site-packages/airflow/example_dags/example_dag_decorator.py
[2024-06-06 19:55:33,454] {logging_mixin.py:104} INFO - [2024-06-06 19:55:33,454] {dag.py:1824} INFO - Sync 1 DAGs
[2024-06-06 19:55:33,471] {logging_mixin.py:104} INFO - [2024-06-06 19:55:33,470] {dag.py:2280} INFO - Setting next_dagrun for example_dag_decorator to None
[2024-06-06 19:55:33,485] {scheduler_job.py:190} INFO - Processing /home/airflow/.local/lib/python3.6/site-packages/airflow/example_dags/example_dag_decorator.py took 0.090 seconds
[2024-06-06 19:56:03,974] {scheduler_job.py:182} INFO - Started process (PID=381) to work on /home/airflow/.local/lib/python3.6/site-packages/airflow/example_dags/example_dag_decorator.py
[2024-06-06 19:56:03,975] {scheduler_job.py:629} INFO - Processing file /home/airflow/.local/lib/python3.6/site-packages/airflow/example_dags/example_dag_decorator.py for tasks to queue
[2024-06-06 19:56:03,976] {logging_mixin.py:104} INFO - [2024-06-06 19:56:03,976] {dagbag.py:451} INFO - Filling up the DagBag from /home/airflow/.local/lib/python3.6/site-packages/airflow/example_dags/example_dag_decorator.py
[2024-06-06 19:56:03,998] {scheduler_job.py:639} INFO - DAG(s) dict_keys(['example_dag_decorator']) retrieved from /home/airflow/.local/lib/python3.6/site-packages/airflow/example_dags/example_dag_decorator.py
[2024-06-06 19:56:04,025] {logging_mixin.py:104} INFO - [2024-06-06 19:56:04,025] {dag.py:1824} INFO - Sync 1 DAGs
[2024-06-06 19:56:04,040] {logging_mixin.py:104} INFO - [2024-06-06 19:56:04,040] {dag.py:2280} INFO - Setting next_dagrun for example_dag_decorator to None
[2024-06-06 19:56:04,058] {scheduler_job.py:190} INFO - Processing /home/airflow/.local/lib/python3.6/site-packages/airflow/example_dags/example_dag_decorator.py took 0.087 seconds
[2024-06-06 19:56:34,516] {scheduler_job.py:182} INFO - Started process (PID=407) to work on /home/airflow/.local/lib/python3.6/site-packages/airflow/example_dags/example_dag_decorator.py
[2024-06-06 19:56:34,517] {scheduler_job.py:629} INFO - Processing file /home/airflow/.local/lib/python3.6/site-packages/airflow/example_dags/example_dag_decorator.py for tasks to queue
[2024-06-06 19:56:34,518] {logging_mixin.py:104} INFO - [2024-06-06 19:56:34,517] {dagbag.py:451} INFO - Filling up the DagBag from /home/airflow/.local/lib/python3.6/site-packages/airflow/example_dags/example_dag_decorator.py
[2024-06-06 19:56:34,539] {scheduler_job.py:639} INFO - DAG(s) dict_keys(['example_dag_decorator']) retrieved from /home/airflow/.local/lib/python3.6/site-packages/airflow/example_dags/example_dag_decorator.py
[2024-06-06 19:56:34,566] {logging_mixin.py:104} INFO - [2024-06-06 19:56:34,566] {dag.py:1824} INFO - Sync 1 DAGs
[2024-06-06 19:56:34,581] {logging_mixin.py:104} INFO - [2024-06-06 19:56:34,581] {dag.py:2280} INFO - Setting next_dagrun for example_dag_decorator to None
[2024-06-06 19:56:34,598] {scheduler_job.py:190} INFO - Processing /home/airflow/.local/lib/python3.6/site-packages/airflow/example_dags/example_dag_decorator.py took 0.087 seconds
[2024-06-06 19:57:04,838] {scheduler_job.py:182} INFO - Started process (PID=431) to work on /home/airflow/.local/lib/python3.6/site-packages/airflow/example_dags/example_dag_decorator.py
[2024-06-06 19:57:04,845] {scheduler_job.py:629} INFO - Processing file /home/airflow/.local/lib/python3.6/site-packages/airflow/example_dags/example_dag_decorator.py for tasks to queue
[2024-06-06 19:57:04,846] {logging_mixin.py:104} INFO - [2024-06-06 19:57:04,846] {dagbag.py:451} INFO - Filling up the DagBag from /home/airflow/.local/lib/python3.6/site-packages/airflow/example_dags/example_dag_decorator.py
[2024-06-06 19:57:04,866] {scheduler_job.py:639} INFO - DAG(s) dict_keys(['example_dag_decorator']) retrieved from /home/airflow/.local/lib/python3.6/site-packages/airflow/example_dags/example_dag_decorator.py
[2024-06-06 19:57:04,900] {logging_mixin.py:104} INFO - [2024-06-06 19:57:04,900] {dag.py:1824} INFO - Sync 1 DAGs
[2024-06-06 19:57:04,923] {logging_mixin.py:104} INFO - [2024-06-06 19:57:04,922] {dag.py:2280} INFO - Setting next_dagrun for example_dag_decorator to None
[2024-06-06 19:57:04,944] {scheduler_job.py:190} INFO - Processing /home/airflow/.local/lib/python3.6/site-packages/airflow/example_dags/example_dag_decorator.py took 0.110 seconds
[2024-06-06 19:57:35,901] {scheduler_job.py:182} INFO - Started process (PID=463) to work on /home/airflow/.local/lib/python3.6/site-packages/airflow/example_dags/example_dag_decorator.py
[2024-06-06 19:57:35,902] {scheduler_job.py:629} INFO - Processing file /home/airflow/.local/lib/python3.6/site-packages/airflow/example_dags/example_dag_decorator.py for tasks to queue
[2024-06-06 19:57:35,903] {logging_mixin.py:104} INFO - [2024-06-06 19:57:35,903] {dagbag.py:451} INFO - Filling up the DagBag from /home/airflow/.local/lib/python3.6/site-packages/airflow/example_dags/example_dag_decorator.py
[2024-06-06 19:57:35,919] {scheduler_job.py:639} INFO - DAG(s) dict_keys(['example_dag_decorator']) retrieved from /home/airflow/.local/lib/python3.6/site-packages/airflow/example_dags/example_dag_decorator.py
[2024-06-06 19:57:35,948] {logging_mixin.py:104} INFO - [2024-06-06 19:57:35,948] {dag.py:1824} INFO - Sync 1 DAGs
[2024-06-06 19:57:35,964] {logging_mixin.py:104} INFO - [2024-06-06 19:57:35,964] {dag.py:2280} INFO - Setting next_dagrun for example_dag_decorator to None
[2024-06-06 19:57:35,985] {scheduler_job.py:190} INFO - Processing /home/airflow/.local/lib/python3.6/site-packages/airflow/example_dags/example_dag_decorator.py took 0.087 seconds
[2024-06-06 19:58:06,512] {scheduler_job.py:182} INFO - Started process (PID=491) to work on /home/airflow/.local/lib/python3.6/site-packages/airflow/example_dags/example_dag_decorator.py
[2024-06-06 19:58:06,513] {scheduler_job.py:629} INFO - Processing file /home/airflow/.local/lib/python3.6/site-packages/airflow/example_dags/example_dag_decorator.py for tasks to queue
[2024-06-06 19:58:06,513] {logging_mixin.py:104} INFO - [2024-06-06 19:58:06,513] {dagbag.py:451} INFO - Filling up the DagBag from /home/airflow/.local/lib/python3.6/site-packages/airflow/example_dags/example_dag_decorator.py
[2024-06-06 19:58:06,531] {scheduler_job.py:639} INFO - DAG(s) dict_keys(['example_dag_decorator']) retrieved from /home/airflow/.local/lib/python3.6/site-packages/airflow/example_dags/example_dag_decorator.py
[2024-06-06 19:58:06,559] {logging_mixin.py:104} INFO - [2024-06-06 19:58:06,559] {dag.py:1824} INFO - Sync 1 DAGs
[2024-06-06 19:58:06,573] {logging_mixin.py:104} INFO - [2024-06-06 19:58:06,573] {dag.py:2280} INFO - Setting next_dagrun for example_dag_decorator to None
[2024-06-06 19:58:06,588] {scheduler_job.py:190} INFO - Processing /home/airflow/.local/lib/python3.6/site-packages/airflow/example_dags/example_dag_decorator.py took 0.079 seconds
[2024-06-06 19:58:37,228] {scheduler_job.py:182} INFO - Started process (PID=518) to work on /home/airflow/.local/lib/python3.6/site-packages/airflow/example_dags/example_dag_decorator.py
[2024-06-06 19:58:37,229] {scheduler_job.py:629} INFO - Processing file /home/airflow/.local/lib/python3.6/site-packages/airflow/example_dags/example_dag_decorator.py for tasks to queue
[2024-06-06 19:58:37,230] {logging_mixin.py:104} INFO - [2024-06-06 19:58:37,230] {dagbag.py:451} INFO - Filling up the DagBag from /home/airflow/.local/lib/python3.6/site-packages/airflow/example_dags/example_dag_decorator.py
[2024-06-06 19:58:37,245] {scheduler_job.py:639} INFO - DAG(s) dict_keys(['example_dag_decorator']) retrieved from /home/airflow/.local/lib/python3.6/site-packages/airflow/example_dags/example_dag_decorator.py
[2024-06-06 19:58:37,266] {logging_mixin.py:104} INFO - [2024-06-06 19:58:37,266] {dag.py:1824} INFO - Sync 1 DAGs
[2024-06-06 19:58:37,280] {logging_mixin.py:104} INFO - [2024-06-06 19:58:37,280] {dag.py:2280} INFO - Setting next_dagrun for example_dag_decorator to None
[2024-06-06 19:58:37,300] {scheduler_job.py:190} INFO - Processing /home/airflow/.local/lib/python3.6/site-packages/airflow/example_dags/example_dag_decorator.py took 0.075 seconds
[2024-06-06 19:59:07,645] {scheduler_job.py:182} INFO - Started process (PID=545) to work on /home/airflow/.local/lib/python3.6/site-packages/airflow/example_dags/example_dag_decorator.py
[2024-06-06 19:59:07,646] {scheduler_job.py:629} INFO - Processing file /home/airflow/.local/lib/python3.6/site-packages/airflow/example_dags/example_dag_decorator.py for tasks to queue
[2024-06-06 19:59:07,646] {logging_mixin.py:104} INFO - [2024-06-06 19:59:07,646] {dagbag.py:451} INFO - Filling up the DagBag from /home/airflow/.local/lib/python3.6/site-packages/airflow/example_dags/example_dag_decorator.py
[2024-06-06 19:59:07,664] {scheduler_job.py:639} INFO - DAG(s) dict_keys(['example_dag_decorator']) retrieved from /home/airflow/.local/lib/python3.6/site-packages/airflow/example_dags/example_dag_decorator.py
[2024-06-06 19:59:07,691] {logging_mixin.py:104} INFO - [2024-06-06 19:59:07,691] {dag.py:1824} INFO - Sync 1 DAGs
[2024-06-06 19:59:07,710] {logging_mixin.py:104} INFO - [2024-06-06 19:59:07,709] {dag.py:2280} INFO - Setting next_dagrun for example_dag_decorator to None
[2024-06-06 19:59:07,729] {scheduler_job.py:190} INFO - Processing /home/airflow/.local/lib/python3.6/site-packages/airflow/example_dags/example_dag_decorator.py took 0.088 seconds
[2024-06-06 19:59:38,411] {scheduler_job.py:182} INFO - Started process (PID=572) to work on /home/airflow/.local/lib/python3.6/site-packages/airflow/example_dags/example_dag_decorator.py
[2024-06-06 19:59:38,412] {scheduler_job.py:629} INFO - Processing file /home/airflow/.local/lib/python3.6/site-packages/airflow/example_dags/example_dag_decorator.py for tasks to queue
[2024-06-06 19:59:38,413] {logging_mixin.py:104} INFO - [2024-06-06 19:59:38,413] {dagbag.py:451} INFO - Filling up the DagBag from /home/airflow/.local/lib/python3.6/site-packages/airflow/example_dags/example_dag_decorator.py
[2024-06-06 19:59:38,430] {scheduler_job.py:639} INFO - DAG(s) dict_keys(['example_dag_decorator']) retrieved from /home/airflow/.local/lib/python3.6/site-packages/airflow/example_dags/example_dag_decorator.py
[2024-06-06 19:59:38,455] {logging_mixin.py:104} INFO - [2024-06-06 19:59:38,455] {dag.py:1824} INFO - Sync 1 DAGs
[2024-06-06 19:59:38,471] {logging_mixin.py:104} INFO - [2024-06-06 19:59:38,471] {dag.py:2280} INFO - Setting next_dagrun for example_dag_decorator to None
[2024-06-06 19:59:38,488] {scheduler_job.py:190} INFO - Processing /home/airflow/.local/lib/python3.6/site-packages/airflow/example_dags/example_dag_decorator.py took 0.080 seconds
[2024-06-06 20:00:08,734] {scheduler_job.py:182} INFO - Started process (PID=595) to work on /home/airflow/.local/lib/python3.6/site-packages/airflow/example_dags/example_dag_decorator.py
[2024-06-06 20:00:08,735] {scheduler_job.py:629} INFO - Processing file /home/airflow/.local/lib/python3.6/site-packages/airflow/example_dags/example_dag_decorator.py for tasks to queue
[2024-06-06 20:00:08,735] {logging_mixin.py:104} INFO - [2024-06-06 20:00:08,735] {dagbag.py:451} INFO - Filling up the DagBag from /home/airflow/.local/lib/python3.6/site-packages/airflow/example_dags/example_dag_decorator.py
[2024-06-06 20:00:08,753] {scheduler_job.py:639} INFO - DAG(s) dict_keys(['example_dag_decorator']) retrieved from /home/airflow/.local/lib/python3.6/site-packages/airflow/example_dags/example_dag_decorator.py
[2024-06-06 20:00:08,781] {logging_mixin.py:104} INFO - [2024-06-06 20:00:08,781] {dag.py:1824} INFO - Sync 1 DAGs
[2024-06-06 20:00:08,797] {logging_mixin.py:104} INFO - [2024-06-06 20:00:08,797] {dag.py:2280} INFO - Setting next_dagrun for example_dag_decorator to None
[2024-06-06 20:00:08,816] {scheduler_job.py:190} INFO - Processing /home/airflow/.local/lib/python3.6/site-packages/airflow/example_dags/example_dag_decorator.py took 0.086 seconds
[2024-06-06 20:00:39,065] {scheduler_job.py:182} INFO - Started process (PID=621) to work on /home/airflow/.local/lib/python3.6/site-packages/airflow/example_dags/example_dag_decorator.py
[2024-06-06 20:00:39,066] {scheduler_job.py:629} INFO - Processing file /home/airflow/.local/lib/python3.6/site-packages/airflow/example_dags/example_dag_decorator.py for tasks to queue
[2024-06-06 20:00:39,067] {logging_mixin.py:104} INFO - [2024-06-06 20:00:39,067] {dagbag.py:451} INFO - Filling up the DagBag from /home/airflow/.local/lib/python3.6/site-packages/airflow/example_dags/example_dag_decorator.py
[2024-06-06 20:00:39,085] {scheduler_job.py:639} INFO - DAG(s) dict_keys(['example_dag_decorator']) retrieved from /home/airflow/.local/lib/python3.6/site-packages/airflow/example_dags/example_dag_decorator.py
[2024-06-06 20:00:39,116] {logging_mixin.py:104} INFO - [2024-06-06 20:00:39,116] {dag.py:1824} INFO - Sync 1 DAGs
[2024-06-06 20:00:39,134] {logging_mixin.py:104} INFO - [2024-06-06 20:00:39,134] {dag.py:2280} INFO - Setting next_dagrun for example_dag_decorator to None
[2024-06-06 20:00:39,154] {scheduler_job.py:190} INFO - Processing /home/airflow/.local/lib/python3.6/site-packages/airflow/example_dags/example_dag_decorator.py took 0.093 seconds
[2024-06-06 20:01:09,331] {scheduler_job.py:182} INFO - Started process (PID=644) to work on /home/airflow/.local/lib/python3.6/site-packages/airflow/example_dags/example_dag_decorator.py
[2024-06-06 20:01:09,332] {scheduler_job.py:629} INFO - Processing file /home/airflow/.local/lib/python3.6/site-packages/airflow/example_dags/example_dag_decorator.py for tasks to queue
[2024-06-06 20:01:09,332] {logging_mixin.py:104} INFO - [2024-06-06 20:01:09,332] {dagbag.py:451} INFO - Filling up the DagBag from /home/airflow/.local/lib/python3.6/site-packages/airflow/example_dags/example_dag_decorator.py
[2024-06-06 20:01:09,353] {scheduler_job.py:639} INFO - DAG(s) dict_keys(['example_dag_decorator']) retrieved from /home/airflow/.local/lib/python3.6/site-packages/airflow/example_dags/example_dag_decorator.py
[2024-06-06 20:01:09,392] {logging_mixin.py:104} INFO - [2024-06-06 20:01:09,392] {dag.py:1824} INFO - Sync 1 DAGs
[2024-06-06 20:01:09,412] {logging_mixin.py:104} INFO - [2024-06-06 20:01:09,412] {dag.py:2280} INFO - Setting next_dagrun for example_dag_decorator to None
[2024-06-06 20:01:09,431] {scheduler_job.py:190} INFO - Processing /home/airflow/.local/lib/python3.6/site-packages/airflow/example_dags/example_dag_decorator.py took 0.104 seconds
[2024-06-06 20:01:39,767] {scheduler_job.py:182} INFO - Started process (PID=672) to work on /home/airflow/.local/lib/python3.6/site-packages/airflow/example_dags/example_dag_decorator.py
[2024-06-06 20:01:39,768] {scheduler_job.py:629} INFO - Processing file /home/airflow/.local/lib/python3.6/site-packages/airflow/example_dags/example_dag_decorator.py for tasks to queue
[2024-06-06 20:01:39,769] {logging_mixin.py:104} INFO - [2024-06-06 20:01:39,769] {dagbag.py:451} INFO - Filling up the DagBag from /home/airflow/.local/lib/python3.6/site-packages/airflow/example_dags/example_dag_decorator.py
[2024-06-06 20:01:39,785] {scheduler_job.py:639} INFO - DAG(s) dict_keys(['example_dag_decorator']) retrieved from /home/airflow/.local/lib/python3.6/site-packages/airflow/example_dags/example_dag_decorator.py
[2024-06-06 20:01:39,811] {logging_mixin.py:104} INFO - [2024-06-06 20:01:39,811] {dag.py:1824} INFO - Sync 1 DAGs
[2024-06-06 20:01:39,826] {logging_mixin.py:104} INFO - [2024-06-06 20:01:39,826] {dag.py:2280} INFO - Setting next_dagrun for example_dag_decorator to None
[2024-06-06 20:01:39,840] {scheduler_job.py:190} INFO - Processing /home/airflow/.local/lib/python3.6/site-packages/airflow/example_dags/example_dag_decorator.py took 0.075 seconds
[2024-06-06 20:02:10,079] {scheduler_job.py:182} INFO - Started process (PID=695) to work on /home/airflow/.local/lib/python3.6/site-packages/airflow/example_dags/example_dag_decorator.py
[2024-06-06 20:02:10,081] {scheduler_job.py:629} INFO - Processing file /home/airflow/.local/lib/python3.6/site-packages/airflow/example_dags/example_dag_decorator.py for tasks to queue
[2024-06-06 20:02:10,082] {logging_mixin.py:104} INFO - [2024-06-06 20:02:10,082] {dagbag.py:451} INFO - Filling up the DagBag from /home/airflow/.local/lib/python3.6/site-packages/airflow/example_dags/example_dag_decorator.py
[2024-06-06 20:02:10,098] {scheduler_job.py:639} INFO - DAG(s) dict_keys(['example_dag_decorator']) retrieved from /home/airflow/.local/lib/python3.6/site-packages/airflow/example_dags/example_dag_decorator.py
[2024-06-06 20:02:10,121] {logging_mixin.py:104} INFO - [2024-06-06 20:02:10,121] {dag.py:1824} INFO - Sync 1 DAGs
[2024-06-06 20:02:10,137] {logging_mixin.py:104} INFO - [2024-06-06 20:02:10,137] {dag.py:2280} INFO - Setting next_dagrun for example_dag_decorator to None
[2024-06-06 20:02:10,152] {scheduler_job.py:190} INFO - Processing /home/airflow/.local/lib/python3.6/site-packages/airflow/example_dags/example_dag_decorator.py took 0.076 seconds
[2024-06-06 20:02:40,445] {scheduler_job.py:182} INFO - Started process (PID=721) to work on /home/airflow/.local/lib/python3.6/site-packages/airflow/example_dags/example_dag_decorator.py
[2024-06-06 20:02:40,446] {scheduler_job.py:629} INFO - Processing file /home/airflow/.local/lib/python3.6/site-packages/airflow/example_dags/example_dag_decorator.py for tasks to queue
[2024-06-06 20:02:40,447] {logging_mixin.py:104} INFO - [2024-06-06 20:02:40,446] {dagbag.py:451} INFO - Filling up the DagBag from /home/airflow/.local/lib/python3.6/site-packages/airflow/example_dags/example_dag_decorator.py
[2024-06-06 20:02:40,463] {scheduler_job.py:639} INFO - DAG(s) dict_keys(['example_dag_decorator']) retrieved from /home/airflow/.local/lib/python3.6/site-packages/airflow/example_dags/example_dag_decorator.py
[2024-06-06 20:02:40,489] {logging_mixin.py:104} INFO - [2024-06-06 20:02:40,489] {dag.py:1824} INFO - Sync 1 DAGs
[2024-06-06 20:02:40,506] {logging_mixin.py:104} INFO - [2024-06-06 20:02:40,506] {dag.py:2280} INFO - Setting next_dagrun for example_dag_decorator to None
[2024-06-06 20:02:40,521] {scheduler_job.py:190} INFO - Processing /home/airflow/.local/lib/python3.6/site-packages/airflow/example_dags/example_dag_decorator.py took 0.080 seconds
[2024-06-06 20:03:11,023] {scheduler_job.py:182} INFO - Started process (PID=749) to work on /home/airflow/.local/lib/python3.6/site-packages/airflow/example_dags/example_dag_decorator.py
[2024-06-06 20:03:11,025] {scheduler_job.py:629} INFO - Processing file /home/airflow/.local/lib/python3.6/site-packages/airflow/example_dags/example_dag_decorator.py for tasks to queue
[2024-06-06 20:03:11,026] {logging_mixin.py:104} INFO - [2024-06-06 20:03:11,026] {dagbag.py:451} INFO - Filling up the DagBag from /home/airflow/.local/lib/python3.6/site-packages/airflow/example_dags/example_dag_decorator.py
[2024-06-06 20:03:11,049] {scheduler_job.py:639} INFO - DAG(s) dict_keys(['example_dag_decorator']) retrieved from /home/airflow/.local/lib/python3.6/site-packages/airflow/example_dags/example_dag_decorator.py
[2024-06-06 20:03:11,085] {logging_mixin.py:104} INFO - [2024-06-06 20:03:11,084] {dag.py:1824} INFO - Sync 1 DAGs
[2024-06-06 20:03:11,107] {logging_mixin.py:104} INFO - [2024-06-06 20:03:11,107] {dag.py:2280} INFO - Setting next_dagrun for example_dag_decorator to None
[2024-06-06 20:03:11,130] {scheduler_job.py:190} INFO - Processing /home/airflow/.local/lib/python3.6/site-packages/airflow/example_dags/example_dag_decorator.py took 0.111 seconds
[2024-06-06 20:03:41,475] {scheduler_job.py:182} INFO - Started process (PID=776) to work on /home/airflow/.local/lib/python3.6/site-packages/airflow/example_dags/example_dag_decorator.py
[2024-06-06 20:03:41,477] {scheduler_job.py:629} INFO - Processing file /home/airflow/.local/lib/python3.6/site-packages/airflow/example_dags/example_dag_decorator.py for tasks to queue
[2024-06-06 20:03:41,477] {logging_mixin.py:104} INFO - [2024-06-06 20:03:41,477] {dagbag.py:451} INFO - Filling up the DagBag from /home/airflow/.local/lib/python3.6/site-packages/airflow/example_dags/example_dag_decorator.py
[2024-06-06 20:03:41,495] {scheduler_job.py:639} INFO - DAG(s) dict_keys(['example_dag_decorator']) retrieved from /home/airflow/.local/lib/python3.6/site-packages/airflow/example_dags/example_dag_decorator.py
[2024-06-06 20:03:41,521] {logging_mixin.py:104} INFO - [2024-06-06 20:03:41,521] {dag.py:1824} INFO - Sync 1 DAGs
[2024-06-06 20:03:41,540] {logging_mixin.py:104} INFO - [2024-06-06 20:03:41,540] {dag.py:2280} INFO - Setting next_dagrun for example_dag_decorator to None
[2024-06-06 20:03:41,559] {scheduler_job.py:190} INFO - Processing /home/airflow/.local/lib/python3.6/site-packages/airflow/example_dags/example_dag_decorator.py took 0.087 seconds
[2024-06-06 20:04:11,768] {scheduler_job.py:182} INFO - Started process (PID=799) to work on /home/airflow/.local/lib/python3.6/site-packages/airflow/example_dags/example_dag_decorator.py
[2024-06-06 20:04:11,769] {scheduler_job.py:629} INFO - Processing file /home/airflow/.local/lib/python3.6/site-packages/airflow/example_dags/example_dag_decorator.py for tasks to queue
[2024-06-06 20:04:11,769] {logging_mixin.py:104} INFO - [2024-06-06 20:04:11,769] {dagbag.py:451} INFO - Filling up the DagBag from /home/airflow/.local/lib/python3.6/site-packages/airflow/example_dags/example_dag_decorator.py
[2024-06-06 20:04:11,786] {scheduler_job.py:639} INFO - DAG(s) dict_keys(['example_dag_decorator']) retrieved from /home/airflow/.local/lib/python3.6/site-packages/airflow/example_dags/example_dag_decorator.py
[2024-06-06 20:04:11,813] {logging_mixin.py:104} INFO - [2024-06-06 20:04:11,812] {dag.py:1824} INFO - Sync 1 DAGs
[2024-06-06 20:04:11,828] {logging_mixin.py:104} INFO - [2024-06-06 20:04:11,828] {dag.py:2280} INFO - Setting next_dagrun for example_dag_decorator to None
[2024-06-06 20:04:11,842] {scheduler_job.py:190} INFO - Processing /home/airflow/.local/lib/python3.6/site-packages/airflow/example_dags/example_dag_decorator.py took 0.078 seconds
[2024-06-06 20:04:42,333] {scheduler_job.py:182} INFO - Started process (PID=828) to work on /home/airflow/.local/lib/python3.6/site-packages/airflow/example_dags/example_dag_decorator.py
[2024-06-06 20:04:42,335] {scheduler_job.py:629} INFO - Processing file /home/airflow/.local/lib/python3.6/site-packages/airflow/example_dags/example_dag_decorator.py for tasks to queue
[2024-06-06 20:04:42,335] {logging_mixin.py:104} INFO - [2024-06-06 20:04:42,335] {dagbag.py:451} INFO - Filling up the DagBag from /home/airflow/.local/lib/python3.6/site-packages/airflow/example_dags/example_dag_decorator.py
[2024-06-06 20:04:42,356] {scheduler_job.py:639} INFO - DAG(s) dict_keys(['example_dag_decorator']) retrieved from /home/airflow/.local/lib/python3.6/site-packages/airflow/example_dags/example_dag_decorator.py
[2024-06-06 20:04:42,389] {logging_mixin.py:104} INFO - [2024-06-06 20:04:42,388] {dag.py:1824} INFO - Sync 1 DAGs
[2024-06-06 20:04:42,406] {logging_mixin.py:104} INFO - [2024-06-06 20:04:42,406] {dag.py:2280} INFO - Setting next_dagrun for example_dag_decorator to None
[2024-06-06 20:04:42,422] {scheduler_job.py:190} INFO - Processing /home/airflow/.local/lib/python3.6/site-packages/airflow/example_dags/example_dag_decorator.py took 0.092 seconds
[2024-06-06 20:05:12,692] {scheduler_job.py:182} INFO - Started process (PID=853) to work on /home/airflow/.local/lib/python3.6/site-packages/airflow/example_dags/example_dag_decorator.py
[2024-06-06 20:05:12,693] {scheduler_job.py:629} INFO - Processing file /home/airflow/.local/lib/python3.6/site-packages/airflow/example_dags/example_dag_decorator.py for tasks to queue
[2024-06-06 20:05:12,694] {logging_mixin.py:104} INFO - [2024-06-06 20:05:12,693] {dagbag.py:451} INFO - Filling up the DagBag from /home/airflow/.local/lib/python3.6/site-packages/airflow/example_dags/example_dag_decorator.py
[2024-06-06 20:05:12,711] {scheduler_job.py:639} INFO - DAG(s) dict_keys(['example_dag_decorator']) retrieved from /home/airflow/.local/lib/python3.6/site-packages/airflow/example_dags/example_dag_decorator.py
[2024-06-06 20:05:12,740] {logging_mixin.py:104} INFO - [2024-06-06 20:05:12,740] {dag.py:1824} INFO - Sync 1 DAGs
[2024-06-06 20:05:12,757] {logging_mixin.py:104} INFO - [2024-06-06 20:05:12,756] {dag.py:2280} INFO - Setting next_dagrun for example_dag_decorator to None
[2024-06-06 20:05:12,774] {scheduler_job.py:190} INFO - Processing /home/airflow/.local/lib/python3.6/site-packages/airflow/example_dags/example_dag_decorator.py took 0.086 seconds
