[2024-06-06 19:49:57,972] {scheduler_job.py:182} INFO - Started process (PID=52) to work on /home/airflow/.local/lib/python3.6/site-packages/airflow/example_dags/example_external_task_marker_dag.py
[2024-06-06 19:49:57,973] {scheduler_job.py:629} INFO - Processing file /home/airflow/.local/lib/python3.6/site-packages/airflow/example_dags/example_external_task_marker_dag.py for tasks to queue
[2024-06-06 19:49:57,974] {logging_mixin.py:104} INFO - [2024-06-06 19:49:57,973] {dagbag.py:451} INFO - Filling up the DagBag from /home/airflow/.local/lib/python3.6/site-packages/airflow/example_dags/example_external_task_marker_dag.py
[2024-06-06 19:49:57,982] {scheduler_job.py:639} INFO - DAG(s) dict_keys(['example_external_task_marker_parent', 'example_external_task_marker_child']) retrieved from /home/airflow/.local/lib/python3.6/site-packages/airflow/example_dags/example_external_task_marker_dag.py
[2024-06-06 19:49:58,001] {logging_mixin.py:104} INFO - [2024-06-06 19:49:58,000] {dag.py:1824} INFO - Sync 2 DAGs
[2024-06-06 19:49:58,008] {logging_mixin.py:104} INFO - [2024-06-06 19:49:58,008] {dag.py:1843} INFO - Creating ORM DAG for example_external_task_marker_child
[2024-06-06 19:49:58,009] {logging_mixin.py:104} INFO - [2024-06-06 19:49:58,009] {dag.py:1843} INFO - Creating ORM DAG for example_external_task_marker_parent
[2024-06-06 19:49:58,013] {logging_mixin.py:104} INFO - [2024-06-06 19:49:58,013] {dag.py:2280} INFO - Setting next_dagrun for example_external_task_marker_child to None
[2024-06-06 19:49:58,014] {logging_mixin.py:104} INFO - [2024-06-06 19:49:58,014] {dag.py:2280} INFO - Setting next_dagrun for example_external_task_marker_parent to None
[2024-06-06 19:49:58,030] {scheduler_job.py:190} INFO - Processing /home/airflow/.local/lib/python3.6/site-packages/airflow/example_dags/example_external_task_marker_dag.py took 0.059 seconds
[2024-06-06 19:50:29,265] {scheduler_job.py:182} INFO - Started process (PID=78) to work on /home/airflow/.local/lib/python3.6/site-packages/airflow/example_dags/example_external_task_marker_dag.py
[2024-06-06 19:50:29,266] {scheduler_job.py:629} INFO - Processing file /home/airflow/.local/lib/python3.6/site-packages/airflow/example_dags/example_external_task_marker_dag.py for tasks to queue
[2024-06-06 19:50:29,267] {logging_mixin.py:104} INFO - [2024-06-06 19:50:29,267] {dagbag.py:451} INFO - Filling up the DagBag from /home/airflow/.local/lib/python3.6/site-packages/airflow/example_dags/example_external_task_marker_dag.py
[2024-06-06 19:50:29,284] {scheduler_job.py:639} INFO - DAG(s) dict_keys(['example_external_task_marker_parent', 'example_external_task_marker_child']) retrieved from /home/airflow/.local/lib/python3.6/site-packages/airflow/example_dags/example_external_task_marker_dag.py
[2024-06-06 19:50:29,319] {logging_mixin.py:104} INFO - [2024-06-06 19:50:29,319] {dag.py:1824} INFO - Sync 2 DAGs
[2024-06-06 19:50:29,349] {logging_mixin.py:104} INFO - [2024-06-06 19:50:29,349] {dag.py:2280} INFO - Setting next_dagrun for example_external_task_marker_child to None
[2024-06-06 19:50:29,350] {logging_mixin.py:104} INFO - [2024-06-06 19:50:29,350] {dag.py:2280} INFO - Setting next_dagrun for example_external_task_marker_parent to None
[2024-06-06 19:50:29,369] {scheduler_job.py:190} INFO - Processing /home/airflow/.local/lib/python3.6/site-packages/airflow/example_dags/example_external_task_marker_dag.py took 0.108 seconds
[2024-06-06 19:50:59,514] {scheduler_job.py:182} INFO - Started process (PID=103) to work on /home/airflow/.local/lib/python3.6/site-packages/airflow/example_dags/example_external_task_marker_dag.py
[2024-06-06 19:50:59,515] {scheduler_job.py:629} INFO - Processing file /home/airflow/.local/lib/python3.6/site-packages/airflow/example_dags/example_external_task_marker_dag.py for tasks to queue
[2024-06-06 19:50:59,516] {logging_mixin.py:104} INFO - [2024-06-06 19:50:59,516] {dagbag.py:451} INFO - Filling up the DagBag from /home/airflow/.local/lib/python3.6/site-packages/airflow/example_dags/example_external_task_marker_dag.py
[2024-06-06 19:50:59,528] {scheduler_job.py:639} INFO - DAG(s) dict_keys(['example_external_task_marker_parent', 'example_external_task_marker_child']) retrieved from /home/airflow/.local/lib/python3.6/site-packages/airflow/example_dags/example_external_task_marker_dag.py
[2024-06-06 19:50:59,558] {logging_mixin.py:104} INFO - [2024-06-06 19:50:59,558] {dag.py:1824} INFO - Sync 2 DAGs
[2024-06-06 19:50:59,578] {logging_mixin.py:104} INFO - [2024-06-06 19:50:59,578] {dag.py:2280} INFO - Setting next_dagrun for example_external_task_marker_child to None
[2024-06-06 19:50:59,579] {logging_mixin.py:104} INFO - [2024-06-06 19:50:59,579] {dag.py:2280} INFO - Setting next_dagrun for example_external_task_marker_parent to None
[2024-06-06 19:50:59,593] {scheduler_job.py:190} INFO - Processing /home/airflow/.local/lib/python3.6/site-packages/airflow/example_dags/example_external_task_marker_dag.py took 0.082 seconds
[2024-06-06 19:51:29,885] {scheduler_job.py:182} INFO - Started process (PID=130) to work on /home/airflow/.local/lib/python3.6/site-packages/airflow/example_dags/example_external_task_marker_dag.py
[2024-06-06 19:51:29,886] {scheduler_job.py:629} INFO - Processing file /home/airflow/.local/lib/python3.6/site-packages/airflow/example_dags/example_external_task_marker_dag.py for tasks to queue
[2024-06-06 19:51:29,886] {logging_mixin.py:104} INFO - [2024-06-06 19:51:29,886] {dagbag.py:451} INFO - Filling up the DagBag from /home/airflow/.local/lib/python3.6/site-packages/airflow/example_dags/example_external_task_marker_dag.py
[2024-06-06 19:51:29,899] {scheduler_job.py:639} INFO - DAG(s) dict_keys(['example_external_task_marker_parent', 'example_external_task_marker_child']) retrieved from /home/airflow/.local/lib/python3.6/site-packages/airflow/example_dags/example_external_task_marker_dag.py
[2024-06-06 19:51:29,929] {logging_mixin.py:104} INFO - [2024-06-06 19:51:29,929] {dag.py:1824} INFO - Sync 2 DAGs
[2024-06-06 19:51:29,949] {logging_mixin.py:104} INFO - [2024-06-06 19:51:29,949] {dag.py:2280} INFO - Setting next_dagrun for example_external_task_marker_child to None
[2024-06-06 19:51:29,950] {logging_mixin.py:104} INFO - [2024-06-06 19:51:29,950] {dag.py:2280} INFO - Setting next_dagrun for example_external_task_marker_parent to None
[2024-06-06 19:51:29,967] {scheduler_job.py:190} INFO - Processing /home/airflow/.local/lib/python3.6/site-packages/airflow/example_dags/example_external_task_marker_dag.py took 0.086 seconds
[2024-06-06 19:52:00,305] {scheduler_job.py:182} INFO - Started process (PID=157) to work on /home/airflow/.local/lib/python3.6/site-packages/airflow/example_dags/example_external_task_marker_dag.py
[2024-06-06 19:52:00,306] {scheduler_job.py:629} INFO - Processing file /home/airflow/.local/lib/python3.6/site-packages/airflow/example_dags/example_external_task_marker_dag.py for tasks to queue
[2024-06-06 19:52:00,306] {logging_mixin.py:104} INFO - [2024-06-06 19:52:00,306] {dagbag.py:451} INFO - Filling up the DagBag from /home/airflow/.local/lib/python3.6/site-packages/airflow/example_dags/example_external_task_marker_dag.py
[2024-06-06 19:52:00,320] {scheduler_job.py:639} INFO - DAG(s) dict_keys(['example_external_task_marker_parent', 'example_external_task_marker_child']) retrieved from /home/airflow/.local/lib/python3.6/site-packages/airflow/example_dags/example_external_task_marker_dag.py
[2024-06-06 19:52:00,356] {logging_mixin.py:104} INFO - [2024-06-06 19:52:00,356] {dag.py:1824} INFO - Sync 2 DAGs
[2024-06-06 19:52:00,373] {logging_mixin.py:104} INFO - [2024-06-06 19:52:00,373] {dag.py:2280} INFO - Setting next_dagrun for example_external_task_marker_child to None
[2024-06-06 19:52:00,374] {logging_mixin.py:104} INFO - [2024-06-06 19:52:00,374] {dag.py:2280} INFO - Setting next_dagrun for example_external_task_marker_parent to None
[2024-06-06 19:52:00,394] {scheduler_job.py:190} INFO - Processing /home/airflow/.local/lib/python3.6/site-packages/airflow/example_dags/example_external_task_marker_dag.py took 0.093 seconds
[2024-06-06 19:52:30,798] {scheduler_job.py:182} INFO - Started process (PID=182) to work on /home/airflow/.local/lib/python3.6/site-packages/airflow/example_dags/example_external_task_marker_dag.py
[2024-06-06 19:52:30,800] {scheduler_job.py:629} INFO - Processing file /home/airflow/.local/lib/python3.6/site-packages/airflow/example_dags/example_external_task_marker_dag.py for tasks to queue
[2024-06-06 19:52:30,800] {logging_mixin.py:104} INFO - [2024-06-06 19:52:30,800] {dagbag.py:451} INFO - Filling up the DagBag from /home/airflow/.local/lib/python3.6/site-packages/airflow/example_dags/example_external_task_marker_dag.py
[2024-06-06 19:52:30,813] {scheduler_job.py:639} INFO - DAG(s) dict_keys(['example_external_task_marker_parent', 'example_external_task_marker_child']) retrieved from /home/airflow/.local/lib/python3.6/site-packages/airflow/example_dags/example_external_task_marker_dag.py
[2024-06-06 19:52:30,848] {logging_mixin.py:104} INFO - [2024-06-06 19:52:30,848] {dag.py:1824} INFO - Sync 2 DAGs
[2024-06-06 19:52:30,864] {logging_mixin.py:104} INFO - [2024-06-06 19:52:30,863] {dag.py:2280} INFO - Setting next_dagrun for example_external_task_marker_child to None
[2024-06-06 19:52:30,864] {logging_mixin.py:104} INFO - [2024-06-06 19:52:30,864] {dag.py:2280} INFO - Setting next_dagrun for example_external_task_marker_parent to None
[2024-06-06 19:52:30,879] {scheduler_job.py:190} INFO - Processing /home/airflow/.local/lib/python3.6/site-packages/airflow/example_dags/example_external_task_marker_dag.py took 0.085 seconds
[2024-06-06 19:53:01,108] {scheduler_job.py:182} INFO - Started process (PID=206) to work on /home/airflow/.local/lib/python3.6/site-packages/airflow/example_dags/example_external_task_marker_dag.py
[2024-06-06 19:53:01,109] {scheduler_job.py:629} INFO - Processing file /home/airflow/.local/lib/python3.6/site-packages/airflow/example_dags/example_external_task_marker_dag.py for tasks to queue
[2024-06-06 19:53:01,109] {logging_mixin.py:104} INFO - [2024-06-06 19:53:01,109] {dagbag.py:451} INFO - Filling up the DagBag from /home/airflow/.local/lib/python3.6/site-packages/airflow/example_dags/example_external_task_marker_dag.py
[2024-06-06 19:53:01,122] {scheduler_job.py:639} INFO - DAG(s) dict_keys(['example_external_task_marker_parent', 'example_external_task_marker_child']) retrieved from /home/airflow/.local/lib/python3.6/site-packages/airflow/example_dags/example_external_task_marker_dag.py
[2024-06-06 19:53:01,157] {logging_mixin.py:104} INFO - [2024-06-06 19:53:01,157] {dag.py:1824} INFO - Sync 2 DAGs
[2024-06-06 19:53:01,172] {logging_mixin.py:104} INFO - [2024-06-06 19:53:01,172] {dag.py:2280} INFO - Setting next_dagrun for example_external_task_marker_child to None
[2024-06-06 19:53:01,173] {logging_mixin.py:104} INFO - [2024-06-06 19:53:01,173] {dag.py:2280} INFO - Setting next_dagrun for example_external_task_marker_parent to None
[2024-06-06 19:53:01,188] {scheduler_job.py:190} INFO - Processing /home/airflow/.local/lib/python3.6/site-packages/airflow/example_dags/example_external_task_marker_dag.py took 0.084 seconds
[2024-06-06 19:53:31,548] {scheduler_job.py:182} INFO - Started process (PID=231) to work on /home/airflow/.local/lib/python3.6/site-packages/airflow/example_dags/example_external_task_marker_dag.py
[2024-06-06 19:53:31,549] {scheduler_job.py:629} INFO - Processing file /home/airflow/.local/lib/python3.6/site-packages/airflow/example_dags/example_external_task_marker_dag.py for tasks to queue
[2024-06-06 19:53:31,549] {logging_mixin.py:104} INFO - [2024-06-06 19:53:31,549] {dagbag.py:451} INFO - Filling up the DagBag from /home/airflow/.local/lib/python3.6/site-packages/airflow/example_dags/example_external_task_marker_dag.py
[2024-06-06 19:53:31,561] {scheduler_job.py:639} INFO - DAG(s) dict_keys(['example_external_task_marker_parent', 'example_external_task_marker_child']) retrieved from /home/airflow/.local/lib/python3.6/site-packages/airflow/example_dags/example_external_task_marker_dag.py
[2024-06-06 19:53:31,596] {logging_mixin.py:104} INFO - [2024-06-06 19:53:31,595] {dag.py:1824} INFO - Sync 2 DAGs
[2024-06-06 19:53:31,611] {logging_mixin.py:104} INFO - [2024-06-06 19:53:31,611] {dag.py:2280} INFO - Setting next_dagrun for example_external_task_marker_child to None
[2024-06-06 19:53:31,612] {logging_mixin.py:104} INFO - [2024-06-06 19:53:31,612] {dag.py:2280} INFO - Setting next_dagrun for example_external_task_marker_parent to None
[2024-06-06 19:53:31,626] {scheduler_job.py:190} INFO - Processing /home/airflow/.local/lib/python3.6/site-packages/airflow/example_dags/example_external_task_marker_dag.py took 0.081 seconds
[2024-06-06 19:54:02,205] {scheduler_job.py:182} INFO - Started process (PID=260) to work on /home/airflow/.local/lib/python3.6/site-packages/airflow/example_dags/example_external_task_marker_dag.py
[2024-06-06 19:54:02,206] {scheduler_job.py:629} INFO - Processing file /home/airflow/.local/lib/python3.6/site-packages/airflow/example_dags/example_external_task_marker_dag.py for tasks to queue
[2024-06-06 19:54:02,207] {logging_mixin.py:104} INFO - [2024-06-06 19:54:02,207] {dagbag.py:451} INFO - Filling up the DagBag from /home/airflow/.local/lib/python3.6/site-packages/airflow/example_dags/example_external_task_marker_dag.py
[2024-06-06 19:54:02,220] {scheduler_job.py:639} INFO - DAG(s) dict_keys(['example_external_task_marker_parent', 'example_external_task_marker_child']) retrieved from /home/airflow/.local/lib/python3.6/site-packages/airflow/example_dags/example_external_task_marker_dag.py
[2024-06-06 19:54:02,261] {logging_mixin.py:104} INFO - [2024-06-06 19:54:02,260] {dag.py:1824} INFO - Sync 2 DAGs
[2024-06-06 19:54:02,282] {logging_mixin.py:104} INFO - [2024-06-06 19:54:02,281] {dag.py:2280} INFO - Setting next_dagrun for example_external_task_marker_child to None
[2024-06-06 19:54:02,283] {logging_mixin.py:104} INFO - [2024-06-06 19:54:02,283] {dag.py:2280} INFO - Setting next_dagrun for example_external_task_marker_parent to None
[2024-06-06 19:54:02,307] {scheduler_job.py:190} INFO - Processing /home/airflow/.local/lib/python3.6/site-packages/airflow/example_dags/example_external_task_marker_dag.py took 0.105 seconds
[2024-06-06 19:54:32,650] {scheduler_job.py:182} INFO - Started process (PID=286) to work on /home/airflow/.local/lib/python3.6/site-packages/airflow/example_dags/example_external_task_marker_dag.py
[2024-06-06 19:54:32,651] {scheduler_job.py:629} INFO - Processing file /home/airflow/.local/lib/python3.6/site-packages/airflow/example_dags/example_external_task_marker_dag.py for tasks to queue
[2024-06-06 19:54:32,652] {logging_mixin.py:104} INFO - [2024-06-06 19:54:32,652] {dagbag.py:451} INFO - Filling up the DagBag from /home/airflow/.local/lib/python3.6/site-packages/airflow/example_dags/example_external_task_marker_dag.py
[2024-06-06 19:54:32,665] {scheduler_job.py:639} INFO - DAG(s) dict_keys(['example_external_task_marker_parent', 'example_external_task_marker_child']) retrieved from /home/airflow/.local/lib/python3.6/site-packages/airflow/example_dags/example_external_task_marker_dag.py
[2024-06-06 19:54:32,695] {logging_mixin.py:104} INFO - [2024-06-06 19:54:32,695] {dag.py:1824} INFO - Sync 2 DAGs
[2024-06-06 19:54:32,714] {logging_mixin.py:104} INFO - [2024-06-06 19:54:32,713] {dag.py:2280} INFO - Setting next_dagrun for example_external_task_marker_child to None
[2024-06-06 19:54:32,715] {logging_mixin.py:104} INFO - [2024-06-06 19:54:32,715] {dag.py:2280} INFO - Setting next_dagrun for example_external_task_marker_parent to None
[2024-06-06 19:54:32,729] {scheduler_job.py:190} INFO - Processing /home/airflow/.local/lib/python3.6/site-packages/airflow/example_dags/example_external_task_marker_dag.py took 0.082 seconds
[2024-06-06 19:55:02,866] {scheduler_job.py:182} INFO - Started process (PID=308) to work on /home/airflow/.local/lib/python3.6/site-packages/airflow/example_dags/example_external_task_marker_dag.py
[2024-06-06 19:55:02,868] {scheduler_job.py:629} INFO - Processing file /home/airflow/.local/lib/python3.6/site-packages/airflow/example_dags/example_external_task_marker_dag.py for tasks to queue
[2024-06-06 19:55:02,868] {logging_mixin.py:104} INFO - [2024-06-06 19:55:02,868] {dagbag.py:451} INFO - Filling up the DagBag from /home/airflow/.local/lib/python3.6/site-packages/airflow/example_dags/example_external_task_marker_dag.py
[2024-06-06 19:55:02,887] {scheduler_job.py:639} INFO - DAG(s) dict_keys(['example_external_task_marker_parent', 'example_external_task_marker_child']) retrieved from /home/airflow/.local/lib/python3.6/site-packages/airflow/example_dags/example_external_task_marker_dag.py
[2024-06-06 19:55:02,921] {logging_mixin.py:104} INFO - [2024-06-06 19:55:02,920] {dag.py:1824} INFO - Sync 2 DAGs
[2024-06-06 19:55:02,941] {logging_mixin.py:104} INFO - [2024-06-06 19:55:02,941] {dag.py:2280} INFO - Setting next_dagrun for example_external_task_marker_child to None
[2024-06-06 19:55:02,942] {logging_mixin.py:104} INFO - [2024-06-06 19:55:02,942] {dag.py:2280} INFO - Setting next_dagrun for example_external_task_marker_parent to None
[2024-06-06 19:55:02,961] {scheduler_job.py:190} INFO - Processing /home/airflow/.local/lib/python3.6/site-packages/airflow/example_dags/example_external_task_marker_dag.py took 0.098 seconds
[2024-06-06 19:55:33,504] {scheduler_job.py:182} INFO - Started process (PID=358) to work on /home/airflow/.local/lib/python3.6/site-packages/airflow/example_dags/example_external_task_marker_dag.py
[2024-06-06 19:55:33,506] {scheduler_job.py:629} INFO - Processing file /home/airflow/.local/lib/python3.6/site-packages/airflow/example_dags/example_external_task_marker_dag.py for tasks to queue
[2024-06-06 19:55:33,506] {logging_mixin.py:104} INFO - [2024-06-06 19:55:33,506] {dagbag.py:451} INFO - Filling up the DagBag from /home/airflow/.local/lib/python3.6/site-packages/airflow/example_dags/example_external_task_marker_dag.py
[2024-06-06 19:55:33,524] {scheduler_job.py:639} INFO - DAG(s) dict_keys(['example_external_task_marker_parent', 'example_external_task_marker_child']) retrieved from /home/airflow/.local/lib/python3.6/site-packages/airflow/example_dags/example_external_task_marker_dag.py
[2024-06-06 19:55:33,554] {logging_mixin.py:104} INFO - [2024-06-06 19:55:33,554] {dag.py:1824} INFO - Sync 2 DAGs
[2024-06-06 19:55:33,570] {logging_mixin.py:104} INFO - [2024-06-06 19:55:33,570] {dag.py:2280} INFO - Setting next_dagrun for example_external_task_marker_child to None
[2024-06-06 19:55:33,571] {logging_mixin.py:104} INFO - [2024-06-06 19:55:33,571] {dag.py:2280} INFO - Setting next_dagrun for example_external_task_marker_parent to None
[2024-06-06 19:55:33,590] {scheduler_job.py:190} INFO - Processing /home/airflow/.local/lib/python3.6/site-packages/airflow/example_dags/example_external_task_marker_dag.py took 0.089 seconds
[2024-06-06 19:56:04,074] {scheduler_job.py:182} INFO - Started process (PID=383) to work on /home/airflow/.local/lib/python3.6/site-packages/airflow/example_dags/example_external_task_marker_dag.py
[2024-06-06 19:56:04,074] {scheduler_job.py:629} INFO - Processing file /home/airflow/.local/lib/python3.6/site-packages/airflow/example_dags/example_external_task_marker_dag.py for tasks to queue
[2024-06-06 19:56:04,075] {logging_mixin.py:104} INFO - [2024-06-06 19:56:04,075] {dagbag.py:451} INFO - Filling up the DagBag from /home/airflow/.local/lib/python3.6/site-packages/airflow/example_dags/example_external_task_marker_dag.py
[2024-06-06 19:56:04,089] {scheduler_job.py:639} INFO - DAG(s) dict_keys(['example_external_task_marker_parent', 'example_external_task_marker_child']) retrieved from /home/airflow/.local/lib/python3.6/site-packages/airflow/example_dags/example_external_task_marker_dag.py
[2024-06-06 19:56:04,117] {logging_mixin.py:104} INFO - [2024-06-06 19:56:04,117] {dag.py:1824} INFO - Sync 2 DAGs
[2024-06-06 19:56:04,129] {logging_mixin.py:104} INFO - [2024-06-06 19:56:04,129] {dag.py:2280} INFO - Setting next_dagrun for example_external_task_marker_child to None
[2024-06-06 19:56:04,130] {logging_mixin.py:104} INFO - [2024-06-06 19:56:04,130] {dag.py:2280} INFO - Setting next_dagrun for example_external_task_marker_parent to None
[2024-06-06 19:56:04,141] {scheduler_job.py:190} INFO - Processing /home/airflow/.local/lib/python3.6/site-packages/airflow/example_dags/example_external_task_marker_dag.py took 0.071 seconds
[2024-06-06 19:56:34,616] {scheduler_job.py:182} INFO - Started process (PID=409) to work on /home/airflow/.local/lib/python3.6/site-packages/airflow/example_dags/example_external_task_marker_dag.py
[2024-06-06 19:56:34,617] {scheduler_job.py:629} INFO - Processing file /home/airflow/.local/lib/python3.6/site-packages/airflow/example_dags/example_external_task_marker_dag.py for tasks to queue
[2024-06-06 19:56:34,618] {logging_mixin.py:104} INFO - [2024-06-06 19:56:34,618] {dagbag.py:451} INFO - Filling up the DagBag from /home/airflow/.local/lib/python3.6/site-packages/airflow/example_dags/example_external_task_marker_dag.py
[2024-06-06 19:56:34,634] {scheduler_job.py:639} INFO - DAG(s) dict_keys(['example_external_task_marker_parent', 'example_external_task_marker_child']) retrieved from /home/airflow/.local/lib/python3.6/site-packages/airflow/example_dags/example_external_task_marker_dag.py
[2024-06-06 19:56:34,665] {logging_mixin.py:104} INFO - [2024-06-06 19:56:34,665] {dag.py:1824} INFO - Sync 2 DAGs
[2024-06-06 19:56:34,681] {logging_mixin.py:104} INFO - [2024-06-06 19:56:34,681] {dag.py:2280} INFO - Setting next_dagrun for example_external_task_marker_child to None
[2024-06-06 19:56:34,682] {logging_mixin.py:104} INFO - [2024-06-06 19:56:34,681] {dag.py:2280} INFO - Setting next_dagrun for example_external_task_marker_parent to None
[2024-06-06 19:56:34,696] {scheduler_job.py:190} INFO - Processing /home/airflow/.local/lib/python3.6/site-packages/airflow/example_dags/example_external_task_marker_dag.py took 0.084 seconds
[2024-06-06 19:57:05,530] {scheduler_job.py:182} INFO - Started process (PID=441) to work on /home/airflow/.local/lib/python3.6/site-packages/airflow/example_dags/example_external_task_marker_dag.py
[2024-06-06 19:57:05,535] {scheduler_job.py:629} INFO - Processing file /home/airflow/.local/lib/python3.6/site-packages/airflow/example_dags/example_external_task_marker_dag.py for tasks to queue
[2024-06-06 19:57:05,535] {logging_mixin.py:104} INFO - [2024-06-06 19:57:05,535] {dagbag.py:451} INFO - Filling up the DagBag from /home/airflow/.local/lib/python3.6/site-packages/airflow/example_dags/example_external_task_marker_dag.py
[2024-06-06 19:57:05,542] {scheduler_job.py:639} INFO - DAG(s) dict_keys(['example_external_task_marker_parent', 'example_external_task_marker_child']) retrieved from /home/airflow/.local/lib/python3.6/site-packages/airflow/example_dags/example_external_task_marker_dag.py
[2024-06-06 19:57:05,564] {logging_mixin.py:104} INFO - [2024-06-06 19:57:05,564] {dag.py:1824} INFO - Sync 2 DAGs
[2024-06-06 19:57:05,589] {logging_mixin.py:104} INFO - [2024-06-06 19:57:05,589] {dag.py:2280} INFO - Setting next_dagrun for example_external_task_marker_child to None
[2024-06-06 19:57:05,591] {logging_mixin.py:104} INFO - [2024-06-06 19:57:05,591] {dag.py:2280} INFO - Setting next_dagrun for example_external_task_marker_parent to None
[2024-06-06 19:57:05,623] {scheduler_job.py:190} INFO - Processing /home/airflow/.local/lib/python3.6/site-packages/airflow/example_dags/example_external_task_marker_dag.py took 0.095 seconds
[2024-06-06 19:57:36,236] {scheduler_job.py:182} INFO - Started process (PID=469) to work on /home/airflow/.local/lib/python3.6/site-packages/airflow/example_dags/example_external_task_marker_dag.py
[2024-06-06 19:57:36,237] {scheduler_job.py:629} INFO - Processing file /home/airflow/.local/lib/python3.6/site-packages/airflow/example_dags/example_external_task_marker_dag.py for tasks to queue
[2024-06-06 19:57:36,237] {logging_mixin.py:104} INFO - [2024-06-06 19:57:36,237] {dagbag.py:451} INFO - Filling up the DagBag from /home/airflow/.local/lib/python3.6/site-packages/airflow/example_dags/example_external_task_marker_dag.py
[2024-06-06 19:57:36,250] {scheduler_job.py:639} INFO - DAG(s) dict_keys(['example_external_task_marker_parent', 'example_external_task_marker_child']) retrieved from /home/airflow/.local/lib/python3.6/site-packages/airflow/example_dags/example_external_task_marker_dag.py
[2024-06-06 19:57:36,278] {logging_mixin.py:104} INFO - [2024-06-06 19:57:36,278] {dag.py:1824} INFO - Sync 2 DAGs
[2024-06-06 19:57:36,295] {logging_mixin.py:104} INFO - [2024-06-06 19:57:36,295] {dag.py:2280} INFO - Setting next_dagrun for example_external_task_marker_child to None
[2024-06-06 19:57:36,296] {logging_mixin.py:104} INFO - [2024-06-06 19:57:36,296] {dag.py:2280} INFO - Setting next_dagrun for example_external_task_marker_parent to None
[2024-06-06 19:57:36,308] {scheduler_job.py:190} INFO - Processing /home/airflow/.local/lib/python3.6/site-packages/airflow/example_dags/example_external_task_marker_dag.py took 0.075 seconds
[2024-06-06 19:58:06,708] {scheduler_job.py:182} INFO - Started process (PID=495) to work on /home/airflow/.local/lib/python3.6/site-packages/airflow/example_dags/example_external_task_marker_dag.py
[2024-06-06 19:58:06,710] {scheduler_job.py:629} INFO - Processing file /home/airflow/.local/lib/python3.6/site-packages/airflow/example_dags/example_external_task_marker_dag.py for tasks to queue
[2024-06-06 19:58:06,710] {logging_mixin.py:104} INFO - [2024-06-06 19:58:06,710] {dagbag.py:451} INFO - Filling up the DagBag from /home/airflow/.local/lib/python3.6/site-packages/airflow/example_dags/example_external_task_marker_dag.py
[2024-06-06 19:58:06,725] {scheduler_job.py:639} INFO - DAG(s) dict_keys(['example_external_task_marker_parent', 'example_external_task_marker_child']) retrieved from /home/airflow/.local/lib/python3.6/site-packages/airflow/example_dags/example_external_task_marker_dag.py
[2024-06-06 19:58:06,768] {logging_mixin.py:104} INFO - [2024-06-06 19:58:06,768] {dag.py:1824} INFO - Sync 2 DAGs
[2024-06-06 19:58:06,800] {logging_mixin.py:104} INFO - [2024-06-06 19:58:06,799] {dag.py:2280} INFO - Setting next_dagrun for example_external_task_marker_child to None
[2024-06-06 19:58:06,801] {logging_mixin.py:104} INFO - [2024-06-06 19:58:06,801] {dag.py:2280} INFO - Setting next_dagrun for example_external_task_marker_parent to None
[2024-06-06 19:58:06,822] {scheduler_job.py:190} INFO - Processing /home/airflow/.local/lib/python3.6/site-packages/airflow/example_dags/example_external_task_marker_dag.py took 0.118 seconds
[2024-06-06 19:58:37,487] {scheduler_job.py:182} INFO - Started process (PID=523) to work on /home/airflow/.local/lib/python3.6/site-packages/airflow/example_dags/example_external_task_marker_dag.py
[2024-06-06 19:58:37,488] {scheduler_job.py:629} INFO - Processing file /home/airflow/.local/lib/python3.6/site-packages/airflow/example_dags/example_external_task_marker_dag.py for tasks to queue
[2024-06-06 19:58:37,488] {logging_mixin.py:104} INFO - [2024-06-06 19:58:37,488] {dagbag.py:451} INFO - Filling up the DagBag from /home/airflow/.local/lib/python3.6/site-packages/airflow/example_dags/example_external_task_marker_dag.py
[2024-06-06 19:58:37,500] {scheduler_job.py:639} INFO - DAG(s) dict_keys(['example_external_task_marker_parent', 'example_external_task_marker_child']) retrieved from /home/airflow/.local/lib/python3.6/site-packages/airflow/example_dags/example_external_task_marker_dag.py
[2024-06-06 19:58:37,530] {logging_mixin.py:104} INFO - [2024-06-06 19:58:37,530] {dag.py:1824} INFO - Sync 2 DAGs
[2024-06-06 19:58:37,546] {logging_mixin.py:104} INFO - [2024-06-06 19:58:37,546] {dag.py:2280} INFO - Setting next_dagrun for example_external_task_marker_child to None
[2024-06-06 19:58:37,547] {logging_mixin.py:104} INFO - [2024-06-06 19:58:37,547] {dag.py:2280} INFO - Setting next_dagrun for example_external_task_marker_parent to None
[2024-06-06 19:58:37,565] {scheduler_job.py:190} INFO - Processing /home/airflow/.local/lib/python3.6/site-packages/airflow/example_dags/example_external_task_marker_dag.py took 0.082 seconds
[2024-06-06 19:59:07,930] {scheduler_job.py:182} INFO - Started process (PID=549) to work on /home/airflow/.local/lib/python3.6/site-packages/airflow/example_dags/example_external_task_marker_dag.py
[2024-06-06 19:59:07,931] {scheduler_job.py:629} INFO - Processing file /home/airflow/.local/lib/python3.6/site-packages/airflow/example_dags/example_external_task_marker_dag.py for tasks to queue
[2024-06-06 19:59:07,932] {logging_mixin.py:104} INFO - [2024-06-06 19:59:07,932] {dagbag.py:451} INFO - Filling up the DagBag from /home/airflow/.local/lib/python3.6/site-packages/airflow/example_dags/example_external_task_marker_dag.py
[2024-06-06 19:59:07,948] {scheduler_job.py:639} INFO - DAG(s) dict_keys(['example_external_task_marker_parent', 'example_external_task_marker_child']) retrieved from /home/airflow/.local/lib/python3.6/site-packages/airflow/example_dags/example_external_task_marker_dag.py
[2024-06-06 19:59:07,991] {logging_mixin.py:104} INFO - [2024-06-06 19:59:07,991] {dag.py:1824} INFO - Sync 2 DAGs
[2024-06-06 19:59:08,019] {logging_mixin.py:104} INFO - [2024-06-06 19:59:08,018] {dag.py:2280} INFO - Setting next_dagrun for example_external_task_marker_child to None
[2024-06-06 19:59:08,020] {logging_mixin.py:104} INFO - [2024-06-06 19:59:08,020] {dag.py:2280} INFO - Setting next_dagrun for example_external_task_marker_parent to None
[2024-06-06 19:59:08,043] {scheduler_job.py:190} INFO - Processing /home/airflow/.local/lib/python3.6/site-packages/airflow/example_dags/example_external_task_marker_dag.py took 0.117 seconds
[2024-06-06 19:59:38,282] {scheduler_job.py:182} INFO - Started process (PID=568) to work on /home/airflow/.local/lib/python3.6/site-packages/airflow/example_dags/example_external_task_marker_dag.py
[2024-06-06 19:59:38,283] {scheduler_job.py:629} INFO - Processing file /home/airflow/.local/lib/python3.6/site-packages/airflow/example_dags/example_external_task_marker_dag.py for tasks to queue
[2024-06-06 19:59:38,284] {logging_mixin.py:104} INFO - [2024-06-06 19:59:38,284] {dagbag.py:451} INFO - Filling up the DagBag from /home/airflow/.local/lib/python3.6/site-packages/airflow/example_dags/example_external_task_marker_dag.py
[2024-06-06 19:59:38,297] {scheduler_job.py:639} INFO - DAG(s) dict_keys(['example_external_task_marker_parent', 'example_external_task_marker_child']) retrieved from /home/airflow/.local/lib/python3.6/site-packages/airflow/example_dags/example_external_task_marker_dag.py
[2024-06-06 19:59:38,326] {logging_mixin.py:104} INFO - [2024-06-06 19:59:38,326] {dag.py:1824} INFO - Sync 2 DAGs
[2024-06-06 19:59:38,342] {logging_mixin.py:104} INFO - [2024-06-06 19:59:38,342] {dag.py:2280} INFO - Setting next_dagrun for example_external_task_marker_child to None
[2024-06-06 19:59:38,343] {logging_mixin.py:104} INFO - [2024-06-06 19:59:38,343] {dag.py:2280} INFO - Setting next_dagrun for example_external_task_marker_parent to None
[2024-06-06 19:59:38,357] {scheduler_job.py:190} INFO - Processing /home/airflow/.local/lib/python3.6/site-packages/airflow/example_dags/example_external_task_marker_dag.py took 0.078 seconds
[2024-06-06 20:00:08,800] {scheduler_job.py:182} INFO - Started process (PID=596) to work on /home/airflow/.local/lib/python3.6/site-packages/airflow/example_dags/example_external_task_marker_dag.py
[2024-06-06 20:00:08,802] {scheduler_job.py:629} INFO - Processing file /home/airflow/.local/lib/python3.6/site-packages/airflow/example_dags/example_external_task_marker_dag.py for tasks to queue
[2024-06-06 20:00:08,802] {logging_mixin.py:104} INFO - [2024-06-06 20:00:08,802] {dagbag.py:451} INFO - Filling up the DagBag from /home/airflow/.local/lib/python3.6/site-packages/airflow/example_dags/example_external_task_marker_dag.py
[2024-06-06 20:00:08,816] {scheduler_job.py:639} INFO - DAG(s) dict_keys(['example_external_task_marker_parent', 'example_external_task_marker_child']) retrieved from /home/airflow/.local/lib/python3.6/site-packages/airflow/example_dags/example_external_task_marker_dag.py
[2024-06-06 20:00:08,846] {logging_mixin.py:104} INFO - [2024-06-06 20:00:08,846] {dag.py:1824} INFO - Sync 2 DAGs
[2024-06-06 20:00:08,864] {logging_mixin.py:104} INFO - [2024-06-06 20:00:08,864] {dag.py:2280} INFO - Setting next_dagrun for example_external_task_marker_child to None
[2024-06-06 20:00:08,865] {logging_mixin.py:104} INFO - [2024-06-06 20:00:08,865] {dag.py:2280} INFO - Setting next_dagrun for example_external_task_marker_parent to None
[2024-06-06 20:00:08,879] {scheduler_job.py:190} INFO - Processing /home/airflow/.local/lib/python3.6/site-packages/airflow/example_dags/example_external_task_marker_dag.py took 0.082 seconds
[2024-06-06 20:00:39,129] {scheduler_job.py:182} INFO - Started process (PID=622) to work on /home/airflow/.local/lib/python3.6/site-packages/airflow/example_dags/example_external_task_marker_dag.py
[2024-06-06 20:00:39,130] {scheduler_job.py:629} INFO - Processing file /home/airflow/.local/lib/python3.6/site-packages/airflow/example_dags/example_external_task_marker_dag.py for tasks to queue
[2024-06-06 20:00:39,130] {logging_mixin.py:104} INFO - [2024-06-06 20:00:39,130] {dagbag.py:451} INFO - Filling up the DagBag from /home/airflow/.local/lib/python3.6/site-packages/airflow/example_dags/example_external_task_marker_dag.py
[2024-06-06 20:00:39,144] {scheduler_job.py:639} INFO - DAG(s) dict_keys(['example_external_task_marker_parent', 'example_external_task_marker_child']) retrieved from /home/airflow/.local/lib/python3.6/site-packages/airflow/example_dags/example_external_task_marker_dag.py
[2024-06-06 20:00:39,180] {logging_mixin.py:104} INFO - [2024-06-06 20:00:39,180] {dag.py:1824} INFO - Sync 2 DAGs
[2024-06-06 20:00:39,201] {logging_mixin.py:104} INFO - [2024-06-06 20:00:39,201] {dag.py:2280} INFO - Setting next_dagrun for example_external_task_marker_child to None
[2024-06-06 20:00:39,202] {logging_mixin.py:104} INFO - [2024-06-06 20:00:39,202] {dag.py:2280} INFO - Setting next_dagrun for example_external_task_marker_parent to None
[2024-06-06 20:00:39,219] {scheduler_job.py:190} INFO - Processing /home/airflow/.local/lib/python3.6/site-packages/airflow/example_dags/example_external_task_marker_dag.py took 0.094 seconds
[2024-06-06 20:01:09,376] {scheduler_job.py:182} INFO - Started process (PID=645) to work on /home/airflow/.local/lib/python3.6/site-packages/airflow/example_dags/example_external_task_marker_dag.py
[2024-06-06 20:01:09,377] {scheduler_job.py:629} INFO - Processing file /home/airflow/.local/lib/python3.6/site-packages/airflow/example_dags/example_external_task_marker_dag.py for tasks to queue
[2024-06-06 20:01:09,378] {logging_mixin.py:104} INFO - [2024-06-06 20:01:09,378] {dagbag.py:451} INFO - Filling up the DagBag from /home/airflow/.local/lib/python3.6/site-packages/airflow/example_dags/example_external_task_marker_dag.py
[2024-06-06 20:01:09,395] {scheduler_job.py:639} INFO - DAG(s) dict_keys(['example_external_task_marker_parent', 'example_external_task_marker_child']) retrieved from /home/airflow/.local/lib/python3.6/site-packages/airflow/example_dags/example_external_task_marker_dag.py
[2024-06-06 20:01:09,431] {logging_mixin.py:104} INFO - [2024-06-06 20:01:09,431] {dag.py:1824} INFO - Sync 2 DAGs
[2024-06-06 20:01:09,446] {logging_mixin.py:104} INFO - [2024-06-06 20:01:09,446] {dag.py:2280} INFO - Setting next_dagrun for example_external_task_marker_child to None
[2024-06-06 20:01:09,447] {logging_mixin.py:104} INFO - [2024-06-06 20:01:09,447] {dag.py:2280} INFO - Setting next_dagrun for example_external_task_marker_parent to None
[2024-06-06 20:01:09,460] {scheduler_job.py:190} INFO - Processing /home/airflow/.local/lib/python3.6/site-packages/airflow/example_dags/example_external_task_marker_dag.py took 0.088 seconds
[2024-06-06 20:01:39,858] {scheduler_job.py:182} INFO - Started process (PID=674) to work on /home/airflow/.local/lib/python3.6/site-packages/airflow/example_dags/example_external_task_marker_dag.py
[2024-06-06 20:01:39,859] {scheduler_job.py:629} INFO - Processing file /home/airflow/.local/lib/python3.6/site-packages/airflow/example_dags/example_external_task_marker_dag.py for tasks to queue
[2024-06-06 20:01:39,860] {logging_mixin.py:104} INFO - [2024-06-06 20:01:39,860] {dagbag.py:451} INFO - Filling up the DagBag from /home/airflow/.local/lib/python3.6/site-packages/airflow/example_dags/example_external_task_marker_dag.py
[2024-06-06 20:01:39,874] {scheduler_job.py:639} INFO - DAG(s) dict_keys(['example_external_task_marker_parent', 'example_external_task_marker_child']) retrieved from /home/airflow/.local/lib/python3.6/site-packages/airflow/example_dags/example_external_task_marker_dag.py
[2024-06-06 20:01:39,908] {logging_mixin.py:104} INFO - [2024-06-06 20:01:39,908] {dag.py:1824} INFO - Sync 2 DAGs
[2024-06-06 20:01:39,926] {logging_mixin.py:104} INFO - [2024-06-06 20:01:39,926] {dag.py:2280} INFO - Setting next_dagrun for example_external_task_marker_child to None
[2024-06-06 20:01:39,927] {logging_mixin.py:104} INFO - [2024-06-06 20:01:39,927] {dag.py:2280} INFO - Setting next_dagrun for example_external_task_marker_parent to None
[2024-06-06 20:01:39,947] {scheduler_job.py:190} INFO - Processing /home/airflow/.local/lib/python3.6/site-packages/airflow/example_dags/example_external_task_marker_dag.py took 0.093 seconds
[2024-06-06 20:02:10,172] {scheduler_job.py:182} INFO - Started process (PID=697) to work on /home/airflow/.local/lib/python3.6/site-packages/airflow/example_dags/example_external_task_marker_dag.py
[2024-06-06 20:02:10,174] {scheduler_job.py:629} INFO - Processing file /home/airflow/.local/lib/python3.6/site-packages/airflow/example_dags/example_external_task_marker_dag.py for tasks to queue
[2024-06-06 20:02:10,175] {logging_mixin.py:104} INFO - [2024-06-06 20:02:10,175] {dagbag.py:451} INFO - Filling up the DagBag from /home/airflow/.local/lib/python3.6/site-packages/airflow/example_dags/example_external_task_marker_dag.py
[2024-06-06 20:02:10,187] {scheduler_job.py:639} INFO - DAG(s) dict_keys(['example_external_task_marker_parent', 'example_external_task_marker_child']) retrieved from /home/airflow/.local/lib/python3.6/site-packages/airflow/example_dags/example_external_task_marker_dag.py
[2024-06-06 20:02:10,217] {logging_mixin.py:104} INFO - [2024-06-06 20:02:10,217] {dag.py:1824} INFO - Sync 2 DAGs
[2024-06-06 20:02:10,232] {logging_mixin.py:104} INFO - [2024-06-06 20:02:10,232] {dag.py:2280} INFO - Setting next_dagrun for example_external_task_marker_child to None
[2024-06-06 20:02:10,233] {logging_mixin.py:104} INFO - [2024-06-06 20:02:10,233] {dag.py:2280} INFO - Setting next_dagrun for example_external_task_marker_parent to None
[2024-06-06 20:02:10,248] {scheduler_job.py:190} INFO - Processing /home/airflow/.local/lib/python3.6/site-packages/airflow/example_dags/example_external_task_marker_dag.py took 0.079 seconds
[2024-06-06 20:02:40,539] {scheduler_job.py:182} INFO - Started process (PID=723) to work on /home/airflow/.local/lib/python3.6/site-packages/airflow/example_dags/example_external_task_marker_dag.py
[2024-06-06 20:02:40,540] {scheduler_job.py:629} INFO - Processing file /home/airflow/.local/lib/python3.6/site-packages/airflow/example_dags/example_external_task_marker_dag.py for tasks to queue
[2024-06-06 20:02:40,541] {logging_mixin.py:104} INFO - [2024-06-06 20:02:40,541] {dagbag.py:451} INFO - Filling up the DagBag from /home/airflow/.local/lib/python3.6/site-packages/airflow/example_dags/example_external_task_marker_dag.py
[2024-06-06 20:02:40,553] {scheduler_job.py:639} INFO - DAG(s) dict_keys(['example_external_task_marker_parent', 'example_external_task_marker_child']) retrieved from /home/airflow/.local/lib/python3.6/site-packages/airflow/example_dags/example_external_task_marker_dag.py
[2024-06-06 20:02:40,581] {logging_mixin.py:104} INFO - [2024-06-06 20:02:40,580] {dag.py:1824} INFO - Sync 2 DAGs
[2024-06-06 20:02:40,597] {logging_mixin.py:104} INFO - [2024-06-06 20:02:40,596] {dag.py:2280} INFO - Setting next_dagrun for example_external_task_marker_child to None
[2024-06-06 20:02:40,597] {logging_mixin.py:104} INFO - [2024-06-06 20:02:40,597] {dag.py:2280} INFO - Setting next_dagrun for example_external_task_marker_parent to None
[2024-06-06 20:02:40,609] {scheduler_job.py:190} INFO - Processing /home/airflow/.local/lib/python3.6/site-packages/airflow/example_dags/example_external_task_marker_dag.py took 0.074 seconds
[2024-06-06 20:03:11,150] {scheduler_job.py:182} INFO - Started process (PID=751) to work on /home/airflow/.local/lib/python3.6/site-packages/airflow/example_dags/example_external_task_marker_dag.py
[2024-06-06 20:03:11,151] {scheduler_job.py:629} INFO - Processing file /home/airflow/.local/lib/python3.6/site-packages/airflow/example_dags/example_external_task_marker_dag.py for tasks to queue
[2024-06-06 20:03:11,152] {logging_mixin.py:104} INFO - [2024-06-06 20:03:11,152] {dagbag.py:451} INFO - Filling up the DagBag from /home/airflow/.local/lib/python3.6/site-packages/airflow/example_dags/example_external_task_marker_dag.py
[2024-06-06 20:03:11,166] {scheduler_job.py:639} INFO - DAG(s) dict_keys(['example_external_task_marker_parent', 'example_external_task_marker_child']) retrieved from /home/airflow/.local/lib/python3.6/site-packages/airflow/example_dags/example_external_task_marker_dag.py
[2024-06-06 20:03:11,193] {logging_mixin.py:104} INFO - [2024-06-06 20:03:11,193] {dag.py:1824} INFO - Sync 2 DAGs
[2024-06-06 20:03:11,210] {logging_mixin.py:104} INFO - [2024-06-06 20:03:11,210] {dag.py:2280} INFO - Setting next_dagrun for example_external_task_marker_child to None
[2024-06-06 20:03:11,211] {logging_mixin.py:104} INFO - [2024-06-06 20:03:11,211] {dag.py:2280} INFO - Setting next_dagrun for example_external_task_marker_parent to None
[2024-06-06 20:03:11,224] {scheduler_job.py:190} INFO - Processing /home/airflow/.local/lib/python3.6/site-packages/airflow/example_dags/example_external_task_marker_dag.py took 0.078 seconds
[2024-06-06 20:03:41,580] {scheduler_job.py:182} INFO - Started process (PID=778) to work on /home/airflow/.local/lib/python3.6/site-packages/airflow/example_dags/example_external_task_marker_dag.py
[2024-06-06 20:03:41,581] {scheduler_job.py:629} INFO - Processing file /home/airflow/.local/lib/python3.6/site-packages/airflow/example_dags/example_external_task_marker_dag.py for tasks to queue
[2024-06-06 20:03:41,582] {logging_mixin.py:104} INFO - [2024-06-06 20:03:41,582] {dagbag.py:451} INFO - Filling up the DagBag from /home/airflow/.local/lib/python3.6/site-packages/airflow/example_dags/example_external_task_marker_dag.py
[2024-06-06 20:03:41,596] {scheduler_job.py:639} INFO - DAG(s) dict_keys(['example_external_task_marker_parent', 'example_external_task_marker_child']) retrieved from /home/airflow/.local/lib/python3.6/site-packages/airflow/example_dags/example_external_task_marker_dag.py
[2024-06-06 20:03:41,632] {logging_mixin.py:104} INFO - [2024-06-06 20:03:41,632] {dag.py:1824} INFO - Sync 2 DAGs
[2024-06-06 20:03:41,651] {logging_mixin.py:104} INFO - [2024-06-06 20:03:41,651] {dag.py:2280} INFO - Setting next_dagrun for example_external_task_marker_child to None
[2024-06-06 20:03:41,652] {logging_mixin.py:104} INFO - [2024-06-06 20:03:41,652] {dag.py:2280} INFO - Setting next_dagrun for example_external_task_marker_parent to None
[2024-06-06 20:03:41,670] {scheduler_job.py:190} INFO - Processing /home/airflow/.local/lib/python3.6/site-packages/airflow/example_dags/example_external_task_marker_dag.py took 0.094 seconds
[2024-06-06 20:04:11,860] {scheduler_job.py:182} INFO - Started process (PID=801) to work on /home/airflow/.local/lib/python3.6/site-packages/airflow/example_dags/example_external_task_marker_dag.py
[2024-06-06 20:04:11,861] {scheduler_job.py:629} INFO - Processing file /home/airflow/.local/lib/python3.6/site-packages/airflow/example_dags/example_external_task_marker_dag.py for tasks to queue
[2024-06-06 20:04:11,862] {logging_mixin.py:104} INFO - [2024-06-06 20:04:11,862] {dagbag.py:451} INFO - Filling up the DagBag from /home/airflow/.local/lib/python3.6/site-packages/airflow/example_dags/example_external_task_marker_dag.py
[2024-06-06 20:04:11,874] {scheduler_job.py:639} INFO - DAG(s) dict_keys(['example_external_task_marker_parent', 'example_external_task_marker_child']) retrieved from /home/airflow/.local/lib/python3.6/site-packages/airflow/example_dags/example_external_task_marker_dag.py
[2024-06-06 20:04:11,902] {logging_mixin.py:104} INFO - [2024-06-06 20:04:11,902] {dag.py:1824} INFO - Sync 2 DAGs
[2024-06-06 20:04:11,919] {logging_mixin.py:104} INFO - [2024-06-06 20:04:11,918] {dag.py:2280} INFO - Setting next_dagrun for example_external_task_marker_child to None
[2024-06-06 20:04:11,919] {logging_mixin.py:104} INFO - [2024-06-06 20:04:11,919] {dag.py:2280} INFO - Setting next_dagrun for example_external_task_marker_parent to None
[2024-06-06 20:04:11,933] {scheduler_job.py:190} INFO - Processing /home/airflow/.local/lib/python3.6/site-packages/airflow/example_dags/example_external_task_marker_dag.py took 0.076 seconds
[2024-06-06 20:04:42,530] {scheduler_job.py:182} INFO - Started process (PID=831) to work on /home/airflow/.local/lib/python3.6/site-packages/airflow/example_dags/example_external_task_marker_dag.py
[2024-06-06 20:04:42,531] {scheduler_job.py:629} INFO - Processing file /home/airflow/.local/lib/python3.6/site-packages/airflow/example_dags/example_external_task_marker_dag.py for tasks to queue
[2024-06-06 20:04:42,532] {logging_mixin.py:104} INFO - [2024-06-06 20:04:42,531] {dagbag.py:451} INFO - Filling up the DagBag from /home/airflow/.local/lib/python3.6/site-packages/airflow/example_dags/example_external_task_marker_dag.py
[2024-06-06 20:04:42,543] {scheduler_job.py:639} INFO - DAG(s) dict_keys(['example_external_task_marker_parent', 'example_external_task_marker_child']) retrieved from /home/airflow/.local/lib/python3.6/site-packages/airflow/example_dags/example_external_task_marker_dag.py
[2024-06-06 20:04:42,570] {logging_mixin.py:104} INFO - [2024-06-06 20:04:42,570] {dag.py:1824} INFO - Sync 2 DAGs
[2024-06-06 20:04:42,583] {logging_mixin.py:104} INFO - [2024-06-06 20:04:42,583] {dag.py:2280} INFO - Setting next_dagrun for example_external_task_marker_child to None
[2024-06-06 20:04:42,584] {logging_mixin.py:104} INFO - [2024-06-06 20:04:42,584] {dag.py:2280} INFO - Setting next_dagrun for example_external_task_marker_parent to None
[2024-06-06 20:04:42,597] {scheduler_job.py:190} INFO - Processing /home/airflow/.local/lib/python3.6/site-packages/airflow/example_dags/example_external_task_marker_dag.py took 0.071 seconds
[2024-06-06 20:05:13,085] {scheduler_job.py:182} INFO - Started process (PID=860) to work on /home/airflow/.local/lib/python3.6/site-packages/airflow/example_dags/example_external_task_marker_dag.py
[2024-06-06 20:05:13,086] {scheduler_job.py:629} INFO - Processing file /home/airflow/.local/lib/python3.6/site-packages/airflow/example_dags/example_external_task_marker_dag.py for tasks to queue
[2024-06-06 20:05:13,086] {logging_mixin.py:104} INFO - [2024-06-06 20:05:13,086] {dagbag.py:451} INFO - Filling up the DagBag from /home/airflow/.local/lib/python3.6/site-packages/airflow/example_dags/example_external_task_marker_dag.py
[2024-06-06 20:05:13,099] {scheduler_job.py:639} INFO - DAG(s) dict_keys(['example_external_task_marker_parent', 'example_external_task_marker_child']) retrieved from /home/airflow/.local/lib/python3.6/site-packages/airflow/example_dags/example_external_task_marker_dag.py
[2024-06-06 20:05:13,128] {logging_mixin.py:104} INFO - [2024-06-06 20:05:13,128] {dag.py:1824} INFO - Sync 2 DAGs
[2024-06-06 20:05:13,146] {logging_mixin.py:104} INFO - [2024-06-06 20:05:13,146] {dag.py:2280} INFO - Setting next_dagrun for example_external_task_marker_child to None
[2024-06-06 20:05:13,147] {logging_mixin.py:104} INFO - [2024-06-06 20:05:13,147] {dag.py:2280} INFO - Setting next_dagrun for example_external_task_marker_parent to None
[2024-06-06 20:05:13,167] {scheduler_job.py:190} INFO - Processing /home/airflow/.local/lib/python3.6/site-packages/airflow/example_dags/example_external_task_marker_dag.py took 0.085 seconds
