[2024-06-06 19:49:57,750] {scheduler_job.py:182} INFO - Started process (PID=47) to work on /home/airflow/.local/lib/python3.6/site-packages/airflow/example_dags/example_kubernetes_executor.py
[2024-06-06 19:49:57,750] {scheduler_job.py:629} INFO - Processing file /home/airflow/.local/lib/python3.6/site-packages/airflow/example_dags/example_kubernetes_executor.py for tasks to queue
[2024-06-06 19:49:57,751] {logging_mixin.py:104} INFO - [2024-06-06 19:49:57,751] {dagbag.py:451} INFO - Filling up the DagBag from /home/airflow/.local/lib/python3.6/site-packages/airflow/example_dags/example_kubernetes_executor.py
[2024-06-06 19:49:57,762] {scheduler_job.py:639} INFO - DAG(s) dict_keys(['example_kubernetes_executor']) retrieved from /home/airflow/.local/lib/python3.6/site-packages/airflow/example_dags/example_kubernetes_executor.py
[2024-06-06 19:49:57,781] {logging_mixin.py:104} INFO - [2024-06-06 19:49:57,781] {dag.py:1824} INFO - Sync 1 DAGs
[2024-06-06 19:49:57,791] {logging_mixin.py:104} INFO - [2024-06-06 19:49:57,791] {dag.py:1843} INFO - Creating ORM DAG for example_kubernetes_executor
[2024-06-06 19:49:57,796] {logging_mixin.py:104} INFO - [2024-06-06 19:49:57,796] {dag.py:2280} INFO - Setting next_dagrun for example_kubernetes_executor to None
[2024-06-06 19:49:57,809] {scheduler_job.py:190} INFO - Processing /home/airflow/.local/lib/python3.6/site-packages/airflow/example_dags/example_kubernetes_executor.py took 0.062 seconds
[2024-06-06 19:50:28,994] {scheduler_job.py:182} INFO - Started process (PID=73) to work on /home/airflow/.local/lib/python3.6/site-packages/airflow/example_dags/example_kubernetes_executor.py
[2024-06-06 19:50:28,995] {scheduler_job.py:629} INFO - Processing file /home/airflow/.local/lib/python3.6/site-packages/airflow/example_dags/example_kubernetes_executor.py for tasks to queue
[2024-06-06 19:50:28,995] {logging_mixin.py:104} INFO - [2024-06-06 19:50:28,995] {dagbag.py:451} INFO - Filling up the DagBag from /home/airflow/.local/lib/python3.6/site-packages/airflow/example_dags/example_kubernetes_executor.py
[2024-06-06 19:50:29,005] {scheduler_job.py:639} INFO - DAG(s) dict_keys(['example_kubernetes_executor']) retrieved from /home/airflow/.local/lib/python3.6/site-packages/airflow/example_dags/example_kubernetes_executor.py
[2024-06-06 19:50:29,016] {logging_mixin.py:104} INFO - [2024-06-06 19:50:29,016] {dag.py:1824} INFO - Sync 1 DAGs
[2024-06-06 19:50:29,024] {logging_mixin.py:104} INFO - [2024-06-06 19:50:29,024] {dag.py:2280} INFO - Setting next_dagrun for example_kubernetes_executor to None
[2024-06-06 19:50:29,032] {scheduler_job.py:190} INFO - Processing /home/airflow/.local/lib/python3.6/site-packages/airflow/example_dags/example_kubernetes_executor.py took 0.040 seconds
[2024-06-06 19:50:59,336] {scheduler_job.py:182} INFO - Started process (PID=100) to work on /home/airflow/.local/lib/python3.6/site-packages/airflow/example_dags/example_kubernetes_executor.py
[2024-06-06 19:50:59,337] {scheduler_job.py:629} INFO - Processing file /home/airflow/.local/lib/python3.6/site-packages/airflow/example_dags/example_kubernetes_executor.py for tasks to queue
[2024-06-06 19:50:59,338] {logging_mixin.py:104} INFO - [2024-06-06 19:50:59,338] {dagbag.py:451} INFO - Filling up the DagBag from /home/airflow/.local/lib/python3.6/site-packages/airflow/example_dags/example_kubernetes_executor.py
[2024-06-06 19:50:59,351] {scheduler_job.py:639} INFO - DAG(s) dict_keys(['example_kubernetes_executor']) retrieved from /home/airflow/.local/lib/python3.6/site-packages/airflow/example_dags/example_kubernetes_executor.py
[2024-06-06 19:50:59,378] {logging_mixin.py:104} INFO - [2024-06-06 19:50:59,378] {dag.py:1824} INFO - Sync 1 DAGs
[2024-06-06 19:50:59,399] {logging_mixin.py:104} INFO - [2024-06-06 19:50:59,399] {dag.py:2280} INFO - Setting next_dagrun for example_kubernetes_executor to None
[2024-06-06 19:50:59,411] {scheduler_job.py:190} INFO - Processing /home/airflow/.local/lib/python3.6/site-packages/airflow/example_dags/example_kubernetes_executor.py took 0.078 seconds
[2024-06-06 19:51:29,738] {scheduler_job.py:182} INFO - Started process (PID=127) to work on /home/airflow/.local/lib/python3.6/site-packages/airflow/example_dags/example_kubernetes_executor.py
[2024-06-06 19:51:29,739] {scheduler_job.py:629} INFO - Processing file /home/airflow/.local/lib/python3.6/site-packages/airflow/example_dags/example_kubernetes_executor.py for tasks to queue
[2024-06-06 19:51:29,740] {logging_mixin.py:104} INFO - [2024-06-06 19:51:29,739] {dagbag.py:451} INFO - Filling up the DagBag from /home/airflow/.local/lib/python3.6/site-packages/airflow/example_dags/example_kubernetes_executor.py
[2024-06-06 19:51:29,754] {scheduler_job.py:639} INFO - DAG(s) dict_keys(['example_kubernetes_executor']) retrieved from /home/airflow/.local/lib/python3.6/site-packages/airflow/example_dags/example_kubernetes_executor.py
[2024-06-06 19:51:29,776] {logging_mixin.py:104} INFO - [2024-06-06 19:51:29,776] {dag.py:1824} INFO - Sync 1 DAGs
[2024-06-06 19:51:29,796] {logging_mixin.py:104} INFO - [2024-06-06 19:51:29,796] {dag.py:2280} INFO - Setting next_dagrun for example_kubernetes_executor to None
[2024-06-06 19:51:29,808] {scheduler_job.py:190} INFO - Processing /home/airflow/.local/lib/python3.6/site-packages/airflow/example_dags/example_kubernetes_executor.py took 0.074 seconds
[2024-06-06 19:51:59,946] {scheduler_job.py:182} INFO - Started process (PID=150) to work on /home/airflow/.local/lib/python3.6/site-packages/airflow/example_dags/example_kubernetes_executor.py
[2024-06-06 19:51:59,947] {scheduler_job.py:629} INFO - Processing file /home/airflow/.local/lib/python3.6/site-packages/airflow/example_dags/example_kubernetes_executor.py for tasks to queue
[2024-06-06 19:51:59,948] {logging_mixin.py:104} INFO - [2024-06-06 19:51:59,948] {dagbag.py:451} INFO - Filling up the DagBag from /home/airflow/.local/lib/python3.6/site-packages/airflow/example_dags/example_kubernetes_executor.py
[2024-06-06 19:51:59,962] {scheduler_job.py:639} INFO - DAG(s) dict_keys(['example_kubernetes_executor']) retrieved from /home/airflow/.local/lib/python3.6/site-packages/airflow/example_dags/example_kubernetes_executor.py
[2024-06-06 19:51:59,987] {logging_mixin.py:104} INFO - [2024-06-06 19:51:59,987] {dag.py:1824} INFO - Sync 1 DAGs
[2024-06-06 19:52:00,009] {logging_mixin.py:104} INFO - [2024-06-06 19:52:00,009] {dag.py:2280} INFO - Setting next_dagrun for example_kubernetes_executor to None
[2024-06-06 19:52:00,025] {scheduler_job.py:190} INFO - Processing /home/airflow/.local/lib/python3.6/site-packages/airflow/example_dags/example_kubernetes_executor.py took 0.082 seconds
[2024-06-06 19:52:30,424] {scheduler_job.py:182} INFO - Started process (PID=176) to work on /home/airflow/.local/lib/python3.6/site-packages/airflow/example_dags/example_kubernetes_executor.py
[2024-06-06 19:52:30,425] {scheduler_job.py:629} INFO - Processing file /home/airflow/.local/lib/python3.6/site-packages/airflow/example_dags/example_kubernetes_executor.py for tasks to queue
[2024-06-06 19:52:30,426] {logging_mixin.py:104} INFO - [2024-06-06 19:52:30,426] {dagbag.py:451} INFO - Filling up the DagBag from /home/airflow/.local/lib/python3.6/site-packages/airflow/example_dags/example_kubernetes_executor.py
[2024-06-06 19:52:30,439] {scheduler_job.py:639} INFO - DAG(s) dict_keys(['example_kubernetes_executor']) retrieved from /home/airflow/.local/lib/python3.6/site-packages/airflow/example_dags/example_kubernetes_executor.py
[2024-06-06 19:52:30,467] {logging_mixin.py:104} INFO - [2024-06-06 19:52:30,467] {dag.py:1824} INFO - Sync 1 DAGs
[2024-06-06 19:52:30,487] {logging_mixin.py:104} INFO - [2024-06-06 19:52:30,487] {dag.py:2280} INFO - Setting next_dagrun for example_kubernetes_executor to None
[2024-06-06 19:52:30,504] {scheduler_job.py:190} INFO - Processing /home/airflow/.local/lib/python3.6/site-packages/airflow/example_dags/example_kubernetes_executor.py took 0.083 seconds
[2024-06-06 19:53:00,707] {scheduler_job.py:182} INFO - Started process (PID=199) to work on /home/airflow/.local/lib/python3.6/site-packages/airflow/example_dags/example_kubernetes_executor.py
[2024-06-06 19:53:00,708] {scheduler_job.py:629} INFO - Processing file /home/airflow/.local/lib/python3.6/site-packages/airflow/example_dags/example_kubernetes_executor.py for tasks to queue
[2024-06-06 19:53:00,708] {logging_mixin.py:104} INFO - [2024-06-06 19:53:00,708] {dagbag.py:451} INFO - Filling up the DagBag from /home/airflow/.local/lib/python3.6/site-packages/airflow/example_dags/example_kubernetes_executor.py
[2024-06-06 19:53:00,722] {scheduler_job.py:639} INFO - DAG(s) dict_keys(['example_kubernetes_executor']) retrieved from /home/airflow/.local/lib/python3.6/site-packages/airflow/example_dags/example_kubernetes_executor.py
[2024-06-06 19:53:00,753] {logging_mixin.py:104} INFO - [2024-06-06 19:53:00,753] {dag.py:1824} INFO - Sync 1 DAGs
[2024-06-06 19:53:00,770] {logging_mixin.py:104} INFO - [2024-06-06 19:53:00,770] {dag.py:2280} INFO - Setting next_dagrun for example_kubernetes_executor to None
[2024-06-06 19:53:00,788] {scheduler_job.py:190} INFO - Processing /home/airflow/.local/lib/python3.6/site-packages/airflow/example_dags/example_kubernetes_executor.py took 0.085 seconds
[2024-06-06 19:53:31,157] {scheduler_job.py:182} INFO - Started process (PID=225) to work on /home/airflow/.local/lib/python3.6/site-packages/airflow/example_dags/example_kubernetes_executor.py
[2024-06-06 19:53:31,158] {scheduler_job.py:629} INFO - Processing file /home/airflow/.local/lib/python3.6/site-packages/airflow/example_dags/example_kubernetes_executor.py for tasks to queue
[2024-06-06 19:53:31,159] {logging_mixin.py:104} INFO - [2024-06-06 19:53:31,159] {dagbag.py:451} INFO - Filling up the DagBag from /home/airflow/.local/lib/python3.6/site-packages/airflow/example_dags/example_kubernetes_executor.py
[2024-06-06 19:53:31,172] {scheduler_job.py:639} INFO - DAG(s) dict_keys(['example_kubernetes_executor']) retrieved from /home/airflow/.local/lib/python3.6/site-packages/airflow/example_dags/example_kubernetes_executor.py
[2024-06-06 19:53:31,199] {logging_mixin.py:104} INFO - [2024-06-06 19:53:31,198] {dag.py:1824} INFO - Sync 1 DAGs
[2024-06-06 19:53:31,215] {logging_mixin.py:104} INFO - [2024-06-06 19:53:31,214] {dag.py:2280} INFO - Setting next_dagrun for example_kubernetes_executor to None
[2024-06-06 19:53:31,230] {scheduler_job.py:190} INFO - Processing /home/airflow/.local/lib/python3.6/site-packages/airflow/example_dags/example_kubernetes_executor.py took 0.076 seconds
[2024-06-06 19:54:01,909] {scheduler_job.py:182} INFO - Started process (PID=254) to work on /home/airflow/.local/lib/python3.6/site-packages/airflow/example_dags/example_kubernetes_executor.py
[2024-06-06 19:54:01,910] {scheduler_job.py:629} INFO - Processing file /home/airflow/.local/lib/python3.6/site-packages/airflow/example_dags/example_kubernetes_executor.py for tasks to queue
[2024-06-06 19:54:01,911] {logging_mixin.py:104} INFO - [2024-06-06 19:54:01,911] {dagbag.py:451} INFO - Filling up the DagBag from /home/airflow/.local/lib/python3.6/site-packages/airflow/example_dags/example_kubernetes_executor.py
[2024-06-06 19:54:01,924] {scheduler_job.py:639} INFO - DAG(s) dict_keys(['example_kubernetes_executor']) retrieved from /home/airflow/.local/lib/python3.6/site-packages/airflow/example_dags/example_kubernetes_executor.py
[2024-06-06 19:54:01,952] {logging_mixin.py:104} INFO - [2024-06-06 19:54:01,952] {dag.py:1824} INFO - Sync 1 DAGs
[2024-06-06 19:54:01,969] {logging_mixin.py:104} INFO - [2024-06-06 19:54:01,969] {dag.py:2280} INFO - Setting next_dagrun for example_kubernetes_executor to None
[2024-06-06 19:54:01,985] {scheduler_job.py:190} INFO - Processing /home/airflow/.local/lib/python3.6/site-packages/airflow/example_dags/example_kubernetes_executor.py took 0.080 seconds
[2024-06-06 19:54:32,363] {scheduler_job.py:182} INFO - Started process (PID=280) to work on /home/airflow/.local/lib/python3.6/site-packages/airflow/example_dags/example_kubernetes_executor.py
[2024-06-06 19:54:32,364] {scheduler_job.py:629} INFO - Processing file /home/airflow/.local/lib/python3.6/site-packages/airflow/example_dags/example_kubernetes_executor.py for tasks to queue
[2024-06-06 19:54:32,365] {logging_mixin.py:104} INFO - [2024-06-06 19:54:32,365] {dagbag.py:451} INFO - Filling up the DagBag from /home/airflow/.local/lib/python3.6/site-packages/airflow/example_dags/example_kubernetes_executor.py
[2024-06-06 19:54:32,383] {scheduler_job.py:639} INFO - DAG(s) dict_keys(['example_kubernetes_executor']) retrieved from /home/airflow/.local/lib/python3.6/site-packages/airflow/example_dags/example_kubernetes_executor.py
[2024-06-06 19:54:32,408] {logging_mixin.py:104} INFO - [2024-06-06 19:54:32,408] {dag.py:1824} INFO - Sync 1 DAGs
[2024-06-06 19:54:32,425] {logging_mixin.py:104} INFO - [2024-06-06 19:54:32,425] {dag.py:2280} INFO - Setting next_dagrun for example_kubernetes_executor to None
[2024-06-06 19:54:32,438] {scheduler_job.py:190} INFO - Processing /home/airflow/.local/lib/python3.6/site-packages/airflow/example_dags/example_kubernetes_executor.py took 0.079 seconds
[2024-06-06 19:55:02,651] {scheduler_job.py:182} INFO - Started process (PID=304) to work on /home/airflow/.local/lib/python3.6/site-packages/airflow/example_dags/example_kubernetes_executor.py
[2024-06-06 19:55:02,652] {scheduler_job.py:629} INFO - Processing file /home/airflow/.local/lib/python3.6/site-packages/airflow/example_dags/example_kubernetes_executor.py for tasks to queue
[2024-06-06 19:55:02,652] {logging_mixin.py:104} INFO - [2024-06-06 19:55:02,652] {dagbag.py:451} INFO - Filling up the DagBag from /home/airflow/.local/lib/python3.6/site-packages/airflow/example_dags/example_kubernetes_executor.py
[2024-06-06 19:55:02,668] {scheduler_job.py:639} INFO - DAG(s) dict_keys(['example_kubernetes_executor']) retrieved from /home/airflow/.local/lib/python3.6/site-packages/airflow/example_dags/example_kubernetes_executor.py
[2024-06-06 19:55:02,691] {logging_mixin.py:104} INFO - [2024-06-06 19:55:02,691] {dag.py:1824} INFO - Sync 1 DAGs
[2024-06-06 19:55:02,708] {logging_mixin.py:104} INFO - [2024-06-06 19:55:02,708] {dag.py:2280} INFO - Setting next_dagrun for example_kubernetes_executor to None
[2024-06-06 19:55:02,724] {scheduler_job.py:190} INFO - Processing /home/airflow/.local/lib/python3.6/site-packages/airflow/example_dags/example_kubernetes_executor.py took 0.077 seconds
[2024-06-06 19:55:33,403] {scheduler_job.py:182} INFO - Started process (PID=356) to work on /home/airflow/.local/lib/python3.6/site-packages/airflow/example_dags/example_kubernetes_executor.py
[2024-06-06 19:55:33,404] {scheduler_job.py:629} INFO - Processing file /home/airflow/.local/lib/python3.6/site-packages/airflow/example_dags/example_kubernetes_executor.py for tasks to queue
[2024-06-06 19:55:33,405] {logging_mixin.py:104} INFO - [2024-06-06 19:55:33,405] {dagbag.py:451} INFO - Filling up the DagBag from /home/airflow/.local/lib/python3.6/site-packages/airflow/example_dags/example_kubernetes_executor.py
[2024-06-06 19:55:33,424] {scheduler_job.py:639} INFO - DAG(s) dict_keys(['example_kubernetes_executor']) retrieved from /home/airflow/.local/lib/python3.6/site-packages/airflow/example_dags/example_kubernetes_executor.py
[2024-06-06 19:55:33,447] {logging_mixin.py:104} INFO - [2024-06-06 19:55:33,447] {dag.py:1824} INFO - Sync 1 DAGs
[2024-06-06 19:55:33,464] {logging_mixin.py:104} INFO - [2024-06-06 19:55:33,464] {dag.py:2280} INFO - Setting next_dagrun for example_kubernetes_executor to None
[2024-06-06 19:55:33,480] {scheduler_job.py:190} INFO - Processing /home/airflow/.local/lib/python3.6/site-packages/airflow/example_dags/example_kubernetes_executor.py took 0.081 seconds
[2024-06-06 19:56:03,979] {scheduler_job.py:182} INFO - Started process (PID=382) to work on /home/airflow/.local/lib/python3.6/site-packages/airflow/example_dags/example_kubernetes_executor.py
[2024-06-06 19:56:03,980] {scheduler_job.py:629} INFO - Processing file /home/airflow/.local/lib/python3.6/site-packages/airflow/example_dags/example_kubernetes_executor.py for tasks to queue
[2024-06-06 19:56:03,980] {logging_mixin.py:104} INFO - [2024-06-06 19:56:03,980] {dagbag.py:451} INFO - Filling up the DagBag from /home/airflow/.local/lib/python3.6/site-packages/airflow/example_dags/example_kubernetes_executor.py
[2024-06-06 19:56:03,998] {scheduler_job.py:639} INFO - DAG(s) dict_keys(['example_kubernetes_executor']) retrieved from /home/airflow/.local/lib/python3.6/site-packages/airflow/example_dags/example_kubernetes_executor.py
[2024-06-06 19:56:04,023] {logging_mixin.py:104} INFO - [2024-06-06 19:56:04,023] {dag.py:1824} INFO - Sync 1 DAGs
[2024-06-06 19:56:04,039] {logging_mixin.py:104} INFO - [2024-06-06 19:56:04,039] {dag.py:2280} INFO - Setting next_dagrun for example_kubernetes_executor to None
[2024-06-06 19:56:04,056] {scheduler_job.py:190} INFO - Processing /home/airflow/.local/lib/python3.6/site-packages/airflow/example_dags/example_kubernetes_executor.py took 0.082 seconds
[2024-06-06 19:56:34,598] {scheduler_job.py:182} INFO - Started process (PID=408) to work on /home/airflow/.local/lib/python3.6/site-packages/airflow/example_dags/example_kubernetes_executor.py
[2024-06-06 19:56:34,599] {scheduler_job.py:629} INFO - Processing file /home/airflow/.local/lib/python3.6/site-packages/airflow/example_dags/example_kubernetes_executor.py for tasks to queue
[2024-06-06 19:56:34,600] {logging_mixin.py:104} INFO - [2024-06-06 19:56:34,600] {dagbag.py:451} INFO - Filling up the DagBag from /home/airflow/.local/lib/python3.6/site-packages/airflow/example_dags/example_kubernetes_executor.py
[2024-06-06 19:56:34,618] {scheduler_job.py:639} INFO - DAG(s) dict_keys(['example_kubernetes_executor']) retrieved from /home/airflow/.local/lib/python3.6/site-packages/airflow/example_dags/example_kubernetes_executor.py
[2024-06-06 19:56:34,641] {logging_mixin.py:104} INFO - [2024-06-06 19:56:34,641] {dag.py:1824} INFO - Sync 1 DAGs
[2024-06-06 19:56:34,657] {logging_mixin.py:104} INFO - [2024-06-06 19:56:34,657] {dag.py:2280} INFO - Setting next_dagrun for example_kubernetes_executor to None
[2024-06-06 19:56:34,670] {scheduler_job.py:190} INFO - Processing /home/airflow/.local/lib/python3.6/site-packages/airflow/example_dags/example_kubernetes_executor.py took 0.075 seconds
[2024-06-06 19:57:05,506] {scheduler_job.py:182} INFO - Started process (PID=440) to work on /home/airflow/.local/lib/python3.6/site-packages/airflow/example_dags/example_kubernetes_executor.py
[2024-06-06 19:57:05,511] {scheduler_job.py:629} INFO - Processing file /home/airflow/.local/lib/python3.6/site-packages/airflow/example_dags/example_kubernetes_executor.py for tasks to queue
[2024-06-06 19:57:05,512] {logging_mixin.py:104} INFO - [2024-06-06 19:57:05,512] {dagbag.py:451} INFO - Filling up the DagBag from /home/airflow/.local/lib/python3.6/site-packages/airflow/example_dags/example_kubernetes_executor.py
[2024-06-06 19:57:05,523] {scheduler_job.py:639} INFO - DAG(s) dict_keys(['example_kubernetes_executor']) retrieved from /home/airflow/.local/lib/python3.6/site-packages/airflow/example_dags/example_kubernetes_executor.py
[2024-06-06 19:57:05,542] {logging_mixin.py:104} INFO - [2024-06-06 19:57:05,542] {dag.py:1824} INFO - Sync 1 DAGs
[2024-06-06 19:57:05,552] {logging_mixin.py:104} INFO - [2024-06-06 19:57:05,552] {dag.py:2280} INFO - Setting next_dagrun for example_kubernetes_executor to None
[2024-06-06 19:57:05,563] {scheduler_job.py:190} INFO - Processing /home/airflow/.local/lib/python3.6/site-packages/airflow/example_dags/example_kubernetes_executor.py took 0.060 seconds
[2024-06-06 19:57:36,157] {scheduler_job.py:182} INFO - Started process (PID=468) to work on /home/airflow/.local/lib/python3.6/site-packages/airflow/example_dags/example_kubernetes_executor.py
[2024-06-06 19:57:36,158] {scheduler_job.py:629} INFO - Processing file /home/airflow/.local/lib/python3.6/site-packages/airflow/example_dags/example_kubernetes_executor.py for tasks to queue
[2024-06-06 19:57:36,159] {logging_mixin.py:104} INFO - [2024-06-06 19:57:36,159] {dagbag.py:451} INFO - Filling up the DagBag from /home/airflow/.local/lib/python3.6/site-packages/airflow/example_dags/example_kubernetes_executor.py
[2024-06-06 19:57:36,172] {scheduler_job.py:639} INFO - DAG(s) dict_keys(['example_kubernetes_executor']) retrieved from /home/airflow/.local/lib/python3.6/site-packages/airflow/example_dags/example_kubernetes_executor.py
[2024-06-06 19:57:36,193] {logging_mixin.py:104} INFO - [2024-06-06 19:57:36,193] {dag.py:1824} INFO - Sync 1 DAGs
[2024-06-06 19:57:36,207] {logging_mixin.py:104} INFO - [2024-06-06 19:57:36,207] {dag.py:2280} INFO - Setting next_dagrun for example_kubernetes_executor to None
[2024-06-06 19:57:36,221] {scheduler_job.py:190} INFO - Processing /home/airflow/.local/lib/python3.6/site-packages/airflow/example_dags/example_kubernetes_executor.py took 0.067 seconds
[2024-06-06 19:58:06,694] {scheduler_job.py:182} INFO - Started process (PID=494) to work on /home/airflow/.local/lib/python3.6/site-packages/airflow/example_dags/example_kubernetes_executor.py
[2024-06-06 19:58:06,695] {scheduler_job.py:629} INFO - Processing file /home/airflow/.local/lib/python3.6/site-packages/airflow/example_dags/example_kubernetes_executor.py for tasks to queue
[2024-06-06 19:58:06,696] {logging_mixin.py:104} INFO - [2024-06-06 19:58:06,696] {dagbag.py:451} INFO - Filling up the DagBag from /home/airflow/.local/lib/python3.6/site-packages/airflow/example_dags/example_kubernetes_executor.py
[2024-06-06 19:58:06,713] {scheduler_job.py:639} INFO - DAG(s) dict_keys(['example_kubernetes_executor']) retrieved from /home/airflow/.local/lib/python3.6/site-packages/airflow/example_dags/example_kubernetes_executor.py
[2024-06-06 19:58:06,748] {logging_mixin.py:104} INFO - [2024-06-06 19:58:06,748] {dag.py:1824} INFO - Sync 1 DAGs
[2024-06-06 19:58:06,774] {logging_mixin.py:104} INFO - [2024-06-06 19:58:06,773] {dag.py:2280} INFO - Setting next_dagrun for example_kubernetes_executor to None
[2024-06-06 19:58:06,797] {scheduler_job.py:190} INFO - Processing /home/airflow/.local/lib/python3.6/site-packages/airflow/example_dags/example_kubernetes_executor.py took 0.108 seconds
[2024-06-06 19:58:37,403] {scheduler_job.py:182} INFO - Started process (PID=521) to work on /home/airflow/.local/lib/python3.6/site-packages/airflow/example_dags/example_kubernetes_executor.py
[2024-06-06 19:58:37,404] {scheduler_job.py:629} INFO - Processing file /home/airflow/.local/lib/python3.6/site-packages/airflow/example_dags/example_kubernetes_executor.py for tasks to queue
[2024-06-06 19:58:37,404] {logging_mixin.py:104} INFO - [2024-06-06 19:58:37,404] {dagbag.py:451} INFO - Filling up the DagBag from /home/airflow/.local/lib/python3.6/site-packages/airflow/example_dags/example_kubernetes_executor.py
[2024-06-06 19:58:37,416] {scheduler_job.py:639} INFO - DAG(s) dict_keys(['example_kubernetes_executor']) retrieved from /home/airflow/.local/lib/python3.6/site-packages/airflow/example_dags/example_kubernetes_executor.py
[2024-06-06 19:58:37,439] {logging_mixin.py:104} INFO - [2024-06-06 19:58:37,439] {dag.py:1824} INFO - Sync 1 DAGs
[2024-06-06 19:58:37,455] {logging_mixin.py:104} INFO - [2024-06-06 19:58:37,455] {dag.py:2280} INFO - Setting next_dagrun for example_kubernetes_executor to None
[2024-06-06 19:58:37,470] {scheduler_job.py:190} INFO - Processing /home/airflow/.local/lib/python3.6/site-packages/airflow/example_dags/example_kubernetes_executor.py took 0.070 seconds
[2024-06-06 19:59:07,832] {scheduler_job.py:182} INFO - Started process (PID=547) to work on /home/airflow/.local/lib/python3.6/site-packages/airflow/example_dags/example_kubernetes_executor.py
[2024-06-06 19:59:07,833] {scheduler_job.py:629} INFO - Processing file /home/airflow/.local/lib/python3.6/site-packages/airflow/example_dags/example_kubernetes_executor.py for tasks to queue
[2024-06-06 19:59:07,834] {logging_mixin.py:104} INFO - [2024-06-06 19:59:07,833] {dagbag.py:451} INFO - Filling up the DagBag from /home/airflow/.local/lib/python3.6/site-packages/airflow/example_dags/example_kubernetes_executor.py
[2024-06-06 19:59:07,848] {scheduler_job.py:639} INFO - DAG(s) dict_keys(['example_kubernetes_executor']) retrieved from /home/airflow/.local/lib/python3.6/site-packages/airflow/example_dags/example_kubernetes_executor.py
[2024-06-06 19:59:07,874] {logging_mixin.py:104} INFO - [2024-06-06 19:59:07,874] {dag.py:1824} INFO - Sync 1 DAGs
[2024-06-06 19:59:07,893] {logging_mixin.py:104} INFO - [2024-06-06 19:59:07,893] {dag.py:2280} INFO - Setting next_dagrun for example_kubernetes_executor to None
[2024-06-06 19:59:07,909] {scheduler_job.py:190} INFO - Processing /home/airflow/.local/lib/python3.6/site-packages/airflow/example_dags/example_kubernetes_executor.py took 0.081 seconds
[2024-06-06 19:59:38,588] {scheduler_job.py:182} INFO - Started process (PID=574) to work on /home/airflow/.local/lib/python3.6/site-packages/airflow/example_dags/example_kubernetes_executor.py
[2024-06-06 19:59:38,589] {scheduler_job.py:629} INFO - Processing file /home/airflow/.local/lib/python3.6/site-packages/airflow/example_dags/example_kubernetes_executor.py for tasks to queue
[2024-06-06 19:59:38,590] {logging_mixin.py:104} INFO - [2024-06-06 19:59:38,590] {dagbag.py:451} INFO - Filling up the DagBag from /home/airflow/.local/lib/python3.6/site-packages/airflow/example_dags/example_kubernetes_executor.py
[2024-06-06 19:59:38,603] {scheduler_job.py:639} INFO - DAG(s) dict_keys(['example_kubernetes_executor']) retrieved from /home/airflow/.local/lib/python3.6/site-packages/airflow/example_dags/example_kubernetes_executor.py
[2024-06-06 19:59:38,628] {logging_mixin.py:104} INFO - [2024-06-06 19:59:38,627] {dag.py:1824} INFO - Sync 1 DAGs
[2024-06-06 19:59:38,647] {logging_mixin.py:104} INFO - [2024-06-06 19:59:38,647] {dag.py:2280} INFO - Setting next_dagrun for example_kubernetes_executor to None
[2024-06-06 19:59:38,661] {scheduler_job.py:190} INFO - Processing /home/airflow/.local/lib/python3.6/site-packages/airflow/example_dags/example_kubernetes_executor.py took 0.076 seconds
[2024-06-06 20:00:08,986] {scheduler_job.py:182} INFO - Started process (PID=600) to work on /home/airflow/.local/lib/python3.6/site-packages/airflow/example_dags/example_kubernetes_executor.py
[2024-06-06 20:00:08,987] {scheduler_job.py:629} INFO - Processing file /home/airflow/.local/lib/python3.6/site-packages/airflow/example_dags/example_kubernetes_executor.py for tasks to queue
[2024-06-06 20:00:08,987] {logging_mixin.py:104} INFO - [2024-06-06 20:00:08,987] {dagbag.py:451} INFO - Filling up the DagBag from /home/airflow/.local/lib/python3.6/site-packages/airflow/example_dags/example_kubernetes_executor.py
[2024-06-06 20:00:09,003] {scheduler_job.py:639} INFO - DAG(s) dict_keys(['example_kubernetes_executor']) retrieved from /home/airflow/.local/lib/python3.6/site-packages/airflow/example_dags/example_kubernetes_executor.py
[2024-06-06 20:00:09,030] {logging_mixin.py:104} INFO - [2024-06-06 20:00:09,030] {dag.py:1824} INFO - Sync 1 DAGs
[2024-06-06 20:00:09,046] {logging_mixin.py:104} INFO - [2024-06-06 20:00:09,046] {dag.py:2280} INFO - Setting next_dagrun for example_kubernetes_executor to None
[2024-06-06 20:00:09,063] {scheduler_job.py:190} INFO - Processing /home/airflow/.local/lib/python3.6/site-packages/airflow/example_dags/example_kubernetes_executor.py took 0.081 seconds
[2024-06-06 20:00:39,355] {scheduler_job.py:182} INFO - Started process (PID=626) to work on /home/airflow/.local/lib/python3.6/site-packages/airflow/example_dags/example_kubernetes_executor.py
[2024-06-06 20:00:39,357] {scheduler_job.py:629} INFO - Processing file /home/airflow/.local/lib/python3.6/site-packages/airflow/example_dags/example_kubernetes_executor.py for tasks to queue
[2024-06-06 20:00:39,357] {logging_mixin.py:104} INFO - [2024-06-06 20:00:39,357] {dagbag.py:451} INFO - Filling up the DagBag from /home/airflow/.local/lib/python3.6/site-packages/airflow/example_dags/example_kubernetes_executor.py
[2024-06-06 20:00:39,376] {scheduler_job.py:639} INFO - DAG(s) dict_keys(['example_kubernetes_executor']) retrieved from /home/airflow/.local/lib/python3.6/site-packages/airflow/example_dags/example_kubernetes_executor.py
[2024-06-06 20:00:39,411] {logging_mixin.py:104} INFO - [2024-06-06 20:00:39,410] {dag.py:1824} INFO - Sync 1 DAGs
[2024-06-06 20:00:39,427] {logging_mixin.py:104} INFO - [2024-06-06 20:00:39,427] {dag.py:2280} INFO - Setting next_dagrun for example_kubernetes_executor to None
[2024-06-06 20:00:39,450] {scheduler_job.py:190} INFO - Processing /home/airflow/.local/lib/python3.6/site-packages/airflow/example_dags/example_kubernetes_executor.py took 0.100 seconds
[2024-06-06 20:01:09,543] {scheduler_job.py:182} INFO - Started process (PID=650) to work on /home/airflow/.local/lib/python3.6/site-packages/airflow/example_dags/example_kubernetes_executor.py
[2024-06-06 20:01:09,544] {scheduler_job.py:629} INFO - Processing file /home/airflow/.local/lib/python3.6/site-packages/airflow/example_dags/example_kubernetes_executor.py for tasks to queue
[2024-06-06 20:01:09,544] {logging_mixin.py:104} INFO - [2024-06-06 20:01:09,544] {dagbag.py:451} INFO - Filling up the DagBag from /home/airflow/.local/lib/python3.6/site-packages/airflow/example_dags/example_kubernetes_executor.py
[2024-06-06 20:01:09,553] {scheduler_job.py:639} INFO - DAG(s) dict_keys(['example_kubernetes_executor']) retrieved from /home/airflow/.local/lib/python3.6/site-packages/airflow/example_dags/example_kubernetes_executor.py
[2024-06-06 20:01:09,581] {logging_mixin.py:104} INFO - [2024-06-06 20:01:09,581] {dag.py:1824} INFO - Sync 1 DAGs
[2024-06-06 20:01:09,601] {logging_mixin.py:104} INFO - [2024-06-06 20:01:09,601] {dag.py:2280} INFO - Setting next_dagrun for example_kubernetes_executor to None
[2024-06-06 20:01:09,618] {scheduler_job.py:190} INFO - Processing /home/airflow/.local/lib/python3.6/site-packages/airflow/example_dags/example_kubernetes_executor.py took 0.077 seconds
[2024-06-06 20:01:40,071] {scheduler_job.py:182} INFO - Started process (PID=677) to work on /home/airflow/.local/lib/python3.6/site-packages/airflow/example_dags/example_kubernetes_executor.py
[2024-06-06 20:01:40,072] {scheduler_job.py:629} INFO - Processing file /home/airflow/.local/lib/python3.6/site-packages/airflow/example_dags/example_kubernetes_executor.py for tasks to queue
[2024-06-06 20:01:40,073] {logging_mixin.py:104} INFO - [2024-06-06 20:01:40,073] {dagbag.py:451} INFO - Filling up the DagBag from /home/airflow/.local/lib/python3.6/site-packages/airflow/example_dags/example_kubernetes_executor.py
[2024-06-06 20:01:40,087] {scheduler_job.py:639} INFO - DAG(s) dict_keys(['example_kubernetes_executor']) retrieved from /home/airflow/.local/lib/python3.6/site-packages/airflow/example_dags/example_kubernetes_executor.py
[2024-06-06 20:01:40,111] {logging_mixin.py:104} INFO - [2024-06-06 20:01:40,110] {dag.py:1824} INFO - Sync 1 DAGs
[2024-06-06 20:01:40,126] {logging_mixin.py:104} INFO - [2024-06-06 20:01:40,126] {dag.py:2280} INFO - Setting next_dagrun for example_kubernetes_executor to None
[2024-06-06 20:01:40,139] {scheduler_job.py:190} INFO - Processing /home/airflow/.local/lib/python3.6/site-packages/airflow/example_dags/example_kubernetes_executor.py took 0.072 seconds
[2024-06-06 20:02:10,489] {scheduler_job.py:182} INFO - Started process (PID=703) to work on /home/airflow/.local/lib/python3.6/site-packages/airflow/example_dags/example_kubernetes_executor.py
[2024-06-06 20:02:10,491] {scheduler_job.py:629} INFO - Processing file /home/airflow/.local/lib/python3.6/site-packages/airflow/example_dags/example_kubernetes_executor.py for tasks to queue
[2024-06-06 20:02:10,492] {logging_mixin.py:104} INFO - [2024-06-06 20:02:10,492] {dagbag.py:451} INFO - Filling up the DagBag from /home/airflow/.local/lib/python3.6/site-packages/airflow/example_dags/example_kubernetes_executor.py
[2024-06-06 20:02:10,505] {scheduler_job.py:639} INFO - DAG(s) dict_keys(['example_kubernetes_executor']) retrieved from /home/airflow/.local/lib/python3.6/site-packages/airflow/example_dags/example_kubernetes_executor.py
[2024-06-06 20:02:10,527] {logging_mixin.py:104} INFO - [2024-06-06 20:02:10,527] {dag.py:1824} INFO - Sync 1 DAGs
[2024-06-06 20:02:10,541] {logging_mixin.py:104} INFO - [2024-06-06 20:02:10,541] {dag.py:2280} INFO - Setting next_dagrun for example_kubernetes_executor to None
[2024-06-06 20:02:10,551] {scheduler_job.py:190} INFO - Processing /home/airflow/.local/lib/python3.6/site-packages/airflow/example_dags/example_kubernetes_executor.py took 0.065 seconds
[2024-06-06 20:02:40,751] {scheduler_job.py:182} INFO - Started process (PID=728) to work on /home/airflow/.local/lib/python3.6/site-packages/airflow/example_dags/example_kubernetes_executor.py
[2024-06-06 20:02:40,752] {scheduler_job.py:629} INFO - Processing file /home/airflow/.local/lib/python3.6/site-packages/airflow/example_dags/example_kubernetes_executor.py for tasks to queue
[2024-06-06 20:02:40,752] {logging_mixin.py:104} INFO - [2024-06-06 20:02:40,752] {dagbag.py:451} INFO - Filling up the DagBag from /home/airflow/.local/lib/python3.6/site-packages/airflow/example_dags/example_kubernetes_executor.py
[2024-06-06 20:02:40,766] {scheduler_job.py:639} INFO - DAG(s) dict_keys(['example_kubernetes_executor']) retrieved from /home/airflow/.local/lib/python3.6/site-packages/airflow/example_dags/example_kubernetes_executor.py
[2024-06-06 20:02:40,789] {logging_mixin.py:104} INFO - [2024-06-06 20:02:40,789] {dag.py:1824} INFO - Sync 1 DAGs
[2024-06-06 20:02:40,806] {logging_mixin.py:104} INFO - [2024-06-06 20:02:40,805] {dag.py:2280} INFO - Setting next_dagrun for example_kubernetes_executor to None
[2024-06-06 20:02:40,822] {scheduler_job.py:190} INFO - Processing /home/airflow/.local/lib/python3.6/site-packages/airflow/example_dags/example_kubernetes_executor.py took 0.075 seconds
[2024-06-06 20:03:11,365] {scheduler_job.py:182} INFO - Started process (PID=757) to work on /home/airflow/.local/lib/python3.6/site-packages/airflow/example_dags/example_kubernetes_executor.py
[2024-06-06 20:03:11,366] {scheduler_job.py:629} INFO - Processing file /home/airflow/.local/lib/python3.6/site-packages/airflow/example_dags/example_kubernetes_executor.py for tasks to queue
[2024-06-06 20:03:11,366] {logging_mixin.py:104} INFO - [2024-06-06 20:03:11,366] {dagbag.py:451} INFO - Filling up the DagBag from /home/airflow/.local/lib/python3.6/site-packages/airflow/example_dags/example_kubernetes_executor.py
[2024-06-06 20:03:11,380] {scheduler_job.py:639} INFO - DAG(s) dict_keys(['example_kubernetes_executor']) retrieved from /home/airflow/.local/lib/python3.6/site-packages/airflow/example_dags/example_kubernetes_executor.py
[2024-06-06 20:03:11,404] {logging_mixin.py:104} INFO - [2024-06-06 20:03:11,404] {dag.py:1824} INFO - Sync 1 DAGs
[2024-06-06 20:03:11,420] {logging_mixin.py:104} INFO - [2024-06-06 20:03:11,420] {dag.py:2280} INFO - Setting next_dagrun for example_kubernetes_executor to None
[2024-06-06 20:03:11,435] {scheduler_job.py:190} INFO - Processing /home/airflow/.local/lib/python3.6/site-packages/airflow/example_dags/example_kubernetes_executor.py took 0.073 seconds
[2024-06-06 20:03:41,757] {scheduler_job.py:182} INFO - Started process (PID=781) to work on /home/airflow/.local/lib/python3.6/site-packages/airflow/example_dags/example_kubernetes_executor.py
[2024-06-06 20:03:41,759] {scheduler_job.py:629} INFO - Processing file /home/airflow/.local/lib/python3.6/site-packages/airflow/example_dags/example_kubernetes_executor.py for tasks to queue
[2024-06-06 20:03:41,759] {logging_mixin.py:104} INFO - [2024-06-06 20:03:41,759] {dagbag.py:451} INFO - Filling up the DagBag from /home/airflow/.local/lib/python3.6/site-packages/airflow/example_dags/example_kubernetes_executor.py
[2024-06-06 20:03:41,777] {scheduler_job.py:639} INFO - DAG(s) dict_keys(['example_kubernetes_executor']) retrieved from /home/airflow/.local/lib/python3.6/site-packages/airflow/example_dags/example_kubernetes_executor.py
[2024-06-06 20:03:41,810] {logging_mixin.py:104} INFO - [2024-06-06 20:03:41,810] {dag.py:1824} INFO - Sync 1 DAGs
[2024-06-06 20:03:41,837] {logging_mixin.py:104} INFO - [2024-06-06 20:03:41,837] {dag.py:2280} INFO - Setting next_dagrun for example_kubernetes_executor to None
[2024-06-06 20:03:41,863] {scheduler_job.py:190} INFO - Processing /home/airflow/.local/lib/python3.6/site-packages/airflow/example_dags/example_kubernetes_executor.py took 0.109 seconds
[2024-06-06 20:04:12,158] {scheduler_job.py:182} INFO - Started process (PID=807) to work on /home/airflow/.local/lib/python3.6/site-packages/airflow/example_dags/example_kubernetes_executor.py
[2024-06-06 20:04:12,159] {scheduler_job.py:629} INFO - Processing file /home/airflow/.local/lib/python3.6/site-packages/airflow/example_dags/example_kubernetes_executor.py for tasks to queue
[2024-06-06 20:04:12,160] {logging_mixin.py:104} INFO - [2024-06-06 20:04:12,160] {dagbag.py:451} INFO - Filling up the DagBag from /home/airflow/.local/lib/python3.6/site-packages/airflow/example_dags/example_kubernetes_executor.py
[2024-06-06 20:04:12,172] {scheduler_job.py:639} INFO - DAG(s) dict_keys(['example_kubernetes_executor']) retrieved from /home/airflow/.local/lib/python3.6/site-packages/airflow/example_dags/example_kubernetes_executor.py
[2024-06-06 20:04:12,192] {logging_mixin.py:104} INFO - [2024-06-06 20:04:12,192] {dag.py:1824} INFO - Sync 1 DAGs
[2024-06-06 20:04:12,206] {logging_mixin.py:104} INFO - [2024-06-06 20:04:12,206] {dag.py:2280} INFO - Setting next_dagrun for example_kubernetes_executor to None
[2024-06-06 20:04:12,221] {scheduler_job.py:190} INFO - Processing /home/airflow/.local/lib/python3.6/site-packages/airflow/example_dags/example_kubernetes_executor.py took 0.066 seconds
[2024-06-06 20:04:42,777] {scheduler_job.py:182} INFO - Started process (PID=835) to work on /home/airflow/.local/lib/python3.6/site-packages/airflow/example_dags/example_kubernetes_executor.py
[2024-06-06 20:04:42,778] {scheduler_job.py:629} INFO - Processing file /home/airflow/.local/lib/python3.6/site-packages/airflow/example_dags/example_kubernetes_executor.py for tasks to queue
[2024-06-06 20:04:42,779] {logging_mixin.py:104} INFO - [2024-06-06 20:04:42,779] {dagbag.py:451} INFO - Filling up the DagBag from /home/airflow/.local/lib/python3.6/site-packages/airflow/example_dags/example_kubernetes_executor.py
[2024-06-06 20:04:42,793] {scheduler_job.py:639} INFO - DAG(s) dict_keys(['example_kubernetes_executor']) retrieved from /home/airflow/.local/lib/python3.6/site-packages/airflow/example_dags/example_kubernetes_executor.py
[2024-06-06 20:04:42,820] {logging_mixin.py:104} INFO - [2024-06-06 20:04:42,820] {dag.py:1824} INFO - Sync 1 DAGs
[2024-06-06 20:04:42,840] {logging_mixin.py:104} INFO - [2024-06-06 20:04:42,840] {dag.py:2280} INFO - Setting next_dagrun for example_kubernetes_executor to None
[2024-06-06 20:04:42,855] {scheduler_job.py:190} INFO - Processing /home/airflow/.local/lib/python3.6/site-packages/airflow/example_dags/example_kubernetes_executor.py took 0.082 seconds
[2024-06-06 20:05:12,912] {scheduler_job.py:182} INFO - Started process (PID=858) to work on /home/airflow/.local/lib/python3.6/site-packages/airflow/example_dags/example_kubernetes_executor.py
[2024-06-06 20:05:12,913] {scheduler_job.py:629} INFO - Processing file /home/airflow/.local/lib/python3.6/site-packages/airflow/example_dags/example_kubernetes_executor.py for tasks to queue
[2024-06-06 20:05:12,913] {logging_mixin.py:104} INFO - [2024-06-06 20:05:12,913] {dagbag.py:451} INFO - Filling up the DagBag from /home/airflow/.local/lib/python3.6/site-packages/airflow/example_dags/example_kubernetes_executor.py
[2024-06-06 20:05:12,926] {scheduler_job.py:639} INFO - DAG(s) dict_keys(['example_kubernetes_executor']) retrieved from /home/airflow/.local/lib/python3.6/site-packages/airflow/example_dags/example_kubernetes_executor.py
[2024-06-06 20:05:12,951] {logging_mixin.py:104} INFO - [2024-06-06 20:05:12,951] {dag.py:1824} INFO - Sync 1 DAGs
[2024-06-06 20:05:12,969] {logging_mixin.py:104} INFO - [2024-06-06 20:05:12,969] {dag.py:2280} INFO - Setting next_dagrun for example_kubernetes_executor to None
[2024-06-06 20:05:12,988] {scheduler_job.py:190} INFO - Processing /home/airflow/.local/lib/python3.6/site-packages/airflow/example_dags/example_kubernetes_executor.py took 0.080 seconds
