[2024-06-06 19:49:57,878] {scheduler_job.py:182} INFO - Started process (PID=50) to work on /home/airflow/.local/lib/python3.6/site-packages/airflow/example_dags/example_nested_branch_dag.py
[2024-06-06 19:49:57,879] {scheduler_job.py:629} INFO - Processing file /home/airflow/.local/lib/python3.6/site-packages/airflow/example_dags/example_nested_branch_dag.py for tasks to queue
[2024-06-06 19:49:57,879] {logging_mixin.py:104} INFO - [2024-06-06 19:49:57,879] {dagbag.py:451} INFO - Filling up the DagBag from /home/airflow/.local/lib/python3.6/site-packages/airflow/example_dags/example_nested_branch_dag.py
[2024-06-06 19:49:57,897] {scheduler_job.py:639} INFO - DAG(s) dict_keys(['example_nested_branch_dag']) retrieved from /home/airflow/.local/lib/python3.6/site-packages/airflow/example_dags/example_nested_branch_dag.py
[2024-06-06 19:49:57,922] {logging_mixin.py:104} INFO - [2024-06-06 19:49:57,922] {dag.py:1824} INFO - Sync 1 DAGs
[2024-06-06 19:49:57,931] {logging_mixin.py:104} INFO - [2024-06-06 19:49:57,931] {dag.py:1843} INFO - Creating ORM DAG for example_nested_branch_dag
[2024-06-06 19:49:57,944] {logging_mixin.py:104} INFO - [2024-06-06 19:49:57,944] {dag.py:2280} INFO - Setting next_dagrun for example_nested_branch_dag to 2024-06-04 00:00:00+00:00
[2024-06-06 19:49:57,960] {scheduler_job.py:190} INFO - Processing /home/airflow/.local/lib/python3.6/site-packages/airflow/example_dags/example_nested_branch_dag.py took 0.089 seconds
[2024-06-06 19:50:29,147] {scheduler_job.py:182} INFO - Started process (PID=76) to work on /home/airflow/.local/lib/python3.6/site-packages/airflow/example_dags/example_nested_branch_dag.py
[2024-06-06 19:50:29,148] {scheduler_job.py:629} INFO - Processing file /home/airflow/.local/lib/python3.6/site-packages/airflow/example_dags/example_nested_branch_dag.py for tasks to queue
[2024-06-06 19:50:29,149] {logging_mixin.py:104} INFO - [2024-06-06 19:50:29,149] {dagbag.py:451} INFO - Filling up the DagBag from /home/airflow/.local/lib/python3.6/site-packages/airflow/example_dags/example_nested_branch_dag.py
[2024-06-06 19:50:29,168] {scheduler_job.py:639} INFO - DAG(s) dict_keys(['example_nested_branch_dag']) retrieved from /home/airflow/.local/lib/python3.6/site-packages/airflow/example_dags/example_nested_branch_dag.py
[2024-06-06 19:50:29,194] {logging_mixin.py:104} INFO - [2024-06-06 19:50:29,194] {dag.py:1824} INFO - Sync 1 DAGs
[2024-06-06 19:50:29,223] {logging_mixin.py:104} INFO - [2024-06-06 19:50:29,223] {dag.py:2280} INFO - Setting next_dagrun for example_nested_branch_dag to 2024-06-04 00:00:00+00:00
[2024-06-06 19:50:29,240] {scheduler_job.py:190} INFO - Processing /home/airflow/.local/lib/python3.6/site-packages/airflow/example_dags/example_nested_branch_dag.py took 0.097 seconds
[2024-06-06 19:50:59,423] {scheduler_job.py:182} INFO - Started process (PID=101) to work on /home/airflow/.local/lib/python3.6/site-packages/airflow/example_dags/example_nested_branch_dag.py
[2024-06-06 19:50:59,424] {scheduler_job.py:629} INFO - Processing file /home/airflow/.local/lib/python3.6/site-packages/airflow/example_dags/example_nested_branch_dag.py for tasks to queue
[2024-06-06 19:50:59,424] {logging_mixin.py:104} INFO - [2024-06-06 19:50:59,424] {dagbag.py:451} INFO - Filling up the DagBag from /home/airflow/.local/lib/python3.6/site-packages/airflow/example_dags/example_nested_branch_dag.py
[2024-06-06 19:50:59,442] {scheduler_job.py:639} INFO - DAG(s) dict_keys(['example_nested_branch_dag']) retrieved from /home/airflow/.local/lib/python3.6/site-packages/airflow/example_dags/example_nested_branch_dag.py
[2024-06-06 19:50:59,463] {logging_mixin.py:104} INFO - [2024-06-06 19:50:59,463] {dag.py:1824} INFO - Sync 1 DAGs
[2024-06-06 19:50:59,484] {logging_mixin.py:104} INFO - [2024-06-06 19:50:59,484] {dag.py:2280} INFO - Setting next_dagrun for example_nested_branch_dag to 2024-06-04 00:00:00+00:00
[2024-06-06 19:50:59,495] {scheduler_job.py:190} INFO - Processing /home/airflow/.local/lib/python3.6/site-packages/airflow/example_dags/example_nested_branch_dag.py took 0.076 seconds
[2024-06-06 19:51:29,591] {scheduler_job.py:182} INFO - Started process (PID=124) to work on /home/airflow/.local/lib/python3.6/site-packages/airflow/example_dags/example_nested_branch_dag.py
[2024-06-06 19:51:29,592] {scheduler_job.py:629} INFO - Processing file /home/airflow/.local/lib/python3.6/site-packages/airflow/example_dags/example_nested_branch_dag.py for tasks to queue
[2024-06-06 19:51:29,593] {logging_mixin.py:104} INFO - [2024-06-06 19:51:29,593] {dagbag.py:451} INFO - Filling up the DagBag from /home/airflow/.local/lib/python3.6/site-packages/airflow/example_dags/example_nested_branch_dag.py
[2024-06-06 19:51:29,608] {scheduler_job.py:639} INFO - DAG(s) dict_keys(['example_nested_branch_dag']) retrieved from /home/airflow/.local/lib/python3.6/site-packages/airflow/example_dags/example_nested_branch_dag.py
[2024-06-06 19:51:29,636] {logging_mixin.py:104} INFO - [2024-06-06 19:51:29,636] {dag.py:1824} INFO - Sync 1 DAGs
[2024-06-06 19:51:29,659] {logging_mixin.py:104} INFO - [2024-06-06 19:51:29,659] {dag.py:2280} INFO - Setting next_dagrun for example_nested_branch_dag to 2024-06-04 00:00:00+00:00
[2024-06-06 19:51:29,676] {scheduler_job.py:190} INFO - Processing /home/airflow/.local/lib/python3.6/site-packages/airflow/example_dags/example_nested_branch_dag.py took 0.088 seconds
[2024-06-06 19:51:59,959] {scheduler_job.py:182} INFO - Started process (PID=151) to work on /home/airflow/.local/lib/python3.6/site-packages/airflow/example_dags/example_nested_branch_dag.py
[2024-06-06 19:51:59,960] {scheduler_job.py:629} INFO - Processing file /home/airflow/.local/lib/python3.6/site-packages/airflow/example_dags/example_nested_branch_dag.py for tasks to queue
[2024-06-06 19:51:59,961] {logging_mixin.py:104} INFO - [2024-06-06 19:51:59,961] {dagbag.py:451} INFO - Filling up the DagBag from /home/airflow/.local/lib/python3.6/site-packages/airflow/example_dags/example_nested_branch_dag.py
[2024-06-06 19:51:59,980] {scheduler_job.py:639} INFO - DAG(s) dict_keys(['example_nested_branch_dag']) retrieved from /home/airflow/.local/lib/python3.6/site-packages/airflow/example_dags/example_nested_branch_dag.py
[2024-06-06 19:52:00,011] {logging_mixin.py:104} INFO - [2024-06-06 19:52:00,011] {dag.py:1824} INFO - Sync 1 DAGs
[2024-06-06 19:52:00,034] {logging_mixin.py:104} INFO - [2024-06-06 19:52:00,034] {dag.py:2280} INFO - Setting next_dagrun for example_nested_branch_dag to 2024-06-04 00:00:00+00:00
[2024-06-06 19:52:00,051] {scheduler_job.py:190} INFO - Processing /home/airflow/.local/lib/python3.6/site-packages/airflow/example_dags/example_nested_branch_dag.py took 0.096 seconds
[2024-06-06 19:52:30,420] {scheduler_job.py:182} INFO - Started process (PID=175) to work on /home/airflow/.local/lib/python3.6/site-packages/airflow/example_dags/example_nested_branch_dag.py
[2024-06-06 19:52:30,422] {scheduler_job.py:629} INFO - Processing file /home/airflow/.local/lib/python3.6/site-packages/airflow/example_dags/example_nested_branch_dag.py for tasks to queue
[2024-06-06 19:52:30,422] {logging_mixin.py:104} INFO - [2024-06-06 19:52:30,422] {dagbag.py:451} INFO - Filling up the DagBag from /home/airflow/.local/lib/python3.6/site-packages/airflow/example_dags/example_nested_branch_dag.py
[2024-06-06 19:52:30,437] {scheduler_job.py:639} INFO - DAG(s) dict_keys(['example_nested_branch_dag']) retrieved from /home/airflow/.local/lib/python3.6/site-packages/airflow/example_dags/example_nested_branch_dag.py
[2024-06-06 19:52:30,471] {logging_mixin.py:104} INFO - [2024-06-06 19:52:30,471] {dag.py:1824} INFO - Sync 1 DAGs
[2024-06-06 19:52:30,497] {logging_mixin.py:104} INFO - [2024-06-06 19:52:30,497] {dag.py:2280} INFO - Setting next_dagrun for example_nested_branch_dag to 2024-06-04 00:00:00+00:00
[2024-06-06 19:52:30,510] {scheduler_job.py:190} INFO - Processing /home/airflow/.local/lib/python3.6/site-packages/airflow/example_dags/example_nested_branch_dag.py took 0.093 seconds
[2024-06-06 19:53:00,806] {scheduler_job.py:182} INFO - Started process (PID=200) to work on /home/airflow/.local/lib/python3.6/site-packages/airflow/example_dags/example_nested_branch_dag.py
[2024-06-06 19:53:00,807] {scheduler_job.py:629} INFO - Processing file /home/airflow/.local/lib/python3.6/site-packages/airflow/example_dags/example_nested_branch_dag.py for tasks to queue
[2024-06-06 19:53:00,808] {logging_mixin.py:104} INFO - [2024-06-06 19:53:00,807] {dagbag.py:451} INFO - Filling up the DagBag from /home/airflow/.local/lib/python3.6/site-packages/airflow/example_dags/example_nested_branch_dag.py
[2024-06-06 19:53:00,822] {scheduler_job.py:639} INFO - DAG(s) dict_keys(['example_nested_branch_dag']) retrieved from /home/airflow/.local/lib/python3.6/site-packages/airflow/example_dags/example_nested_branch_dag.py
[2024-06-06 19:53:00,845] {logging_mixin.py:104} INFO - [2024-06-06 19:53:00,845] {dag.py:1824} INFO - Sync 1 DAGs
[2024-06-06 19:53:00,862] {logging_mixin.py:104} INFO - [2024-06-06 19:53:00,862] {dag.py:2280} INFO - Setting next_dagrun for example_nested_branch_dag to 2024-06-04 00:00:00+00:00
[2024-06-06 19:53:00,873] {scheduler_job.py:190} INFO - Processing /home/airflow/.local/lib/python3.6/site-packages/airflow/example_dags/example_nested_branch_dag.py took 0.070 seconds
[2024-06-06 19:53:31,251] {scheduler_job.py:182} INFO - Started process (PID=226) to work on /home/airflow/.local/lib/python3.6/site-packages/airflow/example_dags/example_nested_branch_dag.py
[2024-06-06 19:53:31,252] {scheduler_job.py:629} INFO - Processing file /home/airflow/.local/lib/python3.6/site-packages/airflow/example_dags/example_nested_branch_dag.py for tasks to queue
[2024-06-06 19:53:31,253] {logging_mixin.py:104} INFO - [2024-06-06 19:53:31,253] {dagbag.py:451} INFO - Filling up the DagBag from /home/airflow/.local/lib/python3.6/site-packages/airflow/example_dags/example_nested_branch_dag.py
[2024-06-06 19:53:31,271] {scheduler_job.py:639} INFO - DAG(s) dict_keys(['example_nested_branch_dag']) retrieved from /home/airflow/.local/lib/python3.6/site-packages/airflow/example_dags/example_nested_branch_dag.py
[2024-06-06 19:53:31,304] {logging_mixin.py:104} INFO - [2024-06-06 19:53:31,304] {dag.py:1824} INFO - Sync 1 DAGs
[2024-06-06 19:53:31,330] {logging_mixin.py:104} INFO - [2024-06-06 19:53:31,330] {dag.py:2280} INFO - Setting next_dagrun for example_nested_branch_dag to 2024-06-04 00:00:00+00:00
[2024-06-06 19:53:31,351] {scheduler_job.py:190} INFO - Processing /home/airflow/.local/lib/python3.6/site-packages/airflow/example_dags/example_nested_branch_dag.py took 0.104 seconds
[2024-06-06 19:54:01,935] {scheduler_job.py:182} INFO - Started process (PID=255) to work on /home/airflow/.local/lib/python3.6/site-packages/airflow/example_dags/example_nested_branch_dag.py
[2024-06-06 19:54:01,936] {scheduler_job.py:629} INFO - Processing file /home/airflow/.local/lib/python3.6/site-packages/airflow/example_dags/example_nested_branch_dag.py for tasks to queue
[2024-06-06 19:54:01,937] {logging_mixin.py:104} INFO - [2024-06-06 19:54:01,937] {dagbag.py:451} INFO - Filling up the DagBag from /home/airflow/.local/lib/python3.6/site-packages/airflow/example_dags/example_nested_branch_dag.py
[2024-06-06 19:54:01,958] {scheduler_job.py:639} INFO - DAG(s) dict_keys(['example_nested_branch_dag']) retrieved from /home/airflow/.local/lib/python3.6/site-packages/airflow/example_dags/example_nested_branch_dag.py
[2024-06-06 19:54:01,988] {logging_mixin.py:104} INFO - [2024-06-06 19:54:01,987] {dag.py:1824} INFO - Sync 1 DAGs
[2024-06-06 19:54:02,013] {logging_mixin.py:104} INFO - [2024-06-06 19:54:02,013] {dag.py:2280} INFO - Setting next_dagrun for example_nested_branch_dag to 2024-06-04 00:00:00+00:00
[2024-06-06 19:54:02,029] {scheduler_job.py:190} INFO - Processing /home/airflow/.local/lib/python3.6/site-packages/airflow/example_dags/example_nested_branch_dag.py took 0.097 seconds
[2024-06-06 19:54:32,408] {scheduler_job.py:182} INFO - Started process (PID=281) to work on /home/airflow/.local/lib/python3.6/site-packages/airflow/example_dags/example_nested_branch_dag.py
[2024-06-06 19:54:32,409] {scheduler_job.py:629} INFO - Processing file /home/airflow/.local/lib/python3.6/site-packages/airflow/example_dags/example_nested_branch_dag.py for tasks to queue
[2024-06-06 19:54:32,410] {logging_mixin.py:104} INFO - [2024-06-06 19:54:32,410] {dagbag.py:451} INFO - Filling up the DagBag from /home/airflow/.local/lib/python3.6/site-packages/airflow/example_dags/example_nested_branch_dag.py
[2024-06-06 19:54:32,430] {scheduler_job.py:639} INFO - DAG(s) dict_keys(['example_nested_branch_dag']) retrieved from /home/airflow/.local/lib/python3.6/site-packages/airflow/example_dags/example_nested_branch_dag.py
[2024-06-06 19:54:32,452] {logging_mixin.py:104} INFO - [2024-06-06 19:54:32,452] {dag.py:1824} INFO - Sync 1 DAGs
[2024-06-06 19:54:32,476] {logging_mixin.py:104} INFO - [2024-06-06 19:54:32,476] {dag.py:2280} INFO - Setting next_dagrun for example_nested_branch_dag to 2024-06-04 00:00:00+00:00
[2024-06-06 19:54:32,489] {scheduler_job.py:190} INFO - Processing /home/airflow/.local/lib/python3.6/site-packages/airflow/example_dags/example_nested_branch_dag.py took 0.084 seconds
[2024-06-06 19:55:03,086] {scheduler_job.py:182} INFO - Started process (PID=311) to work on /home/airflow/.local/lib/python3.6/site-packages/airflow/example_dags/example_nested_branch_dag.py
[2024-06-06 19:55:03,087] {scheduler_job.py:629} INFO - Processing file /home/airflow/.local/lib/python3.6/site-packages/airflow/example_dags/example_nested_branch_dag.py for tasks to queue
[2024-06-06 19:55:03,087] {logging_mixin.py:104} INFO - [2024-06-06 19:55:03,087] {dagbag.py:451} INFO - Filling up the DagBag from /home/airflow/.local/lib/python3.6/site-packages/airflow/example_dags/example_nested_branch_dag.py
[2024-06-06 19:55:03,111] {scheduler_job.py:639} INFO - DAG(s) dict_keys(['example_nested_branch_dag']) retrieved from /home/airflow/.local/lib/python3.6/site-packages/airflow/example_dags/example_nested_branch_dag.py
[2024-06-06 19:55:03,139] {logging_mixin.py:104} INFO - [2024-06-06 19:55:03,139] {dag.py:1824} INFO - Sync 1 DAGs
[2024-06-06 19:55:03,166] {logging_mixin.py:104} INFO - [2024-06-06 19:55:03,166] {dag.py:2280} INFO - Setting next_dagrun for example_nested_branch_dag to 2024-06-04 00:00:00+00:00
[2024-06-06 19:55:03,179] {scheduler_job.py:190} INFO - Processing /home/airflow/.local/lib/python3.6/site-packages/airflow/example_dags/example_nested_branch_dag.py took 0.098 seconds
[2024-06-06 19:55:33,691] {scheduler_job.py:182} INFO - Started process (PID=361) to work on /home/airflow/.local/lib/python3.6/site-packages/airflow/example_dags/example_nested_branch_dag.py
[2024-06-06 19:55:33,692] {scheduler_job.py:629} INFO - Processing file /home/airflow/.local/lib/python3.6/site-packages/airflow/example_dags/example_nested_branch_dag.py for tasks to queue
[2024-06-06 19:55:33,693] {logging_mixin.py:104} INFO - [2024-06-06 19:55:33,693] {dagbag.py:451} INFO - Filling up the DagBag from /home/airflow/.local/lib/python3.6/site-packages/airflow/example_dags/example_nested_branch_dag.py
[2024-06-06 19:55:33,715] {scheduler_job.py:639} INFO - DAG(s) dict_keys(['example_nested_branch_dag']) retrieved from /home/airflow/.local/lib/python3.6/site-packages/airflow/example_dags/example_nested_branch_dag.py
[2024-06-06 19:55:33,745] {logging_mixin.py:104} INFO - [2024-06-06 19:55:33,745] {dag.py:1824} INFO - Sync 1 DAGs
[2024-06-06 19:55:33,767] {logging_mixin.py:104} INFO - [2024-06-06 19:55:33,767] {dag.py:2280} INFO - Setting next_dagrun for example_nested_branch_dag to 2024-06-04 00:00:00+00:00
[2024-06-06 19:55:33,778] {scheduler_job.py:190} INFO - Processing /home/airflow/.local/lib/python3.6/site-packages/airflow/example_dags/example_nested_branch_dag.py took 0.090 seconds
[2024-06-06 19:56:04,524] {scheduler_job.py:182} INFO - Started process (PID=391) to work on /home/airflow/.local/lib/python3.6/site-packages/airflow/example_dags/example_nested_branch_dag.py
[2024-06-06 19:56:04,525] {scheduler_job.py:629} INFO - Processing file /home/airflow/.local/lib/python3.6/site-packages/airflow/example_dags/example_nested_branch_dag.py for tasks to queue
[2024-06-06 19:56:04,525] {logging_mixin.py:104} INFO - [2024-06-06 19:56:04,525] {dagbag.py:451} INFO - Filling up the DagBag from /home/airflow/.local/lib/python3.6/site-packages/airflow/example_dags/example_nested_branch_dag.py
[2024-06-06 19:56:04,546] {scheduler_job.py:639} INFO - DAG(s) dict_keys(['example_nested_branch_dag']) retrieved from /home/airflow/.local/lib/python3.6/site-packages/airflow/example_dags/example_nested_branch_dag.py
[2024-06-06 19:56:04,572] {logging_mixin.py:104} INFO - [2024-06-06 19:56:04,572] {dag.py:1824} INFO - Sync 1 DAGs
[2024-06-06 19:56:04,602] {logging_mixin.py:104} INFO - [2024-06-06 19:56:04,602] {dag.py:2280} INFO - Setting next_dagrun for example_nested_branch_dag to 2024-06-04 00:00:00+00:00
[2024-06-06 19:56:04,618] {scheduler_job.py:190} INFO - Processing /home/airflow/.local/lib/python3.6/site-packages/airflow/example_dags/example_nested_branch_dag.py took 0.098 seconds
[2024-06-06 19:56:35,078] {scheduler_job.py:182} INFO - Started process (PID=417) to work on /home/airflow/.local/lib/python3.6/site-packages/airflow/example_dags/example_nested_branch_dag.py
[2024-06-06 19:56:35,079] {scheduler_job.py:629} INFO - Processing file /home/airflow/.local/lib/python3.6/site-packages/airflow/example_dags/example_nested_branch_dag.py for tasks to queue
[2024-06-06 19:56:35,080] {logging_mixin.py:104} INFO - [2024-06-06 19:56:35,080] {dagbag.py:451} INFO - Filling up the DagBag from /home/airflow/.local/lib/python3.6/site-packages/airflow/example_dags/example_nested_branch_dag.py
[2024-06-06 19:56:35,100] {scheduler_job.py:639} INFO - DAG(s) dict_keys(['example_nested_branch_dag']) retrieved from /home/airflow/.local/lib/python3.6/site-packages/airflow/example_dags/example_nested_branch_dag.py
[2024-06-06 19:56:35,126] {logging_mixin.py:104} INFO - [2024-06-06 19:56:35,126] {dag.py:1824} INFO - Sync 1 DAGs
[2024-06-06 19:56:35,149] {logging_mixin.py:104} INFO - [2024-06-06 19:56:35,149] {dag.py:2280} INFO - Setting next_dagrun for example_nested_branch_dag to 2024-06-04 00:00:00+00:00
[2024-06-06 19:56:35,167] {scheduler_job.py:190} INFO - Processing /home/airflow/.local/lib/python3.6/site-packages/airflow/example_dags/example_nested_branch_dag.py took 0.092 seconds
[2024-06-06 19:57:05,869] {scheduler_job.py:182} INFO - Started process (PID=446) to work on /home/airflow/.local/lib/python3.6/site-packages/airflow/example_dags/example_nested_branch_dag.py
[2024-06-06 19:57:05,878] {scheduler_job.py:629} INFO - Processing file /home/airflow/.local/lib/python3.6/site-packages/airflow/example_dags/example_nested_branch_dag.py for tasks to queue
[2024-06-06 19:57:05,879] {logging_mixin.py:104} INFO - [2024-06-06 19:57:05,879] {dagbag.py:451} INFO - Filling up the DagBag from /home/airflow/.local/lib/python3.6/site-packages/airflow/example_dags/example_nested_branch_dag.py
[2024-06-06 19:57:05,904] {scheduler_job.py:639} INFO - DAG(s) dict_keys(['example_nested_branch_dag']) retrieved from /home/airflow/.local/lib/python3.6/site-packages/airflow/example_dags/example_nested_branch_dag.py
[2024-06-06 19:57:05,939] {logging_mixin.py:104} INFO - [2024-06-06 19:57:05,939] {dag.py:1824} INFO - Sync 1 DAGs
[2024-06-06 19:57:05,967] {logging_mixin.py:104} INFO - [2024-06-06 19:57:05,967] {dag.py:2280} INFO - Setting next_dagrun for example_nested_branch_dag to 2024-06-04 00:00:00+00:00
[2024-06-06 19:57:05,981] {scheduler_job.py:190} INFO - Processing /home/airflow/.local/lib/python3.6/site-packages/airflow/example_dags/example_nested_branch_dag.py took 0.118 seconds
[2024-06-06 19:57:36,509] {scheduler_job.py:182} INFO - Started process (PID=474) to work on /home/airflow/.local/lib/python3.6/site-packages/airflow/example_dags/example_nested_branch_dag.py
[2024-06-06 19:57:36,510] {scheduler_job.py:629} INFO - Processing file /home/airflow/.local/lib/python3.6/site-packages/airflow/example_dags/example_nested_branch_dag.py for tasks to queue
[2024-06-06 19:57:36,511] {logging_mixin.py:104} INFO - [2024-06-06 19:57:36,511] {dagbag.py:451} INFO - Filling up the DagBag from /home/airflow/.local/lib/python3.6/site-packages/airflow/example_dags/example_nested_branch_dag.py
[2024-06-06 19:57:36,531] {scheduler_job.py:639} INFO - DAG(s) dict_keys(['example_nested_branch_dag']) retrieved from /home/airflow/.local/lib/python3.6/site-packages/airflow/example_dags/example_nested_branch_dag.py
[2024-06-06 19:57:36,564] {logging_mixin.py:104} INFO - [2024-06-06 19:57:36,563] {dag.py:1824} INFO - Sync 1 DAGs
[2024-06-06 19:57:36,598] {logging_mixin.py:104} INFO - [2024-06-06 19:57:36,598] {dag.py:2280} INFO - Setting next_dagrun for example_nested_branch_dag to 2024-06-04 00:00:00+00:00
[2024-06-06 19:57:36,617] {scheduler_job.py:190} INFO - Processing /home/airflow/.local/lib/python3.6/site-packages/airflow/example_dags/example_nested_branch_dag.py took 0.111 seconds
[2024-06-06 19:58:07,103] {scheduler_job.py:182} INFO - Started process (PID=500) to work on /home/airflow/.local/lib/python3.6/site-packages/airflow/example_dags/example_nested_branch_dag.py
[2024-06-06 19:58:07,105] {scheduler_job.py:629} INFO - Processing file /home/airflow/.local/lib/python3.6/site-packages/airflow/example_dags/example_nested_branch_dag.py for tasks to queue
[2024-06-06 19:58:07,106] {logging_mixin.py:104} INFO - [2024-06-06 19:58:07,105] {dagbag.py:451} INFO - Filling up the DagBag from /home/airflow/.local/lib/python3.6/site-packages/airflow/example_dags/example_nested_branch_dag.py
[2024-06-06 19:58:07,131] {scheduler_job.py:639} INFO - DAG(s) dict_keys(['example_nested_branch_dag']) retrieved from /home/airflow/.local/lib/python3.6/site-packages/airflow/example_dags/example_nested_branch_dag.py
[2024-06-06 19:58:07,172] {logging_mixin.py:104} INFO - [2024-06-06 19:58:07,172] {dag.py:1824} INFO - Sync 1 DAGs
[2024-06-06 19:58:07,208] {logging_mixin.py:104} INFO - [2024-06-06 19:58:07,208] {dag.py:2280} INFO - Setting next_dagrun for example_nested_branch_dag to 2024-06-04 00:00:00+00:00
[2024-06-06 19:58:07,230] {scheduler_job.py:190} INFO - Processing /home/airflow/.local/lib/python3.6/site-packages/airflow/example_dags/example_nested_branch_dag.py took 0.132 seconds
[2024-06-06 19:58:37,600] {scheduler_job.py:182} INFO - Started process (PID=526) to work on /home/airflow/.local/lib/python3.6/site-packages/airflow/example_dags/example_nested_branch_dag.py
[2024-06-06 19:58:37,601] {scheduler_job.py:629} INFO - Processing file /home/airflow/.local/lib/python3.6/site-packages/airflow/example_dags/example_nested_branch_dag.py for tasks to queue
[2024-06-06 19:58:37,602] {logging_mixin.py:104} INFO - [2024-06-06 19:58:37,602] {dagbag.py:451} INFO - Filling up the DagBag from /home/airflow/.local/lib/python3.6/site-packages/airflow/example_dags/example_nested_branch_dag.py
[2024-06-06 19:58:37,618] {scheduler_job.py:639} INFO - DAG(s) dict_keys(['example_nested_branch_dag']) retrieved from /home/airflow/.local/lib/python3.6/site-packages/airflow/example_dags/example_nested_branch_dag.py
[2024-06-06 19:58:37,640] {logging_mixin.py:104} INFO - [2024-06-06 19:58:37,640] {dag.py:1824} INFO - Sync 1 DAGs
[2024-06-06 19:58:37,661] {logging_mixin.py:104} INFO - [2024-06-06 19:58:37,661] {dag.py:2280} INFO - Setting next_dagrun for example_nested_branch_dag to 2024-06-04 00:00:00+00:00
[2024-06-06 19:58:37,676] {scheduler_job.py:190} INFO - Processing /home/airflow/.local/lib/python3.6/site-packages/airflow/example_dags/example_nested_branch_dag.py took 0.079 seconds
[2024-06-06 19:59:08,143] {scheduler_job.py:182} INFO - Started process (PID=552) to work on /home/airflow/.local/lib/python3.6/site-packages/airflow/example_dags/example_nested_branch_dag.py
[2024-06-06 19:59:08,144] {scheduler_job.py:629} INFO - Processing file /home/airflow/.local/lib/python3.6/site-packages/airflow/example_dags/example_nested_branch_dag.py for tasks to queue
[2024-06-06 19:59:08,144] {logging_mixin.py:104} INFO - [2024-06-06 19:59:08,144] {dagbag.py:451} INFO - Filling up the DagBag from /home/airflow/.local/lib/python3.6/site-packages/airflow/example_dags/example_nested_branch_dag.py
[2024-06-06 19:59:08,154] {scheduler_job.py:639} INFO - DAG(s) dict_keys(['example_nested_branch_dag']) retrieved from /home/airflow/.local/lib/python3.6/site-packages/airflow/example_dags/example_nested_branch_dag.py
[2024-06-06 19:59:08,177] {logging_mixin.py:104} INFO - [2024-06-06 19:59:08,177] {dag.py:1824} INFO - Sync 1 DAGs
[2024-06-06 19:59:08,203] {logging_mixin.py:104} INFO - [2024-06-06 19:59:08,203] {dag.py:2280} INFO - Setting next_dagrun for example_nested_branch_dag to 2024-06-04 00:00:00+00:00
[2024-06-06 19:59:08,226] {scheduler_job.py:190} INFO - Processing /home/airflow/.local/lib/python3.6/site-packages/airflow/example_dags/example_nested_branch_dag.py took 0.085 seconds
[2024-06-06 19:59:38,680] {scheduler_job.py:182} INFO - Started process (PID=576) to work on /home/airflow/.local/lib/python3.6/site-packages/airflow/example_dags/example_nested_branch_dag.py
[2024-06-06 19:59:38,681] {scheduler_job.py:629} INFO - Processing file /home/airflow/.local/lib/python3.6/site-packages/airflow/example_dags/example_nested_branch_dag.py for tasks to queue
[2024-06-06 19:59:38,681] {logging_mixin.py:104} INFO - [2024-06-06 19:59:38,681] {dagbag.py:451} INFO - Filling up the DagBag from /home/airflow/.local/lib/python3.6/site-packages/airflow/example_dags/example_nested_branch_dag.py
[2024-06-06 19:59:38,702] {scheduler_job.py:639} INFO - DAG(s) dict_keys(['example_nested_branch_dag']) retrieved from /home/airflow/.local/lib/python3.6/site-packages/airflow/example_dags/example_nested_branch_dag.py
[2024-06-06 19:59:38,744] {logging_mixin.py:104} INFO - [2024-06-06 19:59:38,744] {dag.py:1824} INFO - Sync 1 DAGs
[2024-06-06 19:59:38,780] {logging_mixin.py:104} INFO - [2024-06-06 19:59:38,779] {dag.py:2280} INFO - Setting next_dagrun for example_nested_branch_dag to 2024-06-04 00:00:00+00:00
[2024-06-06 19:59:38,796] {scheduler_job.py:190} INFO - Processing /home/airflow/.local/lib/python3.6/site-packages/airflow/example_dags/example_nested_branch_dag.py took 0.120 seconds
[2024-06-06 20:00:09,081] {scheduler_job.py:182} INFO - Started process (PID=602) to work on /home/airflow/.local/lib/python3.6/site-packages/airflow/example_dags/example_nested_branch_dag.py
[2024-06-06 20:00:09,083] {scheduler_job.py:629} INFO - Processing file /home/airflow/.local/lib/python3.6/site-packages/airflow/example_dags/example_nested_branch_dag.py for tasks to queue
[2024-06-06 20:00:09,084] {logging_mixin.py:104} INFO - [2024-06-06 20:00:09,084] {dagbag.py:451} INFO - Filling up the DagBag from /home/airflow/.local/lib/python3.6/site-packages/airflow/example_dags/example_nested_branch_dag.py
[2024-06-06 20:00:09,103] {scheduler_job.py:639} INFO - DAG(s) dict_keys(['example_nested_branch_dag']) retrieved from /home/airflow/.local/lib/python3.6/site-packages/airflow/example_dags/example_nested_branch_dag.py
[2024-06-06 20:00:09,128] {logging_mixin.py:104} INFO - [2024-06-06 20:00:09,128] {dag.py:1824} INFO - Sync 1 DAGs
[2024-06-06 20:00:09,153] {logging_mixin.py:104} INFO - [2024-06-06 20:00:09,153] {dag.py:2280} INFO - Setting next_dagrun for example_nested_branch_dag to 2024-06-04 00:00:00+00:00
[2024-06-06 20:00:09,171] {scheduler_job.py:190} INFO - Processing /home/airflow/.local/lib/python3.6/site-packages/airflow/example_dags/example_nested_branch_dag.py took 0.093 seconds
[2024-06-06 20:00:39,467] {scheduler_job.py:182} INFO - Started process (PID=628) to work on /home/airflow/.local/lib/python3.6/site-packages/airflow/example_dags/example_nested_branch_dag.py
[2024-06-06 20:00:39,468] {scheduler_job.py:629} INFO - Processing file /home/airflow/.local/lib/python3.6/site-packages/airflow/example_dags/example_nested_branch_dag.py for tasks to queue
[2024-06-06 20:00:39,468] {logging_mixin.py:104} INFO - [2024-06-06 20:00:39,468] {dagbag.py:451} INFO - Filling up the DagBag from /home/airflow/.local/lib/python3.6/site-packages/airflow/example_dags/example_nested_branch_dag.py
[2024-06-06 20:00:39,485] {scheduler_job.py:639} INFO - DAG(s) dict_keys(['example_nested_branch_dag']) retrieved from /home/airflow/.local/lib/python3.6/site-packages/airflow/example_dags/example_nested_branch_dag.py
[2024-06-06 20:00:39,510] {logging_mixin.py:104} INFO - [2024-06-06 20:00:39,510] {dag.py:1824} INFO - Sync 1 DAGs
[2024-06-06 20:00:39,534] {logging_mixin.py:104} INFO - [2024-06-06 20:00:39,533] {dag.py:2280} INFO - Setting next_dagrun for example_nested_branch_dag to 2024-06-04 00:00:00+00:00
[2024-06-06 20:00:39,550] {scheduler_job.py:190} INFO - Processing /home/airflow/.local/lib/python3.6/site-packages/airflow/example_dags/example_nested_branch_dag.py took 0.086 seconds
[2024-06-06 20:01:09,838] {scheduler_job.py:182} INFO - Started process (PID=655) to work on /home/airflow/.local/lib/python3.6/site-packages/airflow/example_dags/example_nested_branch_dag.py
[2024-06-06 20:01:09,839] {scheduler_job.py:629} INFO - Processing file /home/airflow/.local/lib/python3.6/site-packages/airflow/example_dags/example_nested_branch_dag.py for tasks to queue
[2024-06-06 20:01:09,839] {logging_mixin.py:104} INFO - [2024-06-06 20:01:09,839] {dagbag.py:451} INFO - Filling up the DagBag from /home/airflow/.local/lib/python3.6/site-packages/airflow/example_dags/example_nested_branch_dag.py
[2024-06-06 20:01:09,846] {scheduler_job.py:639} INFO - DAG(s) dict_keys(['example_nested_branch_dag']) retrieved from /home/airflow/.local/lib/python3.6/site-packages/airflow/example_dags/example_nested_branch_dag.py
[2024-06-06 20:01:09,856] {logging_mixin.py:104} INFO - [2024-06-06 20:01:09,856] {dag.py:1824} INFO - Sync 1 DAGs
[2024-06-06 20:01:09,868] {logging_mixin.py:104} INFO - [2024-06-06 20:01:09,868] {dag.py:2280} INFO - Setting next_dagrun for example_nested_branch_dag to 2024-06-04 00:00:00+00:00
[2024-06-06 20:01:09,879] {scheduler_job.py:190} INFO - Processing /home/airflow/.local/lib/python3.6/site-packages/airflow/example_dags/example_nested_branch_dag.py took 0.042 seconds
[2024-06-06 20:01:40,242] {scheduler_job.py:182} INFO - Started process (PID=679) to work on /home/airflow/.local/lib/python3.6/site-packages/airflow/example_dags/example_nested_branch_dag.py
[2024-06-06 20:01:40,243] {scheduler_job.py:629} INFO - Processing file /home/airflow/.local/lib/python3.6/site-packages/airflow/example_dags/example_nested_branch_dag.py for tasks to queue
[2024-06-06 20:01:40,243] {logging_mixin.py:104} INFO - [2024-06-06 20:01:40,243] {dagbag.py:451} INFO - Filling up the DagBag from /home/airflow/.local/lib/python3.6/site-packages/airflow/example_dags/example_nested_branch_dag.py
[2024-06-06 20:01:40,259] {scheduler_job.py:639} INFO - DAG(s) dict_keys(['example_nested_branch_dag']) retrieved from /home/airflow/.local/lib/python3.6/site-packages/airflow/example_dags/example_nested_branch_dag.py
[2024-06-06 20:01:40,281] {logging_mixin.py:104} INFO - [2024-06-06 20:01:40,281] {dag.py:1824} INFO - Sync 1 DAGs
[2024-06-06 20:01:40,303] {logging_mixin.py:104} INFO - [2024-06-06 20:01:40,303] {dag.py:2280} INFO - Setting next_dagrun for example_nested_branch_dag to 2024-06-04 00:00:00+00:00
[2024-06-06 20:01:40,317] {scheduler_job.py:190} INFO - Processing /home/airflow/.local/lib/python3.6/site-packages/airflow/example_dags/example_nested_branch_dag.py took 0.078 seconds
[2024-06-06 20:02:10,569] {scheduler_job.py:182} INFO - Started process (PID=705) to work on /home/airflow/.local/lib/python3.6/site-packages/airflow/example_dags/example_nested_branch_dag.py
[2024-06-06 20:02:10,570] {scheduler_job.py:629} INFO - Processing file /home/airflow/.local/lib/python3.6/site-packages/airflow/example_dags/example_nested_branch_dag.py for tasks to queue
[2024-06-06 20:02:10,571] {logging_mixin.py:104} INFO - [2024-06-06 20:02:10,571] {dagbag.py:451} INFO - Filling up the DagBag from /home/airflow/.local/lib/python3.6/site-packages/airflow/example_dags/example_nested_branch_dag.py
[2024-06-06 20:02:10,585] {scheduler_job.py:639} INFO - DAG(s) dict_keys(['example_nested_branch_dag']) retrieved from /home/airflow/.local/lib/python3.6/site-packages/airflow/example_dags/example_nested_branch_dag.py
[2024-06-06 20:02:10,607] {logging_mixin.py:104} INFO - [2024-06-06 20:02:10,607] {dag.py:1824} INFO - Sync 1 DAGs
[2024-06-06 20:02:10,629] {logging_mixin.py:104} INFO - [2024-06-06 20:02:10,629] {dag.py:2280} INFO - Setting next_dagrun for example_nested_branch_dag to 2024-06-04 00:00:00+00:00
[2024-06-06 20:02:10,640] {scheduler_job.py:190} INFO - Processing /home/airflow/.local/lib/python3.6/site-packages/airflow/example_dags/example_nested_branch_dag.py took 0.074 seconds
[2024-06-06 20:02:40,839] {scheduler_job.py:182} INFO - Started process (PID=730) to work on /home/airflow/.local/lib/python3.6/site-packages/airflow/example_dags/example_nested_branch_dag.py
[2024-06-06 20:02:40,840] {scheduler_job.py:629} INFO - Processing file /home/airflow/.local/lib/python3.6/site-packages/airflow/example_dags/example_nested_branch_dag.py for tasks to queue
[2024-06-06 20:02:40,841] {logging_mixin.py:104} INFO - [2024-06-06 20:02:40,841] {dagbag.py:451} INFO - Filling up the DagBag from /home/airflow/.local/lib/python3.6/site-packages/airflow/example_dags/example_nested_branch_dag.py
[2024-06-06 20:02:40,857] {scheduler_job.py:639} INFO - DAG(s) dict_keys(['example_nested_branch_dag']) retrieved from /home/airflow/.local/lib/python3.6/site-packages/airflow/example_dags/example_nested_branch_dag.py
[2024-06-06 20:02:40,883] {logging_mixin.py:104} INFO - [2024-06-06 20:02:40,883] {dag.py:1824} INFO - Sync 1 DAGs
[2024-06-06 20:02:40,905] {logging_mixin.py:104} INFO - [2024-06-06 20:02:40,905] {dag.py:2280} INFO - Setting next_dagrun for example_nested_branch_dag to 2024-06-04 00:00:00+00:00
[2024-06-06 20:02:40,919] {scheduler_job.py:190} INFO - Processing /home/airflow/.local/lib/python3.6/site-packages/airflow/example_dags/example_nested_branch_dag.py took 0.083 seconds
[2024-06-06 20:03:11,352] {scheduler_job.py:182} INFO - Started process (PID=756) to work on /home/airflow/.local/lib/python3.6/site-packages/airflow/example_dags/example_nested_branch_dag.py
[2024-06-06 20:03:11,353] {scheduler_job.py:629} INFO - Processing file /home/airflow/.local/lib/python3.6/site-packages/airflow/example_dags/example_nested_branch_dag.py for tasks to queue
[2024-06-06 20:03:11,353] {logging_mixin.py:104} INFO - [2024-06-06 20:03:11,353] {dagbag.py:451} INFO - Filling up the DagBag from /home/airflow/.local/lib/python3.6/site-packages/airflow/example_dags/example_nested_branch_dag.py
[2024-06-06 20:03:11,370] {scheduler_job.py:639} INFO - DAG(s) dict_keys(['example_nested_branch_dag']) retrieved from /home/airflow/.local/lib/python3.6/site-packages/airflow/example_dags/example_nested_branch_dag.py
[2024-06-06 20:03:11,397] {logging_mixin.py:104} INFO - [2024-06-06 20:03:11,397] {dag.py:1824} INFO - Sync 1 DAGs
[2024-06-06 20:03:11,420] {logging_mixin.py:104} INFO - [2024-06-06 20:03:11,419] {dag.py:2280} INFO - Setting next_dagrun for example_nested_branch_dag to 2024-06-04 00:00:00+00:00
[2024-06-06 20:03:11,433] {scheduler_job.py:190} INFO - Processing /home/airflow/.local/lib/python3.6/site-packages/airflow/example_dags/example_nested_branch_dag.py took 0.085 seconds
[2024-06-06 20:03:41,885] {scheduler_job.py:182} INFO - Started process (PID=783) to work on /home/airflow/.local/lib/python3.6/site-packages/airflow/example_dags/example_nested_branch_dag.py
[2024-06-06 20:03:41,886] {scheduler_job.py:629} INFO - Processing file /home/airflow/.local/lib/python3.6/site-packages/airflow/example_dags/example_nested_branch_dag.py for tasks to queue
[2024-06-06 20:03:41,887] {logging_mixin.py:104} INFO - [2024-06-06 20:03:41,887] {dagbag.py:451} INFO - Filling up the DagBag from /home/airflow/.local/lib/python3.6/site-packages/airflow/example_dags/example_nested_branch_dag.py
[2024-06-06 20:03:41,905] {scheduler_job.py:639} INFO - DAG(s) dict_keys(['example_nested_branch_dag']) retrieved from /home/airflow/.local/lib/python3.6/site-packages/airflow/example_dags/example_nested_branch_dag.py
[2024-06-06 20:03:41,929] {logging_mixin.py:104} INFO - [2024-06-06 20:03:41,928] {dag.py:1824} INFO - Sync 1 DAGs
[2024-06-06 20:03:41,962] {logging_mixin.py:104} INFO - [2024-06-06 20:03:41,962] {dag.py:2280} INFO - Setting next_dagrun for example_nested_branch_dag to 2024-06-04 00:00:00+00:00
[2024-06-06 20:03:41,983] {scheduler_job.py:190} INFO - Processing /home/airflow/.local/lib/python3.6/site-packages/airflow/example_dags/example_nested_branch_dag.py took 0.102 seconds
[2024-06-06 20:04:12,241] {scheduler_job.py:182} INFO - Started process (PID=809) to work on /home/airflow/.local/lib/python3.6/site-packages/airflow/example_dags/example_nested_branch_dag.py
[2024-06-06 20:04:12,242] {scheduler_job.py:629} INFO - Processing file /home/airflow/.local/lib/python3.6/site-packages/airflow/example_dags/example_nested_branch_dag.py for tasks to queue
[2024-06-06 20:04:12,242] {logging_mixin.py:104} INFO - [2024-06-06 20:04:12,242] {dagbag.py:451} INFO - Filling up the DagBag from /home/airflow/.local/lib/python3.6/site-packages/airflow/example_dags/example_nested_branch_dag.py
[2024-06-06 20:04:12,258] {scheduler_job.py:639} INFO - DAG(s) dict_keys(['example_nested_branch_dag']) retrieved from /home/airflow/.local/lib/python3.6/site-packages/airflow/example_dags/example_nested_branch_dag.py
[2024-06-06 20:04:12,281] {logging_mixin.py:104} INFO - [2024-06-06 20:04:12,281] {dag.py:1824} INFO - Sync 1 DAGs
[2024-06-06 20:04:12,306] {logging_mixin.py:104} INFO - [2024-06-06 20:04:12,306] {dag.py:2280} INFO - Setting next_dagrun for example_nested_branch_dag to 2024-06-04 00:00:00+00:00
[2024-06-06 20:04:12,320] {scheduler_job.py:190} INFO - Processing /home/airflow/.local/lib/python3.6/site-packages/airflow/example_dags/example_nested_branch_dag.py took 0.082 seconds
[2024-06-06 20:04:42,698] {scheduler_job.py:182} INFO - Started process (PID=834) to work on /home/airflow/.local/lib/python3.6/site-packages/airflow/example_dags/example_nested_branch_dag.py
[2024-06-06 20:04:42,699] {scheduler_job.py:629} INFO - Processing file /home/airflow/.local/lib/python3.6/site-packages/airflow/example_dags/example_nested_branch_dag.py for tasks to queue
[2024-06-06 20:04:42,699] {logging_mixin.py:104} INFO - [2024-06-06 20:04:42,699] {dagbag.py:451} INFO - Filling up the DagBag from /home/airflow/.local/lib/python3.6/site-packages/airflow/example_dags/example_nested_branch_dag.py
[2024-06-06 20:04:42,716] {scheduler_job.py:639} INFO - DAG(s) dict_keys(['example_nested_branch_dag']) retrieved from /home/airflow/.local/lib/python3.6/site-packages/airflow/example_dags/example_nested_branch_dag.py
[2024-06-06 20:04:42,739] {logging_mixin.py:104} INFO - [2024-06-06 20:04:42,739] {dag.py:1824} INFO - Sync 1 DAGs
[2024-06-06 20:04:42,762] {logging_mixin.py:104} INFO - [2024-06-06 20:04:42,762] {dag.py:2280} INFO - Setting next_dagrun for example_nested_branch_dag to 2024-06-04 00:00:00+00:00
[2024-06-06 20:04:42,774] {scheduler_job.py:190} INFO - Processing /home/airflow/.local/lib/python3.6/site-packages/airflow/example_dags/example_nested_branch_dag.py took 0.079 seconds
[2024-06-06 20:05:12,908] {scheduler_job.py:182} INFO - Started process (PID=857) to work on /home/airflow/.local/lib/python3.6/site-packages/airflow/example_dags/example_nested_branch_dag.py
[2024-06-06 20:05:12,909] {scheduler_job.py:629} INFO - Processing file /home/airflow/.local/lib/python3.6/site-packages/airflow/example_dags/example_nested_branch_dag.py for tasks to queue
[2024-06-06 20:05:12,909] {logging_mixin.py:104} INFO - [2024-06-06 20:05:12,909] {dagbag.py:451} INFO - Filling up the DagBag from /home/airflow/.local/lib/python3.6/site-packages/airflow/example_dags/example_nested_branch_dag.py
[2024-06-06 20:05:12,925] {scheduler_job.py:639} INFO - DAG(s) dict_keys(['example_nested_branch_dag']) retrieved from /home/airflow/.local/lib/python3.6/site-packages/airflow/example_dags/example_nested_branch_dag.py
[2024-06-06 20:05:12,950] {logging_mixin.py:104} INFO - [2024-06-06 20:05:12,950] {dag.py:1824} INFO - Sync 1 DAGs
[2024-06-06 20:05:12,975] {logging_mixin.py:104} INFO - [2024-06-06 20:05:12,975] {dag.py:2280} INFO - Setting next_dagrun for example_nested_branch_dag to 2024-06-04 00:00:00+00:00
[2024-06-06 20:05:12,991] {scheduler_job.py:190} INFO - Processing /home/airflow/.local/lib/python3.6/site-packages/airflow/example_dags/example_nested_branch_dag.py took 0.086 seconds
