[2024-06-06 19:49:58,357] {scheduler_job.py:182} INFO - Started process (PID=64) to work on /home/airflow/.local/lib/python3.6/site-packages/airflow/example_dags/tutorial.py
[2024-06-06 19:49:58,358] {scheduler_job.py:629} INFO - Processing file /home/airflow/.local/lib/python3.6/site-packages/airflow/example_dags/tutorial.py for tasks to queue
[2024-06-06 19:49:58,358] {logging_mixin.py:104} INFO - [2024-06-06 19:49:58,358] {dagbag.py:451} INFO - Filling up the DagBag from /home/airflow/.local/lib/python3.6/site-packages/airflow/example_dags/tutorial.py
[2024-06-06 19:49:58,365] {scheduler_job.py:639} INFO - DAG(s) dict_keys(['tutorial']) retrieved from /home/airflow/.local/lib/python3.6/site-packages/airflow/example_dags/tutorial.py
[2024-06-06 19:49:58,381] {logging_mixin.py:104} INFO - [2024-06-06 19:49:58,381] {dag.py:1824} INFO - Sync 1 DAGs
[2024-06-06 19:49:58,391] {logging_mixin.py:104} INFO - [2024-06-06 19:49:58,391] {dag.py:1843} INFO - Creating ORM DAG for tutorial
[2024-06-06 19:49:58,394] {logging_mixin.py:104} INFO - [2024-06-06 19:49:58,394] {dag.py:2280} INFO - Setting next_dagrun for tutorial to 2024-06-04 00:00:00+00:00
[2024-06-06 19:49:58,405] {scheduler_job.py:190} INFO - Processing /home/airflow/.local/lib/python3.6/site-packages/airflow/example_dags/tutorial.py took 0.051 seconds
[2024-06-06 19:50:29,789] {scheduler_job.py:182} INFO - Started process (PID=90) to work on /home/airflow/.local/lib/python3.6/site-packages/airflow/example_dags/tutorial.py
[2024-06-06 19:50:29,790] {scheduler_job.py:629} INFO - Processing file /home/airflow/.local/lib/python3.6/site-packages/airflow/example_dags/tutorial.py for tasks to queue
[2024-06-06 19:50:29,790] {logging_mixin.py:104} INFO - [2024-06-06 19:50:29,790] {dagbag.py:451} INFO - Filling up the DagBag from /home/airflow/.local/lib/python3.6/site-packages/airflow/example_dags/tutorial.py
[2024-06-06 19:50:29,795] {scheduler_job.py:639} INFO - DAG(s) dict_keys(['tutorial']) retrieved from /home/airflow/.local/lib/python3.6/site-packages/airflow/example_dags/tutorial.py
[2024-06-06 19:50:29,807] {logging_mixin.py:104} INFO - [2024-06-06 19:50:29,807] {dag.py:1824} INFO - Sync 1 DAGs
[2024-06-06 19:50:29,818] {logging_mixin.py:104} INFO - [2024-06-06 19:50:29,818] {dag.py:2280} INFO - Setting next_dagrun for tutorial to 2024-06-04 00:00:00+00:00
[2024-06-06 19:50:29,827] {scheduler_job.py:190} INFO - Processing /home/airflow/.local/lib/python3.6/site-packages/airflow/example_dags/tutorial.py took 0.039 seconds
[2024-06-06 19:51:00,131] {scheduler_job.py:182} INFO - Started process (PID=116) to work on /home/airflow/.local/lib/python3.6/site-packages/airflow/example_dags/tutorial.py
[2024-06-06 19:51:00,132] {scheduler_job.py:629} INFO - Processing file /home/airflow/.local/lib/python3.6/site-packages/airflow/example_dags/tutorial.py for tasks to queue
[2024-06-06 19:51:00,133] {logging_mixin.py:104} INFO - [2024-06-06 19:51:00,133] {dagbag.py:451} INFO - Filling up the DagBag from /home/airflow/.local/lib/python3.6/site-packages/airflow/example_dags/tutorial.py
[2024-06-06 19:51:00,143] {scheduler_job.py:639} INFO - DAG(s) dict_keys(['tutorial']) retrieved from /home/airflow/.local/lib/python3.6/site-packages/airflow/example_dags/tutorial.py
[2024-06-06 19:51:00,165] {logging_mixin.py:104} INFO - [2024-06-06 19:51:00,165] {dag.py:1824} INFO - Sync 1 DAGs
[2024-06-06 19:51:00,186] {logging_mixin.py:104} INFO - [2024-06-06 19:51:00,185] {dag.py:2280} INFO - Setting next_dagrun for tutorial to 2024-06-04 00:00:00+00:00
[2024-06-06 19:51:00,199] {scheduler_job.py:190} INFO - Processing /home/airflow/.local/lib/python3.6/site-packages/airflow/example_dags/tutorial.py took 0.071 seconds
[2024-06-06 19:51:30,345] {scheduler_job.py:182} INFO - Started process (PID=139) to work on /home/airflow/.local/lib/python3.6/site-packages/airflow/example_dags/tutorial.py
[2024-06-06 19:51:30,346] {scheduler_job.py:629} INFO - Processing file /home/airflow/.local/lib/python3.6/site-packages/airflow/example_dags/tutorial.py for tasks to queue
[2024-06-06 19:51:30,346] {logging_mixin.py:104} INFO - [2024-06-06 19:51:30,346] {dagbag.py:451} INFO - Filling up the DagBag from /home/airflow/.local/lib/python3.6/site-packages/airflow/example_dags/tutorial.py
[2024-06-06 19:51:30,357] {scheduler_job.py:639} INFO - DAG(s) dict_keys(['tutorial']) retrieved from /home/airflow/.local/lib/python3.6/site-packages/airflow/example_dags/tutorial.py
[2024-06-06 19:51:30,381] {logging_mixin.py:104} INFO - [2024-06-06 19:51:30,381] {dag.py:1824} INFO - Sync 1 DAGs
[2024-06-06 19:51:30,401] {logging_mixin.py:104} INFO - [2024-06-06 19:51:30,401] {dag.py:2280} INFO - Setting next_dagrun for tutorial to 2024-06-04 00:00:00+00:00
[2024-06-06 19:51:30,416] {scheduler_job.py:190} INFO - Processing /home/airflow/.local/lib/python3.6/site-packages/airflow/example_dags/tutorial.py took 0.075 seconds
[2024-06-06 19:52:00,799] {scheduler_job.py:182} INFO - Started process (PID=166) to work on /home/airflow/.local/lib/python3.6/site-packages/airflow/example_dags/tutorial.py
[2024-06-06 19:52:00,800] {scheduler_job.py:629} INFO - Processing file /home/airflow/.local/lib/python3.6/site-packages/airflow/example_dags/tutorial.py for tasks to queue
[2024-06-06 19:52:00,800] {logging_mixin.py:104} INFO - [2024-06-06 19:52:00,800] {dagbag.py:451} INFO - Filling up the DagBag from /home/airflow/.local/lib/python3.6/site-packages/airflow/example_dags/tutorial.py
[2024-06-06 19:52:00,812] {scheduler_job.py:639} INFO - DAG(s) dict_keys(['tutorial']) retrieved from /home/airflow/.local/lib/python3.6/site-packages/airflow/example_dags/tutorial.py
[2024-06-06 19:52:00,839] {logging_mixin.py:104} INFO - [2024-06-06 19:52:00,839] {dag.py:1824} INFO - Sync 1 DAGs
[2024-06-06 19:52:00,861] {logging_mixin.py:104} INFO - [2024-06-06 19:52:00,861] {dag.py:2280} INFO - Setting next_dagrun for tutorial to 2024-06-04 00:00:00+00:00
[2024-06-06 19:52:00,877] {scheduler_job.py:190} INFO - Processing /home/airflow/.local/lib/python3.6/site-packages/airflow/example_dags/tutorial.py took 0.082 seconds
[2024-06-06 19:52:31,287] {scheduler_job.py:182} INFO - Started process (PID=191) to work on /home/airflow/.local/lib/python3.6/site-packages/airflow/example_dags/tutorial.py
[2024-06-06 19:52:31,288] {scheduler_job.py:629} INFO - Processing file /home/airflow/.local/lib/python3.6/site-packages/airflow/example_dags/tutorial.py for tasks to queue
[2024-06-06 19:52:31,289] {logging_mixin.py:104} INFO - [2024-06-06 19:52:31,289] {dagbag.py:451} INFO - Filling up the DagBag from /home/airflow/.local/lib/python3.6/site-packages/airflow/example_dags/tutorial.py
[2024-06-06 19:52:31,299] {scheduler_job.py:639} INFO - DAG(s) dict_keys(['tutorial']) retrieved from /home/airflow/.local/lib/python3.6/site-packages/airflow/example_dags/tutorial.py
[2024-06-06 19:52:31,323] {logging_mixin.py:104} INFO - [2024-06-06 19:52:31,323] {dag.py:1824} INFO - Sync 1 DAGs
[2024-06-06 19:52:31,343] {logging_mixin.py:104} INFO - [2024-06-06 19:52:31,343] {dag.py:2280} INFO - Setting next_dagrun for tutorial to 2024-06-04 00:00:00+00:00
[2024-06-06 19:52:31,356] {scheduler_job.py:190} INFO - Processing /home/airflow/.local/lib/python3.6/site-packages/airflow/example_dags/tutorial.py took 0.073 seconds
[2024-06-06 19:53:01,849] {scheduler_job.py:182} INFO - Started process (PID=219) to work on /home/airflow/.local/lib/python3.6/site-packages/airflow/example_dags/tutorial.py
[2024-06-06 19:53:01,850] {scheduler_job.py:629} INFO - Processing file /home/airflow/.local/lib/python3.6/site-packages/airflow/example_dags/tutorial.py for tasks to queue
[2024-06-06 19:53:01,850] {logging_mixin.py:104} INFO - [2024-06-06 19:53:01,850] {dagbag.py:451} INFO - Filling up the DagBag from /home/airflow/.local/lib/python3.6/site-packages/airflow/example_dags/tutorial.py
[2024-06-06 19:53:01,862] {scheduler_job.py:639} INFO - DAG(s) dict_keys(['tutorial']) retrieved from /home/airflow/.local/lib/python3.6/site-packages/airflow/example_dags/tutorial.py
[2024-06-06 19:53:01,895] {logging_mixin.py:104} INFO - [2024-06-06 19:53:01,895] {dag.py:1824} INFO - Sync 1 DAGs
[2024-06-06 19:53:01,914] {logging_mixin.py:104} INFO - [2024-06-06 19:53:01,914] {dag.py:2280} INFO - Setting next_dagrun for tutorial to 2024-06-04 00:00:00+00:00
[2024-06-06 19:53:01,934] {scheduler_job.py:190} INFO - Processing /home/airflow/.local/lib/python3.6/site-packages/airflow/example_dags/tutorial.py took 0.089 seconds
[2024-06-06 19:53:32,446] {scheduler_job.py:182} INFO - Started process (PID=245) to work on /home/airflow/.local/lib/python3.6/site-packages/airflow/example_dags/tutorial.py
[2024-06-06 19:53:32,447] {scheduler_job.py:629} INFO - Processing file /home/airflow/.local/lib/python3.6/site-packages/airflow/example_dags/tutorial.py for tasks to queue
[2024-06-06 19:53:32,448] {logging_mixin.py:104} INFO - [2024-06-06 19:53:32,447] {dagbag.py:451} INFO - Filling up the DagBag from /home/airflow/.local/lib/python3.6/site-packages/airflow/example_dags/tutorial.py
[2024-06-06 19:53:32,459] {scheduler_job.py:639} INFO - DAG(s) dict_keys(['tutorial']) retrieved from /home/airflow/.local/lib/python3.6/site-packages/airflow/example_dags/tutorial.py
[2024-06-06 19:53:32,487] {logging_mixin.py:104} INFO - [2024-06-06 19:53:32,487] {dag.py:1824} INFO - Sync 1 DAGs
[2024-06-06 19:53:32,502] {logging_mixin.py:104} INFO - [2024-06-06 19:53:32,502] {dag.py:2280} INFO - Setting next_dagrun for tutorial to 2024-06-04 00:00:00+00:00
[2024-06-06 19:53:32,516] {scheduler_job.py:190} INFO - Processing /home/airflow/.local/lib/python3.6/site-packages/airflow/example_dags/tutorial.py took 0.073 seconds
[2024-06-06 19:54:02,878] {scheduler_job.py:182} INFO - Started process (PID=271) to work on /home/airflow/.local/lib/python3.6/site-packages/airflow/example_dags/tutorial.py
[2024-06-06 19:54:02,878] {scheduler_job.py:629} INFO - Processing file /home/airflow/.local/lib/python3.6/site-packages/airflow/example_dags/tutorial.py for tasks to queue
[2024-06-06 19:54:02,879] {logging_mixin.py:104} INFO - [2024-06-06 19:54:02,879] {dagbag.py:451} INFO - Filling up the DagBag from /home/airflow/.local/lib/python3.6/site-packages/airflow/example_dags/tutorial.py
[2024-06-06 19:54:02,885] {scheduler_job.py:639} INFO - DAG(s) dict_keys(['tutorial']) retrieved from /home/airflow/.local/lib/python3.6/site-packages/airflow/example_dags/tutorial.py
[2024-06-06 19:54:02,899] {logging_mixin.py:104} INFO - [2024-06-06 19:54:02,899] {dag.py:1824} INFO - Sync 1 DAGs
[2024-06-06 19:54:02,907] {logging_mixin.py:104} INFO - [2024-06-06 19:54:02,906] {dag.py:2280} INFO - Setting next_dagrun for tutorial to 2024-06-04 00:00:00+00:00
[2024-06-06 19:54:02,917] {scheduler_job.py:190} INFO - Processing /home/airflow/.local/lib/python3.6/site-packages/airflow/example_dags/tutorial.py took 0.042 seconds
[2024-06-06 19:54:33,224] {scheduler_job.py:182} INFO - Started process (PID=297) to work on /home/airflow/.local/lib/python3.6/site-packages/airflow/example_dags/tutorial.py
[2024-06-06 19:54:33,225] {scheduler_job.py:629} INFO - Processing file /home/airflow/.local/lib/python3.6/site-packages/airflow/example_dags/tutorial.py for tasks to queue
[2024-06-06 19:54:33,225] {logging_mixin.py:104} INFO - [2024-06-06 19:54:33,225] {dagbag.py:451} INFO - Filling up the DagBag from /home/airflow/.local/lib/python3.6/site-packages/airflow/example_dags/tutorial.py
[2024-06-06 19:54:33,237] {scheduler_job.py:639} INFO - DAG(s) dict_keys(['tutorial']) retrieved from /home/airflow/.local/lib/python3.6/site-packages/airflow/example_dags/tutorial.py
[2024-06-06 19:54:33,265] {logging_mixin.py:104} INFO - [2024-06-06 19:54:33,265] {dag.py:1824} INFO - Sync 1 DAGs
[2024-06-06 19:54:33,280] {logging_mixin.py:104} INFO - [2024-06-06 19:54:33,280] {dag.py:2280} INFO - Setting next_dagrun for tutorial to 2024-06-04 00:00:00+00:00
[2024-06-06 19:54:33,293] {scheduler_job.py:190} INFO - Processing /home/airflow/.local/lib/python3.6/site-packages/airflow/example_dags/tutorial.py took 0.074 seconds
[2024-06-06 19:55:03,382] {scheduler_job.py:182} INFO - Started process (PID=315) to work on /home/airflow/.local/lib/python3.6/site-packages/airflow/example_dags/tutorial.py
[2024-06-06 19:55:03,383] {scheduler_job.py:629} INFO - Processing file /home/airflow/.local/lib/python3.6/site-packages/airflow/example_dags/tutorial.py for tasks to queue
[2024-06-06 19:55:03,384] {logging_mixin.py:104} INFO - [2024-06-06 19:55:03,384] {dagbag.py:451} INFO - Filling up the DagBag from /home/airflow/.local/lib/python3.6/site-packages/airflow/example_dags/tutorial.py
[2024-06-06 19:55:03,399] {scheduler_job.py:639} INFO - DAG(s) dict_keys(['tutorial']) retrieved from /home/airflow/.local/lib/python3.6/site-packages/airflow/example_dags/tutorial.py
[2024-06-06 19:55:03,422] {logging_mixin.py:104} INFO - [2024-06-06 19:55:03,422] {dag.py:1824} INFO - Sync 1 DAGs
[2024-06-06 19:55:03,437] {logging_mixin.py:104} INFO - [2024-06-06 19:55:03,437] {dag.py:2280} INFO - Setting next_dagrun for tutorial to 2024-06-04 00:00:00+00:00
[2024-06-06 19:55:03,452] {scheduler_job.py:190} INFO - Processing /home/airflow/.local/lib/python3.6/site-packages/airflow/example_dags/tutorial.py took 0.074 seconds
[2024-06-06 19:55:33,498] {scheduler_job.py:182} INFO - Started process (PID=357) to work on /home/airflow/.local/lib/python3.6/site-packages/airflow/example_dags/tutorial.py
[2024-06-06 19:55:33,499] {scheduler_job.py:629} INFO - Processing file /home/airflow/.local/lib/python3.6/site-packages/airflow/example_dags/tutorial.py for tasks to queue
[2024-06-06 19:55:33,499] {logging_mixin.py:104} INFO - [2024-06-06 19:55:33,499] {dagbag.py:451} INFO - Filling up the DagBag from /home/airflow/.local/lib/python3.6/site-packages/airflow/example_dags/tutorial.py
[2024-06-06 19:55:33,514] {scheduler_job.py:639} INFO - DAG(s) dict_keys(['tutorial']) retrieved from /home/airflow/.local/lib/python3.6/site-packages/airflow/example_dags/tutorial.py
[2024-06-06 19:55:33,539] {logging_mixin.py:104} INFO - [2024-06-06 19:55:33,539] {dag.py:1824} INFO - Sync 1 DAGs
[2024-06-06 19:55:33,556] {logging_mixin.py:104} INFO - [2024-06-06 19:55:33,556] {dag.py:2280} INFO - Setting next_dagrun for tutorial to 2024-06-04 00:00:00+00:00
[2024-06-06 19:55:33,569] {scheduler_job.py:190} INFO - Processing /home/airflow/.local/lib/python3.6/site-packages/airflow/example_dags/tutorial.py took 0.075 seconds
[2024-06-06 19:56:04,155] {scheduler_job.py:182} INFO - Started process (PID=384) to work on /home/airflow/.local/lib/python3.6/site-packages/airflow/example_dags/tutorial.py
[2024-06-06 19:56:04,156] {scheduler_job.py:629} INFO - Processing file /home/airflow/.local/lib/python3.6/site-packages/airflow/example_dags/tutorial.py for tasks to queue
[2024-06-06 19:56:04,156] {logging_mixin.py:104} INFO - [2024-06-06 19:56:04,156] {dagbag.py:451} INFO - Filling up the DagBag from /home/airflow/.local/lib/python3.6/site-packages/airflow/example_dags/tutorial.py
[2024-06-06 19:56:04,167] {scheduler_job.py:639} INFO - DAG(s) dict_keys(['tutorial']) retrieved from /home/airflow/.local/lib/python3.6/site-packages/airflow/example_dags/tutorial.py
[2024-06-06 19:56:04,190] {logging_mixin.py:104} INFO - [2024-06-06 19:56:04,190] {dag.py:1824} INFO - Sync 1 DAGs
[2024-06-06 19:56:04,207] {logging_mixin.py:104} INFO - [2024-06-06 19:56:04,206] {dag.py:2280} INFO - Setting next_dagrun for tutorial to 2024-06-04 00:00:00+00:00
[2024-06-06 19:56:04,221] {scheduler_job.py:190} INFO - Processing /home/airflow/.local/lib/python3.6/site-packages/airflow/example_dags/tutorial.py took 0.069 seconds
[2024-06-06 19:56:35,104] {scheduler_job.py:182} INFO - Started process (PID=418) to work on /home/airflow/.local/lib/python3.6/site-packages/airflow/example_dags/tutorial.py
[2024-06-06 19:56:35,105] {scheduler_job.py:629} INFO - Processing file /home/airflow/.local/lib/python3.6/site-packages/airflow/example_dags/tutorial.py for tasks to queue
[2024-06-06 19:56:35,106] {logging_mixin.py:104} INFO - [2024-06-06 19:56:35,106] {dagbag.py:451} INFO - Filling up the DagBag from /home/airflow/.local/lib/python3.6/site-packages/airflow/example_dags/tutorial.py
[2024-06-06 19:56:35,121] {scheduler_job.py:639} INFO - DAG(s) dict_keys(['tutorial']) retrieved from /home/airflow/.local/lib/python3.6/site-packages/airflow/example_dags/tutorial.py
[2024-06-06 19:56:35,144] {logging_mixin.py:104} INFO - [2024-06-06 19:56:35,144] {dag.py:1824} INFO - Sync 1 DAGs
[2024-06-06 19:56:35,161] {logging_mixin.py:104} INFO - [2024-06-06 19:56:35,161] {dag.py:2280} INFO - Setting next_dagrun for tutorial to 2024-06-04 00:00:00+00:00
[2024-06-06 19:56:35,175] {scheduler_job.py:190} INFO - Processing /home/airflow/.local/lib/python3.6/site-packages/airflow/example_dags/tutorial.py took 0.074 seconds
[2024-06-06 19:57:05,652] {scheduler_job.py:182} INFO - Started process (PID=443) to work on /home/airflow/.local/lib/python3.6/site-packages/airflow/example_dags/tutorial.py
[2024-06-06 19:57:05,662] {scheduler_job.py:629} INFO - Processing file /home/airflow/.local/lib/python3.6/site-packages/airflow/example_dags/tutorial.py for tasks to queue
[2024-06-06 19:57:05,663] {logging_mixin.py:104} INFO - [2024-06-06 19:57:05,663] {dagbag.py:451} INFO - Filling up the DagBag from /home/airflow/.local/lib/python3.6/site-packages/airflow/example_dags/tutorial.py
[2024-06-06 19:57:05,678] {scheduler_job.py:639} INFO - DAG(s) dict_keys(['tutorial']) retrieved from /home/airflow/.local/lib/python3.6/site-packages/airflow/example_dags/tutorial.py
[2024-06-06 19:57:05,722] {logging_mixin.py:104} INFO - [2024-06-06 19:57:05,722] {dag.py:1824} INFO - Sync 1 DAGs
[2024-06-06 19:57:05,750] {logging_mixin.py:104} INFO - [2024-06-06 19:57:05,750] {dag.py:2280} INFO - Setting next_dagrun for tutorial to 2024-06-04 00:00:00+00:00
[2024-06-06 19:57:05,774] {scheduler_job.py:190} INFO - Processing /home/airflow/.local/lib/python3.6/site-packages/airflow/example_dags/tutorial.py took 0.127 seconds
[2024-06-06 19:57:35,974] {scheduler_job.py:182} INFO - Started process (PID=464) to work on /home/airflow/.local/lib/python3.6/site-packages/airflow/example_dags/tutorial.py
[2024-06-06 19:57:35,975] {scheduler_job.py:629} INFO - Processing file /home/airflow/.local/lib/python3.6/site-packages/airflow/example_dags/tutorial.py for tasks to queue
[2024-06-06 19:57:35,976] {logging_mixin.py:104} INFO - [2024-06-06 19:57:35,976] {dagbag.py:451} INFO - Filling up the DagBag from /home/airflow/.local/lib/python3.6/site-packages/airflow/example_dags/tutorial.py
[2024-06-06 19:57:35,988] {scheduler_job.py:639} INFO - DAG(s) dict_keys(['tutorial']) retrieved from /home/airflow/.local/lib/python3.6/site-packages/airflow/example_dags/tutorial.py
[2024-06-06 19:57:36,013] {logging_mixin.py:104} INFO - [2024-06-06 19:57:36,013] {dag.py:1824} INFO - Sync 1 DAGs
[2024-06-06 19:57:36,031] {logging_mixin.py:104} INFO - [2024-06-06 19:57:36,030] {dag.py:2280} INFO - Setting next_dagrun for tutorial to 2024-06-04 00:00:00+00:00
[2024-06-06 19:57:36,047] {scheduler_job.py:190} INFO - Processing /home/airflow/.local/lib/python3.6/site-packages/airflow/example_dags/tutorial.py took 0.077 seconds
[2024-06-06 19:58:06,419] {scheduler_job.py:182} INFO - Started process (PID=488) to work on /home/airflow/.local/lib/python3.6/site-packages/airflow/example_dags/tutorial.py
[2024-06-06 19:58:06,420] {scheduler_job.py:629} INFO - Processing file /home/airflow/.local/lib/python3.6/site-packages/airflow/example_dags/tutorial.py for tasks to queue
[2024-06-06 19:58:06,420] {logging_mixin.py:104} INFO - [2024-06-06 19:58:06,420] {dagbag.py:451} INFO - Filling up the DagBag from /home/airflow/.local/lib/python3.6/site-packages/airflow/example_dags/tutorial.py
[2024-06-06 19:58:06,431] {scheduler_job.py:639} INFO - DAG(s) dict_keys(['tutorial']) retrieved from /home/airflow/.local/lib/python3.6/site-packages/airflow/example_dags/tutorial.py
[2024-06-06 19:58:06,457] {logging_mixin.py:104} INFO - [2024-06-06 19:58:06,457] {dag.py:1824} INFO - Sync 1 DAGs
[2024-06-06 19:58:06,474] {logging_mixin.py:104} INFO - [2024-06-06 19:58:06,474] {dag.py:2280} INFO - Setting next_dagrun for tutorial to 2024-06-04 00:00:00+00:00
[2024-06-06 19:58:06,492] {scheduler_job.py:190} INFO - Processing /home/airflow/.local/lib/python3.6/site-packages/airflow/example_dags/tutorial.py took 0.077 seconds
[2024-06-06 19:58:37,067] {scheduler_job.py:182} INFO - Started process (PID=515) to work on /home/airflow/.local/lib/python3.6/site-packages/airflow/example_dags/tutorial.py
[2024-06-06 19:58:37,068] {scheduler_job.py:629} INFO - Processing file /home/airflow/.local/lib/python3.6/site-packages/airflow/example_dags/tutorial.py for tasks to queue
[2024-06-06 19:58:37,068] {logging_mixin.py:104} INFO - [2024-06-06 19:58:37,068] {dagbag.py:451} INFO - Filling up the DagBag from /home/airflow/.local/lib/python3.6/site-packages/airflow/example_dags/tutorial.py
[2024-06-06 19:58:37,077] {scheduler_job.py:639} INFO - DAG(s) dict_keys(['tutorial']) retrieved from /home/airflow/.local/lib/python3.6/site-packages/airflow/example_dags/tutorial.py
[2024-06-06 19:58:37,096] {logging_mixin.py:104} INFO - [2024-06-06 19:58:37,096] {dag.py:1824} INFO - Sync 1 DAGs
[2024-06-06 19:58:37,109] {logging_mixin.py:104} INFO - [2024-06-06 19:58:37,109] {dag.py:2280} INFO - Setting next_dagrun for tutorial to 2024-06-04 00:00:00+00:00
[2024-06-06 19:58:37,124] {scheduler_job.py:190} INFO - Processing /home/airflow/.local/lib/python3.6/site-packages/airflow/example_dags/tutorial.py took 0.060 seconds
[2024-06-06 19:59:07,462] {scheduler_job.py:182} INFO - Started process (PID=540) to work on /home/airflow/.local/lib/python3.6/site-packages/airflow/example_dags/tutorial.py
[2024-06-06 19:59:07,463] {scheduler_job.py:629} INFO - Processing file /home/airflow/.local/lib/python3.6/site-packages/airflow/example_dags/tutorial.py for tasks to queue
[2024-06-06 19:59:07,464] {logging_mixin.py:104} INFO - [2024-06-06 19:59:07,463] {dagbag.py:451} INFO - Filling up the DagBag from /home/airflow/.local/lib/python3.6/site-packages/airflow/example_dags/tutorial.py
[2024-06-06 19:59:07,475] {scheduler_job.py:639} INFO - DAG(s) dict_keys(['tutorial']) retrieved from /home/airflow/.local/lib/python3.6/site-packages/airflow/example_dags/tutorial.py
[2024-06-06 19:59:07,500] {logging_mixin.py:104} INFO - [2024-06-06 19:59:07,500] {dag.py:1824} INFO - Sync 1 DAGs
[2024-06-06 19:59:07,518] {logging_mixin.py:104} INFO - [2024-06-06 19:59:07,517] {dag.py:2280} INFO - Setting next_dagrun for tutorial to 2024-06-04 00:00:00+00:00
[2024-06-06 19:59:07,530] {scheduler_job.py:190} INFO - Processing /home/airflow/.local/lib/python3.6/site-packages/airflow/example_dags/tutorial.py took 0.071 seconds
[2024-06-06 19:59:38,127] {scheduler_job.py:182} INFO - Started process (PID=566) to work on /home/airflow/.local/lib/python3.6/site-packages/airflow/example_dags/tutorial.py
[2024-06-06 19:59:38,128] {scheduler_job.py:629} INFO - Processing file /home/airflow/.local/lib/python3.6/site-packages/airflow/example_dags/tutorial.py for tasks to queue
[2024-06-06 19:59:38,128] {logging_mixin.py:104} INFO - [2024-06-06 19:59:38,128] {dagbag.py:451} INFO - Filling up the DagBag from /home/airflow/.local/lib/python3.6/site-packages/airflow/example_dags/tutorial.py
[2024-06-06 19:59:38,138] {scheduler_job.py:639} INFO - DAG(s) dict_keys(['tutorial']) retrieved from /home/airflow/.local/lib/python3.6/site-packages/airflow/example_dags/tutorial.py
[2024-06-06 19:59:38,159] {logging_mixin.py:104} INFO - [2024-06-06 19:59:38,159] {dag.py:1824} INFO - Sync 1 DAGs
[2024-06-06 19:59:38,172] {logging_mixin.py:104} INFO - [2024-06-06 19:59:38,172] {dag.py:2280} INFO - Setting next_dagrun for tutorial to 2024-06-04 00:00:00+00:00
[2024-06-06 19:59:38,187] {scheduler_job.py:190} INFO - Processing /home/airflow/.local/lib/python3.6/site-packages/airflow/example_dags/tutorial.py took 0.064 seconds
[2024-06-06 20:00:08,835] {scheduler_job.py:182} INFO - Started process (PID=597) to work on /home/airflow/.local/lib/python3.6/site-packages/airflow/example_dags/tutorial.py
[2024-06-06 20:00:08,836] {scheduler_job.py:629} INFO - Processing file /home/airflow/.local/lib/python3.6/site-packages/airflow/example_dags/tutorial.py for tasks to queue
[2024-06-06 20:00:08,836] {logging_mixin.py:104} INFO - [2024-06-06 20:00:08,836] {dagbag.py:451} INFO - Filling up the DagBag from /home/airflow/.local/lib/python3.6/site-packages/airflow/example_dags/tutorial.py
[2024-06-06 20:00:08,847] {scheduler_job.py:639} INFO - DAG(s) dict_keys(['tutorial']) retrieved from /home/airflow/.local/lib/python3.6/site-packages/airflow/example_dags/tutorial.py
[2024-06-06 20:00:08,872] {logging_mixin.py:104} INFO - [2024-06-06 20:00:08,872] {dag.py:1824} INFO - Sync 1 DAGs
[2024-06-06 20:00:08,888] {logging_mixin.py:104} INFO - [2024-06-06 20:00:08,888] {dag.py:2280} INFO - Setting next_dagrun for tutorial to 2024-06-04 00:00:00+00:00
[2024-06-06 20:00:08,902] {scheduler_job.py:190} INFO - Processing /home/airflow/.local/lib/python3.6/site-packages/airflow/example_dags/tutorial.py took 0.070 seconds
[2024-06-06 20:00:39,175] {scheduler_job.py:182} INFO - Started process (PID=623) to work on /home/airflow/.local/lib/python3.6/site-packages/airflow/example_dags/tutorial.py
[2024-06-06 20:00:39,177] {scheduler_job.py:629} INFO - Processing file /home/airflow/.local/lib/python3.6/site-packages/airflow/example_dags/tutorial.py for tasks to queue
[2024-06-06 20:00:39,177] {logging_mixin.py:104} INFO - [2024-06-06 20:00:39,177] {dagbag.py:451} INFO - Filling up the DagBag from /home/airflow/.local/lib/python3.6/site-packages/airflow/example_dags/tutorial.py
[2024-06-06 20:00:39,190] {scheduler_job.py:639} INFO - DAG(s) dict_keys(['tutorial']) retrieved from /home/airflow/.local/lib/python3.6/site-packages/airflow/example_dags/tutorial.py
[2024-06-06 20:00:39,219] {logging_mixin.py:104} INFO - [2024-06-06 20:00:39,219] {dag.py:1824} INFO - Sync 1 DAGs
[2024-06-06 20:00:39,240] {logging_mixin.py:104} INFO - [2024-06-06 20:00:39,240] {dag.py:2280} INFO - Setting next_dagrun for tutorial to 2024-06-04 00:00:00+00:00
[2024-06-06 20:00:39,258] {scheduler_job.py:190} INFO - Processing /home/airflow/.local/lib/python3.6/site-packages/airflow/example_dags/tutorial.py took 0.086 seconds
[2024-06-06 20:01:09,640] {scheduler_job.py:182} INFO - Started process (PID=652) to work on /home/airflow/.local/lib/python3.6/site-packages/airflow/example_dags/tutorial.py
[2024-06-06 20:01:09,642] {scheduler_job.py:629} INFO - Processing file /home/airflow/.local/lib/python3.6/site-packages/airflow/example_dags/tutorial.py for tasks to queue
[2024-06-06 20:01:09,642] {logging_mixin.py:104} INFO - [2024-06-06 20:01:09,642] {dagbag.py:451} INFO - Filling up the DagBag from /home/airflow/.local/lib/python3.6/site-packages/airflow/example_dags/tutorial.py
[2024-06-06 20:01:09,657] {scheduler_job.py:639} INFO - DAG(s) dict_keys(['tutorial']) retrieved from /home/airflow/.local/lib/python3.6/site-packages/airflow/example_dags/tutorial.py
[2024-06-06 20:01:09,689] {logging_mixin.py:104} INFO - [2024-06-06 20:01:09,689] {dag.py:1824} INFO - Sync 1 DAGs
[2024-06-06 20:01:09,715] {logging_mixin.py:104} INFO - [2024-06-06 20:01:09,715] {dag.py:2280} INFO - Setting next_dagrun for tutorial to 2024-06-04 00:00:00+00:00
[2024-06-06 20:01:09,739] {scheduler_job.py:190} INFO - Processing /home/airflow/.local/lib/python3.6/site-packages/airflow/example_dags/tutorial.py took 0.102 seconds
[2024-06-06 20:01:40,245] {scheduler_job.py:182} INFO - Started process (PID=680) to work on /home/airflow/.local/lib/python3.6/site-packages/airflow/example_dags/tutorial.py
[2024-06-06 20:01:40,246] {scheduler_job.py:629} INFO - Processing file /home/airflow/.local/lib/python3.6/site-packages/airflow/example_dags/tutorial.py for tasks to queue
[2024-06-06 20:01:40,247] {logging_mixin.py:104} INFO - [2024-06-06 20:01:40,247] {dagbag.py:451} INFO - Filling up the DagBag from /home/airflow/.local/lib/python3.6/site-packages/airflow/example_dags/tutorial.py
[2024-06-06 20:01:40,257] {scheduler_job.py:639} INFO - DAG(s) dict_keys(['tutorial']) retrieved from /home/airflow/.local/lib/python3.6/site-packages/airflow/example_dags/tutorial.py
[2024-06-06 20:01:40,284] {logging_mixin.py:104} INFO - [2024-06-06 20:01:40,283] {dag.py:1824} INFO - Sync 1 DAGs
[2024-06-06 20:01:40,299] {logging_mixin.py:104} INFO - [2024-06-06 20:01:40,299] {dag.py:2280} INFO - Setting next_dagrun for tutorial to 2024-06-04 00:00:00+00:00
[2024-06-06 20:01:40,312] {scheduler_job.py:190} INFO - Processing /home/airflow/.local/lib/python3.6/site-packages/airflow/example_dags/tutorial.py took 0.069 seconds
[2024-06-06 20:02:10,654] {scheduler_job.py:182} INFO - Started process (PID=706) to work on /home/airflow/.local/lib/python3.6/site-packages/airflow/example_dags/tutorial.py
[2024-06-06 20:02:10,656] {scheduler_job.py:629} INFO - Processing file /home/airflow/.local/lib/python3.6/site-packages/airflow/example_dags/tutorial.py for tasks to queue
[2024-06-06 20:02:10,656] {logging_mixin.py:104} INFO - [2024-06-06 20:02:10,656] {dagbag.py:451} INFO - Filling up the DagBag from /home/airflow/.local/lib/python3.6/site-packages/airflow/example_dags/tutorial.py
[2024-06-06 20:02:10,665] {scheduler_job.py:639} INFO - DAG(s) dict_keys(['tutorial']) retrieved from /home/airflow/.local/lib/python3.6/site-packages/airflow/example_dags/tutorial.py
[2024-06-06 20:02:10,687] {logging_mixin.py:104} INFO - [2024-06-06 20:02:10,687] {dag.py:1824} INFO - Sync 1 DAGs
[2024-06-06 20:02:10,700] {logging_mixin.py:104} INFO - [2024-06-06 20:02:10,700] {dag.py:2280} INFO - Setting next_dagrun for tutorial to 2024-06-04 00:00:00+00:00
[2024-06-06 20:02:10,712] {scheduler_job.py:190} INFO - Processing /home/airflow/.local/lib/python3.6/site-packages/airflow/example_dags/tutorial.py took 0.061 seconds
[2024-06-06 20:02:41,142] {scheduler_job.py:182} INFO - Started process (PID=736) to work on /home/airflow/.local/lib/python3.6/site-packages/airflow/example_dags/tutorial.py
[2024-06-06 20:02:41,143] {scheduler_job.py:629} INFO - Processing file /home/airflow/.local/lib/python3.6/site-packages/airflow/example_dags/tutorial.py for tasks to queue
[2024-06-06 20:02:41,144] {logging_mixin.py:104} INFO - [2024-06-06 20:02:41,144] {dagbag.py:451} INFO - Filling up the DagBag from /home/airflow/.local/lib/python3.6/site-packages/airflow/example_dags/tutorial.py
[2024-06-06 20:02:41,155] {scheduler_job.py:639} INFO - DAG(s) dict_keys(['tutorial']) retrieved from /home/airflow/.local/lib/python3.6/site-packages/airflow/example_dags/tutorial.py
[2024-06-06 20:02:41,180] {logging_mixin.py:104} INFO - [2024-06-06 20:02:41,180] {dag.py:1824} INFO - Sync 1 DAGs
[2024-06-06 20:02:41,196] {logging_mixin.py:104} INFO - [2024-06-06 20:02:41,196] {dag.py:2280} INFO - Setting next_dagrun for tutorial to 2024-06-04 00:00:00+00:00
[2024-06-06 20:02:41,210] {scheduler_job.py:190} INFO - Processing /home/airflow/.local/lib/python3.6/site-packages/airflow/example_dags/tutorial.py took 0.071 seconds
[2024-06-06 20:03:11,738] {scheduler_job.py:182} INFO - Started process (PID=762) to work on /home/airflow/.local/lib/python3.6/site-packages/airflow/example_dags/tutorial.py
[2024-06-06 20:03:11,739] {scheduler_job.py:629} INFO - Processing file /home/airflow/.local/lib/python3.6/site-packages/airflow/example_dags/tutorial.py for tasks to queue
[2024-06-06 20:03:11,739] {logging_mixin.py:104} INFO - [2024-06-06 20:03:11,739] {dagbag.py:451} INFO - Filling up the DagBag from /home/airflow/.local/lib/python3.6/site-packages/airflow/example_dags/tutorial.py
[2024-06-06 20:03:11,751] {scheduler_job.py:639} INFO - DAG(s) dict_keys(['tutorial']) retrieved from /home/airflow/.local/lib/python3.6/site-packages/airflow/example_dags/tutorial.py
[2024-06-06 20:03:11,778] {logging_mixin.py:104} INFO - [2024-06-06 20:03:11,778] {dag.py:1824} INFO - Sync 1 DAGs
[2024-06-06 20:03:11,795] {logging_mixin.py:104} INFO - [2024-06-06 20:03:11,795] {dag.py:2280} INFO - Setting next_dagrun for tutorial to 2024-06-04 00:00:00+00:00
[2024-06-06 20:03:11,811] {scheduler_job.py:190} INFO - Processing /home/airflow/.local/lib/python3.6/site-packages/airflow/example_dags/tutorial.py took 0.077 seconds
[2024-06-06 20:03:42,148] {scheduler_job.py:182} INFO - Started process (PID=788) to work on /home/airflow/.local/lib/python3.6/site-packages/airflow/example_dags/tutorial.py
[2024-06-06 20:03:42,149] {scheduler_job.py:629} INFO - Processing file /home/airflow/.local/lib/python3.6/site-packages/airflow/example_dags/tutorial.py for tasks to queue
[2024-06-06 20:03:42,150] {logging_mixin.py:104} INFO - [2024-06-06 20:03:42,150] {dagbag.py:451} INFO - Filling up the DagBag from /home/airflow/.local/lib/python3.6/site-packages/airflow/example_dags/tutorial.py
[2024-06-06 20:03:42,161] {scheduler_job.py:639} INFO - DAG(s) dict_keys(['tutorial']) retrieved from /home/airflow/.local/lib/python3.6/site-packages/airflow/example_dags/tutorial.py
[2024-06-06 20:03:42,191] {logging_mixin.py:104} INFO - [2024-06-06 20:03:42,191] {dag.py:1824} INFO - Sync 1 DAGs
[2024-06-06 20:03:42,208] {logging_mixin.py:104} INFO - [2024-06-06 20:03:42,208] {dag.py:2280} INFO - Setting next_dagrun for tutorial to 2024-06-04 00:00:00+00:00
[2024-06-06 20:03:42,226] {scheduler_job.py:190} INFO - Processing /home/airflow/.local/lib/python3.6/site-packages/airflow/example_dags/tutorial.py took 0.081 seconds
[2024-06-06 20:04:12,534] {scheduler_job.py:182} INFO - Started process (PID=814) to work on /home/airflow/.local/lib/python3.6/site-packages/airflow/example_dags/tutorial.py
[2024-06-06 20:04:12,535] {scheduler_job.py:629} INFO - Processing file /home/airflow/.local/lib/python3.6/site-packages/airflow/example_dags/tutorial.py for tasks to queue
[2024-06-06 20:04:12,536] {logging_mixin.py:104} INFO - [2024-06-06 20:04:12,535] {dagbag.py:451} INFO - Filling up the DagBag from /home/airflow/.local/lib/python3.6/site-packages/airflow/example_dags/tutorial.py
[2024-06-06 20:04:12,546] {scheduler_job.py:639} INFO - DAG(s) dict_keys(['tutorial']) retrieved from /home/airflow/.local/lib/python3.6/site-packages/airflow/example_dags/tutorial.py
[2024-06-06 20:04:12,573] {logging_mixin.py:104} INFO - [2024-06-06 20:04:12,573] {dag.py:1824} INFO - Sync 1 DAGs
[2024-06-06 20:04:12,589] {logging_mixin.py:104} INFO - [2024-06-06 20:04:12,589] {dag.py:2280} INFO - Setting next_dagrun for tutorial to 2024-06-04 00:00:00+00:00
[2024-06-06 20:04:12,600] {scheduler_job.py:190} INFO - Processing /home/airflow/.local/lib/python3.6/site-packages/airflow/example_dags/tutorial.py took 0.070 seconds
[2024-06-06 20:04:42,693] {scheduler_job.py:182} INFO - Started process (PID=833) to work on /home/airflow/.local/lib/python3.6/site-packages/airflow/example_dags/tutorial.py
[2024-06-06 20:04:42,694] {scheduler_job.py:629} INFO - Processing file /home/airflow/.local/lib/python3.6/site-packages/airflow/example_dags/tutorial.py for tasks to queue
[2024-06-06 20:04:42,695] {logging_mixin.py:104} INFO - [2024-06-06 20:04:42,695] {dagbag.py:451} INFO - Filling up the DagBag from /home/airflow/.local/lib/python3.6/site-packages/airflow/example_dags/tutorial.py
[2024-06-06 20:04:42,705] {scheduler_job.py:639} INFO - DAG(s) dict_keys(['tutorial']) retrieved from /home/airflow/.local/lib/python3.6/site-packages/airflow/example_dags/tutorial.py
[2024-06-06 20:04:42,730] {logging_mixin.py:104} INFO - [2024-06-06 20:04:42,730] {dag.py:1824} INFO - Sync 1 DAGs
[2024-06-06 20:04:42,746] {logging_mixin.py:104} INFO - [2024-06-06 20:04:42,746] {dag.py:2280} INFO - Setting next_dagrun for tutorial to 2024-06-04 00:00:00+00:00
[2024-06-06 20:04:42,760] {scheduler_job.py:190} INFO - Processing /home/airflow/.local/lib/python3.6/site-packages/airflow/example_dags/tutorial.py took 0.069 seconds
[2024-06-06 20:05:13,184] {scheduler_job.py:182} INFO - Started process (PID=862) to work on /home/airflow/.local/lib/python3.6/site-packages/airflow/example_dags/tutorial.py
[2024-06-06 20:05:13,185] {scheduler_job.py:629} INFO - Processing file /home/airflow/.local/lib/python3.6/site-packages/airflow/example_dags/tutorial.py for tasks to queue
[2024-06-06 20:05:13,185] {logging_mixin.py:104} INFO - [2024-06-06 20:05:13,185] {dagbag.py:451} INFO - Filling up the DagBag from /home/airflow/.local/lib/python3.6/site-packages/airflow/example_dags/tutorial.py
[2024-06-06 20:05:13,196] {scheduler_job.py:639} INFO - DAG(s) dict_keys(['tutorial']) retrieved from /home/airflow/.local/lib/python3.6/site-packages/airflow/example_dags/tutorial.py
[2024-06-06 20:05:13,219] {logging_mixin.py:104} INFO - [2024-06-06 20:05:13,219] {dag.py:1824} INFO - Sync 1 DAGs
[2024-06-06 20:05:13,232] {logging_mixin.py:104} INFO - [2024-06-06 20:05:13,232] {dag.py:2280} INFO - Setting next_dagrun for tutorial to 2024-06-04 00:00:00+00:00
[2024-06-06 20:05:13,243] {scheduler_job.py:190} INFO - Processing /home/airflow/.local/lib/python3.6/site-packages/airflow/example_dags/tutorial.py took 0.063 seconds
