[2024-06-06 19:49:57,721] {scheduler_job.py:182} INFO - Started process (PID=46) to work on /home/airflow/.local/lib/python3.6/site-packages/airflow/example_dags/tutorial_etl_dag.py
[2024-06-06 19:49:57,722] {scheduler_job.py:629} INFO - Processing file /home/airflow/.local/lib/python3.6/site-packages/airflow/example_dags/tutorial_etl_dag.py for tasks to queue
[2024-06-06 19:49:57,722] {logging_mixin.py:104} INFO - [2024-06-06 19:49:57,722] {dagbag.py:451} INFO - Filling up the DagBag from /home/airflow/.local/lib/python3.6/site-packages/airflow/example_dags/tutorial_etl_dag.py
[2024-06-06 19:49:57,733] {scheduler_job.py:639} INFO - DAG(s) dict_keys(['tutorial_etl_dag']) retrieved from /home/airflow/.local/lib/python3.6/site-packages/airflow/example_dags/tutorial_etl_dag.py
[2024-06-06 19:49:57,751] {logging_mixin.py:104} INFO - [2024-06-06 19:49:57,751] {dag.py:1824} INFO - Sync 1 DAGs
[2024-06-06 19:49:57,761] {logging_mixin.py:104} INFO - [2024-06-06 19:49:57,761] {dag.py:1843} INFO - Creating ORM DAG for tutorial_etl_dag
[2024-06-06 19:49:57,765] {logging_mixin.py:104} INFO - [2024-06-06 19:49:57,765] {dag.py:2280} INFO - Setting next_dagrun for tutorial_etl_dag to None
[2024-06-06 19:49:57,782] {scheduler_job.py:190} INFO - Processing /home/airflow/.local/lib/python3.6/site-packages/airflow/example_dags/tutorial_etl_dag.py took 0.063 seconds
[2024-06-06 19:50:28,896] {scheduler_job.py:182} INFO - Started process (PID=72) to work on /home/airflow/.local/lib/python3.6/site-packages/airflow/example_dags/tutorial_etl_dag.py
[2024-06-06 19:50:28,897] {scheduler_job.py:629} INFO - Processing file /home/airflow/.local/lib/python3.6/site-packages/airflow/example_dags/tutorial_etl_dag.py for tasks to queue
[2024-06-06 19:50:28,898] {logging_mixin.py:104} INFO - [2024-06-06 19:50:28,898] {dagbag.py:451} INFO - Filling up the DagBag from /home/airflow/.local/lib/python3.6/site-packages/airflow/example_dags/tutorial_etl_dag.py
[2024-06-06 19:50:28,913] {scheduler_job.py:639} INFO - DAG(s) dict_keys(['tutorial_etl_dag']) retrieved from /home/airflow/.local/lib/python3.6/site-packages/airflow/example_dags/tutorial_etl_dag.py
[2024-06-06 19:50:28,941] {logging_mixin.py:104} INFO - [2024-06-06 19:50:28,941] {dag.py:1824} INFO - Sync 1 DAGs
[2024-06-06 19:50:28,964] {logging_mixin.py:104} INFO - [2024-06-06 19:50:28,964] {dag.py:2280} INFO - Setting next_dagrun for tutorial_etl_dag to None
[2024-06-06 19:50:28,979] {scheduler_job.py:190} INFO - Processing /home/airflow/.local/lib/python3.6/site-packages/airflow/example_dags/tutorial_etl_dag.py took 0.087 seconds
[2024-06-06 19:50:59,333] {scheduler_job.py:182} INFO - Started process (PID=99) to work on /home/airflow/.local/lib/python3.6/site-packages/airflow/example_dags/tutorial_etl_dag.py
[2024-06-06 19:50:59,334] {scheduler_job.py:629} INFO - Processing file /home/airflow/.local/lib/python3.6/site-packages/airflow/example_dags/tutorial_etl_dag.py for tasks to queue
[2024-06-06 19:50:59,334] {logging_mixin.py:104} INFO - [2024-06-06 19:50:59,334] {dagbag.py:451} INFO - Filling up the DagBag from /home/airflow/.local/lib/python3.6/site-packages/airflow/example_dags/tutorial_etl_dag.py
[2024-06-06 19:50:59,347] {scheduler_job.py:639} INFO - DAG(s) dict_keys(['tutorial_etl_dag']) retrieved from /home/airflow/.local/lib/python3.6/site-packages/airflow/example_dags/tutorial_etl_dag.py
[2024-06-06 19:50:59,371] {logging_mixin.py:104} INFO - [2024-06-06 19:50:59,371] {dag.py:1824} INFO - Sync 1 DAGs
[2024-06-06 19:50:59,391] {logging_mixin.py:104} INFO - [2024-06-06 19:50:59,391] {dag.py:2280} INFO - Setting next_dagrun for tutorial_etl_dag to None
[2024-06-06 19:50:59,406] {scheduler_job.py:190} INFO - Processing /home/airflow/.local/lib/python3.6/site-packages/airflow/example_dags/tutorial_etl_dag.py took 0.076 seconds
[2024-06-06 19:51:29,704] {scheduler_job.py:182} INFO - Started process (PID=126) to work on /home/airflow/.local/lib/python3.6/site-packages/airflow/example_dags/tutorial_etl_dag.py
[2024-06-06 19:51:29,705] {scheduler_job.py:629} INFO - Processing file /home/airflow/.local/lib/python3.6/site-packages/airflow/example_dags/tutorial_etl_dag.py for tasks to queue
[2024-06-06 19:51:29,706] {logging_mixin.py:104} INFO - [2024-06-06 19:51:29,706] {dagbag.py:451} INFO - Filling up the DagBag from /home/airflow/.local/lib/python3.6/site-packages/airflow/example_dags/tutorial_etl_dag.py
[2024-06-06 19:51:29,720] {scheduler_job.py:639} INFO - DAG(s) dict_keys(['tutorial_etl_dag']) retrieved from /home/airflow/.local/lib/python3.6/site-packages/airflow/example_dags/tutorial_etl_dag.py
[2024-06-06 19:51:29,745] {logging_mixin.py:104} INFO - [2024-06-06 19:51:29,745] {dag.py:1824} INFO - Sync 1 DAGs
[2024-06-06 19:51:29,765] {logging_mixin.py:104} INFO - [2024-06-06 19:51:29,765] {dag.py:2280} INFO - Setting next_dagrun for tutorial_etl_dag to None
[2024-06-06 19:51:29,778] {scheduler_job.py:190} INFO - Processing /home/airflow/.local/lib/python3.6/site-packages/airflow/example_dags/tutorial_etl_dag.py took 0.077 seconds
[2024-06-06 19:52:00,044] {scheduler_job.py:182} INFO - Started process (PID=152) to work on /home/airflow/.local/lib/python3.6/site-packages/airflow/example_dags/tutorial_etl_dag.py
[2024-06-06 19:52:00,045] {scheduler_job.py:629} INFO - Processing file /home/airflow/.local/lib/python3.6/site-packages/airflow/example_dags/tutorial_etl_dag.py for tasks to queue
[2024-06-06 19:52:00,046] {logging_mixin.py:104} INFO - [2024-06-06 19:52:00,046] {dagbag.py:451} INFO - Filling up the DagBag from /home/airflow/.local/lib/python3.6/site-packages/airflow/example_dags/tutorial_etl_dag.py
[2024-06-06 19:52:00,061] {scheduler_job.py:639} INFO - DAG(s) dict_keys(['tutorial_etl_dag']) retrieved from /home/airflow/.local/lib/python3.6/site-packages/airflow/example_dags/tutorial_etl_dag.py
[2024-06-06 19:52:00,085] {logging_mixin.py:104} INFO - [2024-06-06 19:52:00,085] {dag.py:1824} INFO - Sync 1 DAGs
[2024-06-06 19:52:00,105] {logging_mixin.py:104} INFO - [2024-06-06 19:52:00,105] {dag.py:2280} INFO - Setting next_dagrun for tutorial_etl_dag to None
[2024-06-06 19:52:00,118] {scheduler_job.py:190} INFO - Processing /home/airflow/.local/lib/python3.6/site-packages/airflow/example_dags/tutorial_etl_dag.py took 0.078 seconds
[2024-06-06 19:52:30,657] {scheduler_job.py:182} INFO - Started process (PID=180) to work on /home/airflow/.local/lib/python3.6/site-packages/airflow/example_dags/tutorial_etl_dag.py
[2024-06-06 19:52:30,660] {scheduler_job.py:629} INFO - Processing file /home/airflow/.local/lib/python3.6/site-packages/airflow/example_dags/tutorial_etl_dag.py for tasks to queue
[2024-06-06 19:52:30,661] {logging_mixin.py:104} INFO - [2024-06-06 19:52:30,661] {dagbag.py:451} INFO - Filling up the DagBag from /home/airflow/.local/lib/python3.6/site-packages/airflow/example_dags/tutorial_etl_dag.py
[2024-06-06 19:52:30,682] {scheduler_job.py:639} INFO - DAG(s) dict_keys(['tutorial_etl_dag']) retrieved from /home/airflow/.local/lib/python3.6/site-packages/airflow/example_dags/tutorial_etl_dag.py
[2024-06-06 19:52:30,725] {logging_mixin.py:104} INFO - [2024-06-06 19:52:30,724] {dag.py:1824} INFO - Sync 1 DAGs
[2024-06-06 19:52:30,744] {logging_mixin.py:104} INFO - [2024-06-06 19:52:30,744] {dag.py:2280} INFO - Setting next_dagrun for tutorial_etl_dag to None
[2024-06-06 19:52:30,766] {scheduler_job.py:190} INFO - Processing /home/airflow/.local/lib/python3.6/site-packages/airflow/example_dags/tutorial_etl_dag.py took 0.114 seconds
[2024-06-06 19:53:01,182] {scheduler_job.py:182} INFO - Started process (PID=207) to work on /home/airflow/.local/lib/python3.6/site-packages/airflow/example_dags/tutorial_etl_dag.py
[2024-06-06 19:53:01,183] {scheduler_job.py:629} INFO - Processing file /home/airflow/.local/lib/python3.6/site-packages/airflow/example_dags/tutorial_etl_dag.py for tasks to queue
[2024-06-06 19:53:01,184] {logging_mixin.py:104} INFO - [2024-06-06 19:53:01,184] {dagbag.py:451} INFO - Filling up the DagBag from /home/airflow/.local/lib/python3.6/site-packages/airflow/example_dags/tutorial_etl_dag.py
[2024-06-06 19:53:01,197] {scheduler_job.py:639} INFO - DAG(s) dict_keys(['tutorial_etl_dag']) retrieved from /home/airflow/.local/lib/python3.6/site-packages/airflow/example_dags/tutorial_etl_dag.py
[2024-06-06 19:53:01,227] {logging_mixin.py:104} INFO - [2024-06-06 19:53:01,226] {dag.py:1824} INFO - Sync 1 DAGs
[2024-06-06 19:53:01,245] {logging_mixin.py:104} INFO - [2024-06-06 19:53:01,245] {dag.py:2280} INFO - Setting next_dagrun for tutorial_etl_dag to None
[2024-06-06 19:53:01,259] {scheduler_job.py:190} INFO - Processing /home/airflow/.local/lib/python3.6/site-packages/airflow/example_dags/tutorial_etl_dag.py took 0.081 seconds
[2024-06-06 19:53:31,852] {scheduler_job.py:182} INFO - Started process (PID=236) to work on /home/airflow/.local/lib/python3.6/site-packages/airflow/example_dags/tutorial_etl_dag.py
[2024-06-06 19:53:31,853] {scheduler_job.py:629} INFO - Processing file /home/airflow/.local/lib/python3.6/site-packages/airflow/example_dags/tutorial_etl_dag.py for tasks to queue
[2024-06-06 19:53:31,854] {logging_mixin.py:104} INFO - [2024-06-06 19:53:31,854] {dagbag.py:451} INFO - Filling up the DagBag from /home/airflow/.local/lib/python3.6/site-packages/airflow/example_dags/tutorial_etl_dag.py
[2024-06-06 19:53:31,868] {scheduler_job.py:639} INFO - DAG(s) dict_keys(['tutorial_etl_dag']) retrieved from /home/airflow/.local/lib/python3.6/site-packages/airflow/example_dags/tutorial_etl_dag.py
[2024-06-06 19:53:31,895] {logging_mixin.py:104} INFO - [2024-06-06 19:53:31,894] {dag.py:1824} INFO - Sync 1 DAGs
[2024-06-06 19:53:31,909] {logging_mixin.py:104} INFO - [2024-06-06 19:53:31,909] {dag.py:2280} INFO - Setting next_dagrun for tutorial_etl_dag to None
[2024-06-06 19:53:31,923] {scheduler_job.py:190} INFO - Processing /home/airflow/.local/lib/python3.6/site-packages/airflow/example_dags/tutorial_etl_dag.py took 0.074 seconds
[2024-06-06 19:54:02,235] {scheduler_job.py:182} INFO - Started process (PID=261) to work on /home/airflow/.local/lib/python3.6/site-packages/airflow/example_dags/tutorial_etl_dag.py
[2024-06-06 19:54:02,236] {scheduler_job.py:629} INFO - Processing file /home/airflow/.local/lib/python3.6/site-packages/airflow/example_dags/tutorial_etl_dag.py for tasks to queue
[2024-06-06 19:54:02,237] {logging_mixin.py:104} INFO - [2024-06-06 19:54:02,236] {dagbag.py:451} INFO - Filling up the DagBag from /home/airflow/.local/lib/python3.6/site-packages/airflow/example_dags/tutorial_etl_dag.py
[2024-06-06 19:54:02,251] {scheduler_job.py:639} INFO - DAG(s) dict_keys(['tutorial_etl_dag']) retrieved from /home/airflow/.local/lib/python3.6/site-packages/airflow/example_dags/tutorial_etl_dag.py
[2024-06-06 19:54:02,283] {logging_mixin.py:104} INFO - [2024-06-06 19:54:02,283] {dag.py:1824} INFO - Sync 1 DAGs
[2024-06-06 19:54:02,302] {logging_mixin.py:104} INFO - [2024-06-06 19:54:02,302] {dag.py:2280} INFO - Setting next_dagrun for tutorial_etl_dag to None
[2024-06-06 19:54:02,315] {scheduler_job.py:190} INFO - Processing /home/airflow/.local/lib/python3.6/site-packages/airflow/example_dags/tutorial_etl_dag.py took 0.084 seconds
[2024-06-06 19:54:32,692] {scheduler_job.py:182} INFO - Started process (PID=287) to work on /home/airflow/.local/lib/python3.6/site-packages/airflow/example_dags/tutorial_etl_dag.py
[2024-06-06 19:54:32,693] {scheduler_job.py:629} INFO - Processing file /home/airflow/.local/lib/python3.6/site-packages/airflow/example_dags/tutorial_etl_dag.py for tasks to queue
[2024-06-06 19:54:32,694] {logging_mixin.py:104} INFO - [2024-06-06 19:54:32,694] {dagbag.py:451} INFO - Filling up the DagBag from /home/airflow/.local/lib/python3.6/site-packages/airflow/example_dags/tutorial_etl_dag.py
[2024-06-06 19:54:32,708] {scheduler_job.py:639} INFO - DAG(s) dict_keys(['tutorial_etl_dag']) retrieved from /home/airflow/.local/lib/python3.6/site-packages/airflow/example_dags/tutorial_etl_dag.py
[2024-06-06 19:54:32,737] {logging_mixin.py:104} INFO - [2024-06-06 19:54:32,736] {dag.py:1824} INFO - Sync 1 DAGs
[2024-06-06 19:54:32,754] {logging_mixin.py:104} INFO - [2024-06-06 19:54:32,754] {dag.py:2280} INFO - Setting next_dagrun for tutorial_etl_dag to None
[2024-06-06 19:54:32,768] {scheduler_job.py:190} INFO - Processing /home/airflow/.local/lib/python3.6/site-packages/airflow/example_dags/tutorial_etl_dag.py took 0.080 seconds
[2024-06-06 19:55:03,287] {scheduler_job.py:182} INFO - Started process (PID=314) to work on /home/airflow/.local/lib/python3.6/site-packages/airflow/example_dags/tutorial_etl_dag.py
[2024-06-06 19:55:03,288] {scheduler_job.py:629} INFO - Processing file /home/airflow/.local/lib/python3.6/site-packages/airflow/example_dags/tutorial_etl_dag.py for tasks to queue
[2024-06-06 19:55:03,289] {logging_mixin.py:104} INFO - [2024-06-06 19:55:03,288] {dagbag.py:451} INFO - Filling up the DagBag from /home/airflow/.local/lib/python3.6/site-packages/airflow/example_dags/tutorial_etl_dag.py
[2024-06-06 19:55:03,307] {scheduler_job.py:639} INFO - DAG(s) dict_keys(['tutorial_etl_dag']) retrieved from /home/airflow/.local/lib/python3.6/site-packages/airflow/example_dags/tutorial_etl_dag.py
[2024-06-06 19:55:03,334] {logging_mixin.py:104} INFO - [2024-06-06 19:55:03,334] {dag.py:1824} INFO - Sync 1 DAGs
[2024-06-06 19:55:03,351] {logging_mixin.py:104} INFO - [2024-06-06 19:55:03,351] {dag.py:2280} INFO - Setting next_dagrun for tutorial_etl_dag to None
[2024-06-06 19:55:03,365] {scheduler_job.py:190} INFO - Processing /home/airflow/.local/lib/python3.6/site-packages/airflow/example_dags/tutorial_etl_dag.py took 0.082 seconds
[2024-06-06 19:55:33,888] {scheduler_job.py:182} INFO - Started process (PID=364) to work on /home/airflow/.local/lib/python3.6/site-packages/airflow/example_dags/tutorial_etl_dag.py
[2024-06-06 19:55:33,889] {scheduler_job.py:629} INFO - Processing file /home/airflow/.local/lib/python3.6/site-packages/airflow/example_dags/tutorial_etl_dag.py for tasks to queue
[2024-06-06 19:55:33,890] {logging_mixin.py:104} INFO - [2024-06-06 19:55:33,890] {dagbag.py:451} INFO - Filling up the DagBag from /home/airflow/.local/lib/python3.6/site-packages/airflow/example_dags/tutorial_etl_dag.py
[2024-06-06 19:55:33,908] {scheduler_job.py:639} INFO - DAG(s) dict_keys(['tutorial_etl_dag']) retrieved from /home/airflow/.local/lib/python3.6/site-packages/airflow/example_dags/tutorial_etl_dag.py
[2024-06-06 19:55:33,931] {logging_mixin.py:104} INFO - [2024-06-06 19:55:33,931] {dag.py:1824} INFO - Sync 1 DAGs
[2024-06-06 19:55:33,945] {logging_mixin.py:104} INFO - [2024-06-06 19:55:33,945] {dag.py:2280} INFO - Setting next_dagrun for tutorial_etl_dag to None
[2024-06-06 19:55:33,959] {scheduler_job.py:190} INFO - Processing /home/airflow/.local/lib/python3.6/site-packages/airflow/example_dags/tutorial_etl_dag.py took 0.075 seconds
[2024-06-06 19:56:04,709] {scheduler_job.py:182} INFO - Started process (PID=394) to work on /home/airflow/.local/lib/python3.6/site-packages/airflow/example_dags/tutorial_etl_dag.py
[2024-06-06 19:56:04,710] {scheduler_job.py:629} INFO - Processing file /home/airflow/.local/lib/python3.6/site-packages/airflow/example_dags/tutorial_etl_dag.py for tasks to queue
[2024-06-06 19:56:04,711] {logging_mixin.py:104} INFO - [2024-06-06 19:56:04,711] {dagbag.py:451} INFO - Filling up the DagBag from /home/airflow/.local/lib/python3.6/site-packages/airflow/example_dags/tutorial_etl_dag.py
[2024-06-06 19:56:04,725] {scheduler_job.py:639} INFO - DAG(s) dict_keys(['tutorial_etl_dag']) retrieved from /home/airflow/.local/lib/python3.6/site-packages/airflow/example_dags/tutorial_etl_dag.py
[2024-06-06 19:56:04,743] {logging_mixin.py:104} INFO - [2024-06-06 19:56:04,743] {dag.py:1824} INFO - Sync 1 DAGs
[2024-06-06 19:56:04,755] {logging_mixin.py:104} INFO - [2024-06-06 19:56:04,755] {dag.py:2280} INFO - Setting next_dagrun for tutorial_etl_dag to None
[2024-06-06 19:56:04,771] {scheduler_job.py:190} INFO - Processing /home/airflow/.local/lib/python3.6/site-packages/airflow/example_dags/tutorial_etl_dag.py took 0.064 seconds
[2024-06-06 19:56:35,374] {scheduler_job.py:182} INFO - Started process (PID=424) to work on /home/airflow/.local/lib/python3.6/site-packages/airflow/example_dags/tutorial_etl_dag.py
[2024-06-06 19:56:35,375] {scheduler_job.py:629} INFO - Processing file /home/airflow/.local/lib/python3.6/site-packages/airflow/example_dags/tutorial_etl_dag.py for tasks to queue
[2024-06-06 19:56:35,376] {logging_mixin.py:104} INFO - [2024-06-06 19:56:35,376] {dagbag.py:451} INFO - Filling up the DagBag from /home/airflow/.local/lib/python3.6/site-packages/airflow/example_dags/tutorial_etl_dag.py
[2024-06-06 19:56:35,395] {scheduler_job.py:639} INFO - DAG(s) dict_keys(['tutorial_etl_dag']) retrieved from /home/airflow/.local/lib/python3.6/site-packages/airflow/example_dags/tutorial_etl_dag.py
[2024-06-06 19:56:35,424] {logging_mixin.py:104} INFO - [2024-06-06 19:56:35,424] {dag.py:1824} INFO - Sync 1 DAGs
[2024-06-06 19:56:35,441] {logging_mixin.py:104} INFO - [2024-06-06 19:56:35,441] {dag.py:2280} INFO - Setting next_dagrun for tutorial_etl_dag to None
[2024-06-06 19:56:35,454] {scheduler_job.py:190} INFO - Processing /home/airflow/.local/lib/python3.6/site-packages/airflow/example_dags/tutorial_etl_dag.py took 0.084 seconds
[2024-06-06 19:57:06,202] {scheduler_job.py:182} INFO - Started process (PID=450) to work on /home/airflow/.local/lib/python3.6/site-packages/airflow/example_dags/tutorial_etl_dag.py
[2024-06-06 19:57:06,209] {scheduler_job.py:629} INFO - Processing file /home/airflow/.local/lib/python3.6/site-packages/airflow/example_dags/tutorial_etl_dag.py for tasks to queue
[2024-06-06 19:57:06,210] {logging_mixin.py:104} INFO - [2024-06-06 19:57:06,210] {dagbag.py:451} INFO - Filling up the DagBag from /home/airflow/.local/lib/python3.6/site-packages/airflow/example_dags/tutorial_etl_dag.py
[2024-06-06 19:57:06,225] {scheduler_job.py:639} INFO - DAG(s) dict_keys(['tutorial_etl_dag']) retrieved from /home/airflow/.local/lib/python3.6/site-packages/airflow/example_dags/tutorial_etl_dag.py
[2024-06-06 19:57:06,252] {logging_mixin.py:104} INFO - [2024-06-06 19:57:06,251] {dag.py:1824} INFO - Sync 1 DAGs
[2024-06-06 19:57:06,273] {logging_mixin.py:104} INFO - [2024-06-06 19:57:06,273] {dag.py:2280} INFO - Setting next_dagrun for tutorial_etl_dag to None
[2024-06-06 19:57:06,291] {scheduler_job.py:190} INFO - Processing /home/airflow/.local/lib/python3.6/site-packages/airflow/example_dags/tutorial_etl_dag.py took 0.093 seconds
[2024-06-06 19:57:36,638] {scheduler_job.py:182} INFO - Started process (PID=476) to work on /home/airflow/.local/lib/python3.6/site-packages/airflow/example_dags/tutorial_etl_dag.py
[2024-06-06 19:57:36,640] {scheduler_job.py:629} INFO - Processing file /home/airflow/.local/lib/python3.6/site-packages/airflow/example_dags/tutorial_etl_dag.py for tasks to queue
[2024-06-06 19:57:36,640] {logging_mixin.py:104} INFO - [2024-06-06 19:57:36,640] {dagbag.py:451} INFO - Filling up the DagBag from /home/airflow/.local/lib/python3.6/site-packages/airflow/example_dags/tutorial_etl_dag.py
[2024-06-06 19:57:36,653] {scheduler_job.py:639} INFO - DAG(s) dict_keys(['tutorial_etl_dag']) retrieved from /home/airflow/.local/lib/python3.6/site-packages/airflow/example_dags/tutorial_etl_dag.py
[2024-06-06 19:57:36,676] {logging_mixin.py:104} INFO - [2024-06-06 19:57:36,676] {dag.py:1824} INFO - Sync 1 DAGs
[2024-06-06 19:57:36,693] {logging_mixin.py:104} INFO - [2024-06-06 19:57:36,693] {dag.py:2280} INFO - Setting next_dagrun for tutorial_etl_dag to None
[2024-06-06 19:57:36,708] {scheduler_job.py:190} INFO - Processing /home/airflow/.local/lib/python3.6/site-packages/airflow/example_dags/tutorial_etl_dag.py took 0.073 seconds
[2024-06-06 19:58:07,263] {scheduler_job.py:182} INFO - Started process (PID=502) to work on /home/airflow/.local/lib/python3.6/site-packages/airflow/example_dags/tutorial_etl_dag.py
[2024-06-06 19:58:07,264] {scheduler_job.py:629} INFO - Processing file /home/airflow/.local/lib/python3.6/site-packages/airflow/example_dags/tutorial_etl_dag.py for tasks to queue
[2024-06-06 19:58:07,265] {logging_mixin.py:104} INFO - [2024-06-06 19:58:07,265] {dagbag.py:451} INFO - Filling up the DagBag from /home/airflow/.local/lib/python3.6/site-packages/airflow/example_dags/tutorial_etl_dag.py
[2024-06-06 19:58:07,286] {scheduler_job.py:639} INFO - DAG(s) dict_keys(['tutorial_etl_dag']) retrieved from /home/airflow/.local/lib/python3.6/site-packages/airflow/example_dags/tutorial_etl_dag.py
[2024-06-06 19:58:07,316] {logging_mixin.py:104} INFO - [2024-06-06 19:58:07,316] {dag.py:1824} INFO - Sync 1 DAGs
[2024-06-06 19:58:07,334] {logging_mixin.py:104} INFO - [2024-06-06 19:58:07,334] {dag.py:2280} INFO - Setting next_dagrun for tutorial_etl_dag to None
[2024-06-06 19:58:07,350] {scheduler_job.py:190} INFO - Processing /home/airflow/.local/lib/python3.6/site-packages/airflow/example_dags/tutorial_etl_dag.py took 0.093 seconds
[2024-06-06 19:58:37,693] {scheduler_job.py:182} INFO - Started process (PID=528) to work on /home/airflow/.local/lib/python3.6/site-packages/airflow/example_dags/tutorial_etl_dag.py
[2024-06-06 19:58:37,694] {scheduler_job.py:629} INFO - Processing file /home/airflow/.local/lib/python3.6/site-packages/airflow/example_dags/tutorial_etl_dag.py for tasks to queue
[2024-06-06 19:58:37,695] {logging_mixin.py:104} INFO - [2024-06-06 19:58:37,695] {dagbag.py:451} INFO - Filling up the DagBag from /home/airflow/.local/lib/python3.6/site-packages/airflow/example_dags/tutorial_etl_dag.py
[2024-06-06 19:58:37,708] {scheduler_job.py:639} INFO - DAG(s) dict_keys(['tutorial_etl_dag']) retrieved from /home/airflow/.local/lib/python3.6/site-packages/airflow/example_dags/tutorial_etl_dag.py
[2024-06-06 19:58:37,730] {logging_mixin.py:104} INFO - [2024-06-06 19:58:37,730] {dag.py:1824} INFO - Sync 1 DAGs
[2024-06-06 19:58:37,747] {logging_mixin.py:104} INFO - [2024-06-06 19:58:37,746] {dag.py:2280} INFO - Setting next_dagrun for tutorial_etl_dag to None
[2024-06-06 19:58:37,768] {scheduler_job.py:190} INFO - Processing /home/airflow/.local/lib/python3.6/site-packages/airflow/example_dags/tutorial_etl_dag.py took 0.078 seconds
[2024-06-06 19:59:08,265] {scheduler_job.py:182} INFO - Started process (PID=554) to work on /home/airflow/.local/lib/python3.6/site-packages/airflow/example_dags/tutorial_etl_dag.py
[2024-06-06 19:59:08,267] {scheduler_job.py:629} INFO - Processing file /home/airflow/.local/lib/python3.6/site-packages/airflow/example_dags/tutorial_etl_dag.py for tasks to queue
[2024-06-06 19:59:08,268] {logging_mixin.py:104} INFO - [2024-06-06 19:59:08,268] {dagbag.py:451} INFO - Filling up the DagBag from /home/airflow/.local/lib/python3.6/site-packages/airflow/example_dags/tutorial_etl_dag.py
[2024-06-06 19:59:08,289] {scheduler_job.py:639} INFO - DAG(s) dict_keys(['tutorial_etl_dag']) retrieved from /home/airflow/.local/lib/python3.6/site-packages/airflow/example_dags/tutorial_etl_dag.py
[2024-06-06 19:59:08,327] {logging_mixin.py:104} INFO - [2024-06-06 19:59:08,327] {dag.py:1824} INFO - Sync 1 DAGs
[2024-06-06 19:59:08,353] {logging_mixin.py:104} INFO - [2024-06-06 19:59:08,353] {dag.py:2280} INFO - Setting next_dagrun for tutorial_etl_dag to None
[2024-06-06 19:59:08,377] {scheduler_job.py:190} INFO - Processing /home/airflow/.local/lib/python3.6/site-packages/airflow/example_dags/tutorial_etl_dag.py took 0.117 seconds
[2024-06-06 19:59:38,917] {scheduler_job.py:182} INFO - Started process (PID=581) to work on /home/airflow/.local/lib/python3.6/site-packages/airflow/example_dags/tutorial_etl_dag.py
[2024-06-06 19:59:38,919] {scheduler_job.py:629} INFO - Processing file /home/airflow/.local/lib/python3.6/site-packages/airflow/example_dags/tutorial_etl_dag.py for tasks to queue
[2024-06-06 19:59:38,919] {logging_mixin.py:104} INFO - [2024-06-06 19:59:38,919] {dagbag.py:451} INFO - Filling up the DagBag from /home/airflow/.local/lib/python3.6/site-packages/airflow/example_dags/tutorial_etl_dag.py
[2024-06-06 19:59:38,933] {scheduler_job.py:639} INFO - DAG(s) dict_keys(['tutorial_etl_dag']) retrieved from /home/airflow/.local/lib/python3.6/site-packages/airflow/example_dags/tutorial_etl_dag.py
[2024-06-06 19:59:38,956] {logging_mixin.py:104} INFO - [2024-06-06 19:59:38,956] {dag.py:1824} INFO - Sync 1 DAGs
[2024-06-06 19:59:38,975] {logging_mixin.py:104} INFO - [2024-06-06 19:59:38,975] {dag.py:2280} INFO - Setting next_dagrun for tutorial_etl_dag to None
[2024-06-06 19:59:38,993] {scheduler_job.py:190} INFO - Processing /home/airflow/.local/lib/python3.6/site-packages/airflow/example_dags/tutorial_etl_dag.py took 0.079 seconds
[2024-06-06 20:00:09,302] {scheduler_job.py:182} INFO - Started process (PID=607) to work on /home/airflow/.local/lib/python3.6/site-packages/airflow/example_dags/tutorial_etl_dag.py
[2024-06-06 20:00:09,303] {scheduler_job.py:629} INFO - Processing file /home/airflow/.local/lib/python3.6/site-packages/airflow/example_dags/tutorial_etl_dag.py for tasks to queue
[2024-06-06 20:00:09,303] {logging_mixin.py:104} INFO - [2024-06-06 20:00:09,303] {dagbag.py:451} INFO - Filling up the DagBag from /home/airflow/.local/lib/python3.6/site-packages/airflow/example_dags/tutorial_etl_dag.py
[2024-06-06 20:00:09,317] {scheduler_job.py:639} INFO - DAG(s) dict_keys(['tutorial_etl_dag']) retrieved from /home/airflow/.local/lib/python3.6/site-packages/airflow/example_dags/tutorial_etl_dag.py
[2024-06-06 20:00:09,340] {logging_mixin.py:104} INFO - [2024-06-06 20:00:09,339] {dag.py:1824} INFO - Sync 1 DAGs
[2024-06-06 20:00:09,355] {logging_mixin.py:104} INFO - [2024-06-06 20:00:09,355] {dag.py:2280} INFO - Setting next_dagrun for tutorial_etl_dag to None
[2024-06-06 20:00:09,367] {scheduler_job.py:190} INFO - Processing /home/airflow/.local/lib/python3.6/site-packages/airflow/example_dags/tutorial_etl_dag.py took 0.069 seconds
[2024-06-06 20:00:39,646] {scheduler_job.py:182} INFO - Started process (PID=632) to work on /home/airflow/.local/lib/python3.6/site-packages/airflow/example_dags/tutorial_etl_dag.py
[2024-06-06 20:00:39,647] {scheduler_job.py:629} INFO - Processing file /home/airflow/.local/lib/python3.6/site-packages/airflow/example_dags/tutorial_etl_dag.py for tasks to queue
[2024-06-06 20:00:39,647] {logging_mixin.py:104} INFO - [2024-06-06 20:00:39,647] {dagbag.py:451} INFO - Filling up the DagBag from /home/airflow/.local/lib/python3.6/site-packages/airflow/example_dags/tutorial_etl_dag.py
[2024-06-06 20:00:39,662] {scheduler_job.py:639} INFO - DAG(s) dict_keys(['tutorial_etl_dag']) retrieved from /home/airflow/.local/lib/python3.6/site-packages/airflow/example_dags/tutorial_etl_dag.py
[2024-06-06 20:00:39,685] {logging_mixin.py:104} INFO - [2024-06-06 20:00:39,685] {dag.py:1824} INFO - Sync 1 DAGs
[2024-06-06 20:00:39,702] {logging_mixin.py:104} INFO - [2024-06-06 20:00:39,702] {dag.py:2280} INFO - Setting next_dagrun for tutorial_etl_dag to None
[2024-06-06 20:00:39,718] {scheduler_job.py:190} INFO - Processing /home/airflow/.local/lib/python3.6/site-packages/airflow/example_dags/tutorial_etl_dag.py took 0.075 seconds
[2024-06-06 20:01:09,836] {scheduler_job.py:182} INFO - Started process (PID=654) to work on /home/airflow/.local/lib/python3.6/site-packages/airflow/example_dags/tutorial_etl_dag.py
[2024-06-06 20:01:09,836] {scheduler_job.py:629} INFO - Processing file /home/airflow/.local/lib/python3.6/site-packages/airflow/example_dags/tutorial_etl_dag.py for tasks to queue
[2024-06-06 20:01:09,836] {logging_mixin.py:104} INFO - [2024-06-06 20:01:09,836] {dagbag.py:451} INFO - Filling up the DagBag from /home/airflow/.local/lib/python3.6/site-packages/airflow/example_dags/tutorial_etl_dag.py
[2024-06-06 20:01:09,842] {scheduler_job.py:639} INFO - DAG(s) dict_keys(['tutorial_etl_dag']) retrieved from /home/airflow/.local/lib/python3.6/site-packages/airflow/example_dags/tutorial_etl_dag.py
[2024-06-06 20:01:09,856] {logging_mixin.py:104} INFO - [2024-06-06 20:01:09,856] {dag.py:1824} INFO - Sync 1 DAGs
[2024-06-06 20:01:09,864] {logging_mixin.py:104} INFO - [2024-06-06 20:01:09,864] {dag.py:2280} INFO - Setting next_dagrun for tutorial_etl_dag to None
[2024-06-06 20:01:09,877] {scheduler_job.py:190} INFO - Processing /home/airflow/.local/lib/python3.6/site-packages/airflow/example_dags/tutorial_etl_dag.py took 0.043 seconds
[2024-06-06 20:01:40,067] {scheduler_job.py:182} INFO - Started process (PID=676) to work on /home/airflow/.local/lib/python3.6/site-packages/airflow/example_dags/tutorial_etl_dag.py
[2024-06-06 20:01:40,068] {scheduler_job.py:629} INFO - Processing file /home/airflow/.local/lib/python3.6/site-packages/airflow/example_dags/tutorial_etl_dag.py for tasks to queue
[2024-06-06 20:01:40,069] {logging_mixin.py:104} INFO - [2024-06-06 20:01:40,069] {dagbag.py:451} INFO - Filling up the DagBag from /home/airflow/.local/lib/python3.6/site-packages/airflow/example_dags/tutorial_etl_dag.py
[2024-06-06 20:01:40,083] {scheduler_job.py:639} INFO - DAG(s) dict_keys(['tutorial_etl_dag']) retrieved from /home/airflow/.local/lib/python3.6/site-packages/airflow/example_dags/tutorial_etl_dag.py
[2024-06-06 20:01:40,108] {logging_mixin.py:104} INFO - [2024-06-06 20:01:40,108] {dag.py:1824} INFO - Sync 1 DAGs
[2024-06-06 20:01:40,124] {logging_mixin.py:104} INFO - [2024-06-06 20:01:40,124] {dag.py:2280} INFO - Setting next_dagrun for tutorial_etl_dag to None
[2024-06-06 20:01:40,138] {scheduler_job.py:190} INFO - Processing /home/airflow/.local/lib/python3.6/site-packages/airflow/example_dags/tutorial_etl_dag.py took 0.075 seconds
[2024-06-06 20:02:10,389] {scheduler_job.py:182} INFO - Started process (PID=702) to work on /home/airflow/.local/lib/python3.6/site-packages/airflow/example_dags/tutorial_etl_dag.py
[2024-06-06 20:02:10,391] {scheduler_job.py:629} INFO - Processing file /home/airflow/.local/lib/python3.6/site-packages/airflow/example_dags/tutorial_etl_dag.py for tasks to queue
[2024-06-06 20:02:10,392] {logging_mixin.py:104} INFO - [2024-06-06 20:02:10,392] {dagbag.py:451} INFO - Filling up the DagBag from /home/airflow/.local/lib/python3.6/site-packages/airflow/example_dags/tutorial_etl_dag.py
[2024-06-06 20:02:10,405] {scheduler_job.py:639} INFO - DAG(s) dict_keys(['tutorial_etl_dag']) retrieved from /home/airflow/.local/lib/python3.6/site-packages/airflow/example_dags/tutorial_etl_dag.py
[2024-06-06 20:02:10,428] {logging_mixin.py:104} INFO - [2024-06-06 20:02:10,428] {dag.py:1824} INFO - Sync 1 DAGs
[2024-06-06 20:02:10,446] {logging_mixin.py:104} INFO - [2024-06-06 20:02:10,446] {dag.py:2280} INFO - Setting next_dagrun for tutorial_etl_dag to None
[2024-06-06 20:02:10,460] {scheduler_job.py:190} INFO - Processing /home/airflow/.local/lib/python3.6/site-packages/airflow/example_dags/tutorial_etl_dag.py took 0.073 seconds
[2024-06-06 20:02:40,907] {scheduler_job.py:182} INFO - Started process (PID=731) to work on /home/airflow/.local/lib/python3.6/site-packages/airflow/example_dags/tutorial_etl_dag.py
[2024-06-06 20:02:40,908] {scheduler_job.py:629} INFO - Processing file /home/airflow/.local/lib/python3.6/site-packages/airflow/example_dags/tutorial_etl_dag.py for tasks to queue
[2024-06-06 20:02:40,909] {logging_mixin.py:104} INFO - [2024-06-06 20:02:40,909] {dagbag.py:451} INFO - Filling up the DagBag from /home/airflow/.local/lib/python3.6/site-packages/airflow/example_dags/tutorial_etl_dag.py
[2024-06-06 20:02:40,924] {scheduler_job.py:639} INFO - DAG(s) dict_keys(['tutorial_etl_dag']) retrieved from /home/airflow/.local/lib/python3.6/site-packages/airflow/example_dags/tutorial_etl_dag.py
[2024-06-06 20:02:40,955] {logging_mixin.py:104} INFO - [2024-06-06 20:02:40,955] {dag.py:1824} INFO - Sync 1 DAGs
[2024-06-06 20:02:40,977] {logging_mixin.py:104} INFO - [2024-06-06 20:02:40,977] {dag.py:2280} INFO - Setting next_dagrun for tutorial_etl_dag to None
[2024-06-06 20:02:40,994] {scheduler_job.py:190} INFO - Processing /home/airflow/.local/lib/python3.6/site-packages/airflow/example_dags/tutorial_etl_dag.py took 0.091 seconds
[2024-06-06 20:03:11,557] {scheduler_job.py:182} INFO - Started process (PID=760) to work on /home/airflow/.local/lib/python3.6/site-packages/airflow/example_dags/tutorial_etl_dag.py
[2024-06-06 20:03:11,558] {scheduler_job.py:629} INFO - Processing file /home/airflow/.local/lib/python3.6/site-packages/airflow/example_dags/tutorial_etl_dag.py for tasks to queue
[2024-06-06 20:03:11,559] {logging_mixin.py:104} INFO - [2024-06-06 20:03:11,559] {dagbag.py:451} INFO - Filling up the DagBag from /home/airflow/.local/lib/python3.6/site-packages/airflow/example_dags/tutorial_etl_dag.py
[2024-06-06 20:03:11,571] {scheduler_job.py:639} INFO - DAG(s) dict_keys(['tutorial_etl_dag']) retrieved from /home/airflow/.local/lib/python3.6/site-packages/airflow/example_dags/tutorial_etl_dag.py
[2024-06-06 20:03:11,596] {logging_mixin.py:104} INFO - [2024-06-06 20:03:11,596] {dag.py:1824} INFO - Sync 1 DAGs
[2024-06-06 20:03:11,613] {logging_mixin.py:104} INFO - [2024-06-06 20:03:11,613] {dag.py:2280} INFO - Setting next_dagrun for tutorial_etl_dag to None
[2024-06-06 20:03:11,628] {scheduler_job.py:190} INFO - Processing /home/airflow/.local/lib/python3.6/site-packages/airflow/example_dags/tutorial_etl_dag.py took 0.074 seconds
[2024-06-06 20:03:41,910] {scheduler_job.py:182} INFO - Started process (PID=784) to work on /home/airflow/.local/lib/python3.6/site-packages/airflow/example_dags/tutorial_etl_dag.py
[2024-06-06 20:03:41,911] {scheduler_job.py:629} INFO - Processing file /home/airflow/.local/lib/python3.6/site-packages/airflow/example_dags/tutorial_etl_dag.py for tasks to queue
[2024-06-06 20:03:41,912] {logging_mixin.py:104} INFO - [2024-06-06 20:03:41,912] {dagbag.py:451} INFO - Filling up the DagBag from /home/airflow/.local/lib/python3.6/site-packages/airflow/example_dags/tutorial_etl_dag.py
[2024-06-06 20:03:41,926] {scheduler_job.py:639} INFO - DAG(s) dict_keys(['tutorial_etl_dag']) retrieved from /home/airflow/.local/lib/python3.6/site-packages/airflow/example_dags/tutorial_etl_dag.py
[2024-06-06 20:03:41,956] {logging_mixin.py:104} INFO - [2024-06-06 20:03:41,956] {dag.py:1824} INFO - Sync 1 DAGs
[2024-06-06 20:03:41,979] {logging_mixin.py:104} INFO - [2024-06-06 20:03:41,978] {dag.py:2280} INFO - Setting next_dagrun for tutorial_etl_dag to None
[2024-06-06 20:03:42,000] {scheduler_job.py:190} INFO - Processing /home/airflow/.local/lib/python3.6/site-packages/airflow/example_dags/tutorial_etl_dag.py took 0.093 seconds
[2024-06-06 20:04:12,080] {scheduler_job.py:182} INFO - Started process (PID=806) to work on /home/airflow/.local/lib/python3.6/site-packages/airflow/example_dags/tutorial_etl_dag.py
[2024-06-06 20:04:12,081] {scheduler_job.py:629} INFO - Processing file /home/airflow/.local/lib/python3.6/site-packages/airflow/example_dags/tutorial_etl_dag.py for tasks to queue
[2024-06-06 20:04:12,081] {logging_mixin.py:104} INFO - [2024-06-06 20:04:12,081] {dagbag.py:451} INFO - Filling up the DagBag from /home/airflow/.local/lib/python3.6/site-packages/airflow/example_dags/tutorial_etl_dag.py
[2024-06-06 20:04:12,094] {scheduler_job.py:639} INFO - DAG(s) dict_keys(['tutorial_etl_dag']) retrieved from /home/airflow/.local/lib/python3.6/site-packages/airflow/example_dags/tutorial_etl_dag.py
[2024-06-06 20:04:12,118] {logging_mixin.py:104} INFO - [2024-06-06 20:04:12,118] {dag.py:1824} INFO - Sync 1 DAGs
[2024-06-06 20:04:12,134] {logging_mixin.py:104} INFO - [2024-06-06 20:04:12,134] {dag.py:2280} INFO - Setting next_dagrun for tutorial_etl_dag to None
[2024-06-06 20:04:12,146] {scheduler_job.py:190} INFO - Processing /home/airflow/.local/lib/python3.6/site-packages/airflow/example_dags/tutorial_etl_dag.py took 0.069 seconds
[2024-06-06 20:04:42,612] {scheduler_job.py:182} INFO - Started process (PID=832) to work on /home/airflow/.local/lib/python3.6/site-packages/airflow/example_dags/tutorial_etl_dag.py
[2024-06-06 20:04:42,613] {scheduler_job.py:629} INFO - Processing file /home/airflow/.local/lib/python3.6/site-packages/airflow/example_dags/tutorial_etl_dag.py for tasks to queue
[2024-06-06 20:04:42,613] {logging_mixin.py:104} INFO - [2024-06-06 20:04:42,613] {dagbag.py:451} INFO - Filling up the DagBag from /home/airflow/.local/lib/python3.6/site-packages/airflow/example_dags/tutorial_etl_dag.py
[2024-06-06 20:04:42,625] {scheduler_job.py:639} INFO - DAG(s) dict_keys(['tutorial_etl_dag']) retrieved from /home/airflow/.local/lib/python3.6/site-packages/airflow/example_dags/tutorial_etl_dag.py
[2024-06-06 20:04:42,648] {logging_mixin.py:104} INFO - [2024-06-06 20:04:42,648] {dag.py:1824} INFO - Sync 1 DAGs
[2024-06-06 20:04:42,663] {logging_mixin.py:104} INFO - [2024-06-06 20:04:42,663] {dag.py:2280} INFO - Setting next_dagrun for tutorial_etl_dag to None
[2024-06-06 20:04:42,678] {scheduler_job.py:190} INFO - Processing /home/airflow/.local/lib/python3.6/site-packages/airflow/example_dags/tutorial_etl_dag.py took 0.069 seconds
[2024-06-06 20:05:13,088] {scheduler_job.py:182} INFO - Started process (PID=861) to work on /home/airflow/.local/lib/python3.6/site-packages/airflow/example_dags/tutorial_etl_dag.py
[2024-06-06 20:05:13,090] {scheduler_job.py:629} INFO - Processing file /home/airflow/.local/lib/python3.6/site-packages/airflow/example_dags/tutorial_etl_dag.py for tasks to queue
[2024-06-06 20:05:13,090] {logging_mixin.py:104} INFO - [2024-06-06 20:05:13,090] {dagbag.py:451} INFO - Filling up the DagBag from /home/airflow/.local/lib/python3.6/site-packages/airflow/example_dags/tutorial_etl_dag.py
[2024-06-06 20:05:13,103] {scheduler_job.py:639} INFO - DAG(s) dict_keys(['tutorial_etl_dag']) retrieved from /home/airflow/.local/lib/python3.6/site-packages/airflow/example_dags/tutorial_etl_dag.py
[2024-06-06 20:05:13,129] {logging_mixin.py:104} INFO - [2024-06-06 20:05:13,129] {dag.py:1824} INFO - Sync 1 DAGs
[2024-06-06 20:05:13,147] {logging_mixin.py:104} INFO - [2024-06-06 20:05:13,146] {dag.py:2280} INFO - Setting next_dagrun for tutorial_etl_dag to None
[2024-06-06 20:05:13,166] {scheduler_job.py:190} INFO - Processing /home/airflow/.local/lib/python3.6/site-packages/airflow/example_dags/tutorial_etl_dag.py took 0.080 seconds
