[2024-06-06 19:55:24,913] {taskinstance.py:877} INFO - Dependencies all met for <TaskInstance: example_bash_operator.runme_0 2024-06-06T19:52:51.492136+00:00 [queued]>
[2024-06-06 19:55:24,929] {taskinstance.py:877} INFO - Dependencies all met for <TaskInstance: example_bash_operator.runme_0 2024-06-06T19:52:51.492136+00:00 [queued]>
[2024-06-06 19:55:24,929] {taskinstance.py:1068} INFO - 
--------------------------------------------------------------------------------
[2024-06-06 19:55:24,929] {taskinstance.py:1069} INFO - Starting attempt 1 of 1
[2024-06-06 19:55:24,929] {taskinstance.py:1070} INFO - 
--------------------------------------------------------------------------------
[2024-06-06 19:55:24,941] {taskinstance.py:1089} INFO - Executing <Task(BashOperator): runme_0> on 2024-06-06T19:52:51.492136+00:00
[2024-06-06 19:55:24,949] {standard_task_runner.py:76} INFO - Running: ['airflow', 'tasks', 'run', 'example_bash_operator', 'runme_0', '2024-06-06T19:52:51.492136+00:00', '--job-id', '7', '--pool', 'default_pool', '--raw', '--subdir', '/home/airflow/.local/lib/python3.6/site-packages/airflow/example_dags/example_bash_operator.py', '--cfg-path', '/tmp/tmp2jw6cm2c', '--error-file', '/tmp/tmph15776sq']
[2024-06-06 19:55:24,950] {standard_task_runner.py:77} INFO - Job 7: Subtask runme_0
[2024-06-06 19:55:24,946] {standard_task_runner.py:52} INFO - Started process 69 to run task
[2024-06-06 19:55:24,995] {logging_mixin.py:104} INFO - Running <TaskInstance: example_bash_operator.runme_0 2024-06-06T19:52:51.492136+00:00 [running]> on host a3fd049ae8d9
[2024-06-06 19:55:25,035] {taskinstance.py:1283} INFO - Exporting the following env vars:
AIRFLOW_CTX_DAG_OWNER=airflow
AIRFLOW_CTX_DAG_ID=example_bash_operator
AIRFLOW_CTX_TASK_ID=runme_0
AIRFLOW_CTX_EXECUTION_DATE=2024-06-06T19:52:51.492136+00:00
AIRFLOW_CTX_DAG_RUN_ID=manual__2024-06-06T19:52:51.492136+00:00
[2024-06-06 19:55:25,035] {bash.py:135} INFO - Tmp dir root location: 
 /tmp
[2024-06-06 19:55:25,036] {bash.py:158} INFO - Running command: echo "example_bash_operator__runme_0__20240606" && sleep 1
[2024-06-06 19:55:25,043] {bash.py:169} INFO - Output:
[2024-06-06 19:55:25,044] {bash.py:173} INFO - example_bash_operator__runme_0__20240606
[2024-06-06 19:55:26,045] {bash.py:177} INFO - Command exited with return code 0
[2024-06-06 19:55:26,097] {taskinstance.py:1192} INFO - Marking task as SUCCESS. dag_id=example_bash_operator, task_id=runme_0, execution_date=20240606T195251, start_date=20240606T195524, end_date=20240606T195526
[2024-06-06 19:55:26,144] {taskinstance.py:1246} INFO - 1 downstream tasks scheduled from follow-on schedule check
[2024-06-06 19:55:26,169] {local_task_job.py:146} INFO - Task exited with return code 0
