[2024-06-06 19:55:24,927] {taskinstance.py:877} INFO - Dependencies all met for <TaskInstance: example_bash_operator.runme_2 2024-06-04T00:00:00+00:00 [queued]>
[2024-06-06 19:55:24,944] {taskinstance.py:877} INFO - Dependencies all met for <TaskInstance: example_bash_operator.runme_2 2024-06-04T00:00:00+00:00 [queued]>
[2024-06-06 19:55:24,944] {taskinstance.py:1068} INFO - 
--------------------------------------------------------------------------------
[2024-06-06 19:55:24,944] {taskinstance.py:1069} INFO - Starting attempt 1 of 1
[2024-06-06 19:55:24,944] {taskinstance.py:1070} INFO - 
--------------------------------------------------------------------------------
[2024-06-06 19:55:24,954] {taskinstance.py:1089} INFO - Executing <Task(BashOperator): runme_2> on 2024-06-04T00:00:00+00:00
[2024-06-06 19:55:24,959] {standard_task_runner.py:52} INFO - Started process 70 to run task
[2024-06-06 19:55:24,964] {standard_task_runner.py:76} INFO - Running: ['airflow', 'tasks', 'run', 'example_bash_operator', 'runme_2', '2024-06-04T00:00:00+00:00', '--job-id', '8', '--pool', 'default_pool', '--raw', '--subdir', '/home/airflow/.local/lib/python3.6/site-packages/airflow/example_dags/example_bash_operator.py', '--cfg-path', '/tmp/tmp86p5yh40', '--error-file', '/tmp/tmppgptuj0r']
[2024-06-06 19:55:24,965] {standard_task_runner.py:77} INFO - Job 8: Subtask runme_2
[2024-06-06 19:55:25,013] {logging_mixin.py:104} INFO - Running <TaskInstance: example_bash_operator.runme_2 2024-06-04T00:00:00+00:00 [running]> on host a3fd049ae8d9
[2024-06-06 19:55:25,049] {taskinstance.py:1283} INFO - Exporting the following env vars:
AIRFLOW_CTX_DAG_OWNER=airflow
AIRFLOW_CTX_DAG_ID=example_bash_operator
AIRFLOW_CTX_TASK_ID=runme_2
AIRFLOW_CTX_EXECUTION_DATE=2024-06-04T00:00:00+00:00
AIRFLOW_CTX_DAG_RUN_ID=scheduled__2024-06-04T00:00:00+00:00
[2024-06-06 19:55:25,050] {bash.py:135} INFO - Tmp dir root location: 
 /tmp
[2024-06-06 19:55:25,050] {bash.py:158} INFO - Running command: echo "example_bash_operator__runme_2__20240604" && sleep 1
[2024-06-06 19:55:25,058] {bash.py:169} INFO - Output:
[2024-06-06 19:55:25,059] {bash.py:173} INFO - example_bash_operator__runme_2__20240604
[2024-06-06 19:55:26,061] {bash.py:177} INFO - Command exited with return code 0
[2024-06-06 19:55:26,105] {taskinstance.py:1192} INFO - Marking task as SUCCESS. dag_id=example_bash_operator, task_id=runme_2, execution_date=20240604T000000, start_date=20240606T195524, end_date=20240606T195526
[2024-06-06 19:55:26,163] {taskinstance.py:1246} INFO - 1 downstream tasks scheduled from follow-on schedule check
[2024-06-06 19:55:26,182] {local_task_job.py:146} INFO - Task exited with return code 0
