[2024-06-06 19:55:28,982] {taskinstance.py:877} INFO - Dependencies all met for <TaskInstance: example_bash_operator.run_after_loop 2024-06-05T00:00:00+00:00 [queued]>
[2024-06-06 19:55:29,003] {taskinstance.py:877} INFO - Dependencies all met for <TaskInstance: example_bash_operator.run_after_loop 2024-06-05T00:00:00+00:00 [queued]>
[2024-06-06 19:55:29,004] {taskinstance.py:1068} INFO - 
--------------------------------------------------------------------------------
[2024-06-06 19:55:29,004] {taskinstance.py:1069} INFO - Starting attempt 1 of 1
[2024-06-06 19:55:29,004] {taskinstance.py:1070} INFO - 
--------------------------------------------------------------------------------
[2024-06-06 19:55:29,016] {taskinstance.py:1089} INFO - Executing <Task(BashOperator): run_after_loop> on 2024-06-05T00:00:00+00:00
[2024-06-06 19:55:29,021] {standard_task_runner.py:52} INFO - Started process 99 to run task
[2024-06-06 19:55:29,026] {standard_task_runner.py:76} INFO - Running: ['airflow', 'tasks', 'run', 'example_bash_operator', 'run_after_loop', '2024-06-05T00:00:00+00:00', '--job-id', '16', '--pool', 'default_pool', '--raw', '--subdir', '/home/airflow/.local/lib/python3.6/site-packages/airflow/example_dags/example_bash_operator.py', '--cfg-path', '/tmp/tmp5l1b2zqq', '--error-file', '/tmp/tmpfc3l8sne']
[2024-06-06 19:55:29,026] {standard_task_runner.py:77} INFO - Job 16: Subtask run_after_loop
[2024-06-06 19:55:29,090] {logging_mixin.py:104} INFO - Running <TaskInstance: example_bash_operator.run_after_loop 2024-06-05T00:00:00+00:00 [running]> on host a3fd049ae8d9
[2024-06-06 19:55:29,147] {taskinstance.py:1283} INFO - Exporting the following env vars:
AIRFLOW_CTX_DAG_OWNER=airflow
AIRFLOW_CTX_DAG_ID=example_bash_operator
AIRFLOW_CTX_TASK_ID=run_after_loop
AIRFLOW_CTX_EXECUTION_DATE=2024-06-05T00:00:00+00:00
AIRFLOW_CTX_DAG_RUN_ID=scheduled__2024-06-05T00:00:00+00:00
[2024-06-06 19:55:29,147] {bash.py:135} INFO - Tmp dir root location: 
 /tmp
[2024-06-06 19:55:29,148] {bash.py:158} INFO - Running command: echo 1
[2024-06-06 19:55:29,159] {bash.py:169} INFO - Output:
[2024-06-06 19:55:29,160] {bash.py:173} INFO - 1
[2024-06-06 19:55:29,161] {bash.py:177} INFO - Command exited with return code 0
[2024-06-06 19:55:29,201] {taskinstance.py:1192} INFO - Marking task as SUCCESS. dag_id=example_bash_operator, task_id=run_after_loop, execution_date=20240605T000000, start_date=20240606T195528, end_date=20240606T195529
[2024-06-06 19:55:29,240] {taskinstance.py:1246} INFO - 1 downstream tasks scheduled from follow-on schedule check
[2024-06-06 19:55:29,279] {local_task_job.py:146} INFO - Task exited with return code 0
